#
# There is insufficient memory for the Java Runtime Environment to continue.
# Native memory allocation (mmap) failed to map 65536 bytes for Failed to commit metaspace.
# Possible reasons:
#   The system is out of physical RAM or swap space
#   The process is running with CompressedOops enabled, and the Java Heap may be blocking the growth of the native heap
# Possible solutions:
#   Reduce memory load on the system
#   Increase physical memory or swap space
#   Check if swap backing store is full
#   Decrease Java heap size (-Xmx/-Xms)
#   Decrease number of Java threads
#   Decrease Java thread stack sizes (-Xss)
#   Set larger code cache with -XX:ReservedCodeCacheSize=
#   JVM is running with Unscaled Compressed Oops mode in which the Java heap is
#     placed in the first 4GB address space. The Java Heap base address is the
#     maximum limit for the native heap growth. Please use -XX:HeapBaseMinAddress
#     to set the Java Heap base and to place the Java Heap above 4GB virtual address.
# This output file may be truncated or incomplete.
#
#  Out of Memory Error (virtualSpaceNode.cpp:110), pid=19796, tid=39640
#
# JRE version: OpenJDK Runtime Environment Temurin-17.0.10+7 (17.0.10+7) (build 17.0.10+7)
# Java VM: OpenJDK 64-Bit Server VM Temurin-17.0.10+7 (17.0.10+7, mixed mode, tiered, compressed oops, compressed class ptrs, g1 gc, windows-amd64)
# No core dump will be written. Minidumps are not enabled by default on client versions of Windows
#

---------------  S U M M A R Y ------------

Command Line: -XX:+ShowCodeDetailsInExceptionMessages -agentlib:jdwp=transport=dt_socket,suspend=y,address=localhost:57645 -javaagent:C:\eclipse\configuration\org.eclipse.osgi\442\0\.cp\lib\javaagent-shaded.jar -Dfile.encoding=UTF-8 -Dstdout.encoding=UTF-8 -Dstderr.encoding=UTF-8 --module-path=C:\Users\Alumno1\Documents\GitHub\proyecto_final\proyecto_final\Proyecto_final\bin;C:\Users\Alumno1\Documents\GitHub\proyecto_final\proyecto_final\Proyecto_final\src\Adopcion_de_animales\mysql-connector-java-8.0.20.jar -Djdk.module.main=Proyecto_final Proyecto_final/Adopcion_de_animales.gestionar_adopcion

Host: Intel(R) Core(TM) i5-9400F CPU @ 2.90GHz, 6 cores, 7G,  Windows 11 , 64 bit Build 22621 (10.0.22621.5124)
Time: Mon May 12 11:10:21 2025 Hora de verano romance elapsed time: 15.595348 seconds (0d 0h 0m 15s)

---------------  T H R E A D  ---------------

Current thread (0x000001a70abde7a0):  JavaThread "AWT-EventQueue-0" [_thread_in_vm, id=39640, stack(0x0000008633300000,0x0000008633400000)]

Stack: [0x0000008633300000,0x0000008633400000]
Native frames: (J=compiled Java code, j=interpreted, Vv=VM code, C=native code)
V  [jvm.dll+0x67d2c9]
V  [jvm.dll+0x834afa]
V  [jvm.dll+0x8365be]
V  [jvm.dll+0x836c23]
V  [jvm.dll+0x2477ff]
V  [jvm.dll+0x8307bb]
V  [jvm.dll+0x621d16]
V  [jvm.dll+0x1c183e]
V  [jvm.dll+0x624671]
V  [jvm.dll+0x6226b6]
V  [jvm.dll+0x24516c]
V  [jvm.dll+0x6d413d]
V  [jvm.dll+0x6d4b7f]
V  [jvm.dll+0x373644]
V  [jvm.dll+0x3726c4]
V  [jvm.dll+0x372668]
V  [jvm.dll+0x564ab5]
V  [jvm.dll+0x5639c4]
V  [jvm.dll+0x386672]
V  [jvm.dll+0x385cdf]
C  0x000001a7752d6043

The last pc belongs to invokestatic (printed below).
Java frames: (J=compiled Java code, j=interpreted, Vv=VM code)
j  javax.swing.JFrame.frameInit()V+8 java.desktop@17.0.10
j  javax.swing.JFrame.<init>()V+20 java.desktop@17.0.10
j  Adopcion_de_animales.gestionar_adopcion.<init>()V+1 Proyecto_final
j  Adopcion_de_animales.gestionar_adopcion$3.run()V+4 Proyecto_final
j  java.awt.event.InvocationEvent.dispatch()V+47 java.desktop@17.0.10
j  java.awt.EventQueue.dispatchEventImpl(Ljava/awt/AWTEvent;Ljava/lang/Object;)V+21 java.desktop@17.0.10
j  java.awt.EventQueue$4.run()Ljava/lang/Void;+32 java.desktop@17.0.10
j  java.awt.EventQueue$4.run()Ljava/lang/Object;+1 java.desktop@17.0.10
j  java.security.AccessController.executePrivileged(Ljava/security/PrivilegedAction;Ljava/security/AccessControlContext;Ljava/lang/Class;)Ljava/lang/Object;+29 java.base@17.0.10
j  java.security.AccessController.doPrivileged(Ljava/security/PrivilegedAction;Ljava/security/AccessControlContext;)Ljava/lang/Object;+13 java.base@17.0.10
j  java.security.ProtectionDomain$JavaSecurityAccessImpl.doIntersectionPrivilege(Ljava/security/PrivilegedAction;Ljava/security/AccessControlContext;Ljava/security/AccessControlContext;)Ljava/lang/Object;+18 java.base@17.0.10
j  java.awt.EventQueue.dispatchEvent(Ljava/awt/AWTEvent;)V+46 java.desktop@17.0.10
j  java.awt.EventDispatchThread.pumpOneEventForFilters(I)V+78 java.desktop@17.0.10
j  java.awt.EventDispatchThread.pumpEventsForFilter(ILjava/awt/Conditional;Ljava/awt/EventFilter;)V+35 java.desktop@17.0.10
j  java.awt.EventDispatchThread.pumpEventsForHierarchy(ILjava/awt/Conditional;Ljava/awt/Component;)V+11 java.desktop@17.0.10
j  java.awt.EventDispatchThread.pumpEvents(ILjava/awt/Conditional;)V+4 java.desktop@17.0.10
j  java.awt.EventDispatchThread.pumpEvents(Ljava/awt/Conditional;)V+3 java.desktop@17.0.10
j  java.awt.EventDispatchThread.run()V+9 java.desktop@17.0.10
v  ~StubRoutines::call_stub
invokestatic  184 invokestatic  [0x000001a7752d5fa0, 0x000001a7752d6320]  896 bytes
[MachCode]
  0x000001a7752d5fa0: 4883 ec08 | c5fa 1104 | 24eb 1f48 | 83ec 10c5 | fb11 0424 | eb14 4883 | ec10 4889 | 0424 48c7 
  0x000001a7752d5fc0: 4424 0800 | 0000 00eb | 0150 4c89 | 6dc0 410f | b755 0148 | 8b4d d0c1 | e202 8b5c | d120 c1eb 
  0x000001a7752d5fe0: 1081 e3ff | 0000 0081 | fbb8 0000 | 000f 847b | 0100 00bb | b800 0000 | e805 0000 | 00e9 6001 
  0x000001a7752d6000: 0000 488b | d348 8d44 | 2408 4c89 | 6dc0 498b | cfc5 f877 | 4989 afa8 | 0200 0049 | 8987 9802 
  0x000001a7752d6020: 0000 4883 | ec20 f7c4 | 0f00 0000 | 0f84 1a00 | 0000 4883 | ec08 49ba | 705c fec4 | fe7f 0000 
  0x000001a7752d6040: 41ff d248 | 83c4 08e9 | 0d00 0000 | 49ba 705c | fec4 fe7f | 0000 41ff | d248 83c4 | 2049 c787 
  0x000001a7752d6060: 9802 0000 | 0000 0000 | 49c7 87a8 | 0200 0000 | 0000 0049 | c787 a002 | 0000 0000 | 0000 c5f8 
  0x000001a7752d6080: 7741 8b8f | 0c04 0000 | f7c1 0100 | 0000 0f84 | 4900 0000 | f7c1 0200 | 0000 0f85 | 3d00 0000 
  0x000001a7752d60a0: 4883 ec20 | f7c4 0f00 | 0000 0f84 | 1a00 0000 | 4883 ec08 | 49ba 5000 | fec4 fe7f | 0000 41ff 
  0x000001a7752d60c0: d248 83c4 | 08e9 0d00 | 0000 49ba | 5000 fec4 | fe7f 0000 | 41ff d248 | 83c4 20ff | e049 8b8f 
  0x000001a7752d60e0: 9004 0000 | 4885 c90f | 8459 0000 | 008b 898c | 0000 0083 | f901 0f85 | 4a00 0000 | 498b 8f90 
  0x000001a7752d6100: 0400 008b | 8990 0000 | 0048 83ec | 20f7 c40f | 0000 000f | 841a 0000 | 0048 83ec | 0849 ba40 
  0x000001a7752d6120: 00fe c4fe | 7f00 0041 | ffd2 4883 | c408 e90d | 0000 0049 | ba40 00fe | c4fe 7f00 | 0041 ffd2 
  0x000001a7752d6140: 4883 c420 | ffe0 4981 | 7f08 0000 | 0000 0f84 | 0500 0000 | e9a7 adfd | ff4c 8b6d | c04c 8b75 
  0x000001a7752d6160: c8c3 410f | b755 0148 | 8b4d d0c1 | e202 488b | 5cd1 2848 | 8b5b 0848 | 8b5b 0848 | 8b5b 1880 
  0x000001a7752d6180: bb33 0100 | 0004 0f84 | 0d00 0000 | 4c3b bb38 | 0100 000f | 855a feff | ff48 8b5c | d128 8b54 
  0x000001a7752d61a0: d138 c1ea | 1c49 baa0 | 6080 c5fe | 7f00 0049 | 8b14 d252 | 488b 45d8 | 4885 c00f | 8412 0000 
  0x000001a7752d61c0: 0048 8340 | 0801 4883 | 5808 0048 | 83c0 1048 | 8945 d848 | 8b45 d848 | 85c0 0f84 | 2301 0000 
  0x000001a7752d61e0: 8078 f00a | 0f85 1901 | 0000 4883 | c008 4c8b | 68f8 4183 | ed00 4183 | fd02 0f8c | f800 0000 
  0x000001a7752d6200: 4c8b 6b08 | 450f b76d | 2c4c 2b28 | 4183 ed01 | 4e8b 6cec | 084d 85ed | 7507 4883 | 4808 01eb 
  0x000001a7752d6220: 4a45 8b6d | 0849 c1e5 | 034c 3368 | 0849 f7c5 | fcff ffff | 7435 49f7 | c502 0000 | 0075 2c48 
  0x000001a7752d6240: 8178 0800 | 0000 0074 | 1e48 8178 | 0801 0000 | 0074 144c | 3368 0849 | f7c5 fcff | ffff 740b 
  0x000001a7752d6260: 4883 4808 | 02eb 044c | 8968 0848 | 83c0 104c | 8b68 e841 | 83ed 0241 | 83fd 020f | 8c77 0000 
  0x000001a7752d6280: 004c 8b6b | 0845 0fb7 | 6d2c 4c2b | 2841 83ed | 014e 8b6c | ec08 4d85 | ed75 0748 | 8348 0801 
  0x000001a7752d62a0: eb4a 458b | 6d08 49c1 | e503 4c33 | 6808 49f7 | c5fc ffff | ff74 3549 | f7c5 0200 | 0000 752c 
  0x000001a7752d62c0: 4881 7808 | 0000 0000 | 741e 4881 | 7808 0100 | 0000 7414 | 4c33 6808 | 49f7 c5fc | ffff ff74 
  0x000001a7752d62e0: 0b48 8348 | 0802 eb04 | 4c89 6808 | 4883 c010 | 4c8b 68d8 | 4183 ed04 | 41c1 e503 | 4903 c548 
  0x000001a7752d6300: 8945 d84c | 8d6c 2408 | 4c89 6df0 | 4180 bf98 | 0400 0000 | 7403 ff63 | 38ff 6350 | 0f1f 4000 
[/MachCode]

---------------  P R O C E S S  ---------------

Threads class SMR info:
_java_thread_list=0x000001a77ea48550, length=19, elements={
0x000001a77ea97cf0, 0x000001a77eab8a10, 0x000001a77eabe750, 0x000001a70a030640,
0x000001a70a030f10, 0x000001a70a0317e0, 0x000001a70a032160, 0x000001a70a0ada70,
0x000001a70a0b2b50, 0x000001a70a1b6fe0, 0x000001a70a358580, 0x000001a70a3a9760,
0x000001a70a367b70, 0x000001a70aa36550, 0x000001a70ac62920, 0x000001a70a3fa7b0,
0x000001a70a3fb290, 0x000001a70abde7a0, 0x000001a768eee9a0
}

Java Threads: ( => current thread )
  0x000001a77ea97cf0 JavaThread "Reference Handler" daemon [_thread_blocked, id=23300, stack(0x0000008632100000,0x0000008632200000)]
  0x000001a77eab8a10 JavaThread "Finalizer" daemon [_thread_blocked, id=23304, stack(0x0000008632200000,0x0000008632300000)]
  0x000001a77eabe750 JavaThread "Signal Dispatcher" daemon [_thread_blocked, id=23312, stack(0x0000008632300000,0x0000008632400000)]
  0x000001a70a030640 JavaThread "Attach Listener" daemon [_thread_blocked, id=23316, stack(0x0000008632400000,0x0000008632500000)]
  0x000001a70a030f10 JavaThread "Service Thread" daemon [_thread_blocked, id=23320, stack(0x0000008632500000,0x0000008632600000)]
  0x000001a70a0317e0 JavaThread "Monitor Deflation Thread" daemon [_thread_blocked, id=23324, stack(0x0000008632600000,0x0000008632700000)]
  0x000001a70a032160 JavaThread "C2 CompilerThread0" daemon [_thread_blocked, id=23328, stack(0x0000008632700000,0x0000008632800000)]
  0x000001a70a0ada70 JavaThread "C1 CompilerThread0" daemon [_thread_blocked, id=23620, stack(0x0000008632800000,0x0000008632900000)]
  0x000001a70a0b2b50 JavaThread "Sweeper thread" daemon [_thread_blocked, id=24000, stack(0x0000008632900000,0x0000008632a00000)]
  0x000001a70a1b6fe0 JavaThread "Common-Cleaner" daemon [_thread_blocked, id=24304, stack(0x0000008632a00000,0x0000008632b00000)]
  0x000001a70a358580 JavaThread "JDWP Transport Listener: dt_socket" daemon [_thread_blocked, id=25244, stack(0x0000008632b00000,0x0000008632c00000)]
  0x000001a70a3a9760 JavaThread "JDWP Event Helper Thread" daemon [_thread_blocked, id=25248, stack(0x0000008632c00000,0x0000008632d00000)]
  0x000001a70a367b70 JavaThread "JDWP Command Reader" daemon [_thread_in_native, id=25356, stack(0x0000008632d00000,0x0000008632e00000)]
  0x000001a70aa36550 JavaThread "Notification Thread" daemon [_thread_blocked, id=36436, stack(0x0000008632e00000,0x0000008632f00000)]
  0x000001a70ac62920 JavaThread "Java2D Disposer" daemon [_thread_blocked, id=39320, stack(0x0000008633000000,0x0000008633100000)]
  0x000001a70a3fa7b0 JavaThread "AWT-Shutdown" [_thread_blocked, id=39396, stack(0x0000008633100000,0x0000008633200000)]
  0x000001a70a3fb290 JavaThread "AWT-Windows" daemon [_thread_in_native, id=39476, stack(0x0000008633200000,0x0000008633300000)]
=>0x000001a70abde7a0 JavaThread "AWT-EventQueue-0" [_thread_in_vm, id=39640, stack(0x0000008633300000,0x0000008633400000)]
  0x000001a768eee9a0 JavaThread "DestroyJavaVM" [_thread_blocked, id=21032, stack(0x0000008631900000,0x0000008631a00000)]

Other Threads:
  0x000001a77eaaaa50 VMThread "VM Thread" [stack: 0x0000008632000000,0x0000008632100000] [id=22928]
  0x000001a768eef620 WatcherThread [stack: 0x0000008632f00000,0x0000008633000000] [id=36440]
  0x000001a768f49aa0 GCTaskThread "GC Thread#0" [stack: 0x0000008631b00000,0x0000008631c00000] [id=22028]
  0x000001a768f5a6f0 ConcurrentGCThread "G1 Main Marker" [stack: 0x0000008631c00000,0x0000008631d00000] [id=22064]
  0x000001a768f5b010 ConcurrentGCThread "G1 Conc#0" [stack: 0x0000008631d00000,0x0000008631e00000] [id=22100]
  0x000001a77e8fc110 ConcurrentGCThread "G1 Refine#0" [stack: 0x0000008631e00000,0x0000008631f00000] [id=22108]
  0x000001a77e8fca40 ConcurrentGCThread "G1 Service" [stack: 0x0000008631f00000,0x0000008632000000] [id=22152]

Threads with active compile tasks:

VM state: not at safepoint (normal execution)

VM Mutex/Monitor currently owned by a thread:  ([mutex/lock_event])
[0x000001a768ee7580] Metaspace_lock - owner thread: 0x000001a70abde7a0

Heap address: 0x0000000081000000, size: 2032 MB, Compressed Oops mode: 32-bit

CDS archive(s) not mapped
Compressed class space mapped at: 0x0000000100000000-0x0000000140000000, reserved size: 1073741824
Narrow klass base: 0x0000000000000000, Narrow klass shift: 3, Narrow klass range: 0x140000000

GC Precious Log:
 CPUs: 6 total, 6 available
 Memory: 8127M
 Large Page Support: Disabled
 NUMA Support: Disabled
 Compressed Oops: Enabled (32-bit)
 Heap Region Size: 1M
 Heap Min Capacity: 8M
 Heap Initial Capacity: 128M
 Heap Max Capacity: 2032M
 Pre-touch: Disabled
 Parallel Workers: 6
 Concurrent Workers: 2
 Concurrent Refinement Workers: 6
 Periodic GC: Disabled

Heap:
 garbage-first heap   total 131072K, used 10240K [0x0000000081000000, 0x0000000100000000)
  region size 1024K, 11 young (11264K), 0 survivors (0K)
 Metaspace       used 13501K, committed 13632K, reserved 1114112K
  class space    used 1260K, committed 1344K, reserved 1048576K

Heap Regions: E=young(eden), S=young(survivor), O=old, HS=humongous(starts), HC=humongous(continues), CS=collection set, F=free, OA=open archive, CA=closed archive, TAMS=top-at-mark-start (previous, next)
|   0|0x0000000081000000, 0x0000000081000000, 0x0000000081100000|  0%| F|  |TAMS 0x0000000081000000, 0x0000000081000000| Untracked 
|   1|0x0000000081100000, 0x0000000081100000, 0x0000000081200000|  0%| F|  |TAMS 0x0000000081100000, 0x0000000081100000| Untracked 
|   2|0x0000000081200000, 0x0000000081200000, 0x0000000081300000|  0%| F|  |TAMS 0x0000000081200000, 0x0000000081200000| Untracked 
|   3|0x0000000081300000, 0x0000000081300000, 0x0000000081400000|  0%| F|  |TAMS 0x0000000081300000, 0x0000000081300000| Untracked 
|   4|0x0000000081400000, 0x0000000081400000, 0x0000000081500000|  0%| F|  |TAMS 0x0000000081400000, 0x0000000081400000| Untracked 
|   5|0x0000000081500000, 0x0000000081500000, 0x0000000081600000|  0%| F|  |TAMS 0x0000000081500000, 0x0000000081500000| Untracked 
|   6|0x0000000081600000, 0x0000000081600000, 0x0000000081700000|  0%| F|  |TAMS 0x0000000081600000, 0x0000000081600000| Untracked 
|   7|0x0000000081700000, 0x0000000081700000, 0x0000000081800000|  0%| F|  |TAMS 0x0000000081700000, 0x0000000081700000| Untracked 
|   8|0x0000000081800000, 0x0000000081800000, 0x0000000081900000|  0%| F|  |TAMS 0x0000000081800000, 0x0000000081800000| Untracked 
|   9|0x0000000081900000, 0x0000000081900000, 0x0000000081a00000|  0%| F|  |TAMS 0x0000000081900000, 0x0000000081900000| Untracked 
|  10|0x0000000081a00000, 0x0000000081a00000, 0x0000000081b00000|  0%| F|  |TAMS 0x0000000081a00000, 0x0000000081a00000| Untracked 
|  11|0x0000000081b00000, 0x0000000081b00000, 0x0000000081c00000|  0%| F|  |TAMS 0x0000000081b00000, 0x0000000081b00000| Untracked 
|  12|0x0000000081c00000, 0x0000000081c00000, 0x0000000081d00000|  0%| F|  |TAMS 0x0000000081c00000, 0x0000000081c00000| Untracked 
|  13|0x0000000081d00000, 0x0000000081d00000, 0x0000000081e00000|  0%| F|  |TAMS 0x0000000081d00000, 0x0000000081d00000| Untracked 
|  14|0x0000000081e00000, 0x0000000081e00000, 0x0000000081f00000|  0%| F|  |TAMS 0x0000000081e00000, 0x0000000081e00000| Untracked 
|  15|0x0000000081f00000, 0x0000000081f00000, 0x0000000082000000|  0%| F|  |TAMS 0x0000000081f00000, 0x0000000081f00000| Untracked 
|  16|0x0000000082000000, 0x0000000082000000, 0x0000000082100000|  0%| F|  |TAMS 0x0000000082000000, 0x0000000082000000| Untracked 
|  17|0x0000000082100000, 0x0000000082100000, 0x0000000082200000|  0%| F|  |TAMS 0x0000000082100000, 0x0000000082100000| Untracked 
|  18|0x0000000082200000, 0x0000000082200000, 0x0000000082300000|  0%| F|  |TAMS 0x0000000082200000, 0x0000000082200000| Untracked 
|  19|0x0000000082300000, 0x0000000082300000, 0x0000000082400000|  0%| F|  |TAMS 0x0000000082300000, 0x0000000082300000| Untracked 
|  20|0x0000000082400000, 0x0000000082400000, 0x0000000082500000|  0%| F|  |TAMS 0x0000000082400000, 0x0000000082400000| Untracked 
|  21|0x0000000082500000, 0x0000000082500000, 0x0000000082600000|  0%| F|  |TAMS 0x0000000082500000, 0x0000000082500000| Untracked 
|  22|0x0000000082600000, 0x0000000082600000, 0x0000000082700000|  0%| F|  |TAMS 0x0000000082600000, 0x0000000082600000| Untracked 
|  23|0x0000000082700000, 0x0000000082700000, 0x0000000082800000|  0%| F|  |TAMS 0x0000000082700000, 0x0000000082700000| Untracked 
|  24|0x0000000082800000, 0x0000000082800000, 0x0000000082900000|  0%| F|  |TAMS 0x0000000082800000, 0x0000000082800000| Untracked 
|  25|0x0000000082900000, 0x0000000082900000, 0x0000000082a00000|  0%| F|  |TAMS 0x0000000082900000, 0x0000000082900000| Untracked 
|  26|0x0000000082a00000, 0x0000000082a00000, 0x0000000082b00000|  0%| F|  |TAMS 0x0000000082a00000, 0x0000000082a00000| Untracked 
|  27|0x0000000082b00000, 0x0000000082b00000, 0x0000000082c00000|  0%| F|  |TAMS 0x0000000082b00000, 0x0000000082b00000| Untracked 
|  28|0x0000000082c00000, 0x0000000082c00000, 0x0000000082d00000|  0%| F|  |TAMS 0x0000000082c00000, 0x0000000082c00000| Untracked 
|  29|0x0000000082d00000, 0x0000000082d00000, 0x0000000082e00000|  0%| F|  |TAMS 0x0000000082d00000, 0x0000000082d00000| Untracked 
|  30|0x0000000082e00000, 0x0000000082e00000, 0x0000000082f00000|  0%| F|  |TAMS 0x0000000082e00000, 0x0000000082e00000| Untracked 
|  31|0x0000000082f00000, 0x0000000082f00000, 0x0000000083000000|  0%| F|  |TAMS 0x0000000082f00000, 0x0000000082f00000| Untracked 
|  32|0x0000000083000000, 0x0000000083000000, 0x0000000083100000|  0%| F|  |TAMS 0x0000000083000000, 0x0000000083000000| Untracked 
|  33|0x0000000083100000, 0x0000000083100000, 0x0000000083200000|  0%| F|  |TAMS 0x0000000083100000, 0x0000000083100000| Untracked 
|  34|0x0000000083200000, 0x0000000083200000, 0x0000000083300000|  0%| F|  |TAMS 0x0000000083200000, 0x0000000083200000| Untracked 
|  35|0x0000000083300000, 0x0000000083300000, 0x0000000083400000|  0%| F|  |TAMS 0x0000000083300000, 0x0000000083300000| Untracked 
|  36|0x0000000083400000, 0x0000000083400000, 0x0000000083500000|  0%| F|  |TAMS 0x0000000083400000, 0x0000000083400000| Untracked 
|  37|0x0000000083500000, 0x0000000083500000, 0x0000000083600000|  0%| F|  |TAMS 0x0000000083500000, 0x0000000083500000| Untracked 
|  38|0x0000000083600000, 0x0000000083600000, 0x0000000083700000|  0%| F|  |TAMS 0x0000000083600000, 0x0000000083600000| Untracked 
|  39|0x0000000083700000, 0x0000000083700000, 0x0000000083800000|  0%| F|  |TAMS 0x0000000083700000, 0x0000000083700000| Untracked 
|  40|0x0000000083800000, 0x0000000083800000, 0x0000000083900000|  0%| F|  |TAMS 0x0000000083800000, 0x0000000083800000| Untracked 
|  41|0x0000000083900000, 0x0000000083900000, 0x0000000083a00000|  0%| F|  |TAMS 0x0000000083900000, 0x0000000083900000| Untracked 
|  42|0x0000000083a00000, 0x0000000083a00000, 0x0000000083b00000|  0%| F|  |TAMS 0x0000000083a00000, 0x0000000083a00000| Untracked 
|  43|0x0000000083b00000, 0x0000000083b00000, 0x0000000083c00000|  0%| F|  |TAMS 0x0000000083b00000, 0x0000000083b00000| Untracked 
|  44|0x0000000083c00000, 0x0000000083c00000, 0x0000000083d00000|  0%| F|  |TAMS 0x0000000083c00000, 0x0000000083c00000| Untracked 
|  45|0x0000000083d00000, 0x0000000083d00000, 0x0000000083e00000|  0%| F|  |TAMS 0x0000000083d00000, 0x0000000083d00000| Untracked 
|  46|0x0000000083e00000, 0x0000000083e00000, 0x0000000083f00000|  0%| F|  |TAMS 0x0000000083e00000, 0x0000000083e00000| Untracked 
|  47|0x0000000083f00000, 0x0000000083f00000, 0x0000000084000000|  0%| F|  |TAMS 0x0000000083f00000, 0x0000000083f00000| Untracked 
|  48|0x0000000084000000, 0x0000000084000000, 0x0000000084100000|  0%| F|  |TAMS 0x0000000084000000, 0x0000000084000000| Untracked 
|  49|0x0000000084100000, 0x0000000084100000, 0x0000000084200000|  0%| F|  |TAMS 0x0000000084100000, 0x0000000084100000| Untracked 
|  50|0x0000000084200000, 0x0000000084200000, 0x0000000084300000|  0%| F|  |TAMS 0x0000000084200000, 0x0000000084200000| Untracked 
|  51|0x0000000084300000, 0x0000000084300000, 0x0000000084400000|  0%| F|  |TAMS 0x0000000084300000, 0x0000000084300000| Untracked 
|  52|0x0000000084400000, 0x0000000084400000, 0x0000000084500000|  0%| F|  |TAMS 0x0000000084400000, 0x0000000084400000| Untracked 
|  53|0x0000000084500000, 0x0000000084500000, 0x0000000084600000|  0%| F|  |TAMS 0x0000000084500000, 0x0000000084500000| Untracked 
|  54|0x0000000084600000, 0x0000000084600000, 0x0000000084700000|  0%| F|  |TAMS 0x0000000084600000, 0x0000000084600000| Untracked 
|  55|0x0000000084700000, 0x0000000084700000, 0x0000000084800000|  0%| F|  |TAMS 0x0000000084700000, 0x0000000084700000| Untracked 
|  56|0x0000000084800000, 0x0000000084800000, 0x0000000084900000|  0%| F|  |TAMS 0x0000000084800000, 0x0000000084800000| Untracked 
|  57|0x0000000084900000, 0x0000000084900000, 0x0000000084a00000|  0%| F|  |TAMS 0x0000000084900000, 0x0000000084900000| Untracked 
|  58|0x0000000084a00000, 0x0000000084a00000, 0x0000000084b00000|  0%| F|  |TAMS 0x0000000084a00000, 0x0000000084a00000| Untracked 
|  59|0x0000000084b00000, 0x0000000084b00000, 0x0000000084c00000|  0%| F|  |TAMS 0x0000000084b00000, 0x0000000084b00000| Untracked 
|  60|0x0000000084c00000, 0x0000000084c00000, 0x0000000084d00000|  0%| F|  |TAMS 0x0000000084c00000, 0x0000000084c00000| Untracked 
|  61|0x0000000084d00000, 0x0000000084d00000, 0x0000000084e00000|  0%| F|  |TAMS 0x0000000084d00000, 0x0000000084d00000| Untracked 
|  62|0x0000000084e00000, 0x0000000084e00000, 0x0000000084f00000|  0%| F|  |TAMS 0x0000000084e00000, 0x0000000084e00000| Untracked 
|  63|0x0000000084f00000, 0x0000000084f00000, 0x0000000085000000|  0%| F|  |TAMS 0x0000000084f00000, 0x0000000084f00000| Untracked 
|  64|0x0000000085000000, 0x0000000085000000, 0x0000000085100000|  0%| F|  |TAMS 0x0000000085000000, 0x0000000085000000| Untracked 
|  65|0x0000000085100000, 0x0000000085100000, 0x0000000085200000|  0%| F|  |TAMS 0x0000000085100000, 0x0000000085100000| Untracked 
|  66|0x0000000085200000, 0x0000000085200000, 0x0000000085300000|  0%| F|  |TAMS 0x0000000085200000, 0x0000000085200000| Untracked 
|  67|0x0000000085300000, 0x0000000085300000, 0x0000000085400000|  0%| F|  |TAMS 0x0000000085300000, 0x0000000085300000| Untracked 
|  68|0x0000000085400000, 0x0000000085400000, 0x0000000085500000|  0%| F|  |TAMS 0x0000000085400000, 0x0000000085400000| Untracked 
|  69|0x0000000085500000, 0x0000000085500000, 0x0000000085600000|  0%| F|  |TAMS 0x0000000085500000, 0x0000000085500000| Untracked 
|  70|0x0000000085600000, 0x0000000085600000, 0x0000000085700000|  0%| F|  |TAMS 0x0000000085600000, 0x0000000085600000| Untracked 
|  71|0x0000000085700000, 0x0000000085700000, 0x0000000085800000|  0%| F|  |TAMS 0x0000000085700000, 0x0000000085700000| Untracked 
|  72|0x0000000085800000, 0x0000000085800000, 0x0000000085900000|  0%| F|  |TAMS 0x0000000085800000, 0x0000000085800000| Untracked 
|  73|0x0000000085900000, 0x0000000085900000, 0x0000000085a00000|  0%| F|  |TAMS 0x0000000085900000, 0x0000000085900000| Untracked 
|  74|0x0000000085a00000, 0x0000000085a00000, 0x0000000085b00000|  0%| F|  |TAMS 0x0000000085a00000, 0x0000000085a00000| Untracked 
|  75|0x0000000085b00000, 0x0000000085b00000, 0x0000000085c00000|  0%| F|  |TAMS 0x0000000085b00000, 0x0000000085b00000| Untracked 
|  76|0x0000000085c00000, 0x0000000085c00000, 0x0000000085d00000|  0%| F|  |TAMS 0x0000000085c00000, 0x0000000085c00000| Untracked 
|  77|0x0000000085d00000, 0x0000000085d00000, 0x0000000085e00000|  0%| F|  |TAMS 0x0000000085d00000, 0x0000000085d00000| Untracked 
|  78|0x0000000085e00000, 0x0000000085e00000, 0x0000000085f00000|  0%| F|  |TAMS 0x0000000085e00000, 0x0000000085e00000| Untracked 
|  79|0x0000000085f00000, 0x0000000085f00000, 0x0000000086000000|  0%| F|  |TAMS 0x0000000085f00000, 0x0000000085f00000| Untracked 
|  80|0x0000000086000000, 0x0000000086000000, 0x0000000086100000|  0%| F|  |TAMS 0x0000000086000000, 0x0000000086000000| Untracked 
|  81|0x0000000086100000, 0x0000000086100000, 0x0000000086200000|  0%| F|  |TAMS 0x0000000086100000, 0x0000000086100000| Untracked 
|  82|0x0000000086200000, 0x0000000086200000, 0x0000000086300000|  0%| F|  |TAMS 0x0000000086200000, 0x0000000086200000| Untracked 
|  83|0x0000000086300000, 0x0000000086300000, 0x0000000086400000|  0%| F|  |TAMS 0x0000000086300000, 0x0000000086300000| Untracked 
|  84|0x0000000086400000, 0x0000000086400000, 0x0000000086500000|  0%| F|  |TAMS 0x0000000086400000, 0x0000000086400000| Untracked 
|  85|0x0000000086500000, 0x0000000086500000, 0x0000000086600000|  0%| F|  |TAMS 0x0000000086500000, 0x0000000086500000| Untracked 
|  86|0x0000000086600000, 0x0000000086600000, 0x0000000086700000|  0%| F|  |TAMS 0x0000000086600000, 0x0000000086600000| Untracked 
|  87|0x0000000086700000, 0x0000000086700000, 0x0000000086800000|  0%| F|  |TAMS 0x0000000086700000, 0x0000000086700000| Untracked 
|  88|0x0000000086800000, 0x0000000086800000, 0x0000000086900000|  0%| F|  |TAMS 0x0000000086800000, 0x0000000086800000| Untracked 
|  89|0x0000000086900000, 0x0000000086900000, 0x0000000086a00000|  0%| F|  |TAMS 0x0000000086900000, 0x0000000086900000| Untracked 
|  90|0x0000000086a00000, 0x0000000086a00000, 0x0000000086b00000|  0%| F|  |TAMS 0x0000000086a00000, 0x0000000086a00000| Untracked 
|  91|0x0000000086b00000, 0x0000000086b00000, 0x0000000086c00000|  0%| F|  |TAMS 0x0000000086b00000, 0x0000000086b00000| Untracked 
|  92|0x0000000086c00000, 0x0000000086c00000, 0x0000000086d00000|  0%| F|  |TAMS 0x0000000086c00000, 0x0000000086c00000| Untracked 
|  93|0x0000000086d00000, 0x0000000086d00000, 0x0000000086e00000|  0%| F|  |TAMS 0x0000000086d00000, 0x0000000086d00000| Untracked 
|  94|0x0000000086e00000, 0x0000000086e00000, 0x0000000086f00000|  0%| F|  |TAMS 0x0000000086e00000, 0x0000000086e00000| Untracked 
|  95|0x0000000086f00000, 0x0000000086f00000, 0x0000000087000000|  0%| F|  |TAMS 0x0000000086f00000, 0x0000000086f00000| Untracked 
|  96|0x0000000087000000, 0x0000000087000000, 0x0000000087100000|  0%| F|  |TAMS 0x0000000087000000, 0x0000000087000000| Untracked 
|  97|0x0000000087100000, 0x0000000087100000, 0x0000000087200000|  0%| F|  |TAMS 0x0000000087100000, 0x0000000087100000| Untracked 
|  98|0x0000000087200000, 0x0000000087200000, 0x0000000087300000|  0%| F|  |TAMS 0x0000000087200000, 0x0000000087200000| Untracked 
|  99|0x0000000087300000, 0x0000000087300000, 0x0000000087400000|  0%| F|  |TAMS 0x0000000087300000, 0x0000000087300000| Untracked 
| 100|0x0000000087400000, 0x0000000087400000, 0x0000000087500000|  0%| F|  |TAMS 0x0000000087400000, 0x0000000087400000| Untracked 
| 101|0x0000000087500000, 0x0000000087500000, 0x0000000087600000|  0%| F|  |TAMS 0x0000000087500000, 0x0000000087500000| Untracked 
| 102|0x0000000087600000, 0x0000000087600000, 0x0000000087700000|  0%| F|  |TAMS 0x0000000087600000, 0x0000000087600000| Untracked 
| 103|0x0000000087700000, 0x0000000087700000, 0x0000000087800000|  0%| F|  |TAMS 0x0000000087700000, 0x0000000087700000| Untracked 
| 104|0x0000000087800000, 0x0000000087800000, 0x0000000087900000|  0%| F|  |TAMS 0x0000000087800000, 0x0000000087800000| Untracked 
| 105|0x0000000087900000, 0x0000000087900000, 0x0000000087a00000|  0%| F|  |TAMS 0x0000000087900000, 0x0000000087900000| Untracked 
| 106|0x0000000087a00000, 0x0000000087a00000, 0x0000000087b00000|  0%| F|  |TAMS 0x0000000087a00000, 0x0000000087a00000| Untracked 
| 107|0x0000000087b00000, 0x0000000087b00000, 0x0000000087c00000|  0%| F|  |TAMS 0x0000000087b00000, 0x0000000087b00000| Untracked 
| 108|0x0000000087c00000, 0x0000000087c00000, 0x0000000087d00000|  0%| F|  |TAMS 0x0000000087c00000, 0x0000000087c00000| Untracked 
| 109|0x0000000087d00000, 0x0000000087d00000, 0x0000000087e00000|  0%| F|  |TAMS 0x0000000087d00000, 0x0000000087d00000| Untracked 
| 110|0x0000000087e00000, 0x0000000087e00000, 0x0000000087f00000|  0%| F|  |TAMS 0x0000000087e00000, 0x0000000087e00000| Untracked 
| 111|0x0000000087f00000, 0x0000000087f00000, 0x0000000088000000|  0%| F|  |TAMS 0x0000000087f00000, 0x0000000087f00000| Untracked 
| 112|0x0000000088000000, 0x0000000088000000, 0x0000000088100000|  0%| F|  |TAMS 0x0000000088000000, 0x0000000088000000| Untracked 
| 113|0x0000000088100000, 0x0000000088100000, 0x0000000088200000|  0%| F|  |TAMS 0x0000000088100000, 0x0000000088100000| Untracked 
| 114|0x0000000088200000, 0x0000000088200000, 0x0000000088300000|  0%| F|  |TAMS 0x0000000088200000, 0x0000000088200000| Untracked 
| 115|0x0000000088300000, 0x0000000088300000, 0x0000000088400000|  0%| F|  |TAMS 0x0000000088300000, 0x0000000088300000| Untracked 
| 116|0x0000000088400000, 0x0000000088400000, 0x0000000088500000|  0%| F|  |TAMS 0x0000000088400000, 0x0000000088400000| Untracked 
| 117|0x0000000088500000, 0x000000008856c818, 0x0000000088600000| 42%| E|  |TAMS 0x0000000088500000, 0x0000000088500000| Complete 
| 118|0x0000000088600000, 0x0000000088700000, 0x0000000088700000|100%| E|CS|TAMS 0x0000000088600000, 0x0000000088600000| Complete 
| 119|0x0000000088700000, 0x0000000088800000, 0x0000000088800000|100%| E|CS|TAMS 0x0000000088700000, 0x0000000088700000| Complete 
| 120|0x0000000088800000, 0x0000000088900000, 0x0000000088900000|100%| E|CS|TAMS 0x0000000088800000, 0x0000000088800000| Complete 
| 121|0x0000000088900000, 0x0000000088a00000, 0x0000000088a00000|100%| E|CS|TAMS 0x0000000088900000, 0x0000000088900000| Complete 
| 122|0x0000000088a00000, 0x0000000088b00000, 0x0000000088b00000|100%| E|CS|TAMS 0x0000000088a00000, 0x0000000088a00000| Complete 
| 123|0x0000000088b00000, 0x0000000088c00000, 0x0000000088c00000|100%| E|CS|TAMS 0x0000000088b00000, 0x0000000088b00000| Complete 
| 124|0x0000000088c00000, 0x0000000088d00000, 0x0000000088d00000|100%| E|CS|TAMS 0x0000000088c00000, 0x0000000088c00000| Complete 
| 125|0x0000000088d00000, 0x0000000088e00000, 0x0000000088e00000|100%| E|CS|TAMS 0x0000000088d00000, 0x0000000088d00000| Complete 
| 126|0x0000000088e00000, 0x0000000088f00000, 0x0000000088f00000|100%| E|CS|TAMS 0x0000000088e00000, 0x0000000088e00000| Complete 
| 127|0x0000000088f00000, 0x0000000089000000, 0x0000000089000000|100%| E|CS|TAMS 0x0000000088f00000, 0x0000000088f00000| Complete 

Card table byte_map: [0x000001a77d9d0000,0x000001a77ddd0000] _byte_map_base: 0x000001a77d5c8000

Marking Bits (Prev, Next): (CMBitMap*) 0x000001a768f49fc0, (CMBitMap*) 0x000001a768f4a000
 Prev Bits: [0x000001a700000000, 0x000001a701fc0000)
 Next Bits: [0x000001a701fc0000, 0x000001a703f80000)

Polling page: 0x000001a76dd60000

Metaspace:

Usage:
  Non-class:     11.95 MB used.
      Class:      1.23 MB used.
       Both:     13.18 MB used.

Virtual space:
  Non-class space:       64.00 MB reserved,      12.00 MB ( 19%) committed,  1 nodes.
      Class space:        1.00 GB reserved,       1.31 MB ( <1%) committed,  1 nodes.
             Both:        1.06 GB reserved,      13.31 MB (  1%) committed. 

Chunk freelists:
   Non-Class:  3.01 MB
       Class:  14.72 MB
        Both:  17.73 MB

MaxMetaspaceSize: unlimited
CompressedClassSpaceSize: 1.00 GB
Initial GC threshold: 21.00 MB
Current GC threshold: 21.00 MB
CDS: off
MetaspaceReclaimPolicy: balanced
 - commit_granule_bytes: 65536.
 - commit_granule_words: 8192.
 - virtual_space_node_default_size: 8388608.
 - enlarge_chunks_in_place: 1.
 - new_chunks_are_fully_committed: 0.
 - uncommit_free_chunks: 1.
 - use_allocation_guard: 0.
 - handle_deallocations: 1.


Internal statistics:

num_allocs_failed_limit: 0.
num_arena_births: 72.
num_arena_deaths: 0.
num_vsnodes_births: 2.
num_vsnodes_deaths: 0.
num_space_committed: 213.
num_space_uncommitted: 0.
num_chunks_returned_to_freelist: 0.
num_chunks_taken_from_freelist: 131.
num_chunk_merges: 0.
num_chunk_splits: 73.
num_chunks_enlarged: 38.
num_inconsistent_stats: 0.

CodeHeap 'non-profiled nmethods': size=120000Kb used=237Kb max_used=237Kb free=119762Kb
 bounds [0x000001a775850000, 0x000001a775ac0000, 0x000001a77cd80000]
CodeHeap 'profiled nmethods': size=120000Kb used=1084Kb max_used=1084Kb free=118915Kb
 bounds [0x000001a76dd80000, 0x000001a76dff0000, 0x000001a7752b0000]
CodeHeap 'non-nmethods': size=5760Kb used=1264Kb max_used=1273Kb free=4495Kb
 bounds [0x000001a7752b0000, 0x000001a775520000, 0x000001a775850000]
 total_blobs=1207 nmethods=707 adapters=413
 compilation: enabled
              stopped_count=0, restarted_count=0
 full_count=0

Compilation events (20 events):
Event: 15.134 Thread 0x000001a70a0ada70  695       3       jdk.internal.org.objectweb.asm.SymbolTable$Entry::<init> (20 bytes)
Event: 15.134 Thread 0x000001a70a0ada70 nmethod 695 0x000001a76de8af90 code [0x000001a76de8b120, 0x000001a76de8b2c8]
Event: 15.136 Thread 0x000001a70a0ada70  698       3       java.lang.invoke.MethodHandles$Lookup::<init> (84 bytes)
Event: 15.136 Thread 0x000001a70a0ada70 nmethod 698 0x000001a76de8b390 code [0x000001a76de8b540, 0x000001a76de8b778]
Event: 15.136 Thread 0x000001a70a0ada70  699       1       java.lang.module.ModuleDescriptor::isOpen (5 bytes)
Event: 15.136 Thread 0x000001a70a0ada70 nmethod 699 0x000001a77588ab90 code [0x000001a77588ad20, 0x000001a77588adf8]
Event: 15.137 Thread 0x000001a70a0ada70  702       3       java.lang.invoke.LambdaForm::prepare (112 bytes)
Event: 15.137 Thread 0x000001a70a0ada70 nmethod 702 0x000001a76de8b810 code [0x000001a76de8ba40, 0x000001a76de8c278]
Event: 15.137 Thread 0x000001a70a0ada70  703       3       java.util.ArrayList::iterator (9 bytes)
Event: 15.137 Thread 0x000001a70a0ada70 nmethod 703 0x000001a76de8c590 code [0x000001a76de8c740, 0x000001a76de8c9d8]
Event: 15.340 Thread 0x000001a70a032160  704       4       jdk.internal.org.objectweb.asm.ClassReader::readUnsignedShort (26 bytes)
Event: 15.340 Thread 0x000001a70a0ada70  705       3       java.lang.invoke.MemberName::getType (19 bytes)
Event: 15.340 Thread 0x000001a70a0ada70 nmethod 705 0x000001a76de8cb10 code [0x000001a76de8cce0, 0x000001a76de8d098]
Event: 15.341 Thread 0x000001a70a032160 nmethod 704 0x000001a77588b310 code [0x000001a77588b480, 0x000001a77588b578]
Event: 15.455 Thread 0x000001a70a0ada70  706       3       java.util.ImmutableCollections$List12::size (16 bytes)
Event: 15.455 Thread 0x000001a70a0ada70 nmethod 706 0x000001a76de8d210 code [0x000001a76de8d3a0, 0x000001a76de8d538]
Event: 15.457 Thread 0x000001a70a0ada70  707   !   3       org.eclipse.jdt.launching.internal.javaagent.Premain$1::transform (103 bytes)
Event: 15.457 Thread 0x000001a70a0ada70 nmethod 707 0x000001a76de8d610 code [0x000001a76de8d8a0, 0x000001a76de8e4d8]
Event: 15.459 Thread 0x000001a70a0ada70  708       3       java.util.HashSet::<init> (16 bytes)
Event: 15.459 Thread 0x000001a70a0ada70 nmethod 708 0x000001a76de8e990 code [0x000001a76de8eb60, 0x000001a76de8ef78]

GC Heap History (0 events):
No events

Dll operation events (9 events):
Event: 0.335 Loaded shared library C:\eclipse\plugins\org.eclipse.justj.openjdk.hotspot.jre.full.win32.x86_64_17.0.10.v20240120-1143\jre\bin\java.dll
Event: 1.838 Loaded shared library C:\eclipse\plugins\org.eclipse.justj.openjdk.hotspot.jre.full.win32.x86_64_17.0.10.v20240120-1143\jre\bin\net.dll
Event: 1.845 Loaded shared library C:\eclipse\plugins\org.eclipse.justj.openjdk.hotspot.jre.full.win32.x86_64_17.0.10.v20240120-1143\jre\bin\nio.dll
Event: 2.271 Loaded shared library C:\eclipse\plugins\org.eclipse.justj.openjdk.hotspot.jre.full.win32.x86_64_17.0.10.v20240120-1143\jre\bin\zip.dll
Event: 8.189 Loaded shared library C:\eclipse\plugins\org.eclipse.justj.openjdk.hotspot.jre.full.win32.x86_64_17.0.10.v20240120-1143\jre\bin\zip.dll
Event: 8.192 Loaded shared library C:\eclipse\plugins\org.eclipse.justj.openjdk.hotspot.jre.full.win32.x86_64_17.0.10.v20240120-1143\jre\bin\instrument.dll
Event: 10.173 Loaded shared library C:\eclipse\plugins\org.eclipse.justj.openjdk.hotspot.jre.full.win32.x86_64_17.0.10.v20240120-1143\jre\bin\jimage.dll
Event: 10.934 Loaded shared library C:\eclipse\plugins\org.eclipse.justj.openjdk.hotspot.jre.full.win32.x86_64_17.0.10.v20240120-1143\jre\bin\verify.dll
Event: 14.184 Loaded shared library C:\eclipse\plugins\org.eclipse.justj.openjdk.hotspot.jre.full.win32.x86_64_17.0.10.v20240120-1143\jre\bin\awt.dll

Deoptimization events (20 events):
Event: 10.899 Thread 0x000001a768eee9a0 Uncommon trap: trap_request=0xffffff45 fr.pc=0x000001a775876e90 relative=0x0000000000000090
Event: 10.899 Thread 0x000001a768eee9a0 Uncommon trap: reason=unstable_if action=reinterpret pc=0x000001a775876e90 method=jdk.internal.misc.Unsafe.convEndian(ZI)I @ 4 c2
Event: 10.899 Thread 0x000001a768eee9a0 DEOPT PACKING pc=0x000001a775876e90 sp=0x00000086319fdb30
Event: 10.900 Thread 0x000001a768eee9a0 DEOPT UNPACKING pc=0x000001a7753069a3 sp=0x00000086319fda70 mode 2
Event: 10.928 Thread 0x000001a768eee9a0 Uncommon trap: trap_request=0xffffff45 fr.pc=0x000001a7758570e0 relative=0x0000000000000060
Event: 10.928 Thread 0x000001a768eee9a0 Uncommon trap: reason=unstable_if action=reinterpret pc=0x000001a7758570e0 method=java.lang.String.isLatin1()Z @ 10 c2
Event: 10.928 Thread 0x000001a768eee9a0 DEOPT PACKING pc=0x000001a7758570e0 sp=0x00000086319fe300
Event: 10.928 Thread 0x000001a768eee9a0 DEOPT UNPACKING pc=0x000001a7753069a3 sp=0x00000086319fe2a0 mode 2
Event: 10.928 Thread 0x000001a768eee9a0 Uncommon trap: trap_request=0xffffff45 fr.pc=0x000001a775858d7c relative=0x000000000000007c
Event: 10.928 Thread 0x000001a768eee9a0 Uncommon trap: reason=unstable_if action=reinterpret pc=0x000001a775858d7c method=java.lang.String.isLatin1()Z @ 10 c2
Event: 10.928 Thread 0x000001a768eee9a0 DEOPT PACKING pc=0x000001a775858d7c sp=0x00000086319fed10
Event: 10.928 Thread 0x000001a768eee9a0 DEOPT UNPACKING pc=0x000001a7753069a3 sp=0x00000086319fec60 mode 2
Event: 10.941 Thread 0x000001a768eee9a0 DEOPT PACKING pc=0x000001a76de3a12c sp=0x00000086319f89a0
Event: 10.941 Thread 0x000001a768eee9a0 DEOPT UNPACKING pc=0x000001a775307143 sp=0x00000086319f7e08 mode 0
Event: 10.941 Thread 0x000001a768eee9a0 DEOPT PACKING pc=0x000001a76de3a12c sp=0x00000086319f89a0
Event: 10.941 Thread 0x000001a768eee9a0 DEOPT UNPACKING pc=0x000001a775307143 sp=0x00000086319f7e08 mode 0
Event: 10.941 Thread 0x000001a768eee9a0 DEOPT PACKING pc=0x000001a76de3a12c sp=0x00000086319f89a0
Event: 10.941 Thread 0x000001a768eee9a0 DEOPT UNPACKING pc=0x000001a775307143 sp=0x00000086319f7e08 mode 0
Event: 13.113 Thread 0x000001a768eee9a0 DEOPT PACKING pc=0x000001a76de07b1f sp=0x00000086319fc680
Event: 13.113 Thread 0x000001a768eee9a0 DEOPT UNPACKING pc=0x000001a775307143 sp=0x00000086319fbb18 mode 0

Classes unloaded (0 events):
No events

Classes redefined (0 events):
No events

Internal exceptions (11 events):
Event: 1.867 Thread 0x000001a768eee9a0 Exception <a 'java/lang/NoSuchMethodError'{0x0000000088e1ba40}: 'void java.lang.invoke.DirectMethodHandle$Holder.invokeVirtual(java.lang.Object, java.lang.Object)'> (0x0000000088e1ba40) 
thrown [s\src\hotspot\share\interpreter\linkResolver.cpp, line 759]
Event: 2.303 Thread 0x000001a768eee9a0 Exception <a 'java/lang/NoSuchMethodError'{0x0000000088de9520}: 'void java.lang.invoke.DirectMethodHandle$Holder.invokeSpecial(java.lang.Object, java.lang.Object, java.lang.Object)'> (0x0000000088de9520) 
thrown [s\src\hotspot\share\interpreter\linkResolver.cpp, line 759]
Event: 2.628 Thread 0x000001a768eee9a0 Exception <a 'java/lang/NoSuchMethodError'{0x0000000088dfe740}: 'void java.lang.invoke.DirectMethodHandle$Holder.invokeSpecial(java.lang.Object, java.lang.Object, java.lang.Object, java.lang.Object, java.lang.Object)'> (0x0000000088dfe740) 
thrown [s\src\hotspot\share\interpreter\linkResolver.cpp, line 759]
Event: 2.630 Thread 0x000001a768eee9a0 Exception <a 'java/lang/NoSuchMethodError'{0x0000000088c0e340}: 'java.lang.Object java.lang.invoke.DirectMethodHandle$Holder.invokeInterface(java.lang.Object, java.lang.Object)'> (0x0000000088c0e340) 
thrown [s\src\hotspot\share\interpreter\linkResolver.cpp, line 759]
Event: 2.630 Thread 0x000001a768eee9a0 Exception <a 'java/lang/IncompatibleClassChangeError'{0x0000000088c11890}: Found class java.lang.Object, but interface was expected> (0x0000000088c11890) 
thrown [s\src\hotspot\share\interpreter\linkResolver.cpp, line 826]
Event: 2.630 Thread 0x000001a768eee9a0 Exception <a 'java/lang/NoSuchMethodError'{0x0000000088c14658}: 'void java.lang.invoke.DirectMethodHandle$Holder.invokeStatic(java.lang.Object, java.lang.Object, java.lang.Object, java.lang.Object)'> (0x0000000088c14658) 
thrown [s\src\hotspot\share\interpreter\linkResolver.cpp, line 759]
Event: 13.108 Thread 0x000001a768eee9a0 Exception <a 'sun/nio/fs/WindowsException'{0x0000000088845fe8}> (0x0000000088845fe8) 
thrown [s\src\hotspot\share\prims\jni.cpp, line 516]
Event: 13.117 Thread 0x000001a768eee9a0 Exception <a 'java/lang/ClassNotFoundException'{0x0000000088873258}: sun/awt/resources/spi/awtProvider> (0x0000000088873258) 
thrown [s\src\hotspot\share\classfile\systemDictionary.cpp, line 256]
Event: 14.193 Thread 0x000001a768eee9a0 Exception <a 'java/io/FileNotFoundException'{0x00000000888d0de0}> (0x00000000888d0de0) 
thrown [s\src\hotspot\share\prims\jni.cpp, line 516]
Event: 14.198 Thread 0x000001a768eee9a0 Exception <a 'java/io/FileNotFoundException'{0x0000000088700358}> (0x0000000088700358) 
thrown [s\src\hotspot\share\prims\jni.cpp, line 516]
Event: 14.650 Thread 0x000001a768eee9a0 Exception <a 'java/lang/NoSuchMethodError'{0x00000000887fab60}: 'java.lang.Object java.lang.invoke.DirectMethodHandle$Holder.invokeStaticInit(java.lang.Object)'> (0x00000000887fab60) 
thrown [s\src\hotspot\share\interpreter\linkResolver.cpp, line 759]

VM Operations (20 events):
Event: 1.896 Executing VM operation: Cleanup
Event: 1.896 Executing VM operation: Cleanup done
Event: 2.273 Executing VM operation: HandshakeAllThreads
Event: 2.273 Executing VM operation: HandshakeAllThreads done
Event: 2.629 Executing VM operation: HandshakeAllThreads
Event: 2.629 Executing VM operation: HandshakeAllThreads done
Event: 3.623 Executing VM operation: ChangeBreakpoints
Event: 3.666 Executing VM operation: ChangeBreakpoints done
Event: 3.735 Executing VM operation: ChangeBreakpoints
Event: 3.735 Executing VM operation: ChangeBreakpoints done
Event: 8.765 Executing VM operation: Cleanup
Event: 9.503 Executing VM operation: Cleanup done
Event: 10.508 Executing VM operation: Cleanup
Event: 10.885 Executing VM operation: Cleanup done
Event: 11.899 Executing VM operation: Cleanup
Event: 12.140 Executing VM operation: Cleanup done
Event: 13.147 Executing VM operation: Cleanup
Event: 13.147 Executing VM operation: Cleanup done
Event: 15.164 Executing VM operation: Cleanup
Event: 15.338 Executing VM operation: Cleanup done

Events (20 events):
Event: 15.458 loading class java/awt/FocusTraversalPolicy
Event: 15.458 loading class java/awt/FocusTraversalPolicy done
Event: 15.458 loading class java/awt/ContainerOrderFocusTraversalPolicy done
Event: 15.458 loading class java/awt/DefaultFocusTraversalPolicy done
Event: 15.458 loading class java/awt/AWTKeyStroke
Event: 15.459 loading class java/awt/AWTKeyStroke done
Event: 15.459 loading class sun/swing/SwingAccessor
Event: 15.459 loading class sun/swing/SwingAccessor done
Event: 15.459 loading class javax/swing/KeyStroke
Event: 15.459 loading class javax/swing/KeyStroke done
Event: 15.459 loading class javax/swing/KeyStroke$1
Event: 15.459 loading class sun/swing/SwingAccessor$KeyStrokeAccessor
Event: 15.459 loading class sun/swing/SwingAccessor$KeyStrokeAccessor done
Event: 15.459 loading class javax/swing/KeyStroke$1 done
Event: 15.459 loading class sun/awt/windows/WKeyboardFocusManagerPeer
Event: 15.459 loading class sun/awt/KeyboardFocusManagerPeerImpl
Event: 15.459 loading class java/awt/peer/KeyboardFocusManagerPeer
Event: 15.459 loading class java/awt/peer/KeyboardFocusManagerPeer done
Event: 15.459 loading class sun/awt/KeyboardFocusManagerPeerImpl done
Event: 15.459 loading class sun/awt/windows/WKeyboardFocusManagerPeer done


Dynamic libraries:
0x00007ff784c40000 - 0x00007ff784c4e000 	C:\eclipse\plugins\org.eclipse.justj.openjdk.hotspot.jre.full.win32.x86_64_17.0.10.v20240120-1143\jre\bin\javaw.exe
0x00007fff29530000 - 0x00007fff29747000 	C:\WINDOWS\SYSTEM32\ntdll.dll
0x00007fff27a90000 - 0x00007fff27b54000 	C:\WINDOWS\System32\KERNEL32.DLL
0x00007fff269d0000 - 0x00007fff26da3000 	C:\WINDOWS\System32\KERNELBASE.dll
0x00007fff268b0000 - 0x00007fff269c1000 	C:\WINDOWS\System32\ucrtbase.dll
0x00007fff15aa0000 - 0x00007fff15ab7000 	C:\eclipse\plugins\org.eclipse.justj.openjdk.hotspot.jre.full.win32.x86_64_17.0.10.v20240120-1143\jre\bin\jli.dll
0x00007fff28100000 - 0x00007fff282b1000 	C:\WINDOWS\System32\USER32.dll
0x00007fff26640000 - 0x00007fff26666000 	C:\WINDOWS\System32\win32u.dll
0x00007fff27b60000 - 0x00007fff27b89000 	C:\WINDOWS\System32\GDI32.dll
0x00007fff26670000 - 0x00007fff2678b000 	C:\WINDOWS\System32\gdi32full.dll
0x00007fff26810000 - 0x00007fff268aa000 	C:\WINDOWS\System32\msvcp_win.dll
0x00007fff15ac0000 - 0x00007fff15adb000 	C:\eclipse\plugins\org.eclipse.justj.openjdk.hotspot.jre.full.win32.x86_64_17.0.10.v20240120-1143\jre\bin\VCRUNTIME140.dll
0x00007fff194d0000 - 0x00007fff19768000 	C:\WINDOWS\WinSxS\amd64_microsoft.windows.common-controls_6595b64144ccf1df_6.0.22621.5124_none_270e8f4f7386d69d\COMCTL32.dll
0x00007fff28410000 - 0x00007fff284b7000 	C:\WINDOWS\System32\msvcrt.dll
0x00007fff27870000 - 0x00007fff278a1000 	C:\WINDOWS\System32\IMM32.DLL
0x00007fff23450000 - 0x00007fff2345c000 	C:\eclipse\plugins\org.eclipse.justj.openjdk.hotspot.jre.full.win32.x86_64_17.0.10.v20240120-1143\jre\bin\vcruntime140_1.dll
0x00007fff05100000 - 0x00007fff0518d000 	C:\eclipse\plugins\org.eclipse.justj.openjdk.hotspot.jre.full.win32.x86_64_17.0.10.v20240120-1143\jre\bin\msvcp140.dll
0x00007ffec4c60000 - 0x00007ffec58c2000 	C:\eclipse\plugins\org.eclipse.justj.openjdk.hotspot.jre.full.win32.x86_64_17.0.10.v20240120-1143\jre\bin\server\jvm.dll
0x00007fff28030000 - 0x00007fff280e1000 	C:\WINDOWS\System32\ADVAPI32.dll
0x00007fff28d60000 - 0x00007fff28e08000 	C:\WINDOWS\System32\sechost.dll
0x00007fff271a0000 - 0x00007fff271c8000 	C:\WINDOWS\System32\bcrypt.dll
0x00007fff27f00000 - 0x00007fff28014000 	C:\WINDOWS\System32\RPCRT4.dll
0x00007fff25ed0000 - 0x00007fff25f1d000 	C:\WINDOWS\SYSTEM32\POWRPROF.dll
0x00007fff1a1d0000 - 0x00007fff1a1d9000 	C:\WINDOWS\SYSTEM32\WSOCK32.dll
0x00007fff28e10000 - 0x00007fff28e81000 	C:\WINDOWS\System32\WS2_32.dll
0x00007fff1b360000 - 0x00007fff1b394000 	C:\WINDOWS\SYSTEM32\WINMM.dll
0x00007fff1d790000 - 0x00007fff1d79a000 	C:\WINDOWS\SYSTEM32\VERSION.dll
0x00007fff25e70000 - 0x00007fff25e83000 	C:\WINDOWS\SYSTEM32\UMPDC.dll
0x00007fff25630000 - 0x00007fff25648000 	C:\WINDOWS\SYSTEM32\kernel.appcore.dll
0x00007fff21280000 - 0x00007fff2128a000 	C:\eclipse\plugins\org.eclipse.justj.openjdk.hotspot.jre.full.win32.x86_64_17.0.10.v20240120-1143\jre\bin\jimage.dll
0x00007fff1c9e0000 - 0x00007fff1cc12000 	C:\WINDOWS\SYSTEM32\DBGHELP.DLL
0x00007fff27340000 - 0x00007fff276d2000 	C:\WINDOWS\System32\combase.dll
0x00007fff28330000 - 0x00007fff28407000 	C:\WINDOWS\System32\OLEAUT32.dll
0x00007fff1c3b0000 - 0x00007fff1c3e2000 	C:\WINDOWS\SYSTEM32\dbgcore.DLL
0x00007fff26790000 - 0x00007fff2680b000 	C:\WINDOWS\System32\bcryptPrimitives.dll
0x00007fff02df0000 - 0x00007fff02e2b000 	C:\eclipse\plugins\org.eclipse.justj.openjdk.hotspot.jre.full.win32.x86_64_17.0.10.v20240120-1143\jre\bin\jdwp.dll
0x00007fff19980000 - 0x00007fff1998e000 	C:\eclipse\plugins\org.eclipse.justj.openjdk.hotspot.jre.full.win32.x86_64_17.0.10.v20240120-1143\jre\bin\instrument.dll
0x00007fff19ab0000 - 0x00007fff19ad5000 	C:\eclipse\plugins\org.eclipse.justj.openjdk.hotspot.jre.full.win32.x86_64_17.0.10.v20240120-1143\jre\bin\java.dll
0x00007fff19a90000 - 0x00007fff19aa8000 	C:\eclipse\plugins\org.eclipse.justj.openjdk.hotspot.jre.full.win32.x86_64_17.0.10.v20240120-1143\jre\bin\zip.dll
0x00007fff284c0000 - 0x00007fff28d56000 	C:\WINDOWS\System32\SHELL32.dll
0x00007fff26ef0000 - 0x00007fff2702f000 	C:\WINDOWS\System32\wintypes.dll
0x00007fff24510000 - 0x00007fff24e2a000 	C:\WINDOWS\SYSTEM32\windows.storage.dll
0x00007fff276e0000 - 0x00007fff277ea000 	C:\WINDOWS\System32\SHCORE.dll
0x00007fff282c0000 - 0x00007fff28323000 	C:\WINDOWS\System32\shlwapi.dll
0x00007fff26570000 - 0x00007fff2659b000 	C:\WINDOWS\SYSTEM32\profapi.dll
0x00007fff19a70000 - 0x00007fff19a89000 	C:\eclipse\plugins\org.eclipse.justj.openjdk.hotspot.jre.full.win32.x86_64_17.0.10.v20240120-1143\jre\bin\net.dll
0x00007fff21090000 - 0x00007fff211bc000 	C:\WINDOWS\SYSTEM32\WINHTTP.dll
0x00007fff25aa0000 - 0x00007fff25b0a000 	C:\WINDOWS\system32\mswsock.dll
0x00007fff19a50000 - 0x00007fff19a66000 	C:\eclipse\plugins\org.eclipse.justj.openjdk.hotspot.jre.full.win32.x86_64_17.0.10.v20240120-1143\jre\bin\nio.dll
0x00007fff15a80000 - 0x00007fff15a8c000 	C:\eclipse\plugins\org.eclipse.justj.openjdk.hotspot.jre.full.win32.x86_64_17.0.10.v20240120-1143\jre\bin\dt_socket.dll
0x00007fff250d0000 - 0x00007fff250fd000 	C:\WINDOWS\SYSTEM32\IPHLPAPI.DLL
0x00007fff25100000 - 0x00007fff25202000 	C:\WINDOWS\SYSTEM32\DNSAPI.dll
0x00007fff28020000 - 0x00007fff28029000 	C:\WINDOWS\System32\NSI.dll
0x00007fff1e2e0000 - 0x00007fff1e2ea000 	C:\Windows\System32\rasadhlp.dll
0x00007fff20130000 - 0x00007fff201b3000 	C:\WINDOWS\System32\fwpuclnt.dll
0x00007fff19a40000 - 0x00007fff19a50000 	C:\eclipse\plugins\org.eclipse.justj.openjdk.hotspot.jre.full.win32.x86_64_17.0.10.v20240120-1143\jre\bin\verify.dll
0x00007ffee54c0000 - 0x00007ffee5650000 	C:\eclipse\plugins\org.eclipse.justj.openjdk.hotspot.jre.full.win32.x86_64_17.0.10.v20240120-1143\jre\bin\awt.dll
0x00007fff236c0000 - 0x00007fff23757000 	C:\WINDOWS\SYSTEM32\apphelp.dll
0x00007fff23c30000 - 0x00007fff23ce3000 	C:\WINDOWS\system32\uxtheme.dll
0x00007fff27da0000 - 0x00007fff27f00000 	C:\WINDOWS\System32\MSCTF.dll
0x00007fff29330000 - 0x00007fff294d1000 	C:\WINDOWS\System32\ole32.dll
0x00007fff24080000 - 0x00007fff240ae000 	C:\WINDOWS\system32\DWMAPI.DLL
0x00007fff00b60000 - 0x00007fff00c60000 	C:\WINDOWS\system32\opengl32.dll
0x00007fff07960000 - 0x00007fff0798d000 	C:\WINDOWS\SYSTEM32\GLU32.dll
0x00007fff23d40000 - 0x00007fff23d77000 	C:\WINDOWS\SYSTEM32\dxcore.dll
0x00007fff25f30000 - 0x00007fff25f42000 	C:\WINDOWS\SYSTEM32\msasn1.dll
0x00007fff1d750000 - 0x00007fff1d782000 	C:\WINDOWS\SYSTEM32\cryptnet.dll
0x00007fff27030000 - 0x00007fff27197000 	C:\WINDOWS\System32\CRYPT32.dll
0x00007fff25e40000 - 0x00007fff25e4c000 	C:\WINDOWS\SYSTEM32\cryptbase.dll
0x00007fff26e70000 - 0x00007fff26eeb000 	C:\WINDOWS\System32\wintrust.dll
0x00007fff278b0000 - 0x00007fff278cf000 	C:\WINDOWS\System32\imagehlp.dll
0x00007fff25e90000 - 0x00007fff25eab000 	C:\WINDOWS\SYSTEM32\CRYPTSP.dll
0x00007fff25590000 - 0x00007fff255c7000 	C:\WINDOWS\system32\rsaenh.dll

dbghelp: loaded successfully - version: 4.0.5 - missing functions: none
symbol engine: initialized successfully - sym options: 0x614 - pdb path: .;C:\eclipse\plugins\org.eclipse.justj.openjdk.hotspot.jre.full.win32.x86_64_17.0.10.v20240120-1143\jre\bin;C:\WINDOWS\SYSTEM32;C:\WINDOWS\WinSxS\amd64_microsoft.windows.common-controls_6595b64144ccf1df_6.0.22621.5124_none_270e8f4f7386d69d;C:\eclipse\plugins\org.eclipse.justj.openjdk.hotspot.jre.full.win32.x86_64_17.0.10.v20240120-1143\jre\bin\server

VM Arguments:
jvm_args: -XX:+ShowCodeDetailsInExceptionMessages -agentlib:jdwp=transport=dt_socket,suspend=y,address=localhost:57645 -javaagent:C:\eclipse\configuration\org.eclipse.osgi\442\0\.cp\lib\javaagent-shaded.jar -Dfile.encoding=UTF-8 -Dstdout.encoding=UTF-8 -Dstderr.encoding=UTF-8 --module-path=C:\Users\Alumno1\Documents\GitHub\proyecto_final\proyecto_final\Proyecto_final\bin;C:\Users\Alumno1\Documents\GitHub\proyecto_final\proyecto_final\Proyecto_final\src\Adopcion_de_animales\mysql-connector-java-8.0.20.jar -Djdk.module.main=Proyecto_final 
java_command: Proyecto_final/Adopcion_de_animales.gestionar_adopcion
java_class_path (initial): <not set>
Launcher Type: SUN_STANDARD

[Global flags]
     intx CICompilerCount                          = 3                                         {product} {ergonomic}
     uint ConcGCThreads                            = 2                                         {product} {ergonomic}
     uint G1ConcRefinementThreads                  = 6                                         {product} {ergonomic}
   size_t G1HeapRegionSize                         = 1048576                                   {product} {ergonomic}
    uintx GCDrainStackTargetSize                   = 64                                        {product} {ergonomic}
   size_t InitialHeapSize                          = 134217728                                 {product} {ergonomic}
   size_t MarkStackSize                            = 4194304                                   {product} {ergonomic}
   size_t MaxHeapSize                              = 2130706432                                {product} {ergonomic}
   size_t MaxNewSize                               = 1278214144                                {product} {ergonomic}
   size_t MinHeapDeltaBytes                        = 1048576                                   {product} {ergonomic}
   size_t MinHeapSize                              = 8388608                                   {product} {ergonomic}
    uintx NonNMethodCodeHeapSize                   = 5832780                                {pd product} {ergonomic}
    uintx NonProfiledCodeHeapSize                  = 122912730                              {pd product} {ergonomic}
    uintx ProfiledCodeHeapSize                     = 122912730                              {pd product} {ergonomic}
    uintx ReservedCodeCacheSize                    = 251658240                              {pd product} {ergonomic}
     bool SegmentedCodeCache                       = true                                      {product} {ergonomic}
     bool ShowCodeDetailsInExceptionMessages       = true                                   {manageable} {command line}
   size_t SoftMaxHeapSize                          = 2130706432                             {manageable} {ergonomic}
     bool UseCompressedClassPointers               = true                           {product lp64_product} {ergonomic}
     bool UseCompressedOops                        = true                           {product lp64_product} {ergonomic}
     bool UseG1GC                                  = true                                      {product} {ergonomic}
     bool UseLargePagesIndividualAllocation        = false                                  {pd product} {ergonomic}

Logging:
Log output configuration:
 #0: stdout all=warning uptime,level,tags
 #1: stderr all=off uptime,level,tags

Environment Variables:
PATH=C:\eclipse\plugins\org.eclipse.justj.openjdk.hotspot.jre.full.win32.x86_64_17.0.10.v20240120-1143\jre\bin;C:/eclipse//plugins/org.eclipse.justj.openjdk.hotspot.jre.full.win32.x86_64_17.0.10.v20240120-1143/jre/bin/server;C:/eclipse//plugins/org.eclipse.justj.openjdk.hotspot.jre.full.win32.x86_64_17.0.10.v20240120-1143/jre/bin;C:\Program Files\Common Files\Oracle\Java\javapath;C:\Program Files\Eclipse Adoptium\jdk-17.0.11.9-hotspot\bin;C:\WINDOWS\system32;C:\WINDOWS;C:\WINDOWS\System32\Wbem;C:\WINDOWS\System32\WindowsPowerShell\v1.0\;C:\WINDOWS\System32\OpenSSH\;C:\Program Files\PuTTY\;C:\Program Files\Microsoft VS Code\bin;C:\Program Files\Docker\Docker\resources\bin;C:\Program Files (x86)\BaseX\bin;C:\Users\Alumno1\AppData\Local\Programs\Eclipse Adoptium\jdk-21.0.7.6-hotspot\bin;C:\Users\Alumno1\AppData\Local\Microsoft\WindowsApps;C:\Users\Alumno1\AppData\Local\Programs\Git\cmd;C:\ProgramData\Alumno1\GitHubDesktop\bin;C:\Users\Alumno1\AppData\Local\GitHubDesktop\bin;C:\Users\Alumno1\AppData\Local\JetBrains\IntelliJ IDEA 2025.1\bin;;C:\eclipse;
USERNAME=Alumno1
OS=Windows_NT
PROCESSOR_IDENTIFIER=Intel64 Family 6 Model 158 Stepping 10, GenuineIntel
TMP=C:\Users\Alumno1\AppData\Local\Temp
TEMP=C:\Users\Alumno1\AppData\Local\Temp



Periodic native trim disabled


---------------  S Y S T E M  ---------------

OS:
 Windows 11 , 64 bit Build 22621 (10.0.22621.5124)
OS uptime: 0 days 2:47 hours
Hyper-V role detected

CPU: total 6 (initial active 6) (6 cores per cpu, 1 threads per core) family 6 model 158 stepping 10 microcode 0xde, cx8, cmov, fxsr, mmx, 3dnowpref, sse, sse2, sse3, ssse3, sse4.1, sse4.2, popcnt, lzcnt, tsc, tscinvbit, avx, avx2, aes, erms, clmul, bmi1, bmi2, adx, fma, vzeroupper, clflush, clflushopt, hv
Processor Information for all 6 processors :
  Max Mhz: 2904, Current Mhz: 2904, Mhz Limit: 2904

Memory: 4k page, system-wide physical 8127M (288M free)
TotalPageFile size 30227M (AvailPageFile size 5M)
current process WorkingSet (physical memory assigned to process): 65M, peak: 66M
current process commit charge ("private bytes"): 217M, peak: 217M

vm_info: OpenJDK 64-Bit Server VM (17.0.10+7) for windows-amd64 JRE (17.0.10+7), built on Jan 16 2024 23:25:11 by "admin" with MS VC++ 16.10 / 16.11 (VS2019)

END.
