#
# A fatal error has been detected by the Java Runtime Environment:
#
#  EXCEPTION_UNCAUGHT_CXX_EXCEPTION (0xe06d7363) at pc=0x00007fff26a3016c, pid=20252, tid=39452
#
# JRE version: OpenJDK Runtime Environment Temurin-17.0.10+7 (17.0.10+7) (build 17.0.10+7)
# Java VM: OpenJDK 64-Bit Server VM Temurin-17.0.10+7 (17.0.10+7, mixed mode, tiered, compressed oops, compressed class ptrs, g1 gc, windows-amd64)
# Problematic frame:
# C  [KERNELBASE.dll+0x6016c]
#
# No core dump will be written. Minidumps are not enabled by default on client versions of Windows
#
# If you would like to submit a bug report, please visit:
#   https://github.com/adoptium/adoptium-support/issues
#

---------------  S U M M A R Y ------------

Command Line: -XX:+ShowCodeDetailsInExceptionMessages -agentlib:jdwp=transport=dt_socket,suspend=y,address=localhost:57647 -javaagent:C:\eclipse\configuration\org.eclipse.osgi\442\0\.cp\lib\javaagent-shaded.jar -Dfile.encoding=UTF-8 -Dstdout.encoding=UTF-8 -Dstderr.encoding=UTF-8 --module-path=C:\Users\Alumno1\Documents\GitHub\proyecto_final\proyecto_final\Proyecto_final\bin;C:\Users\Alumno1\Documents\GitHub\proyecto_final\proyecto_final\Proyecto_final\src\Adopcion_de_animales\mysql-connector-java-8.0.20.jar -Djdk.module.main=Proyecto_final Proyecto_final/Adopcion_de_animales.gestionar_adopcion

Host: Intel(R) Core(TM) i5-9400F CPU @ 2.90GHz, 6 cores, 7G,  Windows 11 , 64 bit Build 22621 (10.0.22621.5124)
Time: Mon May 12 11:10:21 2025 Hora de verano romance elapsed time: 15.355812 seconds (0d 0h 0m 15s)

---------------  T H R E A D  ---------------

Current thread (0x000002d99a9a38d0):  JavaThread "AWT-EventQueue-0" [_thread_in_vm, id=39452, stack(0x000000e886400000,0x000000e886500000)]

Stack: [0x000000e886400000,0x000000e886500000],  sp=0x000000e8864fdd30,  free space=1015k
Native frames: (J=compiled Java code, j=interpreted, Vv=VM code, C=native code)
C  [KERNELBASE.dll+0x6016c]
C  [VCRUNTIME140.dll+0x6480]
C  [jimage.dll+0x32a3]
C  [jimage.dll+0x2a1d]
C  [jimage.dll+0x145b]
C  [jimage.dll+0x1e9f]
C  [jimage.dll+0x1f36]
C  [jimage.dll+0x266e]
V  [jvm.dll+0x1f3a0d]
V  [jvm.dll+0x1f25e2]
V  [jvm.dll+0x7adf9b]
V  [jvm.dll+0x7af36c]
V  [jvm.dll+0x7af6b8]
V  [jvm.dll+0x23face]
V  [jvm.dll+0x23fd1f]
V  [jvm.dll+0x560aa8]
V  [jvm.dll+0x5639a7]
V  [jvm.dll+0x386672]
V  [jvm.dll+0x385cdf]
C  0x000002d98ab66059

The last pc belongs to invokestatic (printed below).
Java frames: (J=compiled Java code, j=interpreted, Vv=VM code)
j  sun.awt.SunToolkit.checkAndSetPolicy(Ljava/awt/Container;)V+0 java.desktop@17.0.10
j  java.awt.Window.init(Ljava/awt/GraphicsConfiguration;)V+194 java.desktop@17.0.10
j  java.awt.Window.<init>()V+124 java.desktop@17.0.10
j  java.awt.Frame.<init>(Ljava/lang/String;)V+1 java.desktop@17.0.10
j  java.awt.Frame.<init>()V+3 java.desktop@17.0.10
j  javax.swing.JFrame.<init>()V+1 java.desktop@17.0.10
j  Adopcion_de_animales.gestionar_adopcion.<init>()V+1 Proyecto_final
j  Adopcion_de_animales.gestionar_adopcion$3.run()V+4 Proyecto_final
j  java.awt.event.InvocationEvent.dispatch()V+47 java.desktop@17.0.10
j  java.awt.EventQueue.dispatchEventImpl(Ljava/awt/AWTEvent;Ljava/lang/Object;)V+21 java.desktop@17.0.10
j  java.awt.EventQueue$4.run()Ljava/lang/Void;+32 java.desktop@17.0.10
j  java.awt.EventQueue$4.run()Ljava/lang/Object;+1 java.desktop@17.0.10
j  java.security.AccessController.executePrivileged(Ljava/security/PrivilegedAction;Ljava/security/AccessControlContext;Ljava/lang/Class;)Ljava/lang/Object;+29 java.base@17.0.10
j  java.security.AccessController.doPrivileged(Ljava/security/PrivilegedAction;Ljava/security/AccessControlContext;)Ljava/lang/Object;+13 java.base@17.0.10
j  java.security.ProtectionDomain$JavaSecurityAccessImpl.doIntersectionPrivilege(Ljava/security/PrivilegedAction;Ljava/security/AccessControlContext;Ljava/security/AccessControlContext;)Ljava/lang/Object;+18 java.base@17.0.10
j  java.awt.EventQueue.dispatchEvent(Ljava/awt/AWTEvent;)V+46 java.desktop@17.0.10
j  java.awt.EventDispatchThread.pumpOneEventForFilters(I)V+78 java.desktop@17.0.10
j  java.awt.EventDispatchThread.pumpEventsForFilter(ILjava/awt/Conditional;Ljava/awt/EventFilter;)V+35 java.desktop@17.0.10
j  java.awt.EventDispatchThread.pumpEventsForHierarchy(ILjava/awt/Conditional;Ljava/awt/Component;)V+11 java.desktop@17.0.10
j  java.awt.EventDispatchThread.pumpEvents(ILjava/awt/Conditional;)V+4 java.desktop@17.0.10
j  java.awt.EventDispatchThread.pumpEvents(Ljava/awt/Conditional;)V+3 java.desktop@17.0.10
j  java.awt.EventDispatchThread.run()V+9 java.desktop@17.0.10
v  ~StubRoutines::call_stub

siginfo: EXCEPTION_UNCAUGHT_CXX_EXCEPTION (0xe06d7363), ExceptionInformation=0x0000000019930520 0x000000e8864fde90 0x00007fff21285198 0x00007fff21280000 


Registers:
RAX=0x000000000000025a, RBX=0x00007fff21285198, RCX=0x0000000088c13c80, RDX=0x000000e8864fd649
RSP=0x000000e8864fdd30, RBP=0x000000e8864fdfc0, RSI=0x000000e8864fde90, RDI=0x0000000019930520
R8 =0x000002d900000000, R9 =0x000002d9fe322ef2, R10=0x000000004c2429a4, R11=0x000002d99a9a38d0
R12=0x0000000000009146, R13=0x000002d99a1402d0, R14=0x000002d99aa19b10, R15=0x000002d99aa19b10
RIP=0x00007fff26a3016c, EFLAGS=0x0000000000000206


Register to memory mapping:

RIP=0x00007fff26a3016c KERNELBASE.dll
RAX=0x000000000000025a is an unknown value
RBX=0x00007fff21285198 jimage.dll
RCX=0x0000000088c13c80 is an oop: sun.instrument.TransformerManager 
{0x0000000088c13c80} - klass: 'sun/instrument/TransformerManager'
 - ---- fields (total size 3 words):
 - private 'mIsRetransformable' 'Z' @12  false
 - private 'mTransformerList' '[Lsun/instrument/TransformerManager$TransformerInfo;' @16  a 'sun/instrument/TransformerManager$TransformerInfo'[1] {0x0000000088914510} (88914510)
RDX=0x000000e8864fd649 is pointing into the stack for thread: 0x000002d99a9a38d0
RSP=0x000000e8864fdd30 is pointing into the stack for thread: 0x000002d99a9a38d0
RBP=0x000000e8864fdfc0 is pointing into the stack for thread: 0x000002d99a9a38d0
RSI=0x000000e8864fde90 is pointing into the stack for thread: 0x000002d99a9a38d0
RDI=0x0000000019930520 is an unknown value
R8 =0x000002d900000000 is an unknown value
R9 =0x000002d9fe322ef2 points into unknown readable memory: e7 0b 00 00 00 00
R10=0x000000004c2429a4 is an unknown value
R11=0x000002d99a9a38d0 is a thread
R12=0x0000000000009146 is an unknown value
R13=0x000002d99a1402d0 points into unknown readable memory: 0x7477612f6176616a | 6a 61 76 61 2f 61 77 74
R14=0x000002d99aa19b10 points into unknown readable memory: 0x0000000000000000 | 00 00 00 00 00 00 00 00
R15=0x000002d99aa19b10 points into unknown readable memory: 0x0000000000000000 | 00 00 00 00 00 00 00 00


Top of Stack: (sp=0x000000e8864fdd30)
0x000000e8864fdd30:   000000000000001b 00007fff21285198
0x000000e8864fdd40:   000000e8864fde90 00007fff268b32e6
0x000000e8864fdd50:   00000081e06d7363 0000000000000000
0x000000e8864fdd60:   00007fff26a3016c 000000e800000004
0x000000e8864fdd70:   0000000019930520 000000e8864fde90
0x000000e8864fdd80:   00007fff21285198 00007fff21280000
0x000000e8864fdd90:   000000e800000000 000000e8864fddc0
0x000000e8864fdda0:   0000000000000000 00007fff21285198
0x000000e8864fddb0:   000002d99aa19b10 00007fff295a6c2f
0x000000e8864fddc0:   000000e8864fde30 00007fff21287000
0x000000e8864fddd0:   000000e8864fde90 0000000019930520
0x000000e8864fdde0:   00007fff21287000 00007fff21280000
0x000000e8864fddf0:   0000738b7f268948 00007fff269f8f00
0x000000e8864fde00:   00007fff21285198 00007fff15ac6480
0x000000e8864fde10:   0000000000000024 00007ffee55d1678
0x000000e8864fde20:   000000e8864fde70 00007fff269af550
0x000000e8864fde30:   00007fff21280000 0000000019930520
0x000000e8864fde40:   000000e8864fde90 00007fff21285198
0x000000e8864fde50:   00007fff21280000 00007ffee55a4eee
0x000000e8864fde60:   000002d980eedf2b 00007fff212832a3
0x000000e8864fde70:   0000000000000002 000000e8864fde38
0x000000e8864fde80:   0000000000009146 000002d980eedf2b
0x000000e8864fde90:   00007fff21284470 00007fff21284480
0x000000e8864fdea0:   0000000000000000 0000000000000000
0x000000e8864fdeb0:   000002d980eedf2b 00007fff21282a1d
0x000000e8864fdec0:   0000000000009146 000000e8864fded0
0x000000e8864fded0:   000002d900000003 00007fff268c1966
0x000000e8864fdee0:   000002d980eedf2b 00007fff2128145b
0x000000e8864fdef0:   0000000000008000 0000000000000000
0x000000e8864fdf00:   000000e8864fdf90 00007ffec52cfd3c
0x000000e8864fdf10:   0000000000000030 00007fff268c2de3
0x000000e8864fdf20:   00000000cafefafa 0000000000004163 

Instructions: (pc=0x00007fff26a3016c)
0x00007fff26a3006c:   ff 4c 8d 05 fc 55 2f 00 33 d2 b9 00 00 10 00 e8
0x00007fff26a3007c:   b0 37 fe ff 4c 8b f0 48 89 44 24 58 48 85 c0 0f
0x00007fff26a3008c:   84 0b fe ff ff 4c 8d 05 20 56 2f 00 33 d2 8d 4a
0x00007fff26a3009c:   02 e8 8e 37 fe ff 48 8b f8 48 89 44 24 50 e9 ed
0x00007fff26a300ac:   fd ff ff 45 33 c0 49 8b d7 48 83 c9 ff e8 c2 a5
0x00007fff26a300bc:   01 00 e9 08 ff ff ff 48 8b 0d 1e 3f 32 00 e8 01
0x00007fff26a300cc:   ba fd ff 48 8b cf e8 99 8e fc ff e9 f8 fe ff ff
0x00007fff26a300dc:   49 8b ce e8 8c 8e fc ff e9 f4 fe ff ff 48 8b ce
0x00007fff26a300ec:   e8 7f 8e fc ff e9 f0 fe ff ff cc cc 71 18 d3 7a
0x00007fff26a300fc:   1a 87 89 f9 48 81 ec d8 00 00 00 48 8b 05 e2 0e
0x00007fff26a3010c:   32 00 48 33 c4 48 89 84 24 c0 00 00 00 48 83 64
0x00007fff26a3011c:   24 28 00 48 8d 05 da ff ff ff 83 e2 01 89 4c 24
0x00007fff26a3012c:   20 89 54 24 24 48 89 44 24 30 4d 85 c9 74 4f b8
0x00007fff26a3013c:   0f 00 00 00 48 8d 4c 24 40 44 3b c0 49 8b d1 41
0x00007fff26a3014c:   0f 46 c0 44 8b c0 44 89 44 24 38 49 c1 e0 03 e8
0x00007fff26a3015c:   97 3b 09 00 48 8d 4c 24 20 48 ff 15 54 73 22 00
0x00007fff26a3016c:   0f 1f 44 00 00 48 8b 8c 24 c0 00 00 00 48 33 cc
0x00007fff26a3017c:   e8 3f 0f 05 00 48 81 c4 d8 00 00 00 c3 cc 83 64
0x00007fff26a3018c:   24 38 00 eb cf cc cc cc cc cc cc cc 48 8b c4 48
0x00007fff26a3019c:   89 58 08 48 89 70 10 48 89 78 18 4c 89 68 20 55
0x00007fff26a301ac:   41 56 41 57 48 8d 68 a1 48 81 ec e0 00 00 00 48
0x00007fff26a301bc:   8b 05 2e 0e 32 00 48 33 c4 48 89 45 3f 45 33 ff
0x00007fff26a301cc:   66 c7 45 2b 00 05 48 8d 45 c7 44 89 7d 27 48 89
0x00007fff26a301dc:   44 24 50 48 8d 4d 27 44 89 7c 24 48 45 33 c9 44
0x00007fff26a301ec:   89 7c 24 40 45 8d 47 12 44 89 7c 24 38 b2 01 44
0x00007fff26a301fc:   89 7c 24 30 41 8b df 44 89 7c 24 28 41 8b ff 44
0x00007fff26a3020c:   89 7c 24 20 45 8b f7 44 89 7d 2f 66 c7 45 33 00
0x00007fff26a3021c:   01 44 89 7d 37 66 c7 45 3b 00 10 4c 89 7d c7 4c
0x00007fff26a3022c:   89 7d cf 4c 89 7d d7 4c 89 7d df 48 ff 15 a2 73
0x00007fff26a3023c:   22 00 0f 1f 44 00 00 85 c0 0f 88 a7 02 00 00 48
0x00007fff26a3024c:   8d 45 cf 41 b9 20 02 00 00 48 89 44 24 50 45 8d
0x00007fff26a3025c:   6f 02 44 89 7c 24 48 45 8d 47 20 44 89 7c 24 40 


Stack slot to memory mapping:
stack at sp + 0 slots: 0x000000000000001b is an unknown value
stack at sp + 1 slots: 0x00007fff21285198 jimage.dll
stack at sp + 2 slots: 0x000000e8864fde90 is pointing into the stack for thread: 0x000002d99a9a38d0
stack at sp + 3 slots: 0x00007fff268b32e6 ucrtbase.dll
stack at sp + 4 slots: 0x00000081e06d7363 is an unknown value
stack at sp + 5 slots: 0x0 is NULL
stack at sp + 6 slots: 0x00007fff26a3016c KERNELBASE.dll
stack at sp + 7 slots: 0x000000e800000004 is an unknown value

invokestatic  184 invokestatic  [0x000002d98ab65fa0, 0x000002d98ab66320]  896 bytes
[MachCode]
  0x000002d98ab65fa0: 4883 ec08 | c5fa 1104 | 24eb 1f48 | 83ec 10c5 | fb11 0424 | eb14 4883 | ec10 4889 | 0424 48c7 
  0x000002d98ab65fc0: 4424 0800 | 0000 00eb | 0150 4c89 | 6dc0 410f | b755 0148 | 8b4d d0c1 | e202 8b5c | d120 c1eb 
  0x000002d98ab65fe0: 1081 e3ff | 0000 0081 | fbb8 0000 | 000f 847b | 0100 00bb | b800 0000 | e805 0000 | 00e9 6001 
  0x000002d98ab66000: 0000 488b | d348 8d44 | 2408 4c89 | 6dc0 498b | cfc5 f877 | 4989 afa8 | 0200 0049 | 8987 9802 
  0x000002d98ab66020: 0000 4883 | ec20 f7c4 | 0f00 0000 | 0f84 1a00 | 0000 4883 | ec08 49ba | 705c fec4 | fe7f 0000 
  0x000002d98ab66040: 41ff d248 | 83c4 08e9 | 0d00 0000 | 49ba 705c | fec4 fe7f | 0000 41ff | d248 83c4 | 2049 c787 
  0x000002d98ab66060: 9802 0000 | 0000 0000 | 49c7 87a8 | 0200 0000 | 0000 0049 | c787 a002 | 0000 0000 | 0000 c5f8 
  0x000002d98ab66080: 7741 8b8f | 0c04 0000 | f7c1 0100 | 0000 0f84 | 4900 0000 | f7c1 0200 | 0000 0f85 | 3d00 0000 
  0x000002d98ab660a0: 4883 ec20 | f7c4 0f00 | 0000 0f84 | 1a00 0000 | 4883 ec08 | 49ba 5000 | fec4 fe7f | 0000 41ff 
  0x000002d98ab660c0: d248 83c4 | 08e9 0d00 | 0000 49ba | 5000 fec4 | fe7f 0000 | 41ff d248 | 83c4 20ff | e049 8b8f 
  0x000002d98ab660e0: 9004 0000 | 4885 c90f | 8459 0000 | 008b 898c | 0000 0083 | f901 0f85 | 4a00 0000 | 498b 8f90 
  0x000002d98ab66100: 0400 008b | 8990 0000 | 0048 83ec | 20f7 c40f | 0000 000f | 841a 0000 | 0048 83ec | 0849 ba40 
  0x000002d98ab66120: 00fe c4fe | 7f00 0041 | ffd2 4883 | c408 e90d | 0000 0049 | ba40 00fe | c4fe 7f00 | 0041 ffd2 
  0x000002d98ab66140: 4883 c420 | ffe0 4981 | 7f08 0000 | 0000 0f84 | 0500 0000 | e9a7 adfd | ff4c 8b6d | c04c 8b75 
  0x000002d98ab66160: c8c3 410f | b755 0148 | 8b4d d0c1 | e202 488b | 5cd1 2848 | 8b5b 0848 | 8b5b 0848 | 8b5b 1880 
  0x000002d98ab66180: bb33 0100 | 0004 0f84 | 0d00 0000 | 4c3b bb38 | 0100 000f | 855a feff | ff48 8b5c | d128 8b54 
  0x000002d98ab661a0: d138 c1ea | 1c49 baa0 | 6080 c5fe | 7f00 0049 | 8b14 d252 | 488b 45d8 | 4885 c00f | 8412 0000 
  0x000002d98ab661c0: 0048 8340 | 0801 4883 | 5808 0048 | 83c0 1048 | 8945 d848 | 8b45 d848 | 85c0 0f84 | 2301 0000 
  0x000002d98ab661e0: 8078 f00a | 0f85 1901 | 0000 4883 | c008 4c8b | 68f8 4183 | ed00 4183 | fd02 0f8c | f800 0000 
  0x000002d98ab66200: 4c8b 6b08 | 450f b76d | 2c4c 2b28 | 4183 ed01 | 4e8b 6cec | 084d 85ed | 7507 4883 | 4808 01eb 
  0x000002d98ab66220: 4a45 8b6d | 0849 c1e5 | 034c 3368 | 0849 f7c5 | fcff ffff | 7435 49f7 | c502 0000 | 0075 2c48 
  0x000002d98ab66240: 8178 0800 | 0000 0074 | 1e48 8178 | 0801 0000 | 0074 144c | 3368 0849 | f7c5 fcff | ffff 740b 
  0x000002d98ab66260: 4883 4808 | 02eb 044c | 8968 0848 | 83c0 104c | 8b68 e841 | 83ed 0241 | 83fd 020f | 8c77 0000 
  0x000002d98ab66280: 004c 8b6b | 0845 0fb7 | 6d2c 4c2b | 2841 83ed | 014e 8b6c | ec08 4d85 | ed75 0748 | 8348 0801 
  0x000002d98ab662a0: eb4a 458b | 6d08 49c1 | e503 4c33 | 6808 49f7 | c5fc ffff | ff74 3549 | f7c5 0200 | 0000 752c 
  0x000002d98ab662c0: 4881 7808 | 0000 0000 | 741e 4881 | 7808 0100 | 0000 7414 | 4c33 6808 | 49f7 c5fc | ffff ff74 
  0x000002d98ab662e0: 0b48 8348 | 0802 eb04 | 4c89 6808 | 4883 c010 | 4c8b 68d8 | 4183 ed04 | 41c1 e503 | 4903 c548 
  0x000002d98ab66300: 8945 d84c | 8d6c 2408 | 4c89 6df0 | 4180 bf98 | 0400 0000 | 7403 ff63 | 38ff 6350 | 0f1f 4000 
[/MachCode]

---------------  P R O C E S S  ---------------

Threads class SMR info:
_java_thread_list=0x000002d99a0d1600, length=19, elements={
0x000002d99a0b52e0, 0x000002d99a0b88a0, 0x000002d99a113010, 0x000002d99a1138e0,
0x000002d99a1141b0, 0x000002d99a114a80, 0x000002d99a115680, 0x000002d99a180dc0,
0x000002d99a185aa0, 0x000002d99a2b97b0, 0x000002d99a4774f0, 0x000002d99a626ac0,
0x000002d99a6273c0, 0x000002d99a7213a0, 0x000002d99a940f50, 0x000002d99a990590,
0x000002d99a990db0, 0x000002d99a9a38d0, 0x000002d9fe50e990
}

Java Threads: ( => current thread )
  0x000002d99a0b52e0 JavaThread "Reference Handler" daemon [_thread_blocked, id=23480, stack(0x000000e885200000,0x000000e885300000)]
  0x000002d99a0b88a0 JavaThread "Finalizer" daemon [_thread_blocked, id=23484, stack(0x000000e885300000,0x000000e885400000)]
  0x000002d99a113010 JavaThread "Signal Dispatcher" daemon [_thread_blocked, id=23868, stack(0x000000e885400000,0x000000e885500000)]
  0x000002d99a1138e0 JavaThread "Attach Listener" daemon [_thread_blocked, id=23872, stack(0x000000e885500000,0x000000e885600000)]
  0x000002d99a1141b0 JavaThread "Service Thread" daemon [_thread_blocked, id=23876, stack(0x000000e885600000,0x000000e885700000)]
  0x000002d99a114a80 JavaThread "Monitor Deflation Thread" daemon [_thread_blocked, id=23880, stack(0x000000e885700000,0x000000e885800000)]
  0x000002d99a115680 JavaThread "C2 CompilerThread0" daemon [_thread_blocked, id=23884, stack(0x000000e885800000,0x000000e885900000)]
  0x000002d99a180dc0 JavaThread "C1 CompilerThread0" daemon [_thread_blocked, id=24212, stack(0x000000e885900000,0x000000e885a00000)]
  0x000002d99a185aa0 JavaThread "Sweeper thread" daemon [_thread_blocked, id=24416, stack(0x000000e885a00000,0x000000e885b00000)]
  0x000002d99a2b97b0 JavaThread "Common-Cleaner" daemon [_thread_blocked, id=24784, stack(0x000000e885b00000,0x000000e885c00000)]
  0x000002d99a4774f0 JavaThread "JDWP Transport Listener: dt_socket" daemon [_thread_blocked, id=18648, stack(0x000000e885c00000,0x000000e885d00000)]
  0x000002d99a626ac0 JavaThread "JDWP Event Helper Thread" daemon [_thread_blocked, id=25736, stack(0x000000e885d00000,0x000000e885e00000)]
  0x000002d99a6273c0 JavaThread "JDWP Command Reader" daemon [_thread_in_native, id=30600, stack(0x000000e885e00000,0x000000e885f00000)]
  0x000002d99a7213a0 JavaThread "Notification Thread" daemon [_thread_blocked, id=36092, stack(0x000000e885f00000,0x000000e886000000)]
  0x000002d99a940f50 JavaThread "Java2D Disposer" daemon [_thread_blocked, id=38928, stack(0x000000e886100000,0x000000e886200000)]
  0x000002d99a990590 JavaThread "AWT-Shutdown" [_thread_blocked, id=38932, stack(0x000000e886200000,0x000000e886300000)]
  0x000002d99a990db0 JavaThread "AWT-Windows" daemon [_thread_in_native, id=39076, stack(0x000000e886300000,0x000000e886400000)]
=>0x000002d99a9a38d0 JavaThread "AWT-EventQueue-0" [_thread_in_vm, id=39452, stack(0x000000e886400000,0x000000e886500000)]
  0x000002d9fe50e990 JavaThread "DestroyJavaVM" [_thread_blocked, id=21656, stack(0x000000e884b00000,0x000000e884c00000)]

Other Threads:
  0x000002d99a0cd9d0 VMThread "VM Thread" [stack: 0x000000e885100000,0x000000e885200000] [id=23220] _threads_hazard_ptr=0x000002d99a0d1600
  0x000002d99a7af940 WatcherThread [stack: 0x000000e886000000,0x000000e886100000] [id=36096]
  0x000002d9fe569a90 GCTaskThread "GC Thread#0" [stack: 0x000000e884c00000,0x000000e884d00000] [id=22456]
  0x000002d9fe57a6e0 ConcurrentGCThread "G1 Main Marker" [stack: 0x000000e884d00000,0x000000e884e00000] [id=22460]
  0x000002d9fe57b000 ConcurrentGCThread "G1 Conc#0" [stack: 0x000000e884e00000,0x000000e884f00000] [id=22464]
  0x000002d999f1c110 ConcurrentGCThread "G1 Refine#0" [stack: 0x000000e884f00000,0x000000e885000000] [id=22468]
  0x000002d999f1ca40 ConcurrentGCThread "G1 Service" [stack: 0x000000e885000000,0x000000e885100000] [id=22472]

Threads with active compile tasks:

VM state: synchronizing (normal execution)

VM Mutex/Monitor currently owned by a thread:  ([mutex/lock_event])
[0x000002d9fe509670] Threads_lock - owner thread: 0x000002d99a0cd9d0

Heap address: 0x0000000081000000, size: 2032 MB, Compressed Oops mode: 32-bit

CDS archive(s) not mapped
Compressed class space mapped at: 0x0000000100000000-0x0000000140000000, reserved size: 1073741824
Narrow klass base: 0x0000000000000000, Narrow klass shift: 3, Narrow klass range: 0x140000000

GC Precious Log:
 CPUs: 6 total, 6 available
 Memory: 8127M
 Large Page Support: Disabled
 NUMA Support: Disabled
 Compressed Oops: Enabled (32-bit)
 Heap Region Size: 1M
 Heap Min Capacity: 8M
 Heap Initial Capacity: 128M
 Heap Max Capacity: 2032M
 Pre-touch: Disabled
 Parallel Workers: 6
 Concurrent Workers: 2
 Concurrent Refinement Workers: 6
 Periodic GC: Disabled

Heap:
 garbage-first heap   total 131072K, used 9216K [0x0000000081000000, 0x0000000100000000)
  region size 1024K, 11 young (11264K), 0 survivors (0K)
 Metaspace       used 13367K, committed 13568K, reserved 1114112K
  class space    used 1246K, committed 1344K, reserved 1048576K

Heap Regions: E=young(eden), S=young(survivor), O=old, HS=humongous(starts), HC=humongous(continues), CS=collection set, F=free, OA=open archive, CA=closed archive, TAMS=top-at-mark-start (previous, next)
|   0|0x0000000081000000, 0x0000000081000000, 0x0000000081100000|  0%| F|  |TAMS 0x0000000081000000, 0x0000000081000000| Untracked 
|   1|0x0000000081100000, 0x0000000081100000, 0x0000000081200000|  0%| F|  |TAMS 0x0000000081100000, 0x0000000081100000| Untracked 
|   2|0x0000000081200000, 0x0000000081200000, 0x0000000081300000|  0%| F|  |TAMS 0x0000000081200000, 0x0000000081200000| Untracked 
|   3|0x0000000081300000, 0x0000000081300000, 0x0000000081400000|  0%| F|  |TAMS 0x0000000081300000, 0x0000000081300000| Untracked 
|   4|0x0000000081400000, 0x0000000081400000, 0x0000000081500000|  0%| F|  |TAMS 0x0000000081400000, 0x0000000081400000| Untracked 
|   5|0x0000000081500000, 0x0000000081500000, 0x0000000081600000|  0%| F|  |TAMS 0x0000000081500000, 0x0000000081500000| Untracked 
|   6|0x0000000081600000, 0x0000000081600000, 0x0000000081700000|  0%| F|  |TAMS 0x0000000081600000, 0x0000000081600000| Untracked 
|   7|0x0000000081700000, 0x0000000081700000, 0x0000000081800000|  0%| F|  |TAMS 0x0000000081700000, 0x0000000081700000| Untracked 
|   8|0x0000000081800000, 0x0000000081800000, 0x0000000081900000|  0%| F|  |TAMS 0x0000000081800000, 0x0000000081800000| Untracked 
|   9|0x0000000081900000, 0x0000000081900000, 0x0000000081a00000|  0%| F|  |TAMS 0x0000000081900000, 0x0000000081900000| Untracked 
|  10|0x0000000081a00000, 0x0000000081a00000, 0x0000000081b00000|  0%| F|  |TAMS 0x0000000081a00000, 0x0000000081a00000| Untracked 
|  11|0x0000000081b00000, 0x0000000081b00000, 0x0000000081c00000|  0%| F|  |TAMS 0x0000000081b00000, 0x0000000081b00000| Untracked 
|  12|0x0000000081c00000, 0x0000000081c00000, 0x0000000081d00000|  0%| F|  |TAMS 0x0000000081c00000, 0x0000000081c00000| Untracked 
|  13|0x0000000081d00000, 0x0000000081d00000, 0x0000000081e00000|  0%| F|  |TAMS 0x0000000081d00000, 0x0000000081d00000| Untracked 
|  14|0x0000000081e00000, 0x0000000081e00000, 0x0000000081f00000|  0%| F|  |TAMS 0x0000000081e00000, 0x0000000081e00000| Untracked 
|  15|0x0000000081f00000, 0x0000000081f00000, 0x0000000082000000|  0%| F|  |TAMS 0x0000000081f00000, 0x0000000081f00000| Untracked 
|  16|0x0000000082000000, 0x0000000082000000, 0x0000000082100000|  0%| F|  |TAMS 0x0000000082000000, 0x0000000082000000| Untracked 
|  17|0x0000000082100000, 0x0000000082100000, 0x0000000082200000|  0%| F|  |TAMS 0x0000000082100000, 0x0000000082100000| Untracked 
|  18|0x0000000082200000, 0x0000000082200000, 0x0000000082300000|  0%| F|  |TAMS 0x0000000082200000, 0x0000000082200000| Untracked 
|  19|0x0000000082300000, 0x0000000082300000, 0x0000000082400000|  0%| F|  |TAMS 0x0000000082300000, 0x0000000082300000| Untracked 
|  20|0x0000000082400000, 0x0000000082400000, 0x0000000082500000|  0%| F|  |TAMS 0x0000000082400000, 0x0000000082400000| Untracked 
|  21|0x0000000082500000, 0x0000000082500000, 0x0000000082600000|  0%| F|  |TAMS 0x0000000082500000, 0x0000000082500000| Untracked 
|  22|0x0000000082600000, 0x0000000082600000, 0x0000000082700000|  0%| F|  |TAMS 0x0000000082600000, 0x0000000082600000| Untracked 
|  23|0x0000000082700000, 0x0000000082700000, 0x0000000082800000|  0%| F|  |TAMS 0x0000000082700000, 0x0000000082700000| Untracked 
|  24|0x0000000082800000, 0x0000000082800000, 0x0000000082900000|  0%| F|  |TAMS 0x0000000082800000, 0x0000000082800000| Untracked 
|  25|0x0000000082900000, 0x0000000082900000, 0x0000000082a00000|  0%| F|  |TAMS 0x0000000082900000, 0x0000000082900000| Untracked 
|  26|0x0000000082a00000, 0x0000000082a00000, 0x0000000082b00000|  0%| F|  |TAMS 0x0000000082a00000, 0x0000000082a00000| Untracked 
|  27|0x0000000082b00000, 0x0000000082b00000, 0x0000000082c00000|  0%| F|  |TAMS 0x0000000082b00000, 0x0000000082b00000| Untracked 
|  28|0x0000000082c00000, 0x0000000082c00000, 0x0000000082d00000|  0%| F|  |TAMS 0x0000000082c00000, 0x0000000082c00000| Untracked 
|  29|0x0000000082d00000, 0x0000000082d00000, 0x0000000082e00000|  0%| F|  |TAMS 0x0000000082d00000, 0x0000000082d00000| Untracked 
|  30|0x0000000082e00000, 0x0000000082e00000, 0x0000000082f00000|  0%| F|  |TAMS 0x0000000082e00000, 0x0000000082e00000| Untracked 
|  31|0x0000000082f00000, 0x0000000082f00000, 0x0000000083000000|  0%| F|  |TAMS 0x0000000082f00000, 0x0000000082f00000| Untracked 
|  32|0x0000000083000000, 0x0000000083000000, 0x0000000083100000|  0%| F|  |TAMS 0x0000000083000000, 0x0000000083000000| Untracked 
|  33|0x0000000083100000, 0x0000000083100000, 0x0000000083200000|  0%| F|  |TAMS 0x0000000083100000, 0x0000000083100000| Untracked 
|  34|0x0000000083200000, 0x0000000083200000, 0x0000000083300000|  0%| F|  |TAMS 0x0000000083200000, 0x0000000083200000| Untracked 
|  35|0x0000000083300000, 0x0000000083300000, 0x0000000083400000|  0%| F|  |TAMS 0x0000000083300000, 0x0000000083300000| Untracked 
|  36|0x0000000083400000, 0x0000000083400000, 0x0000000083500000|  0%| F|  |TAMS 0x0000000083400000, 0x0000000083400000| Untracked 
|  37|0x0000000083500000, 0x0000000083500000, 0x0000000083600000|  0%| F|  |TAMS 0x0000000083500000, 0x0000000083500000| Untracked 
|  38|0x0000000083600000, 0x0000000083600000, 0x0000000083700000|  0%| F|  |TAMS 0x0000000083600000, 0x0000000083600000| Untracked 
|  39|0x0000000083700000, 0x0000000083700000, 0x0000000083800000|  0%| F|  |TAMS 0x0000000083700000, 0x0000000083700000| Untracked 
|  40|0x0000000083800000, 0x0000000083800000, 0x0000000083900000|  0%| F|  |TAMS 0x0000000083800000, 0x0000000083800000| Untracked 
|  41|0x0000000083900000, 0x0000000083900000, 0x0000000083a00000|  0%| F|  |TAMS 0x0000000083900000, 0x0000000083900000| Untracked 
|  42|0x0000000083a00000, 0x0000000083a00000, 0x0000000083b00000|  0%| F|  |TAMS 0x0000000083a00000, 0x0000000083a00000| Untracked 
|  43|0x0000000083b00000, 0x0000000083b00000, 0x0000000083c00000|  0%| F|  |TAMS 0x0000000083b00000, 0x0000000083b00000| Untracked 
|  44|0x0000000083c00000, 0x0000000083c00000, 0x0000000083d00000|  0%| F|  |TAMS 0x0000000083c00000, 0x0000000083c00000| Untracked 
|  45|0x0000000083d00000, 0x0000000083d00000, 0x0000000083e00000|  0%| F|  |TAMS 0x0000000083d00000, 0x0000000083d00000| Untracked 
|  46|0x0000000083e00000, 0x0000000083e00000, 0x0000000083f00000|  0%| F|  |TAMS 0x0000000083e00000, 0x0000000083e00000| Untracked 
|  47|0x0000000083f00000, 0x0000000083f00000, 0x0000000084000000|  0%| F|  |TAMS 0x0000000083f00000, 0x0000000083f00000| Untracked 
|  48|0x0000000084000000, 0x0000000084000000, 0x0000000084100000|  0%| F|  |TAMS 0x0000000084000000, 0x0000000084000000| Untracked 
|  49|0x0000000084100000, 0x0000000084100000, 0x0000000084200000|  0%| F|  |TAMS 0x0000000084100000, 0x0000000084100000| Untracked 
|  50|0x0000000084200000, 0x0000000084200000, 0x0000000084300000|  0%| F|  |TAMS 0x0000000084200000, 0x0000000084200000| Untracked 
|  51|0x0000000084300000, 0x0000000084300000, 0x0000000084400000|  0%| F|  |TAMS 0x0000000084300000, 0x0000000084300000| Untracked 
|  52|0x0000000084400000, 0x0000000084400000, 0x0000000084500000|  0%| F|  |TAMS 0x0000000084400000, 0x0000000084400000| Untracked 
|  53|0x0000000084500000, 0x0000000084500000, 0x0000000084600000|  0%| F|  |TAMS 0x0000000084500000, 0x0000000084500000| Untracked 
|  54|0x0000000084600000, 0x0000000084600000, 0x0000000084700000|  0%| F|  |TAMS 0x0000000084600000, 0x0000000084600000| Untracked 
|  55|0x0000000084700000, 0x0000000084700000, 0x0000000084800000|  0%| F|  |TAMS 0x0000000084700000, 0x0000000084700000| Untracked 
|  56|0x0000000084800000, 0x0000000084800000, 0x0000000084900000|  0%| F|  |TAMS 0x0000000084800000, 0x0000000084800000| Untracked 
|  57|0x0000000084900000, 0x0000000084900000, 0x0000000084a00000|  0%| F|  |TAMS 0x0000000084900000, 0x0000000084900000| Untracked 
|  58|0x0000000084a00000, 0x0000000084a00000, 0x0000000084b00000|  0%| F|  |TAMS 0x0000000084a00000, 0x0000000084a00000| Untracked 
|  59|0x0000000084b00000, 0x0000000084b00000, 0x0000000084c00000|  0%| F|  |TAMS 0x0000000084b00000, 0x0000000084b00000| Untracked 
|  60|0x0000000084c00000, 0x0000000084c00000, 0x0000000084d00000|  0%| F|  |TAMS 0x0000000084c00000, 0x0000000084c00000| Untracked 
|  61|0x0000000084d00000, 0x0000000084d00000, 0x0000000084e00000|  0%| F|  |TAMS 0x0000000084d00000, 0x0000000084d00000| Untracked 
|  62|0x0000000084e00000, 0x0000000084e00000, 0x0000000084f00000|  0%| F|  |TAMS 0x0000000084e00000, 0x0000000084e00000| Untracked 
|  63|0x0000000084f00000, 0x0000000084f00000, 0x0000000085000000|  0%| F|  |TAMS 0x0000000084f00000, 0x0000000084f00000| Untracked 
|  64|0x0000000085000000, 0x0000000085000000, 0x0000000085100000|  0%| F|  |TAMS 0x0000000085000000, 0x0000000085000000| Untracked 
|  65|0x0000000085100000, 0x0000000085100000, 0x0000000085200000|  0%| F|  |TAMS 0x0000000085100000, 0x0000000085100000| Untracked 
|  66|0x0000000085200000, 0x0000000085200000, 0x0000000085300000|  0%| F|  |TAMS 0x0000000085200000, 0x0000000085200000| Untracked 
|  67|0x0000000085300000, 0x0000000085300000, 0x0000000085400000|  0%| F|  |TAMS 0x0000000085300000, 0x0000000085300000| Untracked 
|  68|0x0000000085400000, 0x0000000085400000, 0x0000000085500000|  0%| F|  |TAMS 0x0000000085400000, 0x0000000085400000| Untracked 
|  69|0x0000000085500000, 0x0000000085500000, 0x0000000085600000|  0%| F|  |TAMS 0x0000000085500000, 0x0000000085500000| Untracked 
|  70|0x0000000085600000, 0x0000000085600000, 0x0000000085700000|  0%| F|  |TAMS 0x0000000085600000, 0x0000000085600000| Untracked 
|  71|0x0000000085700000, 0x0000000085700000, 0x0000000085800000|  0%| F|  |TAMS 0x0000000085700000, 0x0000000085700000| Untracked 
|  72|0x0000000085800000, 0x0000000085800000, 0x0000000085900000|  0%| F|  |TAMS 0x0000000085800000, 0x0000000085800000| Untracked 
|  73|0x0000000085900000, 0x0000000085900000, 0x0000000085a00000|  0%| F|  |TAMS 0x0000000085900000, 0x0000000085900000| Untracked 
|  74|0x0000000085a00000, 0x0000000085a00000, 0x0000000085b00000|  0%| F|  |TAMS 0x0000000085a00000, 0x0000000085a00000| Untracked 
|  75|0x0000000085b00000, 0x0000000085b00000, 0x0000000085c00000|  0%| F|  |TAMS 0x0000000085b00000, 0x0000000085b00000| Untracked 
|  76|0x0000000085c00000, 0x0000000085c00000, 0x0000000085d00000|  0%| F|  |TAMS 0x0000000085c00000, 0x0000000085c00000| Untracked 
|  77|0x0000000085d00000, 0x0000000085d00000, 0x0000000085e00000|  0%| F|  |TAMS 0x0000000085d00000, 0x0000000085d00000| Untracked 
|  78|0x0000000085e00000, 0x0000000085e00000, 0x0000000085f00000|  0%| F|  |TAMS 0x0000000085e00000, 0x0000000085e00000| Untracked 
|  79|0x0000000085f00000, 0x0000000085f00000, 0x0000000086000000|  0%| F|  |TAMS 0x0000000085f00000, 0x0000000085f00000| Untracked 
|  80|0x0000000086000000, 0x0000000086000000, 0x0000000086100000|  0%| F|  |TAMS 0x0000000086000000, 0x0000000086000000| Untracked 
|  81|0x0000000086100000, 0x0000000086100000, 0x0000000086200000|  0%| F|  |TAMS 0x0000000086100000, 0x0000000086100000| Untracked 
|  82|0x0000000086200000, 0x0000000086200000, 0x0000000086300000|  0%| F|  |TAMS 0x0000000086200000, 0x0000000086200000| Untracked 
|  83|0x0000000086300000, 0x0000000086300000, 0x0000000086400000|  0%| F|  |TAMS 0x0000000086300000, 0x0000000086300000| Untracked 
|  84|0x0000000086400000, 0x0000000086400000, 0x0000000086500000|  0%| F|  |TAMS 0x0000000086400000, 0x0000000086400000| Untracked 
|  85|0x0000000086500000, 0x0000000086500000, 0x0000000086600000|  0%| F|  |TAMS 0x0000000086500000, 0x0000000086500000| Untracked 
|  86|0x0000000086600000, 0x0000000086600000, 0x0000000086700000|  0%| F|  |TAMS 0x0000000086600000, 0x0000000086600000| Untracked 
|  87|0x0000000086700000, 0x0000000086700000, 0x0000000086800000|  0%| F|  |TAMS 0x0000000086700000, 0x0000000086700000| Untracked 
|  88|0x0000000086800000, 0x0000000086800000, 0x0000000086900000|  0%| F|  |TAMS 0x0000000086800000, 0x0000000086800000| Untracked 
|  89|0x0000000086900000, 0x0000000086900000, 0x0000000086a00000|  0%| F|  |TAMS 0x0000000086900000, 0x0000000086900000| Untracked 
|  90|0x0000000086a00000, 0x0000000086a00000, 0x0000000086b00000|  0%| F|  |TAMS 0x0000000086a00000, 0x0000000086a00000| Untracked 
|  91|0x0000000086b00000, 0x0000000086b00000, 0x0000000086c00000|  0%| F|  |TAMS 0x0000000086b00000, 0x0000000086b00000| Untracked 
|  92|0x0000000086c00000, 0x0000000086c00000, 0x0000000086d00000|  0%| F|  |TAMS 0x0000000086c00000, 0x0000000086c00000| Untracked 
|  93|0x0000000086d00000, 0x0000000086d00000, 0x0000000086e00000|  0%| F|  |TAMS 0x0000000086d00000, 0x0000000086d00000| Untracked 
|  94|0x0000000086e00000, 0x0000000086e00000, 0x0000000086f00000|  0%| F|  |TAMS 0x0000000086e00000, 0x0000000086e00000| Untracked 
|  95|0x0000000086f00000, 0x0000000086f00000, 0x0000000087000000|  0%| F|  |TAMS 0x0000000086f00000, 0x0000000086f00000| Untracked 
|  96|0x0000000087000000, 0x0000000087000000, 0x0000000087100000|  0%| F|  |TAMS 0x0000000087000000, 0x0000000087000000| Untracked 
|  97|0x0000000087100000, 0x0000000087100000, 0x0000000087200000|  0%| F|  |TAMS 0x0000000087100000, 0x0000000087100000| Untracked 
|  98|0x0000000087200000, 0x0000000087200000, 0x0000000087300000|  0%| F|  |TAMS 0x0000000087200000, 0x0000000087200000| Untracked 
|  99|0x0000000087300000, 0x0000000087300000, 0x0000000087400000|  0%| F|  |TAMS 0x0000000087300000, 0x0000000087300000| Untracked 
| 100|0x0000000087400000, 0x0000000087400000, 0x0000000087500000|  0%| F|  |TAMS 0x0000000087400000, 0x0000000087400000| Untracked 
| 101|0x0000000087500000, 0x0000000087500000, 0x0000000087600000|  0%| F|  |TAMS 0x0000000087500000, 0x0000000087500000| Untracked 
| 102|0x0000000087600000, 0x0000000087600000, 0x0000000087700000|  0%| F|  |TAMS 0x0000000087600000, 0x0000000087600000| Untracked 
| 103|0x0000000087700000, 0x0000000087700000, 0x0000000087800000|  0%| F|  |TAMS 0x0000000087700000, 0x0000000087700000| Untracked 
| 104|0x0000000087800000, 0x0000000087800000, 0x0000000087900000|  0%| F|  |TAMS 0x0000000087800000, 0x0000000087800000| Untracked 
| 105|0x0000000087900000, 0x0000000087900000, 0x0000000087a00000|  0%| F|  |TAMS 0x0000000087900000, 0x0000000087900000| Untracked 
| 106|0x0000000087a00000, 0x0000000087a00000, 0x0000000087b00000|  0%| F|  |TAMS 0x0000000087a00000, 0x0000000087a00000| Untracked 
| 107|0x0000000087b00000, 0x0000000087b00000, 0x0000000087c00000|  0%| F|  |TAMS 0x0000000087b00000, 0x0000000087b00000| Untracked 
| 108|0x0000000087c00000, 0x0000000087c00000, 0x0000000087d00000|  0%| F|  |TAMS 0x0000000087c00000, 0x0000000087c00000| Untracked 
| 109|0x0000000087d00000, 0x0000000087d00000, 0x0000000087e00000|  0%| F|  |TAMS 0x0000000087d00000, 0x0000000087d00000| Untracked 
| 110|0x0000000087e00000, 0x0000000087e00000, 0x0000000087f00000|  0%| F|  |TAMS 0x0000000087e00000, 0x0000000087e00000| Untracked 
| 111|0x0000000087f00000, 0x0000000087f00000, 0x0000000088000000|  0%| F|  |TAMS 0x0000000087f00000, 0x0000000087f00000| Untracked 
| 112|0x0000000088000000, 0x0000000088000000, 0x0000000088100000|  0%| F|  |TAMS 0x0000000088000000, 0x0000000088000000| Untracked 
| 113|0x0000000088100000, 0x0000000088100000, 0x0000000088200000|  0%| F|  |TAMS 0x0000000088100000, 0x0000000088100000| Untracked 
| 114|0x0000000088200000, 0x0000000088200000, 0x0000000088300000|  0%| F|  |TAMS 0x0000000088200000, 0x0000000088200000| Untracked 
| 115|0x0000000088300000, 0x0000000088300000, 0x0000000088400000|  0%| F|  |TAMS 0x0000000088300000, 0x0000000088300000| Untracked 
| 116|0x0000000088400000, 0x0000000088400000, 0x0000000088500000|  0%| F|  |TAMS 0x0000000088400000, 0x0000000088400000| Untracked 
| 117|0x0000000088500000, 0x000000008856c818, 0x0000000088600000| 42%| E|  |TAMS 0x0000000088500000, 0x0000000088500000| Complete 
| 118|0x0000000088600000, 0x0000000088700000, 0x0000000088700000|100%| E|CS|TAMS 0x0000000088600000, 0x0000000088600000| Complete 
| 119|0x0000000088700000, 0x0000000088800000, 0x0000000088800000|100%| E|CS|TAMS 0x0000000088700000, 0x0000000088700000| Complete 
| 120|0x0000000088800000, 0x0000000088900000, 0x0000000088900000|100%| E|CS|TAMS 0x0000000088800000, 0x0000000088800000| Complete 
| 121|0x0000000088900000, 0x0000000088a00000, 0x0000000088a00000|100%| E|  |TAMS 0x0000000088900000, 0x0000000088900000| Complete 
| 122|0x0000000088a00000, 0x0000000088b00000, 0x0000000088b00000|100%| E|CS|TAMS 0x0000000088a00000, 0x0000000088a00000| Complete 
| 123|0x0000000088b00000, 0x0000000088c00000, 0x0000000088c00000|100%| E|CS|TAMS 0x0000000088b00000, 0x0000000088b00000| Complete 
| 124|0x0000000088c00000, 0x0000000088d00000, 0x0000000088d00000|100%| E|CS|TAMS 0x0000000088c00000, 0x0000000088c00000| Complete 
| 125|0x0000000088d00000, 0x0000000088e00000, 0x0000000088e00000|100%| E|CS|TAMS 0x0000000088d00000, 0x0000000088d00000| Complete 
| 126|0x0000000088e00000, 0x0000000088f00000, 0x0000000088f00000|100%| E|CS|TAMS 0x0000000088e00000, 0x0000000088e00000| Complete 
| 127|0x0000000088f00000, 0x0000000089000000, 0x0000000089000000|100%| E|CS|TAMS 0x0000000088f00000, 0x0000000088f00000| Complete 

Card table byte_map: [0x000002d993070000,0x000002d993470000] _byte_map_base: 0x000002d992c68000

Marking Bits (Prev, Next): (CMBitMap*) 0x000002d9fe569fb0, (CMBitMap*) 0x000002d9fe569ff0
 Prev Bits: [0x000002d993870000, 0x000002d995830000)
 Next Bits: [0x000002d995830000, 0x000002d9977f0000)

Polling page: 0x000002d9fe5c0000

Metaspace:

Usage:
  Non-class:     11.84 MB used.
      Class:      1.22 MB used.
       Both:     13.05 MB used.

Virtual space:
  Non-class space:       64.00 MB reserved,      11.94 MB ( 19%) committed,  1 nodes.
      Class space:        1.00 GB reserved,       1.31 MB ( <1%) committed,  1 nodes.
             Both:        1.06 GB reserved,      13.25 MB (  1%) committed. 

Chunk freelists:
   Non-Class:  4.06 MB
       Class:  14.72 MB
        Both:  18.78 MB

MaxMetaspaceSize: unlimited
CompressedClassSpaceSize: 1.00 GB
Initial GC threshold: 21.00 MB
Current GC threshold: 21.00 MB
CDS: off
MetaspaceReclaimPolicy: balanced
 - commit_granule_bytes: 65536.
 - commit_granule_words: 8192.
 - virtual_space_node_default_size: 8388608.
 - enlarge_chunks_in_place: 1.
 - new_chunks_are_fully_committed: 0.
 - uncommit_free_chunks: 1.
 - use_allocation_guard: 0.
 - handle_deallocations: 1.


Internal statistics:

num_allocs_failed_limit: 0.
num_arena_births: 72.
num_arena_deaths: 0.
num_vsnodes_births: 2.
num_vsnodes_deaths: 0.
num_space_committed: 212.
num_space_uncommitted: 0.
num_chunks_returned_to_freelist: 0.
num_chunks_taken_from_freelist: 129.
num_chunk_merges: 0.
num_chunk_splits: 73.
num_chunks_enlarged: 38.
num_inconsistent_stats: 0.

CodeHeap 'non-profiled nmethods': size=120000Kb used=241Kb max_used=241Kb free=119759Kb
 bounds [0x000002d98b0e0000, 0x000002d98b350000, 0x000002d992610000]
CodeHeap 'profiled nmethods': size=120000Kb used=1148Kb max_used=1148Kb free=118851Kb
 bounds [0x000002d983610000, 0x000002d983880000, 0x000002d98ab40000]
CodeHeap 'non-nmethods': size=5760Kb used=1262Kb max_used=1272Kb free=4498Kb
 bounds [0x000002d98ab40000, 0x000002d98adb0000, 0x000002d98b0e0000]
 total_blobs=1225 nmethods=728 adapters=410
 compilation: enabled
              stopped_count=0, restarted_count=0
 full_count=0

Compilation events (20 events):
Event: 14.765 Thread 0x000002d99a180dc0  719       3       java.util.ArrayList::iterator (9 bytes)
Event: 14.765 Thread 0x000002d99a180dc0 nmethod 719 0x000002d983729d90 code [0x000002d983729f40, 0x000002d98372a1d8]
Event: 14.765 Thread 0x000002d99a180dc0  720       3       java.util.ArrayList$Itr::<init> (26 bytes)
Event: 14.765 Thread 0x000002d99a180dc0 nmethod 720 0x000002d98372a310 code [0x000002d98372a4a0, 0x000002d98372a678]
Event: 14.912 Thread 0x000002d99a115680  721       4       jdk.internal.org.objectweb.asm.ClassReader::readUnsignedShort (26 bytes)
Event: 14.913 Thread 0x000002d99a180dc0  722       3       java.lang.invoke.MemberName::getType (19 bytes)
Event: 14.913 Thread 0x000002d99a180dc0 nmethod 722 0x000002d98372a790 code [0x000002d98372a960, 0x000002d98372ad18]
Event: 14.913 Thread 0x000002d99a180dc0  723       3       jdk.internal.org.objectweb.asm.SymbolTable::addConstantNameAndType (137 bytes)
Event: 14.913 Thread 0x000002d99a115680 nmethod 721 0x000002d98b11c090 code [0x000002d98b11c200, 0x000002d98b11c2f8]
Event: 14.914 Thread 0x000002d99a180dc0 nmethod 723 0x000002d98372ae90 code [0x000002d98372b0e0, 0x000002d98372b808]
Event: 14.914 Thread 0x000002d99a180dc0  724       3       jdk.internal.org.objectweb.asm.SymbolTable$Entry::<init> (20 bytes)
Event: 14.914 Thread 0x000002d99a180dc0 nmethod 724 0x000002d98372bc90 code [0x000002d98372be20, 0x000002d98372bfc8]
Event: 14.914 Thread 0x000002d99a180dc0  725       3       java.lang.invoke.MethodType::insertParameterTypes (121 bytes)
Event: 14.914 Thread 0x000002d99a180dc0 nmethod 725 0x000002d98372c090 code [0x000002d98372c360, 0x000002d98372d148]
Event: 15.277 Thread 0x000002d99a180dc0  726       3       java.util.ImmutableCollections$List12::size (16 bytes)
Event: 15.277 Thread 0x000002d99a180dc0 nmethod 726 0x000002d98372d710 code [0x000002d98372d8a0, 0x000002d98372da38]
Event: 15.278 Thread 0x000002d99a180dc0  727       3       java.lang.instrument.ClassFileTransformer::transform (15 bytes)
Event: 15.278 Thread 0x000002d99a180dc0 nmethod 727 0x000002d98372db10 code [0x000002d98372dcc0, 0x000002d98372de68]
Event: 15.278 Thread 0x000002d99a180dc0  728   !   3       org.eclipse.jdt.launching.internal.javaagent.Premain$1::transform (103 bytes)
Event: 15.278 Thread 0x000002d99a180dc0 nmethod 728 0x000002d98372df90 code [0x000002d98372e220, 0x000002d98372ee58]

GC Heap History (0 events):
No events

Dll operation events (9 events):
Event: 0.014 Loaded shared library C:\eclipse\plugins\org.eclipse.justj.openjdk.hotspot.jre.full.win32.x86_64_17.0.10.v20240120-1143\jre\bin\java.dll
Event: 2.597 Loaded shared library C:\eclipse\plugins\org.eclipse.justj.openjdk.hotspot.jre.full.win32.x86_64_17.0.10.v20240120-1143\jre\bin\net.dll
Event: 2.599 Loaded shared library C:\eclipse\plugins\org.eclipse.justj.openjdk.hotspot.jre.full.win32.x86_64_17.0.10.v20240120-1143\jre\bin\nio.dll
Event: 2.910 Loaded shared library C:\eclipse\plugins\org.eclipse.justj.openjdk.hotspot.jre.full.win32.x86_64_17.0.10.v20240120-1143\jre\bin\zip.dll
Event: 7.554 Loaded shared library C:\eclipse\plugins\org.eclipse.justj.openjdk.hotspot.jre.full.win32.x86_64_17.0.10.v20240120-1143\jre\bin\zip.dll
Event: 7.556 Loaded shared library C:\eclipse\plugins\org.eclipse.justj.openjdk.hotspot.jre.full.win32.x86_64_17.0.10.v20240120-1143\jre\bin\instrument.dll
Event: 9.063 Loaded shared library C:\eclipse\plugins\org.eclipse.justj.openjdk.hotspot.jre.full.win32.x86_64_17.0.10.v20240120-1143\jre\bin\jimage.dll
Event: 10.010 Loaded shared library C:\eclipse\plugins\org.eclipse.justj.openjdk.hotspot.jre.full.win32.x86_64_17.0.10.v20240120-1143\jre\bin\verify.dll
Event: 11.853 Loaded shared library C:\eclipse\plugins\org.eclipse.justj.openjdk.hotspot.jre.full.win32.x86_64_17.0.10.v20240120-1143\jre\bin\awt.dll

Deoptimization events (20 events):
Event: 9.961 Thread 0x000002d9fe50e990 DEOPT PACKING pc=0x000002d9836d91ac sp=0x000000e884bfd460
Event: 9.961 Thread 0x000002d9fe50e990 DEOPT UNPACKING pc=0x000002d98ab97143 sp=0x000000e884bfc8c8 mode 0
Event: 9.984 Thread 0x000002d9fe50e990 Uncommon trap: trap_request=0xffffff45 fr.pc=0x000002d98b0e6360 relative=0x0000000000000060
Event: 9.984 Thread 0x000002d9fe50e990 Uncommon trap: reason=unstable_if action=reinterpret pc=0x000002d98b0e6360 method=java.lang.String.isLatin1()Z @ 10 c2
Event: 9.984 Thread 0x000002d9fe50e990 DEOPT PACKING pc=0x000002d98b0e6360 sp=0x000000e884bfe6f0
Event: 9.984 Thread 0x000002d9fe50e990 DEOPT UNPACKING pc=0x000002d98ab969a3 sp=0x000000e884bfe690 mode 2
Event: 9.985 Thread 0x000002d9fe50e990 Uncommon trap: trap_request=0xffffff45 fr.pc=0x000002d98b0e667c relative=0x000000000000007c
Event: 9.991 Thread 0x000002d9fe50e990 Uncommon trap: reason=unstable_if action=reinterpret pc=0x000002d98b0e667c method=java.lang.String.isLatin1()Z @ 10 c2
Event: 9.991 Thread 0x000002d9fe50e990 DEOPT PACKING pc=0x000002d98b0e667c sp=0x000000e884bff100
Event: 9.991 Thread 0x000002d9fe50e990 DEOPT UNPACKING pc=0x000002d98ab969a3 sp=0x000000e884bff050 mode 2
Event: 9.994 Thread 0x000002d9fe50e990 DEOPT PACKING pc=0x000002d9836d91ac sp=0x000000e884bfc870
Event: 9.994 Thread 0x000002d9fe50e990 DEOPT UNPACKING pc=0x000002d98ab97143 sp=0x000000e884bfbcd8 mode 0
Event: 9.994 Thread 0x000002d9fe50e990 DEOPT PACKING pc=0x000002d9836d91ac sp=0x000000e884bfc870
Event: 9.994 Thread 0x000002d9fe50e990 DEOPT UNPACKING pc=0x000002d98ab97143 sp=0x000000e884bfbcd8 mode 0
Event: 9.994 Thread 0x000002d9fe50e990 DEOPT PACKING pc=0x000002d9836d91ac sp=0x000000e884bfc870
Event: 9.994 Thread 0x000002d9fe50e990 DEOPT UNPACKING pc=0x000002d98ab97143 sp=0x000000e884bfbcd8 mode 0
Event: 9.994 Thread 0x000002d9fe50e990 DEOPT PACKING pc=0x000002d9836d91ac sp=0x000000e884bfc870
Event: 9.994 Thread 0x000002d9fe50e990 DEOPT UNPACKING pc=0x000002d98ab97143 sp=0x000000e884bfbcd8 mode 0
Event: 10.612 Thread 0x000002d9fe50e990 DEOPT PACKING pc=0x000002d9836a931f sp=0x000000e884bfca70
Event: 10.612 Thread 0x000002d9fe50e990 DEOPT UNPACKING pc=0x000002d98ab97143 sp=0x000000e884bfbf08 mode 0

Classes unloaded (0 events):
No events

Classes redefined (0 events):
No events

Internal exceptions (11 events):
Event: 2.833 Thread 0x000002d9fe50e990 Exception <a 'java/lang/NoSuchMethodError'{0x0000000088e1bda8}: 'void java.lang.invoke.DirectMethodHandle$Holder.invokeVirtual(java.lang.Object, java.lang.Object)'> (0x0000000088e1bda8) 
thrown [s\src\hotspot\share\interpreter\linkResolver.cpp, line 759]
Event: 3.321 Thread 0x000002d9fe50e990 Exception <a 'java/lang/NoSuchMethodError'{0x0000000088d7e140}: 'void java.lang.invoke.DirectMethodHandle$Holder.invokeSpecial(java.lang.Object, java.lang.Object, java.lang.Object)'> (0x0000000088d7e140) 
thrown [s\src\hotspot\share\interpreter\linkResolver.cpp, line 759]
Event: 3.370 Thread 0x000002d9fe50e990 Exception <a 'java/lang/NoSuchMethodError'{0x0000000088d93360}: 'void java.lang.invoke.DirectMethodHandle$Holder.invokeSpecial(java.lang.Object, java.lang.Object, java.lang.Object, java.lang.Object, java.lang.Object)'> (0x0000000088d93360) 
thrown [s\src\hotspot\share\interpreter\linkResolver.cpp, line 759]
Event: 3.378 Thread 0x000002d9fe50e990 Exception <a 'java/lang/NoSuchMethodError'{0x0000000088da2ac0}: 'java.lang.Object java.lang.invoke.DirectMethodHandle$Holder.invokeInterface(java.lang.Object, java.lang.Object)'> (0x0000000088da2ac0) 
thrown [s\src\hotspot\share\interpreter\linkResolver.cpp, line 759]
Event: 3.378 Thread 0x000002d9fe50e990 Exception <a 'java/lang/IncompatibleClassChangeError'{0x0000000088da6010}: Found class java.lang.Object, but interface was expected> (0x0000000088da6010) 
thrown [s\src\hotspot\share\interpreter\linkResolver.cpp, line 826]
Event: 3.379 Thread 0x000002d9fe50e990 Exception <a 'java/lang/NoSuchMethodError'{0x0000000088da8dd8}: 'void java.lang.invoke.DirectMethodHandle$Holder.invokeStatic(java.lang.Object, java.lang.Object, java.lang.Object, java.lang.Object)'> (0x0000000088da8dd8) 
thrown [s\src\hotspot\share\interpreter\linkResolver.cpp, line 759]
Event: 10.607 Thread 0x000002d9fe50e990 Exception <a 'sun/nio/fs/WindowsException'{0x0000000088887ed0}> (0x0000000088887ed0) 
thrown [s\src\hotspot\share\prims\jni.cpp, line 516]
Event: 10.613 Thread 0x000002d9fe50e990 Exception <a 'java/lang/ClassNotFoundException'{0x00000000888b5140}: sun/awt/resources/spi/awtProvider> (0x00000000888b5140) 
thrown [s\src\hotspot\share\classfile\systemDictionary.cpp, line 256]
Event: 11.933 Thread 0x000002d9fe50e990 Exception <a 'java/io/FileNotFoundException'{0x00000000887130f0}> (0x00000000887130f0) 
thrown [s\src\hotspot\share\prims\jni.cpp, line 516]
Event: 11.940 Thread 0x000002d9fe50e990 Exception <a 'java/io/FileNotFoundException'{0x00000000887421d8}> (0x00000000887421d8) 
thrown [s\src\hotspot\share\prims\jni.cpp, line 516]
Event: 12.731 Thread 0x000002d9fe50e990 Exception <a 'java/lang/NoSuchMethodError'{0x000000008863e7a8}: 'java.lang.Object java.lang.invoke.DirectMethodHandle$Holder.invokeStaticInit(java.lang.Object)'> (0x000000008863e7a8) 
thrown [s\src\hotspot\share\interpreter\linkResolver.cpp, line 759]

VM Operations (18 events):
Event: 2.860 Executing VM operation: Cleanup
Event: 2.877 Executing VM operation: Cleanup done
Event: 3.128 Executing VM operation: HandshakeAllThreads
Event: 3.128 Executing VM operation: HandshakeAllThreads done
Event: 3.372 Executing VM operation: HandshakeAllThreads
Event: 3.372 Executing VM operation: HandshakeAllThreads done
Event: 4.385 Executing VM operation: Cleanup
Event: 6.808 Executing VM operation: Cleanup done
Event: 6.816 Executing VM operation: ChangeBreakpoints
Event: 7.011 Executing VM operation: ChangeBreakpoints done
Event: 8.025 Executing VM operation: Cleanup
Event: 8.370 Executing VM operation: Cleanup done
Event: 9.377 Executing VM operation: Cleanup
Event: 9.904 Executing VM operation: Cleanup done
Event: 10.913 Executing VM operation: Cleanup
Event: 11.844 Executing VM operation: Cleanup done
Event: 14.879 Executing VM operation: Cleanup
Event: 14.911 Executing VM operation: Cleanup done

Events (20 events):
Event: 15.277 loading class java/awt/GraphicsConfiguration
Event: 15.277 loading class java/awt/GraphicsConfiguration done
Event: 15.277 loading class sun/awt/Win32GraphicsConfig done
Event: 15.277 loading class java/awt/BorderLayout
Event: 15.277 loading class java/awt/LayoutManager2
Event: 15.277 loading class java/awt/LayoutManager2 done
Event: 15.277 loading class java/awt/BorderLayout done
Event: 15.277 loading class java/awt/Rectangle
Event: 15.278 loading class java/awt/Shape
Event: 15.278 loading class java/awt/Shape done
Event: 15.278 loading class java/awt/geom/Rectangle2D
Event: 15.278 loading class java/awt/geom/RectangularShape
Event: 15.278 loading class java/awt/geom/RectangularShape done
Event: 15.278 loading class java/awt/geom/Rectangle2D done
Event: 15.278 loading class java/awt/Rectangle done
Event: 15.278 loading class java/awt/Dialog$ModalExclusionType
Event: 15.278 loading class java/awt/Dialog$ModalExclusionType done
Event: 15.278 loading class java/awt/Window$WindowDisposerRecord
Event: 15.278 loading class java/awt/Window$WindowDisposerRecord done
Event: 15.278 loading class java/awt/KeyboardFocusManager


Dynamic libraries:
0x00007ff784c40000 - 0x00007ff784c4e000 	C:\eclipse\plugins\org.eclipse.justj.openjdk.hotspot.jre.full.win32.x86_64_17.0.10.v20240120-1143\jre\bin\javaw.exe
0x00007fff29530000 - 0x00007fff29747000 	C:\WINDOWS\SYSTEM32\ntdll.dll
0x00007fff27a90000 - 0x00007fff27b54000 	C:\WINDOWS\System32\KERNEL32.DLL
0x00007fff269d0000 - 0x00007fff26da3000 	C:\WINDOWS\System32\KERNELBASE.dll
0x00007fff268b0000 - 0x00007fff269c1000 	C:\WINDOWS\System32\ucrtbase.dll
0x00007fff15aa0000 - 0x00007fff15ab7000 	C:\eclipse\plugins\org.eclipse.justj.openjdk.hotspot.jre.full.win32.x86_64_17.0.10.v20240120-1143\jre\bin\jli.dll
0x00007fff28100000 - 0x00007fff282b1000 	C:\WINDOWS\System32\USER32.dll
0x00007fff26640000 - 0x00007fff26666000 	C:\WINDOWS\System32\win32u.dll
0x00007fff27b60000 - 0x00007fff27b89000 	C:\WINDOWS\System32\GDI32.dll
0x00007fff26670000 - 0x00007fff2678b000 	C:\WINDOWS\System32\gdi32full.dll
0x00007fff26810000 - 0x00007fff268aa000 	C:\WINDOWS\System32\msvcp_win.dll
0x00007fff15ac0000 - 0x00007fff15adb000 	C:\eclipse\plugins\org.eclipse.justj.openjdk.hotspot.jre.full.win32.x86_64_17.0.10.v20240120-1143\jre\bin\VCRUNTIME140.dll
0x00007fff194d0000 - 0x00007fff19768000 	C:\WINDOWS\WinSxS\amd64_microsoft.windows.common-controls_6595b64144ccf1df_6.0.22621.5124_none_270e8f4f7386d69d\COMCTL32.dll
0x00007fff28410000 - 0x00007fff284b7000 	C:\WINDOWS\System32\msvcrt.dll
0x00007fff27870000 - 0x00007fff278a1000 	C:\WINDOWS\System32\IMM32.DLL
0x00007fff23450000 - 0x00007fff2345c000 	C:\eclipse\plugins\org.eclipse.justj.openjdk.hotspot.jre.full.win32.x86_64_17.0.10.v20240120-1143\jre\bin\vcruntime140_1.dll
0x00007fff05100000 - 0x00007fff0518d000 	C:\eclipse\plugins\org.eclipse.justj.openjdk.hotspot.jre.full.win32.x86_64_17.0.10.v20240120-1143\jre\bin\msvcp140.dll
0x00007ffec4c60000 - 0x00007ffec58c2000 	C:\eclipse\plugins\org.eclipse.justj.openjdk.hotspot.jre.full.win32.x86_64_17.0.10.v20240120-1143\jre\bin\server\jvm.dll
0x00007fff28030000 - 0x00007fff280e1000 	C:\WINDOWS\System32\ADVAPI32.dll
0x00007fff28d60000 - 0x00007fff28e08000 	C:\WINDOWS\System32\sechost.dll
0x00007fff271a0000 - 0x00007fff271c8000 	C:\WINDOWS\System32\bcrypt.dll
0x00007fff27f00000 - 0x00007fff28014000 	C:\WINDOWS\System32\RPCRT4.dll
0x00007fff25ed0000 - 0x00007fff25f1d000 	C:\WINDOWS\SYSTEM32\POWRPROF.dll
0x00007fff1a1d0000 - 0x00007fff1a1d9000 	C:\WINDOWS\SYSTEM32\WSOCK32.dll
0x00007fff28e10000 - 0x00007fff28e81000 	C:\WINDOWS\System32\WS2_32.dll
0x00007fff1b360000 - 0x00007fff1b394000 	C:\WINDOWS\SYSTEM32\WINMM.dll
0x00007fff1d790000 - 0x00007fff1d79a000 	C:\WINDOWS\SYSTEM32\VERSION.dll
0x00007fff25e70000 - 0x00007fff25e83000 	C:\WINDOWS\SYSTEM32\UMPDC.dll
0x00007fff25630000 - 0x00007fff25648000 	C:\WINDOWS\SYSTEM32\kernel.appcore.dll
0x00007fff21280000 - 0x00007fff2128a000 	C:\eclipse\plugins\org.eclipse.justj.openjdk.hotspot.jre.full.win32.x86_64_17.0.10.v20240120-1143\jre\bin\jimage.dll
0x00007fff1c9e0000 - 0x00007fff1cc12000 	C:\WINDOWS\SYSTEM32\DBGHELP.DLL
0x00007fff27340000 - 0x00007fff276d2000 	C:\WINDOWS\System32\combase.dll
0x00007fff28330000 - 0x00007fff28407000 	C:\WINDOWS\System32\OLEAUT32.dll
0x00007fff1c3b0000 - 0x00007fff1c3e2000 	C:\WINDOWS\SYSTEM32\dbgcore.DLL
0x00007fff26790000 - 0x00007fff2680b000 	C:\WINDOWS\System32\bcryptPrimitives.dll
0x00007fff02df0000 - 0x00007fff02e2b000 	C:\eclipse\plugins\org.eclipse.justj.openjdk.hotspot.jre.full.win32.x86_64_17.0.10.v20240120-1143\jre\bin\jdwp.dll
0x00007fff19980000 - 0x00007fff1998e000 	C:\eclipse\plugins\org.eclipse.justj.openjdk.hotspot.jre.full.win32.x86_64_17.0.10.v20240120-1143\jre\bin\instrument.dll
0x00007fff19ab0000 - 0x00007fff19ad5000 	C:\eclipse\plugins\org.eclipse.justj.openjdk.hotspot.jre.full.win32.x86_64_17.0.10.v20240120-1143\jre\bin\java.dll
0x00007fff19a90000 - 0x00007fff19aa8000 	C:\eclipse\plugins\org.eclipse.justj.openjdk.hotspot.jre.full.win32.x86_64_17.0.10.v20240120-1143\jre\bin\zip.dll
0x00007fff284c0000 - 0x00007fff28d56000 	C:\WINDOWS\System32\SHELL32.dll
0x00007fff26ef0000 - 0x00007fff2702f000 	C:\WINDOWS\System32\wintypes.dll
0x00007fff24510000 - 0x00007fff24e2a000 	C:\WINDOWS\SYSTEM32\windows.storage.dll
0x00007fff276e0000 - 0x00007fff277ea000 	C:\WINDOWS\System32\SHCORE.dll
0x00007fff282c0000 - 0x00007fff28323000 	C:\WINDOWS\System32\shlwapi.dll
0x00007fff26570000 - 0x00007fff2659b000 	C:\WINDOWS\SYSTEM32\profapi.dll
0x00007fff19a70000 - 0x00007fff19a89000 	C:\eclipse\plugins\org.eclipse.justj.openjdk.hotspot.jre.full.win32.x86_64_17.0.10.v20240120-1143\jre\bin\net.dll
0x00007fff21090000 - 0x00007fff211bc000 	C:\WINDOWS\SYSTEM32\WINHTTP.dll
0x00007fff25aa0000 - 0x00007fff25b0a000 	C:\WINDOWS\system32\mswsock.dll
0x00007fff19a50000 - 0x00007fff19a66000 	C:\eclipse\plugins\org.eclipse.justj.openjdk.hotspot.jre.full.win32.x86_64_17.0.10.v20240120-1143\jre\bin\nio.dll
0x00007fff15a80000 - 0x00007fff15a8c000 	C:\eclipse\plugins\org.eclipse.justj.openjdk.hotspot.jre.full.win32.x86_64_17.0.10.v20240120-1143\jre\bin\dt_socket.dll
0x00007fff250d0000 - 0x00007fff250fd000 	C:\WINDOWS\SYSTEM32\IPHLPAPI.DLL
0x00007fff25100000 - 0x00007fff25202000 	C:\WINDOWS\SYSTEM32\DNSAPI.dll
0x00007fff28020000 - 0x00007fff28029000 	C:\WINDOWS\System32\NSI.dll
0x00007fff1e2e0000 - 0x00007fff1e2ea000 	C:\Windows\System32\rasadhlp.dll
0x00007fff20130000 - 0x00007fff201b3000 	C:\WINDOWS\System32\fwpuclnt.dll
0x00007fff19a40000 - 0x00007fff19a50000 	C:\eclipse\plugins\org.eclipse.justj.openjdk.hotspot.jre.full.win32.x86_64_17.0.10.v20240120-1143\jre\bin\verify.dll
0x00007ffee54c0000 - 0x00007ffee5650000 	C:\eclipse\plugins\org.eclipse.justj.openjdk.hotspot.jre.full.win32.x86_64_17.0.10.v20240120-1143\jre\bin\awt.dll
0x00007fff236c0000 - 0x00007fff23757000 	C:\WINDOWS\SYSTEM32\apphelp.dll
0x00007fff23c30000 - 0x00007fff23ce3000 	C:\WINDOWS\system32\uxtheme.dll
0x00007fff27da0000 - 0x00007fff27f00000 	C:\WINDOWS\System32\MSCTF.dll
0x00007fff29330000 - 0x00007fff294d1000 	C:\WINDOWS\System32\ole32.dll
0x00007fff24080000 - 0x00007fff240ae000 	C:\WINDOWS\system32\DWMAPI.DLL
0x00007fff00b60000 - 0x00007fff00c60000 	C:\WINDOWS\system32\opengl32.dll
0x00007fff07960000 - 0x00007fff0798d000 	C:\WINDOWS\SYSTEM32\GLU32.dll
0x00007fff23d40000 - 0x00007fff23d77000 	C:\WINDOWS\SYSTEM32\dxcore.dll
0x00007fff1d750000 - 0x00007fff1d782000 	C:\WINDOWS\SYSTEM32\cryptnet.dll
0x00007fff27030000 - 0x00007fff27197000 	C:\WINDOWS\System32\CRYPT32.dll

dbghelp: loaded successfully - version: 4.0.5 - missing functions: none
symbol engine: initialized successfully - sym options: 0x614 - pdb path: .;C:\eclipse\plugins\org.eclipse.justj.openjdk.hotspot.jre.full.win32.x86_64_17.0.10.v20240120-1143\jre\bin;C:\WINDOWS\SYSTEM32;C:\WINDOWS\WinSxS\amd64_microsoft.windows.common-controls_6595b64144ccf1df_6.0.22621.5124_none_270e8f4f7386d69d;C:\eclipse\plugins\org.eclipse.justj.openjdk.hotspot.jre.full.win32.x86_64_17.0.10.v20240120-1143\jre\bin\server

VM Arguments:
jvm_args: -XX:+ShowCodeDetailsInExceptionMessages -agentlib:jdwp=transport=dt_socket,suspend=y,address=localhost:57647 -javaagent:C:\eclipse\configuration\org.eclipse.osgi\442\0\.cp\lib\javaagent-shaded.jar -Dfile.encoding=UTF-8 -Dstdout.encoding=UTF-8 -Dstderr.encoding=UTF-8 --module-path=C:\Users\Alumno1\Documents\GitHub\proyecto_final\proyecto_final\Proyecto_final\bin;C:\Users\Alumno1\Documents\GitHub\proyecto_final\proyecto_final\Proyecto_final\src\Adopcion_de_animales\mysql-connector-java-8.0.20.jar -Djdk.module.main=Proyecto_final 
java_command: Proyecto_final/Adopcion_de_animales.gestionar_adopcion
java_class_path (initial): <not set>
Launcher Type: SUN_STANDARD

[Global flags]
     intx CICompilerCount                          = 3                                         {product} {ergonomic}
     uint ConcGCThreads                            = 2                                         {product} {ergonomic}
     uint G1ConcRefinementThreads                  = 6                                         {product} {ergonomic}
   size_t G1HeapRegionSize                         = 1048576                                   {product} {ergonomic}
    uintx GCDrainStackTargetSize                   = 64                                        {product} {ergonomic}
   size_t InitialHeapSize                          = 134217728                                 {product} {ergonomic}
   size_t MarkStackSize                            = 4194304                                   {product} {ergonomic}
   size_t MaxHeapSize                              = 2130706432                                {product} {ergonomic}
   size_t MaxNewSize                               = 1278214144                                {product} {ergonomic}
   size_t MinHeapDeltaBytes                        = 1048576                                   {product} {ergonomic}
   size_t MinHeapSize                              = 8388608                                   {product} {ergonomic}
    uintx NonNMethodCodeHeapSize                   = 5832780                                {pd product} {ergonomic}
    uintx NonProfiledCodeHeapSize                  = 122912730                              {pd product} {ergonomic}
    uintx ProfiledCodeHeapSize                     = 122912730                              {pd product} {ergonomic}
    uintx ReservedCodeCacheSize                    = 251658240                              {pd product} {ergonomic}
     bool SegmentedCodeCache                       = true                                      {product} {ergonomic}
     bool ShowCodeDetailsInExceptionMessages       = true                                   {manageable} {command line}
   size_t SoftMaxHeapSize                          = 2130706432                             {manageable} {ergonomic}
     bool UseCompressedClassPointers               = true                           {product lp64_product} {ergonomic}
     bool UseCompressedOops                        = true                           {product lp64_product} {ergonomic}
     bool UseG1GC                                  = true                                      {product} {ergonomic}
     bool UseLargePagesIndividualAllocation        = false                                  {pd product} {ergonomic}

Logging:
Log output configuration:
 #0: stdout all=warning uptime,level,tags
 #1: stderr all=off uptime,level,tags

Environment Variables:
PATH=C:\eclipse\plugins\org.eclipse.justj.openjdk.hotspot.jre.full.win32.x86_64_17.0.10.v20240120-1143\jre\bin;C:/eclipse//plugins/org.eclipse.justj.openjdk.hotspot.jre.full.win32.x86_64_17.0.10.v20240120-1143/jre/bin/server;C:/eclipse//plugins/org.eclipse.justj.openjdk.hotspot.jre.full.win32.x86_64_17.0.10.v20240120-1143/jre/bin;C:\Program Files\Common Files\Oracle\Java\javapath;C:\Program Files\Eclipse Adoptium\jdk-17.0.11.9-hotspot\bin;C:\WINDOWS\system32;C:\WINDOWS;C:\WINDOWS\System32\Wbem;C:\WINDOWS\System32\WindowsPowerShell\v1.0\;C:\WINDOWS\System32\OpenSSH\;C:\Program Files\PuTTY\;C:\Program Files\Microsoft VS Code\bin;C:\Program Files\Docker\Docker\resources\bin;C:\Program Files (x86)\BaseX\bin;C:\Users\Alumno1\AppData\Local\Programs\Eclipse Adoptium\jdk-21.0.7.6-hotspot\bin;C:\Users\Alumno1\AppData\Local\Microsoft\WindowsApps;C:\Users\Alumno1\AppData\Local\Programs\Git\cmd;C:\ProgramData\Alumno1\GitHubDesktop\bin;C:\Users\Alumno1\AppData\Local\GitHubDesktop\bin;C:\Users\Alumno1\AppData\Local\JetBrains\IntelliJ IDEA 2025.1\bin;;C:\eclipse;
USERNAME=Alumno1
OS=Windows_NT
PROCESSOR_IDENTIFIER=Intel64 Family 6 Model 158 Stepping 10, GenuineIntel
TMP=C:\Users\Alumno1\AppData\Local\Temp
TEMP=C:\Users\Alumno1\AppData\Local\Temp



Periodic native trim disabled


---------------  S Y S T E M  ---------------

OS:
 Windows 11 , 64 bit Build 22621 (10.0.22621.5124)
OS uptime: 0 days 2:47 hours
Hyper-V role detected

CPU: total 6 (initial active 6) (6 cores per cpu, 1 threads per core) family 6 model 158 stepping 10 microcode 0xde, cx8, cmov, fxsr, mmx, 3dnowpref, sse, sse2, sse3, ssse3, sse4.1, sse4.2, popcnt, lzcnt, tsc, tscinvbit, avx, avx2, aes, erms, clmul, bmi1, bmi2, adx, fma, vzeroupper, clflush, clflushopt, hv
Processor Information for all 6 processors :
  Max Mhz: 2904, Current Mhz: 2904, Mhz Limit: 2904

Memory: 4k page, system-wide physical 8127M (456M free)
TotalPageFile size 30227M (AvailPageFile size 3M)
current process WorkingSet (physical memory assigned to process): 60M, peak: 63M
current process commit charge ("private bytes"): 213M, peak: 215M

vm_info: OpenJDK 64-Bit Server VM (17.0.10+7) for windows-amd64 JRE (17.0.10+7), built on Jan 16 2024 23:25:11 by "admin" with MS VC++ 16.10 / 16.11 (VS2019)

END.
