#
# A fatal error has been detected by the Java Runtime Environment:
#
#  EXCEPTION_ACCESS_VIOLATION (0xc0000005) at pc=0x0000000000000000, pid=20608, tid=39500
#
# JRE version: OpenJDK Runtime Environment Temurin-17.0.10+7 (17.0.10+7) (build 17.0.10+7)
# Java VM: OpenJDK 64-Bit Server VM Temurin-17.0.10+7 (17.0.10+7, mixed mode, tiered, compressed oops, compressed class ptrs, g1 gc, windows-amd64)
# Problematic frame:
# C  [awt.dll+0xd4ff8]
#
# No core dump will be written. Minidumps are not enabled by default on client versions of Windows
#
# If you would like to submit a bug report, please visit:
#   https://github.com/adoptium/adoptium-support/issues
# The crash happened outside the Java Virtual Machine in native code.
# See problematic frame for where to report the bug.
#

---------------  S U M M A R Y ------------

Command Line: -XX:+ShowCodeDetailsInExceptionMessages -agentlib:jdwp=transport=dt_socket,suspend=y,address=localhost:57839 -javaagent:C:\eclipse\configuration\org.eclipse.osgi\442\0\.cp\lib\javaagent-shaded.jar -Dfile.encoding=UTF-8 -Dstdout.encoding=UTF-8 -Dstderr.encoding=UTF-8 --module-path=C:\Users\Alumno1\Documents\GitHub\proyecto_final\proyecto_final\Proyecto_final\bin;C:\Users\Alumno1\Documents\GitHub\proyecto_final\proyecto_final\Proyecto_final\src\Adopcion_de_animales\mysql-connector-java-8.0.20.jar -Djdk.module.main=Proyecto_final Proyecto_final/Adopcion_de_animales.gestionar_adopcion

Host: Intel(R) Core(TM) i5-9400F CPU @ 2.90GHz, 6 cores, 7G,  Windows 11 , 64 bit Build 22621 (10.0.22621.5124)
Time: Mon May 12 11:10:21 2025 Hora de verano romance elapsed time: 15.663202 seconds (0d 0h 0m 15s)

---------------  T H R E A D  ---------------

Current thread (0x000002681cb2ac30):  JavaThread "AWT-Windows" daemon [_thread_in_native, id=39500, stack(0x000000df59800000,0x000000df59900000)]

Stack: [0x000000df59800000,0x000000df59900000],  sp=0x000000df598ff0d0,  free space=1020k
Native frames: (J=compiled Java code, j=interpreted, Vv=VM code, C=native code)

Java frames: (J=compiled Java code, j=interpreted, Vv=VM code)
j  sun.awt.windows.WToolkit.init()Z+0 java.desktop@17.0.10
j  sun.awt.windows.WToolkit.run()V+10 java.desktop@17.0.10
j  java.lang.Thread.run()V+11 java.base@17.0.10
v  ~StubRoutines::call_stub

siginfo: EXCEPTION_ACCESS_VIOLATION (0xc0000005), data execution prevention violation at address 0x0000000000000000


Registers:
RAX=0x0000000000000000, RBX=0x0000000000000020, RCX=0x0000000000000000, RDX=0x0000000000000000
RSP=0x000000df598ff0c8, RBP=0x000000df598ff238, RSI=0x000000000c011da8, RDI=0x0000000000000001
R8 =0x000000df598fede8, R9 =0x00007ffee5594510, R10=0x000000df598fea00, R11=0x000000df598ff030
R12=0x0000000000000000, R13=0x000002681dab9dc0, R14=0x0000000000000000, R15=0x000002681cb2ac30
RIP=0x0000000000000000, EFLAGS=0x0000000000010202


Register to memory mapping:

RIP=0x0 is NULL
RAX=0x0 is NULL
RBX=0x0000000000000020 is an unknown value
RCX=0x0 is NULL
RDX=0x0 is NULL
RSP=0x000000df598ff0c8 is pointing into the stack for thread: 0x000002681cb2ac30
RBP=0x000000df598ff238 is pointing into the stack for thread: 0x000002681cb2ac30
RSI=0x000000000c011da8 is an unknown value
RDI=0x0000000000000001 is an unknown value
R8 =0x000000df598fede8 is pointing into the stack for thread: 0x000002681cb2ac30
R9 =0x00007ffee5594510 awt.dll
R10=0x000000df598fea00 is pointing into the stack for thread: 0x000002681cb2ac30
R11=0x000000df598ff030 is pointing into the stack for thread: 0x000002681cb2ac30
R12=0x0 is NULL
R13={method} {0x000002681dab9dc8} 'init' '()Z' in 'sun/awt/windows/WToolkit'
R14=0x0 is NULL
R15=0x000002681cb2ac30 is a thread


Top of Stack: (sp=0x000000df598ff0c8)
0x000000df598ff0c8:   00007ffee5594ff8 0000000000000000
0x000000df598ff0d8:   0000000000000000 000000df598fede8
0x000000df598ff0e8:   00007ffee5594510 00000268ffffffff
0x000000df598ff0f8:   00007ffeffffffff 0000026800000000
0x000000df598ff108:   000000df00000000 0000000000000000
0x000000df598ff118:   0000000000000000 00007ffee54c0000
0x000000df598ff128:   0000000000000000 0000026800000000
0x000000df598ff138:   00007ffee5596140 0000000000000000
0x000000df598ff148:   00007ffee54c0000 00000000001404bb
0x000000df598ff158:   0000000000000000 0000000000000006
0x000000df598ff168:   0000000000000000 00007ffee55cfed0
0x000000df598ff178:   000002681cb2ac30 000000df598ff258
0x000000df598ff188:   00007ffee5597a3f 000002681cb2aee8
0x000000df598ff198:   000000000000061a 000000df598ff258
0x000000df598ff1a8:   000002681d566b00 000002680cfb9ee8
0x000000df598ff1b8:   000002680cfc1306 000002681dab9dc0
0x000000df598ff1c8:   000000000000061a 000000df598ff248
0x000000df598ff1d8:   000002680cfba41a 0000000000000000
0x000000df598ff1e8:   000002680cfc0c16 000000df598ff1f0
0x000000df598ff1f8:   000002681dab9dc0 000000df598ff258
0x000000df598ff208:   000002681dad35d8 0000000000000000
0x000000df598ff218:   00000000888b2de8 000002681dab9dc0
0x000000df598ff228:   0000000000000000 000000df598ff258
0x000000df598ff238:   000000df598ff2a8 000002680cfba310
0x000000df598ff248:   0000000000000000 000002680cfbd4a0
0x000000df598ff258:   00000000887292b8 000000df598ff260
0x000000df598ff268:   000002681dab9cca 000000df598ff2d0
0x000000df598ff278:   000002681dad35d8 0000000000000000
0x000000df598ff288:   00000000888b2de8 000002681dab9d38
0x000000df598ff298:   000000df598ff258 000000df598ff2d0
0x000000df598ff2a8:   000000df598ff320 000002680cfbac76
0x000000df598ff2b8:   0000000000000000 0000000000000000 

Instructions: (pc=0x00007ffee5594ff8)
0x00007ffee5594ef8:   8b d8 41 8d 56 0c 48 8b ce ff 15 d9 07 07 00 0f
0x00007ffee5594f08:   af d8 33 c9 83 fb 04 7d 4d 45 8d 4e 10 4c 8d 05
0x00007ffee5594f18:   cc b1 03 00 48 8d 15 fd b1 03 00 ff 15 bf 09 07
0x00007ffee5594f28:   00 48 8b ce ff 15 f6 04 07 00 ba 02 00 01 00 48
0x00007ffee5594f38:   8b 0d 4a 3f 07 00 e8 dd 67 01 00 4c 8d 05 4e b2
0x00007ffee5594f48:   03 00 48 8d 15 d7 34 03 00 48 8b c8 e8 f7 67 01
0x00007ffee5594f58:   00 e9 ec 01 00 00 48 8b d6 ff 15 f1 0d 07 00 89
0x00007ffee5594f68:   3d 4f 3f 07 00 ff 15 ed b0 01 00 89 05 47 3f 07
0x00007ffee5594f78:   00 4c 89 74 24 58 48 8b 05 13 41 07 00 48 89 44
0x00007ffee5594f88:   24 50 4c 89 74 24 48 4c 89 74 24 40 44 89 74 24
0x00007ffee5594f98:   38 44 89 74 24 30 c7 44 24 28 ff ff ff ff c7 44
0x00007ffee5594fa8:   24 20 ff ff ff ff 41 b9 00 00 00 08 4c 8d 05 fd
0x00007ffee5594fb8:   b1 03 00 48 8b 15 7e f8 06 00 33 c9 ff 15 1e 0e
0x00007ffee5594fc8:   07 00 48 89 05 f7 3e 07 00 44 8b 0d e8 3e 07 00
0x00007ffee5594fd8:   45 33 c0 48 8d 15 2e f5 ff ff 41 8d 48 03 ff 15
0x00007ffee5594fe8:   54 0a 07 00 48 89 05 45 3f 07 00 e8 08 54 fd ff
0x00007ffee5594ff8:   ff 15 42 b1 01 00 3c 06 72 0e ff 15 38 b1 01 00
0x00007ffee5595008:   66 c1 e8 08 3c 02 73 0d ff 15 2a b1 01 00 3c 06
0x00007ffee5595018:   41 8b c6 76 05 b8 01 00 00 00 89 05 c0 3e 07 00
0x00007ffee5595028:   e8 03 fe 00 00 e8 5e 20 00 00 e8 f9 f3 ff ff 48
0x00007ffee5595038:   8b d8 4c 8b 00 48 8d 15 9c b1 03 00 48 8b c8 41
0x00007ffee5595048:   ff 50 30 48 8b f8 48 85 c0 0f 84 f5 00 00 00 48
0x00007ffee5595058:   8b 03 4c 8d 0d 07 39 03 00 4c 8d 05 90 b1 03 00
0x00007ffee5595068:   48 8b d7 48 8b cb ff 90 88 03 00 00 48 85 c0 0f
0x00007ffee5595078:   84 cf 00 00 00 4c 8b c0 48 8b d7 48 8b cb e8 c5
0x00007ffee5595088:   ed ff ff 0f b6 c0 89 05 58 3e 07 00 83 3d 4d 3e
0x00007ffee5595098:   07 00 00 0f 84 a2 00 00 00 85 c0 0f 84 9a 00 00
0x00007ffee55950a8:   00 48 8d 0d f0 3d 07 00 e8 4b f8 ff ff 48 8d 0d
0x00007ffee55950b8:   5c b1 03 00 ff 15 d6 b0 01 00 48 8b d8 48 85 c0
0x00007ffee55950c8:   74 47 48 8d 15 5f b1 03 00 48 8b c8 ff 15 7e af
0x00007ffee55950d8:   01 00 48 89 05 17 3e 07 00 48 8d 15 60 b1 03 00
0x00007ffee55950e8:   48 8b cb ff 15 67 af 01 00 48 89 05 08 3e 07 00 


Stack slot to memory mapping:
stack at sp + 0 slots: 0x0 is NULL
stack at sp + 1 slots: 0x0 is NULL
stack at sp + 2 slots: 0x000000df598fede8 is pointing into the stack for thread: 0x000002681cb2ac30
stack at sp + 3 slots: 0x00007ffee5594510 awt.dll
stack at sp + 4 slots: 0x00000268ffffffff is an unknown value
stack at sp + 5 slots: 0x00007ffeffffffff is an unknown value
stack at sp + 6 slots: 0x0000026800000000 is an unknown value
stack at sp + 7 slots: 0x000000df00000000 is an unknown value


---------------  P R O C E S S  ---------------

Threads class SMR info:
_java_thread_list=0x00000268211a62b0, length=18, elements={
0x0000026800bde660, 0x000002681c72d270, 0x000002681c72e7b0, 0x000002681c7180a0,
0x000002681c718970, 0x000002681c769010, 0x000002681c7698e0, 0x000002681c76a4e0,
0x000002681c7d3880, 0x000002681c7d5db0, 0x000002681c7f1470, 0x000002681cacaf00,
0x000002681caced60, 0x000002681cad1270, 0x00000268210e0510, 0x0000026821267e40,
0x0000026821268320, 0x000002681cb2ac30
}

Java Threads: ( => current thread )
  0x0000026800bde660 JavaThread "main" [_thread_blocked, id=8376, stack(0x000000df57f00000,0x000000df58000000)]
  0x000002681c72d270 JavaThread "Reference Handler" daemon [_thread_blocked, id=22824, stack(0x000000df58700000,0x000000df58800000)]
  0x000002681c72e7b0 JavaThread "Finalizer" daemon [_thread_blocked, id=22828, stack(0x000000df58800000,0x000000df58900000)]
  0x000002681c7180a0 JavaThread "Signal Dispatcher" daemon [_thread_blocked, id=22840, stack(0x000000df58900000,0x000000df58a00000)]
  0x000002681c718970 JavaThread "Attach Listener" daemon [_thread_blocked, id=22844, stack(0x000000df58a00000,0x000000df58b00000)]
  0x000002681c769010 JavaThread "Service Thread" daemon [_thread_blocked, id=22848, stack(0x000000df58b00000,0x000000df58c00000)]
  0x000002681c7698e0 JavaThread "Monitor Deflation Thread" daemon [_thread_blocked, id=22852, stack(0x000000df58c00000,0x000000df58d00000)]
  0x000002681c76a4e0 JavaThread "C2 CompilerThread0" daemon [_thread_blocked, id=22856, stack(0x000000df58d00000,0x000000df58e00000)]
  0x000002681c7d3880 JavaThread "C1 CompilerThread0" daemon [_thread_blocked, id=23276, stack(0x000000df58e00000,0x000000df58f00000)]
  0x000002681c7d5db0 JavaThread "Sweeper thread" daemon [_thread_blocked, id=23516, stack(0x000000df58f00000,0x000000df59000000)]
  0x000002681c7f1470 JavaThread "Common-Cleaner" daemon [_thread_blocked, id=24276, stack(0x000000df59000000,0x000000df59100000)]
  0x000002681cacaf00 JavaThread "JDWP Transport Listener: dt_socket" daemon [_thread_blocked, id=25684, stack(0x000000df59100000,0x000000df59200000)]
  0x000002681caced60 JavaThread "JDWP Event Helper Thread" daemon [_thread_blocked, id=25688, stack(0x000000df59200000,0x000000df59300000)]
  0x000002681cad1270 JavaThread "JDWP Command Reader" daemon [_thread_in_native, id=25776, stack(0x000000df59300000,0x000000df59400000)]
  0x00000268210e0510 JavaThread "Notification Thread" daemon [_thread_blocked, id=36536, stack(0x000000df59400000,0x000000df59500000)]
  0x0000026821267e40 JavaThread "Java2D Disposer" daemon [_thread_blocked, id=39428, stack(0x000000df59600000,0x000000df59700000)]
  0x0000026821268320 JavaThread "AWT-Shutdown" [_thread_blocked, id=39432, stack(0x000000df59700000,0x000000df59800000)]
=>0x000002681cb2ac30 JavaThread "AWT-Windows" daemon [_thread_in_native, id=39500, stack(0x000000df59800000,0x000000df59900000)]

Other Threads:
  0x000002681c6fefc0 VMThread "VM Thread" [stack: 0x000000df58600000,0x000000df58700000] [id=21940]
  0x0000026800bdf2e0 WatcherThread [stack: 0x000000df59500000,0x000000df59600000] [id=36540]
  0x0000026800c39760 GCTaskThread "GC Thread#0" [stack: 0x000000df58100000,0x000000df58200000] [id=21724]
  0x0000026800c4a3b0 ConcurrentGCThread "G1 Main Marker" [stack: 0x000000df58200000,0x000000df58300000] [id=21728]
  0x0000026800c4acd0 ConcurrentGCThread "G1 Conc#0" [stack: 0x000000df58300000,0x000000df58400000] [id=21732]
  0x000002681c56a500 ConcurrentGCThread "G1 Refine#0" [stack: 0x000000df58400000,0x000000df58500000] [id=21736]
  0x000002681c56be40 ConcurrentGCThread "G1 Service" [stack: 0x000000df58500000,0x000000df58600000] [id=21740]

Threads with active compile tasks:

VM state: not at safepoint (normal execution)

VM Mutex/Monitor currently owned by a thread: None

Heap address: 0x0000000081000000, size: 2032 MB, Compressed Oops mode: 32-bit

CDS archive(s) not mapped
Compressed class space mapped at: 0x0000000100000000-0x0000000140000000, reserved size: 1073741824
Narrow klass base: 0x0000000000000000, Narrow klass shift: 3, Narrow klass range: 0x140000000

GC Precious Log:
 CPUs: 6 total, 6 available
 Memory: 8127M
 Large Page Support: Disabled
 NUMA Support: Disabled
 Compressed Oops: Enabled (32-bit)
 Heap Region Size: 1M
 Heap Min Capacity: 8M
 Heap Initial Capacity: 128M
 Heap Max Capacity: 2032M
 Pre-touch: Disabled
 Parallel Workers: 6
 Concurrent Workers: 2
 Concurrent Refinement Workers: 6
 Periodic GC: Disabled

Heap:
 garbage-first heap   total 131072K, used 8192K [0x0000000081000000, 0x0000000100000000)
  region size 1024K, 9 young (9216K), 0 survivors (0K)
 Metaspace       used 12973K, committed 13184K, reserved 1114112K
  class space    used 1195K, committed 1280K, reserved 1048576K

Heap Regions: E=young(eden), S=young(survivor), O=old, HS=humongous(starts), HC=humongous(continues), CS=collection set, F=free, OA=open archive, CA=closed archive, TAMS=top-at-mark-start (previous, next)
|   0|0x0000000081000000, 0x0000000081000000, 0x0000000081100000|  0%| F|  |TAMS 0x0000000081000000, 0x0000000081000000| Untracked 
|   1|0x0000000081100000, 0x0000000081100000, 0x0000000081200000|  0%| F|  |TAMS 0x0000000081100000, 0x0000000081100000| Untracked 
|   2|0x0000000081200000, 0x0000000081200000, 0x0000000081300000|  0%| F|  |TAMS 0x0000000081200000, 0x0000000081200000| Untracked 
|   3|0x0000000081300000, 0x0000000081300000, 0x0000000081400000|  0%| F|  |TAMS 0x0000000081300000, 0x0000000081300000| Untracked 
|   4|0x0000000081400000, 0x0000000081400000, 0x0000000081500000|  0%| F|  |TAMS 0x0000000081400000, 0x0000000081400000| Untracked 
|   5|0x0000000081500000, 0x0000000081500000, 0x0000000081600000|  0%| F|  |TAMS 0x0000000081500000, 0x0000000081500000| Untracked 
|   6|0x0000000081600000, 0x0000000081600000, 0x0000000081700000|  0%| F|  |TAMS 0x0000000081600000, 0x0000000081600000| Untracked 
|   7|0x0000000081700000, 0x0000000081700000, 0x0000000081800000|  0%| F|  |TAMS 0x0000000081700000, 0x0000000081700000| Untracked 
|   8|0x0000000081800000, 0x0000000081800000, 0x0000000081900000|  0%| F|  |TAMS 0x0000000081800000, 0x0000000081800000| Untracked 
|   9|0x0000000081900000, 0x0000000081900000, 0x0000000081a00000|  0%| F|  |TAMS 0x0000000081900000, 0x0000000081900000| Untracked 
|  10|0x0000000081a00000, 0x0000000081a00000, 0x0000000081b00000|  0%| F|  |TAMS 0x0000000081a00000, 0x0000000081a00000| Untracked 
|  11|0x0000000081b00000, 0x0000000081b00000, 0x0000000081c00000|  0%| F|  |TAMS 0x0000000081b00000, 0x0000000081b00000| Untracked 
|  12|0x0000000081c00000, 0x0000000081c00000, 0x0000000081d00000|  0%| F|  |TAMS 0x0000000081c00000, 0x0000000081c00000| Untracked 
|  13|0x0000000081d00000, 0x0000000081d00000, 0x0000000081e00000|  0%| F|  |TAMS 0x0000000081d00000, 0x0000000081d00000| Untracked 
|  14|0x0000000081e00000, 0x0000000081e00000, 0x0000000081f00000|  0%| F|  |TAMS 0x0000000081e00000, 0x0000000081e00000| Untracked 
|  15|0x0000000081f00000, 0x0000000081f00000, 0x0000000082000000|  0%| F|  |TAMS 0x0000000081f00000, 0x0000000081f00000| Untracked 
|  16|0x0000000082000000, 0x0000000082000000, 0x0000000082100000|  0%| F|  |TAMS 0x0000000082000000, 0x0000000082000000| Untracked 
|  17|0x0000000082100000, 0x0000000082100000, 0x0000000082200000|  0%| F|  |TAMS 0x0000000082100000, 0x0000000082100000| Untracked 
|  18|0x0000000082200000, 0x0000000082200000, 0x0000000082300000|  0%| F|  |TAMS 0x0000000082200000, 0x0000000082200000| Untracked 
|  19|0x0000000082300000, 0x0000000082300000, 0x0000000082400000|  0%| F|  |TAMS 0x0000000082300000, 0x0000000082300000| Untracked 
|  20|0x0000000082400000, 0x0000000082400000, 0x0000000082500000|  0%| F|  |TAMS 0x0000000082400000, 0x0000000082400000| Untracked 
|  21|0x0000000082500000, 0x0000000082500000, 0x0000000082600000|  0%| F|  |TAMS 0x0000000082500000, 0x0000000082500000| Untracked 
|  22|0x0000000082600000, 0x0000000082600000, 0x0000000082700000|  0%| F|  |TAMS 0x0000000082600000, 0x0000000082600000| Untracked 
|  23|0x0000000082700000, 0x0000000082700000, 0x0000000082800000|  0%| F|  |TAMS 0x0000000082700000, 0x0000000082700000| Untracked 
|  24|0x0000000082800000, 0x0000000082800000, 0x0000000082900000|  0%| F|  |TAMS 0x0000000082800000, 0x0000000082800000| Untracked 
|  25|0x0000000082900000, 0x0000000082900000, 0x0000000082a00000|  0%| F|  |TAMS 0x0000000082900000, 0x0000000082900000| Untracked 
|  26|0x0000000082a00000, 0x0000000082a00000, 0x0000000082b00000|  0%| F|  |TAMS 0x0000000082a00000, 0x0000000082a00000| Untracked 
|  27|0x0000000082b00000, 0x0000000082b00000, 0x0000000082c00000|  0%| F|  |TAMS 0x0000000082b00000, 0x0000000082b00000| Untracked 
|  28|0x0000000082c00000, 0x0000000082c00000, 0x0000000082d00000|  0%| F|  |TAMS 0x0000000082c00000, 0x0000000082c00000| Untracked 
|  29|0x0000000082d00000, 0x0000000082d00000, 0x0000000082e00000|  0%| F|  |TAMS 0x0000000082d00000, 0x0000000082d00000| Untracked 
|  30|0x0000000082e00000, 0x0000000082e00000, 0x0000000082f00000|  0%| F|  |TAMS 0x0000000082e00000, 0x0000000082e00000| Untracked 
|  31|0x0000000082f00000, 0x0000000082f00000, 0x0000000083000000|  0%| F|  |TAMS 0x0000000082f00000, 0x0000000082f00000| Untracked 
|  32|0x0000000083000000, 0x0000000083000000, 0x0000000083100000|  0%| F|  |TAMS 0x0000000083000000, 0x0000000083000000| Untracked 
|  33|0x0000000083100000, 0x0000000083100000, 0x0000000083200000|  0%| F|  |TAMS 0x0000000083100000, 0x0000000083100000| Untracked 
|  34|0x0000000083200000, 0x0000000083200000, 0x0000000083300000|  0%| F|  |TAMS 0x0000000083200000, 0x0000000083200000| Untracked 
|  35|0x0000000083300000, 0x0000000083300000, 0x0000000083400000|  0%| F|  |TAMS 0x0000000083300000, 0x0000000083300000| Untracked 
|  36|0x0000000083400000, 0x0000000083400000, 0x0000000083500000|  0%| F|  |TAMS 0x0000000083400000, 0x0000000083400000| Untracked 
|  37|0x0000000083500000, 0x0000000083500000, 0x0000000083600000|  0%| F|  |TAMS 0x0000000083500000, 0x0000000083500000| Untracked 
|  38|0x0000000083600000, 0x0000000083600000, 0x0000000083700000|  0%| F|  |TAMS 0x0000000083600000, 0x0000000083600000| Untracked 
|  39|0x0000000083700000, 0x0000000083700000, 0x0000000083800000|  0%| F|  |TAMS 0x0000000083700000, 0x0000000083700000| Untracked 
|  40|0x0000000083800000, 0x0000000083800000, 0x0000000083900000|  0%| F|  |TAMS 0x0000000083800000, 0x0000000083800000| Untracked 
|  41|0x0000000083900000, 0x0000000083900000, 0x0000000083a00000|  0%| F|  |TAMS 0x0000000083900000, 0x0000000083900000| Untracked 
|  42|0x0000000083a00000, 0x0000000083a00000, 0x0000000083b00000|  0%| F|  |TAMS 0x0000000083a00000, 0x0000000083a00000| Untracked 
|  43|0x0000000083b00000, 0x0000000083b00000, 0x0000000083c00000|  0%| F|  |TAMS 0x0000000083b00000, 0x0000000083b00000| Untracked 
|  44|0x0000000083c00000, 0x0000000083c00000, 0x0000000083d00000|  0%| F|  |TAMS 0x0000000083c00000, 0x0000000083c00000| Untracked 
|  45|0x0000000083d00000, 0x0000000083d00000, 0x0000000083e00000|  0%| F|  |TAMS 0x0000000083d00000, 0x0000000083d00000| Untracked 
|  46|0x0000000083e00000, 0x0000000083e00000, 0x0000000083f00000|  0%| F|  |TAMS 0x0000000083e00000, 0x0000000083e00000| Untracked 
|  47|0x0000000083f00000, 0x0000000083f00000, 0x0000000084000000|  0%| F|  |TAMS 0x0000000083f00000, 0x0000000083f00000| Untracked 
|  48|0x0000000084000000, 0x0000000084000000, 0x0000000084100000|  0%| F|  |TAMS 0x0000000084000000, 0x0000000084000000| Untracked 
|  49|0x0000000084100000, 0x0000000084100000, 0x0000000084200000|  0%| F|  |TAMS 0x0000000084100000, 0x0000000084100000| Untracked 
|  50|0x0000000084200000, 0x0000000084200000, 0x0000000084300000|  0%| F|  |TAMS 0x0000000084200000, 0x0000000084200000| Untracked 
|  51|0x0000000084300000, 0x0000000084300000, 0x0000000084400000|  0%| F|  |TAMS 0x0000000084300000, 0x0000000084300000| Untracked 
|  52|0x0000000084400000, 0x0000000084400000, 0x0000000084500000|  0%| F|  |TAMS 0x0000000084400000, 0x0000000084400000| Untracked 
|  53|0x0000000084500000, 0x0000000084500000, 0x0000000084600000|  0%| F|  |TAMS 0x0000000084500000, 0x0000000084500000| Untracked 
|  54|0x0000000084600000, 0x0000000084600000, 0x0000000084700000|  0%| F|  |TAMS 0x0000000084600000, 0x0000000084600000| Untracked 
|  55|0x0000000084700000, 0x0000000084700000, 0x0000000084800000|  0%| F|  |TAMS 0x0000000084700000, 0x0000000084700000| Untracked 
|  56|0x0000000084800000, 0x0000000084800000, 0x0000000084900000|  0%| F|  |TAMS 0x0000000084800000, 0x0000000084800000| Untracked 
|  57|0x0000000084900000, 0x0000000084900000, 0x0000000084a00000|  0%| F|  |TAMS 0x0000000084900000, 0x0000000084900000| Untracked 
|  58|0x0000000084a00000, 0x0000000084a00000, 0x0000000084b00000|  0%| F|  |TAMS 0x0000000084a00000, 0x0000000084a00000| Untracked 
|  59|0x0000000084b00000, 0x0000000084b00000, 0x0000000084c00000|  0%| F|  |TAMS 0x0000000084b00000, 0x0000000084b00000| Untracked 
|  60|0x0000000084c00000, 0x0000000084c00000, 0x0000000084d00000|  0%| F|  |TAMS 0x0000000084c00000, 0x0000000084c00000| Untracked 
|  61|0x0000000084d00000, 0x0000000084d00000, 0x0000000084e00000|  0%| F|  |TAMS 0x0000000084d00000, 0x0000000084d00000| Untracked 
|  62|0x0000000084e00000, 0x0000000084e00000, 0x0000000084f00000|  0%| F|  |TAMS 0x0000000084e00000, 0x0000000084e00000| Untracked 
|  63|0x0000000084f00000, 0x0000000084f00000, 0x0000000085000000|  0%| F|  |TAMS 0x0000000084f00000, 0x0000000084f00000| Untracked 
|  64|0x0000000085000000, 0x0000000085000000, 0x0000000085100000|  0%| F|  |TAMS 0x0000000085000000, 0x0000000085000000| Untracked 
|  65|0x0000000085100000, 0x0000000085100000, 0x0000000085200000|  0%| F|  |TAMS 0x0000000085100000, 0x0000000085100000| Untracked 
|  66|0x0000000085200000, 0x0000000085200000, 0x0000000085300000|  0%| F|  |TAMS 0x0000000085200000, 0x0000000085200000| Untracked 
|  67|0x0000000085300000, 0x0000000085300000, 0x0000000085400000|  0%| F|  |TAMS 0x0000000085300000, 0x0000000085300000| Untracked 
|  68|0x0000000085400000, 0x0000000085400000, 0x0000000085500000|  0%| F|  |TAMS 0x0000000085400000, 0x0000000085400000| Untracked 
|  69|0x0000000085500000, 0x0000000085500000, 0x0000000085600000|  0%| F|  |TAMS 0x0000000085500000, 0x0000000085500000| Untracked 
|  70|0x0000000085600000, 0x0000000085600000, 0x0000000085700000|  0%| F|  |TAMS 0x0000000085600000, 0x0000000085600000| Untracked 
|  71|0x0000000085700000, 0x0000000085700000, 0x0000000085800000|  0%| F|  |TAMS 0x0000000085700000, 0x0000000085700000| Untracked 
|  72|0x0000000085800000, 0x0000000085800000, 0x0000000085900000|  0%| F|  |TAMS 0x0000000085800000, 0x0000000085800000| Untracked 
|  73|0x0000000085900000, 0x0000000085900000, 0x0000000085a00000|  0%| F|  |TAMS 0x0000000085900000, 0x0000000085900000| Untracked 
|  74|0x0000000085a00000, 0x0000000085a00000, 0x0000000085b00000|  0%| F|  |TAMS 0x0000000085a00000, 0x0000000085a00000| Untracked 
|  75|0x0000000085b00000, 0x0000000085b00000, 0x0000000085c00000|  0%| F|  |TAMS 0x0000000085b00000, 0x0000000085b00000| Untracked 
|  76|0x0000000085c00000, 0x0000000085c00000, 0x0000000085d00000|  0%| F|  |TAMS 0x0000000085c00000, 0x0000000085c00000| Untracked 
|  77|0x0000000085d00000, 0x0000000085d00000, 0x0000000085e00000|  0%| F|  |TAMS 0x0000000085d00000, 0x0000000085d00000| Untracked 
|  78|0x0000000085e00000, 0x0000000085e00000, 0x0000000085f00000|  0%| F|  |TAMS 0x0000000085e00000, 0x0000000085e00000| Untracked 
|  79|0x0000000085f00000, 0x0000000085f00000, 0x0000000086000000|  0%| F|  |TAMS 0x0000000085f00000, 0x0000000085f00000| Untracked 
|  80|0x0000000086000000, 0x0000000086000000, 0x0000000086100000|  0%| F|  |TAMS 0x0000000086000000, 0x0000000086000000| Untracked 
|  81|0x0000000086100000, 0x0000000086100000, 0x0000000086200000|  0%| F|  |TAMS 0x0000000086100000, 0x0000000086100000| Untracked 
|  82|0x0000000086200000, 0x0000000086200000, 0x0000000086300000|  0%| F|  |TAMS 0x0000000086200000, 0x0000000086200000| Untracked 
|  83|0x0000000086300000, 0x0000000086300000, 0x0000000086400000|  0%| F|  |TAMS 0x0000000086300000, 0x0000000086300000| Untracked 
|  84|0x0000000086400000, 0x0000000086400000, 0x0000000086500000|  0%| F|  |TAMS 0x0000000086400000, 0x0000000086400000| Untracked 
|  85|0x0000000086500000, 0x0000000086500000, 0x0000000086600000|  0%| F|  |TAMS 0x0000000086500000, 0x0000000086500000| Untracked 
|  86|0x0000000086600000, 0x0000000086600000, 0x0000000086700000|  0%| F|  |TAMS 0x0000000086600000, 0x0000000086600000| Untracked 
|  87|0x0000000086700000, 0x0000000086700000, 0x0000000086800000|  0%| F|  |TAMS 0x0000000086700000, 0x0000000086700000| Untracked 
|  88|0x0000000086800000, 0x0000000086800000, 0x0000000086900000|  0%| F|  |TAMS 0x0000000086800000, 0x0000000086800000| Untracked 
|  89|0x0000000086900000, 0x0000000086900000, 0x0000000086a00000|  0%| F|  |TAMS 0x0000000086900000, 0x0000000086900000| Untracked 
|  90|0x0000000086a00000, 0x0000000086a00000, 0x0000000086b00000|  0%| F|  |TAMS 0x0000000086a00000, 0x0000000086a00000| Untracked 
|  91|0x0000000086b00000, 0x0000000086b00000, 0x0000000086c00000|  0%| F|  |TAMS 0x0000000086b00000, 0x0000000086b00000| Untracked 
|  92|0x0000000086c00000, 0x0000000086c00000, 0x0000000086d00000|  0%| F|  |TAMS 0x0000000086c00000, 0x0000000086c00000| Untracked 
|  93|0x0000000086d00000, 0x0000000086d00000, 0x0000000086e00000|  0%| F|  |TAMS 0x0000000086d00000, 0x0000000086d00000| Untracked 
|  94|0x0000000086e00000, 0x0000000086e00000, 0x0000000086f00000|  0%| F|  |TAMS 0x0000000086e00000, 0x0000000086e00000| Untracked 
|  95|0x0000000086f00000, 0x0000000086f00000, 0x0000000087000000|  0%| F|  |TAMS 0x0000000086f00000, 0x0000000086f00000| Untracked 
|  96|0x0000000087000000, 0x0000000087000000, 0x0000000087100000|  0%| F|  |TAMS 0x0000000087000000, 0x0000000087000000| Untracked 
|  97|0x0000000087100000, 0x0000000087100000, 0x0000000087200000|  0%| F|  |TAMS 0x0000000087100000, 0x0000000087100000| Untracked 
|  98|0x0000000087200000, 0x0000000087200000, 0x0000000087300000|  0%| F|  |TAMS 0x0000000087200000, 0x0000000087200000| Untracked 
|  99|0x0000000087300000, 0x0000000087300000, 0x0000000087400000|  0%| F|  |TAMS 0x0000000087300000, 0x0000000087300000| Untracked 
| 100|0x0000000087400000, 0x0000000087400000, 0x0000000087500000|  0%| F|  |TAMS 0x0000000087400000, 0x0000000087400000| Untracked 
| 101|0x0000000087500000, 0x0000000087500000, 0x0000000087600000|  0%| F|  |TAMS 0x0000000087500000, 0x0000000087500000| Untracked 
| 102|0x0000000087600000, 0x0000000087600000, 0x0000000087700000|  0%| F|  |TAMS 0x0000000087600000, 0x0000000087600000| Untracked 
| 103|0x0000000087700000, 0x0000000087700000, 0x0000000087800000|  0%| F|  |TAMS 0x0000000087700000, 0x0000000087700000| Untracked 
| 104|0x0000000087800000, 0x0000000087800000, 0x0000000087900000|  0%| F|  |TAMS 0x0000000087800000, 0x0000000087800000| Untracked 
| 105|0x0000000087900000, 0x0000000087900000, 0x0000000087a00000|  0%| F|  |TAMS 0x0000000087900000, 0x0000000087900000| Untracked 
| 106|0x0000000087a00000, 0x0000000087a00000, 0x0000000087b00000|  0%| F|  |TAMS 0x0000000087a00000, 0x0000000087a00000| Untracked 
| 107|0x0000000087b00000, 0x0000000087b00000, 0x0000000087c00000|  0%| F|  |TAMS 0x0000000087b00000, 0x0000000087b00000| Untracked 
| 108|0x0000000087c00000, 0x0000000087c00000, 0x0000000087d00000|  0%| F|  |TAMS 0x0000000087c00000, 0x0000000087c00000| Untracked 
| 109|0x0000000087d00000, 0x0000000087d00000, 0x0000000087e00000|  0%| F|  |TAMS 0x0000000087d00000, 0x0000000087d00000| Untracked 
| 110|0x0000000087e00000, 0x0000000087e00000, 0x0000000087f00000|  0%| F|  |TAMS 0x0000000087e00000, 0x0000000087e00000| Untracked 
| 111|0x0000000087f00000, 0x0000000087f00000, 0x0000000088000000|  0%| F|  |TAMS 0x0000000087f00000, 0x0000000087f00000| Untracked 
| 112|0x0000000088000000, 0x0000000088000000, 0x0000000088100000|  0%| F|  |TAMS 0x0000000088000000, 0x0000000088000000| Untracked 
| 113|0x0000000088100000, 0x0000000088100000, 0x0000000088200000|  0%| F|  |TAMS 0x0000000088100000, 0x0000000088100000| Untracked 
| 114|0x0000000088200000, 0x0000000088200000, 0x0000000088300000|  0%| F|  |TAMS 0x0000000088200000, 0x0000000088200000| Untracked 
| 115|0x0000000088300000, 0x0000000088300000, 0x0000000088400000|  0%| F|  |TAMS 0x0000000088300000, 0x0000000088300000| Untracked 
| 116|0x0000000088400000, 0x0000000088400000, 0x0000000088500000|  0%| F|  |TAMS 0x0000000088400000, 0x0000000088400000| Untracked 
| 117|0x0000000088500000, 0x0000000088500000, 0x0000000088600000|  0%| F|  |TAMS 0x0000000088500000, 0x0000000088500000| Untracked 
| 118|0x0000000088600000, 0x0000000088600000, 0x0000000088700000|  0%| F|  |TAMS 0x0000000088600000, 0x0000000088600000| Untracked 
| 119|0x0000000088700000, 0x00000000887d7b38, 0x0000000088800000| 84%| E|  |TAMS 0x0000000088700000, 0x0000000088700000| Complete 
| 120|0x0000000088800000, 0x0000000088900000, 0x0000000088900000|100%| E|CS|TAMS 0x0000000088800000, 0x0000000088800000| Complete 
| 121|0x0000000088900000, 0x0000000088a00000, 0x0000000088a00000|100%| E|CS|TAMS 0x0000000088900000, 0x0000000088900000| Complete 
| 122|0x0000000088a00000, 0x0000000088b00000, 0x0000000088b00000|100%| E|CS|TAMS 0x0000000088a00000, 0x0000000088a00000| Complete 
| 123|0x0000000088b00000, 0x0000000088c00000, 0x0000000088c00000|100%| E|CS|TAMS 0x0000000088b00000, 0x0000000088b00000| Complete 
| 124|0x0000000088c00000, 0x0000000088d00000, 0x0000000088d00000|100%| E|CS|TAMS 0x0000000088c00000, 0x0000000088c00000| Complete 
| 125|0x0000000088d00000, 0x0000000088e00000, 0x0000000088e00000|100%| E|CS|TAMS 0x0000000088d00000, 0x0000000088d00000| Complete 
| 126|0x0000000088e00000, 0x0000000088f00000, 0x0000000088f00000|100%| E|CS|TAMS 0x0000000088e00000, 0x0000000088e00000| Complete 
| 127|0x0000000088f00000, 0x0000000089000000, 0x0000000089000000|100%| E|CS|TAMS 0x0000000088f00000, 0x0000000088f00000| Complete 

Card table byte_map: [0x00000268156c0000,0x0000026815ac0000] _byte_map_base: 0x00000268152b8000

Marking Bits (Prev, Next): (CMBitMap*) 0x0000026800c39c80, (CMBitMap*) 0x0000026800c39cc0
 Prev Bits: [0x0000026815ec0000, 0x0000026817e80000)
 Next Bits: [0x0000026817e80000, 0x0000026819e40000)

Polling page: 0x0000026800c90000

Metaspace:

Usage:
  Non-class:     11.50 MB used.
      Class:      1.17 MB used.
       Both:     12.67 MB used.

Virtual space:
  Non-class space:       64.00 MB reserved,      11.62 MB ( 18%) committed,  1 nodes.
      Class space:        1.00 GB reserved,       1.25 MB ( <1%) committed,  1 nodes.
             Both:        1.06 GB reserved,      12.88 MB (  1%) committed. 

Chunk freelists:
   Non-Class:  4.43 MB
       Class:  14.72 MB
        Both:  19.16 MB

MaxMetaspaceSize: unlimited
CompressedClassSpaceSize: 1.00 GB
Initial GC threshold: 21.00 MB
Current GC threshold: 21.00 MB
CDS: off
MetaspaceReclaimPolicy: balanced
 - commit_granule_bytes: 65536.
 - commit_granule_words: 8192.
 - virtual_space_node_default_size: 8388608.
 - enlarge_chunks_in_place: 1.
 - new_chunks_are_fully_committed: 0.
 - uncommit_free_chunks: 1.
 - use_allocation_guard: 0.
 - handle_deallocations: 1.


Internal statistics:

num_allocs_failed_limit: 0.
num_arena_births: 72.
num_arena_deaths: 0.
num_vsnodes_births: 2.
num_vsnodes_deaths: 0.
num_space_committed: 206.
num_space_uncommitted: 0.
num_chunks_returned_to_freelist: 0.
num_chunks_taken_from_freelist: 127.
num_chunk_merges: 0.
num_chunk_splits: 73.
num_chunks_enlarged: 38.
num_inconsistent_stats: 0.

CodeHeap 'non-profiled nmethods': size=120000Kb used=230Kb max_used=230Kb free=119769Kb
 bounds [0x000002680d550000, 0x000002680d7c0000, 0x0000026814a80000]
CodeHeap 'profiled nmethods': size=120000Kb used=1114Kb max_used=1114Kb free=118885Kb
 bounds [0x0000026805a80000, 0x0000026805cf0000, 0x000002680cfb0000]
CodeHeap 'non-nmethods': size=5760Kb used=1256Kb max_used=1256Kb free=4503Kb
 bounds [0x000002680cfb0000, 0x000002680d220000, 0x000002680d550000]
 total_blobs=1211 nmethods=719 adapters=405
 compilation: enabled
              stopped_count=0, restarted_count=0
 full_count=0

Compilation events (20 events):
Event: 14.976 Thread 0x000002681c7d3880  715       3       jdk.internal.org.objectweb.asm.Label::<init> (5 bytes)
Event: 14.976 Thread 0x000002681c7d3880 nmethod 715 0x0000026805b91410 code [0x0000026805b915a0, 0x0000026805b916f8]
Event: 14.976 Thread 0x000002681c7d3880  716       3       jdk.internal.org.objectweb.asm.ByteVector::<init> (13 bytes)
Event: 14.976 Thread 0x000002681c7d3880 nmethod 716 0x0000026805b91790 code [0x0000026805b91940, 0x0000026805b91b98]
Event: 14.976 Thread 0x000002681c7d3880  718       3       jdk.internal.org.objectweb.asm.ByteVector::putByteArray (49 bytes)
Event: 14.976 Thread 0x000002681c7d3880 nmethod 718 0x0000026805b91c90 code [0x0000026805b91e40, 0x0000026805b92118]
Event: 14.976 Thread 0x000002681c7d3880  717       3       jdk.internal.org.objectweb.asm.Label::resolve (219 bytes)
Event: 14.977 Thread 0x000002681c7d3880 nmethod 717 0x0000026805b92210 code [0x0000026805b923e0, 0x0000026805b92938]
Event: 14.977 Thread 0x000002681c7d3880  719       3       java.lang.invoke.MemberName::isCallerSensitive (8 bytes)
Event: 14.977 Thread 0x000002681c7d3880 nmethod 719 0x0000026805b92c90 code [0x0000026805b92e40, 0x0000026805b93078]
Event: 14.977 Thread 0x000002681c7d3880  720       3       jdk.internal.org.objectweb.asm.MethodVisitor::<init> (88 bytes)
Event: 14.978 Thread 0x000002681c7d3880 nmethod 720 0x0000026805b93190 code [0x0000026805b933e0, 0x0000026805b93cc8]
Event: 14.978 Thread 0x000002681c7d3880  721       3       jdk.internal.org.objectweb.asm.MethodWriter::visitInsn (115 bytes)
Event: 14.978 Thread 0x000002681c7d3880 nmethod 721 0x0000026805b93f90 code [0x0000026805b94160, 0x0000026805b94588]
Event: 15.169 Thread 0x000002681c7d3880  722       3       jdk.internal.ref.CleanerImpl::getCleanerImpl (13 bytes)
Event: 15.169 Thread 0x000002681c7d3880 nmethod 722 0x0000026805b94710 code [0x0000026805b948c0, 0x0000026805b94b68]
Event: 15.169 Thread 0x000002681c7d3880  723       3       java.lang.ref.Cleaner$1::apply (9 bytes)
Event: 15.170 Thread 0x000002681c7d3880 nmethod 723 0x0000026805b94c90 code [0x0000026805b94e40, 0x0000026805b950b8]
Event: 15.245 Thread 0x000002681c7d3880  724       3       java.lang.invoke.MethodHandles$Lookup::checkAccess (232 bytes)
Event: 15.246 Thread 0x000002681c7d3880 nmethod 724 0x0000026805b95190 code [0x0000026805b95480, 0x0000026805b964f8]

GC Heap History (0 events):
No events

Dll operation events (9 events):
Event: 0.009 Loaded shared library C:\eclipse\plugins\org.eclipse.justj.openjdk.hotspot.jre.full.win32.x86_64_17.0.10.v20240120-1143\jre\bin\java.dll
Event: 1.901 Loaded shared library C:\eclipse\plugins\org.eclipse.justj.openjdk.hotspot.jre.full.win32.x86_64_17.0.10.v20240120-1143\jre\bin\net.dll
Event: 1.927 Loaded shared library C:\eclipse\plugins\org.eclipse.justj.openjdk.hotspot.jre.full.win32.x86_64_17.0.10.v20240120-1143\jre\bin\nio.dll
Event: 2.443 Loaded shared library C:\eclipse\plugins\org.eclipse.justj.openjdk.hotspot.jre.full.win32.x86_64_17.0.10.v20240120-1143\jre\bin\zip.dll
Event: 8.076 Loaded shared library C:\eclipse\plugins\org.eclipse.justj.openjdk.hotspot.jre.full.win32.x86_64_17.0.10.v20240120-1143\jre\bin\zip.dll
Event: 8.079 Loaded shared library C:\eclipse\plugins\org.eclipse.justj.openjdk.hotspot.jre.full.win32.x86_64_17.0.10.v20240120-1143\jre\bin\instrument.dll
Event: 10.300 Loaded shared library C:\eclipse\plugins\org.eclipse.justj.openjdk.hotspot.jre.full.win32.x86_64_17.0.10.v20240120-1143\jre\bin\jimage.dll
Event: 11.217 Loaded shared library C:\eclipse\plugins\org.eclipse.justj.openjdk.hotspot.jre.full.win32.x86_64_17.0.10.v20240120-1143\jre\bin\verify.dll
Event: 14.401 Loaded shared library C:\eclipse\plugins\org.eclipse.justj.openjdk.hotspot.jre.full.win32.x86_64_17.0.10.v20240120-1143\jre\bin\awt.dll

Deoptimization events (20 events):
Event: 11.098 Thread 0x0000026800bde660 DEOPT PACKING pc=0x000002680d5752f8 sp=0x000000df57ffe090
Event: 11.098 Thread 0x0000026800bde660 DEOPT UNPACKING pc=0x000002680d0069a3 sp=0x000000df57ffdff0 mode 2
Event: 11.147 Thread 0x0000026800bde660 DEOPT PACKING pc=0x0000026805b1349f sp=0x000000df57ffde10
Event: 11.147 Thread 0x0000026800bde660 DEOPT UNPACKING pc=0x000002680d007143 sp=0x000000df57ffd2a8 mode 0
Event: 11.201 Thread 0x0000026800bde660 DEOPT PACKING pc=0x0000026805b447ac sp=0x000000df57ff9c30
Event: 11.201 Thread 0x0000026800bde660 DEOPT UNPACKING pc=0x000002680d007143 sp=0x000000df57ff9098 mode 0
Event: 11.206 Thread 0x0000026800bde660 Uncommon trap: trap_request=0xffffff45 fr.pc=0x000002680d57a610 relative=0x0000000000000090
Event: 11.206 Thread 0x0000026800bde660 Uncommon trap: reason=unstable_if action=reinterpret pc=0x000002680d57a610 method=jdk.internal.misc.Unsafe.convEndian(ZI)I @ 4 c2
Event: 11.206 Thread 0x0000026800bde660 DEOPT PACKING pc=0x000002680d57a610 sp=0x000000df57ffe030
Event: 11.206 Thread 0x0000026800bde660 DEOPT UNPACKING pc=0x000002680d0069a3 sp=0x000000df57ffdf70 mode 2
Event: 11.211 Thread 0x0000026800bde660 Uncommon trap: trap_request=0xffffff45 fr.pc=0x000002680d556360 relative=0x0000000000000060
Event: 11.211 Thread 0x0000026800bde660 Uncommon trap: reason=unstable_if action=reinterpret pc=0x000002680d556360 method=java.lang.String.isLatin1()Z @ 10 c2
Event: 11.211 Thread 0x0000026800bde660 DEOPT PACKING pc=0x000002680d556360 sp=0x000000df57ffe800
Event: 11.211 Thread 0x0000026800bde660 DEOPT UNPACKING pc=0x000002680d0069a3 sp=0x000000df57ffe7a0 mode 2
Event: 11.212 Thread 0x0000026800bde660 Uncommon trap: trap_request=0xffffff45 fr.pc=0x000002680d55847c relative=0x000000000000007c
Event: 11.212 Thread 0x0000026800bde660 Uncommon trap: reason=unstable_if action=reinterpret pc=0x000002680d55847c method=java.lang.String.isLatin1()Z @ 10 c2
Event: 11.212 Thread 0x0000026800bde660 DEOPT PACKING pc=0x000002680d55847c sp=0x000000df57fff210
Event: 11.212 Thread 0x0000026800bde660 DEOPT UNPACKING pc=0x000002680d0069a3 sp=0x000000df57fff160 mode 2
Event: 12.522 Thread 0x0000026800bde660 DEOPT PACKING pc=0x0000026805accb1f sp=0x000000df57ff9110
Event: 12.522 Thread 0x0000026800bde660 DEOPT UNPACKING pc=0x000002680d007143 sp=0x000000df57ff8570 mode 0

Classes unloaded (0 events):
No events

Classes redefined (0 events):
No events

Internal exceptions (11 events):
Event: 1.953 Thread 0x0000026800bde660 Exception <a 'java/lang/NoSuchMethodError'{0x0000000088fafb50}: 'void java.lang.invoke.DirectMethodHandle$Holder.invokeVirtual(java.lang.Object, java.lang.Object)'> (0x0000000088fafb50) 
thrown [s\src\hotspot\share\interpreter\linkResolver.cpp, line 759]
Event: 2.826 Thread 0x0000026800bde660 Exception <a 'java/lang/NoSuchMethodError'{0x0000000088d3aa48}: 'void java.lang.invoke.DirectMethodHandle$Holder.invokeSpecial(java.lang.Object, java.lang.Object, java.lang.Object)'> (0x0000000088d3aa48) 
thrown [s\src\hotspot\share\interpreter\linkResolver.cpp, line 759]
Event: 2.833 Thread 0x0000026800bde660 Exception <a 'java/lang/NoSuchMethodError'{0x0000000088d4fc68}: 'void java.lang.invoke.DirectMethodHandle$Holder.invokeSpecial(java.lang.Object, java.lang.Object, java.lang.Object, java.lang.Object, java.lang.Object)'> (0x0000000088d4fc68) 
thrown [s\src\hotspot\share\interpreter\linkResolver.cpp, line 759]
Event: 2.836 Thread 0x0000026800bde660 Exception <a 'java/lang/NoSuchMethodError'{0x0000000088d5f3c8}: 'java.lang.Object java.lang.invoke.DirectMethodHandle$Holder.invokeInterface(java.lang.Object, java.lang.Object)'> (0x0000000088d5f3c8) 
thrown [s\src\hotspot\share\interpreter\linkResolver.cpp, line 759]
Event: 2.837 Thread 0x0000026800bde660 Exception <a 'java/lang/IncompatibleClassChangeError'{0x0000000088d62918}: Found class java.lang.Object, but interface was expected> (0x0000000088d62918) 
thrown [s\src\hotspot\share\interpreter\linkResolver.cpp, line 826]
Event: 2.839 Thread 0x0000026800bde660 Exception <a 'java/lang/NoSuchMethodError'{0x0000000088d657e0}: 'void java.lang.invoke.DirectMethodHandle$Holder.invokeStatic(java.lang.Object, java.lang.Object, java.lang.Object, java.lang.Object)'> (0x0000000088d657e0) 
thrown [s\src\hotspot\share\interpreter\linkResolver.cpp, line 759]
Event: 13.383 Thread 0x0000026800bde660 Exception <a 'sun/nio/fs/WindowsException'{0x00000000889989d8}> (0x00000000889989d8) 
thrown [s\src\hotspot\share\prims\jni.cpp, line 516]
Event: 13.389 Thread 0x0000026800bde660 Exception <a 'java/lang/ClassNotFoundException'{0x00000000889c5f20}: sun/awt/resources/spi/awtProvider> (0x00000000889c5f20) 
thrown [s\src\hotspot\share\classfile\systemDictionary.cpp, line 256]
Event: 14.459 Thread 0x0000026800bde660 Exception <a 'java/io/FileNotFoundException'{0x0000000088823428}> (0x0000000088823428) 
thrown [s\src\hotspot\share\prims\jni.cpp, line 516]
Event: 14.465 Thread 0x0000026800bde660 Exception <a 'java/io/FileNotFoundException'{0x0000000088852510}> (0x0000000088852510) 
thrown [s\src\hotspot\share\prims\jni.cpp, line 516]
Event: 14.976 Thread 0x0000026800bde660 Exception <a 'java/lang/NoSuchMethodError'{0x000000008874c968}: 'java.lang.Object java.lang.invoke.DirectMethodHandle$Holder.invokeStaticInit(java.lang.Object)'> (0x000000008874c968) 
thrown [s\src\hotspot\share\interpreter\linkResolver.cpp, line 759]

VM Operations (16 events):
Event: 1.745 Executing VM operation: Cleanup
Event: 1.842 Executing VM operation: Cleanup done
Event: 2.451 Executing VM operation: HandshakeAllThreads
Event: 2.451 Executing VM operation: HandshakeAllThreads done
Event: 2.834 Executing VM operation: HandshakeAllThreads
Event: 2.834 Executing VM operation: HandshakeAllThreads done
Event: 3.843 Executing VM operation: Cleanup
Event: 3.843 Executing VM operation: Cleanup done
Event: 3.870 Executing VM operation: ChangeBreakpoints
Event: 6.291 Executing VM operation: ChangeBreakpoints done
Event: 8.316 Executing VM operation: Cleanup
Event: 8.853 Executing VM operation: Cleanup done
Event: 9.856 Executing VM operation: Cleanup
Event: 10.267 Executing VM operation: Cleanup done
Event: 11.283 Executing VM operation: Cleanup
Event: 12.519 Executing VM operation: Cleanup done

Events (20 events):
Event: 14.849 loading class sun/awt/SunToolkit$ModalityListenerList done
Event: 14.849 loading class sun/awt/util/PerformanceLogger
Event: 14.850 loading class sun/awt/util/PerformanceLogger done
Event: 14.850 loading class sun/awt/util/PerformanceLogger$TimeData
Event: 14.850 loading class sun/awt/util/PerformanceLogger$TimeData done
Event: 14.975 loading class sun/awt/windows/WToolkit$ToolkitDisposer
Event: 14.975 loading class sun/java2d/DisposerRecord
Event: 14.975 loading class sun/java2d/DisposerRecord done
Event: 14.975 loading class sun/awt/windows/WToolkit$ToolkitDisposer done
Event: 14.975 loading class sun/java2d/Disposer
Event: 14.975 loading class sun/java2d/Disposer done
Event: 14.975 loading class sun/java2d/Disposer$1
Event: 14.975 loading class sun/java2d/Disposer$1 done
Event: 14.976 loading class sun/awt/util/ThreadGroupUtils
Event: 14.977 loading class sun/awt/util/ThreadGroupUtils done
Event: 14.977 Thread 0x0000026821267e40 Thread added: 0x0000026821267e40
Event: 14.977 loading class sun/awt/AWTAutoShutdown
Event: 14.977 loading class sun/awt/AWTAutoShutdown done
Event: 14.978 Thread 0x0000026821268320 Thread added: 0x0000026821268320
Event: 15.170 Thread 0x000002681cb2ac30 Thread added: 0x000002681cb2ac30


Dynamic libraries:
0x00007ff784c40000 - 0x00007ff784c4e000 	C:\eclipse\plugins\org.eclipse.justj.openjdk.hotspot.jre.full.win32.x86_64_17.0.10.v20240120-1143\jre\bin\javaw.exe
0x00007fff29530000 - 0x00007fff29747000 	C:\WINDOWS\SYSTEM32\ntdll.dll
0x00007fff27a90000 - 0x00007fff27b54000 	C:\WINDOWS\System32\KERNEL32.DLL
0x00007fff269d0000 - 0x00007fff26da3000 	C:\WINDOWS\System32\KERNELBASE.dll
0x00007fff268b0000 - 0x00007fff269c1000 	C:\WINDOWS\System32\ucrtbase.dll
0x00007fff15aa0000 - 0x00007fff15ab7000 	C:\eclipse\plugins\org.eclipse.justj.openjdk.hotspot.jre.full.win32.x86_64_17.0.10.v20240120-1143\jre\bin\jli.dll
0x00007fff28100000 - 0x00007fff282b1000 	C:\WINDOWS\System32\USER32.dll
0x00007fff26640000 - 0x00007fff26666000 	C:\WINDOWS\System32\win32u.dll
0x00007fff27b60000 - 0x00007fff27b89000 	C:\WINDOWS\System32\GDI32.dll
0x00007fff26670000 - 0x00007fff2678b000 	C:\WINDOWS\System32\gdi32full.dll
0x00007fff26810000 - 0x00007fff268aa000 	C:\WINDOWS\System32\msvcp_win.dll
0x00007fff15ac0000 - 0x00007fff15adb000 	C:\eclipse\plugins\org.eclipse.justj.openjdk.hotspot.jre.full.win32.x86_64_17.0.10.v20240120-1143\jre\bin\VCRUNTIME140.dll
0x00007fff194d0000 - 0x00007fff19768000 	C:\WINDOWS\WinSxS\amd64_microsoft.windows.common-controls_6595b64144ccf1df_6.0.22621.5124_none_270e8f4f7386d69d\COMCTL32.dll
0x00007fff28410000 - 0x00007fff284b7000 	C:\WINDOWS\System32\msvcrt.dll
0x00007fff27870000 - 0x00007fff278a1000 	C:\WINDOWS\System32\IMM32.DLL
0x00007fff23450000 - 0x00007fff2345c000 	C:\eclipse\plugins\org.eclipse.justj.openjdk.hotspot.jre.full.win32.x86_64_17.0.10.v20240120-1143\jre\bin\vcruntime140_1.dll
0x00007fff05100000 - 0x00007fff0518d000 	C:\eclipse\plugins\org.eclipse.justj.openjdk.hotspot.jre.full.win32.x86_64_17.0.10.v20240120-1143\jre\bin\msvcp140.dll
0x00007ffec4c60000 - 0x00007ffec58c2000 	C:\eclipse\plugins\org.eclipse.justj.openjdk.hotspot.jre.full.win32.x86_64_17.0.10.v20240120-1143\jre\bin\server\jvm.dll
0x00007fff28030000 - 0x00007fff280e1000 	C:\WINDOWS\System32\ADVAPI32.dll
0x00007fff28d60000 - 0x00007fff28e08000 	C:\WINDOWS\System32\sechost.dll
0x00007fff271a0000 - 0x00007fff271c8000 	C:\WINDOWS\System32\bcrypt.dll
0x00007fff27f00000 - 0x00007fff28014000 	C:\WINDOWS\System32\RPCRT4.dll
0x00007fff25ed0000 - 0x00007fff25f1d000 	C:\WINDOWS\SYSTEM32\POWRPROF.dll
0x00007fff1a1d0000 - 0x00007fff1a1d9000 	C:\WINDOWS\SYSTEM32\WSOCK32.dll
0x00007fff28e10000 - 0x00007fff28e81000 	C:\WINDOWS\System32\WS2_32.dll
0x00007fff1b360000 - 0x00007fff1b394000 	C:\WINDOWS\SYSTEM32\WINMM.dll
0x00007fff1d790000 - 0x00007fff1d79a000 	C:\WINDOWS\SYSTEM32\VERSION.dll
0x00007fff25e70000 - 0x00007fff25e83000 	C:\WINDOWS\SYSTEM32\UMPDC.dll
0x00007fff25630000 - 0x00007fff25648000 	C:\WINDOWS\SYSTEM32\kernel.appcore.dll
0x00007fff21280000 - 0x00007fff2128a000 	C:\eclipse\plugins\org.eclipse.justj.openjdk.hotspot.jre.full.win32.x86_64_17.0.10.v20240120-1143\jre\bin\jimage.dll
0x00007fff1c9e0000 - 0x00007fff1cc12000 	C:\WINDOWS\SYSTEM32\DBGHELP.DLL
0x00007fff27340000 - 0x00007fff276d2000 	C:\WINDOWS\System32\combase.dll
0x00007fff28330000 - 0x00007fff28407000 	C:\WINDOWS\System32\OLEAUT32.dll
0x00007fff1c3b0000 - 0x00007fff1c3e2000 	C:\WINDOWS\SYSTEM32\dbgcore.DLL
0x00007fff26790000 - 0x00007fff2680b000 	C:\WINDOWS\System32\bcryptPrimitives.dll
0x00007fff02df0000 - 0x00007fff02e2b000 	C:\eclipse\plugins\org.eclipse.justj.openjdk.hotspot.jre.full.win32.x86_64_17.0.10.v20240120-1143\jre\bin\jdwp.dll
0x00007fff19980000 - 0x00007fff1998e000 	C:\eclipse\plugins\org.eclipse.justj.openjdk.hotspot.jre.full.win32.x86_64_17.0.10.v20240120-1143\jre\bin\instrument.dll
0x00007fff19ab0000 - 0x00007fff19ad5000 	C:\eclipse\plugins\org.eclipse.justj.openjdk.hotspot.jre.full.win32.x86_64_17.0.10.v20240120-1143\jre\bin\java.dll
0x00007fff19a90000 - 0x00007fff19aa8000 	C:\eclipse\plugins\org.eclipse.justj.openjdk.hotspot.jre.full.win32.x86_64_17.0.10.v20240120-1143\jre\bin\zip.dll
0x00007fff284c0000 - 0x00007fff28d56000 	C:\WINDOWS\System32\SHELL32.dll
0x00007fff26ef0000 - 0x00007fff2702f000 	C:\WINDOWS\System32\wintypes.dll
0x00007fff24510000 - 0x00007fff24e2a000 	C:\WINDOWS\SYSTEM32\windows.storage.dll
0x00007fff276e0000 - 0x00007fff277ea000 	C:\WINDOWS\System32\SHCORE.dll
0x00007fff282c0000 - 0x00007fff28323000 	C:\WINDOWS\System32\shlwapi.dll
0x00007fff26570000 - 0x00007fff2659b000 	C:\WINDOWS\SYSTEM32\profapi.dll
0x00007fff19a70000 - 0x00007fff19a89000 	C:\eclipse\plugins\org.eclipse.justj.openjdk.hotspot.jre.full.win32.x86_64_17.0.10.v20240120-1143\jre\bin\net.dll
0x00007fff21090000 - 0x00007fff211bc000 	C:\WINDOWS\SYSTEM32\WINHTTP.dll
0x00007fff25aa0000 - 0x00007fff25b0a000 	C:\WINDOWS\system32\mswsock.dll
0x00007fff19a50000 - 0x00007fff19a66000 	C:\eclipse\plugins\org.eclipse.justj.openjdk.hotspot.jre.full.win32.x86_64_17.0.10.v20240120-1143\jre\bin\nio.dll
0x00007fff15a80000 - 0x00007fff15a8c000 	C:\eclipse\plugins\org.eclipse.justj.openjdk.hotspot.jre.full.win32.x86_64_17.0.10.v20240120-1143\jre\bin\dt_socket.dll
0x00007fff250d0000 - 0x00007fff250fd000 	C:\WINDOWS\SYSTEM32\IPHLPAPI.DLL
0x00007fff25100000 - 0x00007fff25202000 	C:\WINDOWS\SYSTEM32\DNSAPI.dll
0x00007fff28020000 - 0x00007fff28029000 	C:\WINDOWS\System32\NSI.dll
0x00007fff1e2e0000 - 0x00007fff1e2ea000 	C:\Windows\System32\rasadhlp.dll
0x00007fff20130000 - 0x00007fff201b3000 	C:\WINDOWS\System32\fwpuclnt.dll
0x00007fff19a40000 - 0x00007fff19a50000 	C:\eclipse\plugins\org.eclipse.justj.openjdk.hotspot.jre.full.win32.x86_64_17.0.10.v20240120-1143\jre\bin\verify.dll
0x00007ffee54c0000 - 0x00007ffee5650000 	C:\eclipse\plugins\org.eclipse.justj.openjdk.hotspot.jre.full.win32.x86_64_17.0.10.v20240120-1143\jre\bin\awt.dll
0x00007fff236c0000 - 0x00007fff23757000 	C:\WINDOWS\SYSTEM32\apphelp.dll
0x00007fff23c30000 - 0x00007fff23ce3000 	C:\WINDOWS\system32\uxtheme.dll
0x00007fff27da0000 - 0x00007fff27f00000 	C:\WINDOWS\System32\MSCTF.dll

dbghelp: loaded successfully - version: 4.0.5 - missing functions: none
symbol engine: initialized successfully - sym options: 0x614 - pdb path: .;C:\eclipse\plugins\org.eclipse.justj.openjdk.hotspot.jre.full.win32.x86_64_17.0.10.v20240120-1143\jre\bin;C:\WINDOWS\SYSTEM32;C:\WINDOWS\WinSxS\amd64_microsoft.windows.common-controls_6595b64144ccf1df_6.0.22621.5124_none_270e8f4f7386d69d;C:\eclipse\plugins\org.eclipse.justj.openjdk.hotspot.jre.full.win32.x86_64_17.0.10.v20240120-1143\jre\bin\server

VM Arguments:
jvm_args: -XX:+ShowCodeDetailsInExceptionMessages -agentlib:jdwp=transport=dt_socket,suspend=y,address=localhost:57839 -javaagent:C:\eclipse\configuration\org.eclipse.osgi\442\0\.cp\lib\javaagent-shaded.jar -Dfile.encoding=UTF-8 -Dstdout.encoding=UTF-8 -Dstderr.encoding=UTF-8 --module-path=C:\Users\Alumno1\Documents\GitHub\proyecto_final\proyecto_final\Proyecto_final\bin;C:\Users\Alumno1\Documents\GitHub\proyecto_final\proyecto_final\Proyecto_final\src\Adopcion_de_animales\mysql-connector-java-8.0.20.jar -Djdk.module.main=Proyecto_final 
java_command: Proyecto_final/Adopcion_de_animales.gestionar_adopcion
java_class_path (initial): <not set>
Launcher Type: SUN_STANDARD

[Global flags]
     intx CICompilerCount                          = 3                                         {product} {ergonomic}
     uint ConcGCThreads                            = 2                                         {product} {ergonomic}
     uint G1ConcRefinementThreads                  = 6                                         {product} {ergonomic}
   size_t G1HeapRegionSize                         = 1048576                                   {product} {ergonomic}
    uintx GCDrainStackTargetSize                   = 64                                        {product} {ergonomic}
   size_t InitialHeapSize                          = 134217728                                 {product} {ergonomic}
   size_t MarkStackSize                            = 4194304                                   {product} {ergonomic}
   size_t MaxHeapSize                              = 2130706432                                {product} {ergonomic}
   size_t MaxNewSize                               = 1278214144                                {product} {ergonomic}
   size_t MinHeapDeltaBytes                        = 1048576                                   {product} {ergonomic}
   size_t MinHeapSize                              = 8388608                                   {product} {ergonomic}
    uintx NonNMethodCodeHeapSize                   = 5832780                                {pd product} {ergonomic}
    uintx NonProfiledCodeHeapSize                  = 122912730                              {pd product} {ergonomic}
    uintx ProfiledCodeHeapSize                     = 122912730                              {pd product} {ergonomic}
    uintx ReservedCodeCacheSize                    = 251658240                              {pd product} {ergonomic}
     bool SegmentedCodeCache                       = true                                      {product} {ergonomic}
     bool ShowCodeDetailsInExceptionMessages       = true                                   {manageable} {command line}
   size_t SoftMaxHeapSize                          = 2130706432                             {manageable} {ergonomic}
     bool UseCompressedClassPointers               = true                           {product lp64_product} {ergonomic}
     bool UseCompressedOops                        = true                           {product lp64_product} {ergonomic}
     bool UseG1GC                                  = true                                      {product} {ergonomic}
     bool UseLargePagesIndividualAllocation        = false                                  {pd product} {ergonomic}

Logging:
Log output configuration:
 #0: stdout all=warning uptime,level,tags
 #1: stderr all=off uptime,level,tags

Environment Variables:
PATH=C:\eclipse\plugins\org.eclipse.justj.openjdk.hotspot.jre.full.win32.x86_64_17.0.10.v20240120-1143\jre\bin;C:/eclipse//plugins/org.eclipse.justj.openjdk.hotspot.jre.full.win32.x86_64_17.0.10.v20240120-1143/jre/bin/server;C:/eclipse//plugins/org.eclipse.justj.openjdk.hotspot.jre.full.win32.x86_64_17.0.10.v20240120-1143/jre/bin;C:\Program Files\Common Files\Oracle\Java\javapath;C:\Program Files\Eclipse Adoptium\jdk-17.0.11.9-hotspot\bin;C:\WINDOWS\system32;C:\WINDOWS;C:\WINDOWS\System32\Wbem;C:\WINDOWS\System32\WindowsPowerShell\v1.0\;C:\WINDOWS\System32\OpenSSH\;C:\Program Files\PuTTY\;C:\Program Files\Microsoft VS Code\bin;C:\Program Files\Docker\Docker\resources\bin;C:\Program Files (x86)\BaseX\bin;C:\Users\Alumno1\AppData\Local\Programs\Eclipse Adoptium\jdk-21.0.7.6-hotspot\bin;C:\Users\Alumno1\AppData\Local\Microsoft\WindowsApps;C:\Users\Alumno1\AppData\Local\Programs\Git\cmd;C:\ProgramData\Alumno1\GitHubDesktop\bin;C:\Users\Alumno1\AppData\Local\GitHubDesktop\bin;C:\Users\Alumno1\AppData\Local\JetBrains\IntelliJ IDEA 2025.1\bin;;C:\eclipse;
USERNAME=Alumno1
OS=Windows_NT
PROCESSOR_IDENTIFIER=Intel64 Family 6 Model 158 Stepping 10, GenuineIntel
TMP=C:\Users\Alumno1\AppData\Local\Temp
TEMP=C:\Users\Alumno1\AppData\Local\Temp



Periodic native trim disabled


---------------  S Y S T E M  ---------------

OS:
 Windows 11 , 64 bit Build 22621 (10.0.22621.5124)
OS uptime: 0 days 2:47 hours
Hyper-V role detected

CPU: total 6 (initial active 6) (6 cores per cpu, 1 threads per core) family 6 model 158 stepping 10 microcode 0xde, cx8, cmov, fxsr, mmx, 3dnowpref, sse, sse2, sse3, ssse3, sse4.1, sse4.2, popcnt, lzcnt, tsc, tscinvbit, avx, avx2, aes, erms, clmul, bmi1, bmi2, adx, fma, vzeroupper, clflush, clflushopt, hv
Processor Information for all 6 processors :
  Max Mhz: 2904, Current Mhz: 2904, Mhz Limit: 2904

Memory: 4k page, system-wide physical 8127M (432M free)
TotalPageFile size 30227M (AvailPageFile size 64M)
current process WorkingSet (physical memory assigned to process): 60M, peak: 60M
current process commit charge ("private bytes"): 214M, peak: 214M

vm_info: OpenJDK 64-Bit Server VM (17.0.10+7) for windows-amd64 JRE (17.0.10+7), built on Jan 16 2024 23:25:11 by "admin" with MS VC++ 16.10 / 16.11 (VS2019)

END.
