#
# There is insufficient memory for the Java Runtime Environment to continue.
# Native memory allocation (mmap) failed to map 65536 bytes for Failed to commit metaspace.
# Possible reasons:
#   The system is out of physical RAM or swap space
#   The process is running with CompressedOops enabled, and the Java Heap may be blocking the growth of the native heap
# Possible solutions:
#   Reduce memory load on the system
#   Increase physical memory or swap space
#   Check if swap backing store is full
#   Decrease Java heap size (-Xmx/-Xms)
#   Decrease number of Java threads
#   Decrease Java thread stack sizes (-Xss)
#   Set larger code cache with -XX:ReservedCodeCacheSize=
#   JVM is running with Unscaled Compressed Oops mode in which the Java heap is
#     placed in the first 4GB address space. The Java Heap base address is the
#     maximum limit for the native heap growth. Please use -XX:HeapBaseMinAddress
#     to set the Java Heap base and to place the Java Heap above 4GB virtual address.
# This output file may be truncated or incomplete.
#
#  Out of Memory Error (virtualSpaceNode.cpp:110), pid=21312, tid=39644
#
# JRE version: OpenJDK Runtime Environment Temurin-17.0.10+7 (17.0.10+7) (build 17.0.10+7)
# Java VM: OpenJDK 64-Bit Server VM Temurin-17.0.10+7 (17.0.10+7, mixed mode, tiered, compressed oops, compressed class ptrs, g1 gc, windows-amd64)
# No core dump will be written. Minidumps are not enabled by default on client versions of Windows
#

---------------  S U M M A R Y ------------

Command Line: -XX:+ShowCodeDetailsInExceptionMessages -agentlib:jdwp=transport=dt_socket,suspend=y,address=localhost:57638 -javaagent:C:\eclipse\configuration\org.eclipse.osgi\442\0\.cp\lib\javaagent-shaded.jar -Dfile.encoding=UTF-8 -Dstdout.encoding=UTF-8 -Dstderr.encoding=UTF-8 --module-path=C:\Users\Alumno1\Documents\GitHub\proyecto_final\proyecto_final\Proyecto_final\bin;C:\Users\Alumno1\Documents\GitHub\proyecto_final\proyecto_final\Proyecto_final\src\Adopcion_de_animales\mysql-connector-java-8.0.20.jar -Djdk.module.main=Proyecto_final Proyecto_final/Adopcion_de_animales.gestionar_adopcion

Host: Intel(R) Core(TM) i5-9400F CPU @ 2.90GHz, 6 cores, 7G,  Windows 11 , 64 bit Build 22621 (10.0.22621.5124)
Time: Mon May 12 11:10:21 2025 Hora de verano romance elapsed time: 14.908322 seconds (0d 0h 0m 14s)

---------------  T H R E A D  ---------------

Current thread (0x00000221d99979a0):  JavaThread "AWT-EventQueue-0" [_thread_in_vm, id=39644, stack(0x000000a8db200000,0x000000a8db300000)]

Stack: [0x000000a8db200000,0x000000a8db300000]
Native frames: (J=compiled Java code, j=interpreted, Vv=VM code, C=native code)
V  [jvm.dll+0x67d2c9]
V  [jvm.dll+0x834afa]
V  [jvm.dll+0x8365be]
V  [jvm.dll+0x836c23]
V  [jvm.dll+0x2477ff]
V  [jvm.dll+0x8307bb]
V  [jvm.dll+0x621d16]
V  [jvm.dll+0x621d7a]
V  [jvm.dll+0x6245aa]
V  [jvm.dll+0x6226b6]
V  [jvm.dll+0x24516c]
V  [jvm.dll+0x6d413d]
V  [jvm.dll+0x6d4b7f]
V  [jvm.dll+0x373644]
V  [jvm.dll+0x3726c4]
V  [jvm.dll+0x372668]
V  [jvm.dll+0x564ab5]
V  [jvm.dll+0x5639c4]
V  [jvm.dll+0x386672]
V  [jvm.dll+0x385cdf]
C  0x00000221c54b6059

The last pc belongs to invokestatic (printed below).
Java frames: (J=compiled Java code, j=interpreted, Vv=VM code)
j  javax.swing.RepaintManager.getDelegate(Ljava/awt/Component;)Ljavax/swing/RepaintManager;+1 java.desktop@17.0.10
j  javax.swing.RepaintManager.addDirtyRegion(Ljavax/swing/JComponent;IIII)V+2 java.desktop@17.0.10
j  javax.swing.JComponent.repaint(JIIII)V+15 java.desktop@17.0.10
j  java.awt.Component.repaint()V+12 java.desktop@17.0.10
j  javax.swing.JComponent.setFont(Ljava/awt/Font;)V+20 java.desktop@17.0.10
j  javax.swing.LookAndFeel.installColorsAndFont(Ljavax/swing/JComponent;Ljava/lang/String;Ljava/lang/String;Ljava/lang/String;)V+24 java.desktop@17.0.10
j  javax.swing.plaf.basic.BasicPanelUI.installDefaults(Ljavax/swing/JPanel;)V+7 java.desktop@17.0.10
j  javax.swing.plaf.basic.BasicPanelUI.installUI(Ljavax/swing/JComponent;)V+12 java.desktop@17.0.10
j  javax.swing.JComponent.setUI(Ljavax/swing/plaf/ComponentUI;)V+52 java.desktop@17.0.10
j  javax.swing.JPanel.setUI(Ljavax/swing/plaf/PanelUI;)V+2 java.desktop@17.0.10
j  javax.swing.JPanel.updateUI()V+8 java.desktop@17.0.10
j  javax.swing.JPanel.<init>(Ljava/awt/LayoutManager;Z)V+24 java.desktop@17.0.10
j  javax.swing.JPanel.<init>(Z)V+9 java.desktop@17.0.10
j  javax.swing.JPanel.<init>()V+2 java.desktop@17.0.10
j  javax.swing.JRootPane.createGlassPane()Ljava/awt/Component;+4 java.desktop@17.0.10
j  javax.swing.JRootPane.<init>()V+11 java.desktop@17.0.10
j  javax.swing.JFrame.createRootPane()Ljavax/swing/JRootPane;+4 java.desktop@17.0.10
j  javax.swing.JFrame.frameInit()V+16 java.desktop@17.0.10
j  javax.swing.JFrame.<init>()V+20 java.desktop@17.0.10
j  Adopcion_de_animales.gestionar_adopcion.<init>()V+1 Proyecto_final
j  Adopcion_de_animales.gestionar_adopcion$3.run()V+4 Proyecto_final
j  java.awt.event.InvocationEvent.dispatch()V+47 java.desktop@17.0.10
j  java.awt.EventQueue.dispatchEventImpl(Ljava/awt/AWTEvent;Ljava/lang/Object;)V+21 java.desktop@17.0.10
j  java.awt.EventQueue$4.run()Ljava/lang/Void;+32 java.desktop@17.0.10
j  java.awt.EventQueue$4.run()Ljava/lang/Object;+1 java.desktop@17.0.10
j  java.security.AccessController.executePrivileged(Ljava/security/PrivilegedAction;Ljava/security/AccessControlContext;Ljava/lang/Class;)Ljava/lang/Object;+29 java.base@17.0.10
j  java.security.AccessController.doPrivileged(Ljava/security/PrivilegedAction;Ljava/security/AccessControlContext;)Ljava/lang/Object;+13 java.base@17.0.10
j  java.security.ProtectionDomain$JavaSecurityAccessImpl.doIntersectionPrivilege(Ljava/security/PrivilegedAction;Ljava/security/AccessControlContext;Ljava/security/AccessControlContext;)Ljava/lang/Object;+18 java.base@17.0.10
j  java.awt.EventQueue.dispatchEvent(Ljava/awt/AWTEvent;)V+46 java.desktop@17.0.10
j  java.awt.EventDispatchThread.pumpOneEventForFilters(I)V+78 java.desktop@17.0.10
j  java.awt.EventDispatchThread.pumpEventsForFilter(ILjava/awt/Conditional;Ljava/awt/EventFilter;)V+35 java.desktop@17.0.10
j  java.awt.EventDispatchThread.pumpEventsForHierarchy(ILjava/awt/Conditional;Ljava/awt/Component;)V+11 java.desktop@17.0.10
j  java.awt.EventDispatchThread.pumpEvents(ILjava/awt/Conditional;)V+4 java.desktop@17.0.10
j  java.awt.EventDispatchThread.pumpEvents(Ljava/awt/Conditional;)V+3 java.desktop@17.0.10
j  java.awt.EventDispatchThread.run()V+9 java.desktop@17.0.10
v  ~StubRoutines::call_stub
invokestatic  184 invokestatic  [0x00000221c54b5fa0, 0x00000221c54b6320]  896 bytes
[MachCode]
  0x00000221c54b5fa0: 4883 ec08 | c5fa 1104 | 24eb 1f48 | 83ec 10c5 | fb11 0424 | eb14 4883 | ec10 4889 | 0424 48c7 
  0x00000221c54b5fc0: 4424 0800 | 0000 00eb | 0150 4c89 | 6dc0 410f | b755 0148 | 8b4d d0c1 | e202 8b5c | d120 c1eb 
  0x00000221c54b5fe0: 1081 e3ff | 0000 0081 | fbb8 0000 | 000f 847b | 0100 00bb | b800 0000 | e805 0000 | 00e9 6001 
  0x00000221c54b6000: 0000 488b | d348 8d44 | 2408 4c89 | 6dc0 498b | cfc5 f877 | 4989 afa8 | 0200 0049 | 8987 9802 
  0x00000221c54b6020: 0000 4883 | ec20 f7c4 | 0f00 0000 | 0f84 1a00 | 0000 4883 | ec08 49ba | 705c fec4 | fe7f 0000 
  0x00000221c54b6040: 41ff d248 | 83c4 08e9 | 0d00 0000 | 49ba 705c | fec4 fe7f | 0000 41ff | d248 83c4 | 2049 c787 
  0x00000221c54b6060: 9802 0000 | 0000 0000 | 49c7 87a8 | 0200 0000 | 0000 0049 | c787 a002 | 0000 0000 | 0000 c5f8 
  0x00000221c54b6080: 7741 8b8f | 0c04 0000 | f7c1 0100 | 0000 0f84 | 4900 0000 | f7c1 0200 | 0000 0f85 | 3d00 0000 
  0x00000221c54b60a0: 4883 ec20 | f7c4 0f00 | 0000 0f84 | 1a00 0000 | 4883 ec08 | 49ba 5000 | fec4 fe7f | 0000 41ff 
  0x00000221c54b60c0: d248 83c4 | 08e9 0d00 | 0000 49ba | 5000 fec4 | fe7f 0000 | 41ff d248 | 83c4 20ff | e049 8b8f 
  0x00000221c54b60e0: 9004 0000 | 4885 c90f | 8459 0000 | 008b 898c | 0000 0083 | f901 0f85 | 4a00 0000 | 498b 8f90 
  0x00000221c54b6100: 0400 008b | 8990 0000 | 0048 83ec | 20f7 c40f | 0000 000f | 841a 0000 | 0048 83ec | 0849 ba40 
  0x00000221c54b6120: 00fe c4fe | 7f00 0041 | ffd2 4883 | c408 e90d | 0000 0049 | ba40 00fe | c4fe 7f00 | 0041 ffd2 
  0x00000221c54b6140: 4883 c420 | ffe0 4981 | 7f08 0000 | 0000 0f84 | 0500 0000 | e9a7 adfd | ff4c 8b6d | c04c 8b75 
  0x00000221c54b6160: c8c3 410f | b755 0148 | 8b4d d0c1 | e202 488b | 5cd1 2848 | 8b5b 0848 | 8b5b 0848 | 8b5b 1880 
  0x00000221c54b6180: bb33 0100 | 0004 0f84 | 0d00 0000 | 4c3b bb38 | 0100 000f | 855a feff | ff48 8b5c | d128 8b54 
  0x00000221c54b61a0: d138 c1ea | 1c49 baa0 | 6080 c5fe | 7f00 0049 | 8b14 d252 | 488b 45d8 | 4885 c00f | 8412 0000 
  0x00000221c54b61c0: 0048 8340 | 0801 4883 | 5808 0048 | 83c0 1048 | 8945 d848 | 8b45 d848 | 85c0 0f84 | 2301 0000 
  0x00000221c54b61e0: 8078 f00a | 0f85 1901 | 0000 4883 | c008 4c8b | 68f8 4183 | ed00 4183 | fd02 0f8c | f800 0000 
  0x00000221c54b6200: 4c8b 6b08 | 450f b76d | 2c4c 2b28 | 4183 ed01 | 4e8b 6cec | 084d 85ed | 7507 4883 | 4808 01eb 
  0x00000221c54b6220: 4a45 8b6d | 0849 c1e5 | 034c 3368 | 0849 f7c5 | fcff ffff | 7435 49f7 | c502 0000 | 0075 2c48 
  0x00000221c54b6240: 8178 0800 | 0000 0074 | 1e48 8178 | 0801 0000 | 0074 144c | 3368 0849 | f7c5 fcff | ffff 740b 
  0x00000221c54b6260: 4883 4808 | 02eb 044c | 8968 0848 | 83c0 104c | 8b68 e841 | 83ed 0241 | 83fd 020f | 8c77 0000 
  0x00000221c54b6280: 004c 8b6b | 0845 0fb7 | 6d2c 4c2b | 2841 83ed | 014e 8b6c | ec08 4d85 | ed75 0748 | 8348 0801 
  0x00000221c54b62a0: eb4a 458b | 6d08 49c1 | e503 4c33 | 6808 49f7 | c5fc ffff | ff74 3549 | f7c5 0200 | 0000 752c 
  0x00000221c54b62c0: 4881 7808 | 0000 0000 | 741e 4881 | 7808 0100 | 0000 7414 | 4c33 6808 | 49f7 c5fc | ffff ff74 
  0x00000221c54b62e0: 0b48 8348 | 0802 eb04 | 4c89 6808 | 4883 c010 | 4c8b 68d8 | 4183 ed04 | 41c1 e503 | 4903 c548 
  0x00000221c54b6300: 8945 d84c | 8d6c 2408 | 4c89 6df0 | 4180 bf98 | 0400 0000 | 7403 ff63 | 38ff 6350 | 0f1f 4000 
[/MachCode]

---------------  P R O C E S S  ---------------

Threads class SMR info:
_java_thread_list=0x00000221d9162540, length=19, elements={
0x00000221d4be6890, 0x00000221d4be7cb0, 0x00000221d4c0e630, 0x00000221d9035020,
0x00000221d90358f0, 0x00000221d90361c0, 0x00000221d9036dc0, 0x00000221d90a29b0,
0x00000221d90a7690, 0x00000221d4b803d0, 0x00000221d93b1c00, 0x00000221d93b5120,
0x00000221d93b7630, 0x00000221d97c9780, 0x00000221d98a51a0, 0x00000221d98da040,
0x00000221d98db930, 0x00000221d99979a0, 0x00000221b909e9a0
}

Java Threads: ( => current thread )
  0x00000221d4be6890 JavaThread "Reference Handler" daemon [_thread_blocked, id=24352, stack(0x000000a8da000000,0x000000a8da100000)]
  0x00000221d4be7cb0 JavaThread "Finalizer" daemon [_thread_blocked, id=24356, stack(0x000000a8da100000,0x000000a8da200000)]
  0x00000221d4c0e630 JavaThread "Signal Dispatcher" daemon [_thread_blocked, id=24364, stack(0x000000a8da200000,0x000000a8da300000)]
  0x00000221d9035020 JavaThread "Attach Listener" daemon [_thread_blocked, id=24368, stack(0x000000a8da300000,0x000000a8da400000)]
  0x00000221d90358f0 JavaThread "Service Thread" daemon [_thread_blocked, id=24372, stack(0x000000a8da400000,0x000000a8da500000)]
  0x00000221d90361c0 JavaThread "Monitor Deflation Thread" daemon [_thread_blocked, id=24376, stack(0x000000a8da500000,0x000000a8da600000)]
  0x00000221d9036dc0 JavaThread "C2 CompilerThread0" daemon [_thread_blocked, id=24380, stack(0x000000a8da600000,0x000000a8da700000)]
  0x00000221d90a29b0 JavaThread "C1 CompilerThread0" daemon [_thread_blocked, id=24632, stack(0x000000a8da700000,0x000000a8da800000)]
  0x00000221d90a7690 JavaThread "Sweeper thread" daemon [_thread_blocked, id=24760, stack(0x000000a8da800000,0x000000a8da900000)]
  0x00000221d4b803d0 JavaThread "Common-Cleaner" daemon [_thread_blocked, id=24832, stack(0x000000a8da900000,0x000000a8daa00000)]
  0x00000221d93b1c00 JavaThread "JDWP Transport Listener: dt_socket" daemon [_thread_blocked, id=25612, stack(0x000000a8daa00000,0x000000a8dab00000)]
  0x00000221d93b5120 JavaThread "JDWP Event Helper Thread" daemon [_thread_blocked, id=25632, stack(0x000000a8dab00000,0x000000a8dac00000)]
  0x00000221d93b7630 JavaThread "JDWP Command Reader" daemon [_thread_in_native, id=25768, stack(0x000000a8dac00000,0x000000a8dad00000)]
  0x00000221d97c9780 JavaThread "Notification Thread" daemon [_thread_blocked, id=36044, stack(0x000000a8dad00000,0x000000a8dae00000)]
  0x00000221d98a51a0 JavaThread "Java2D Disposer" daemon [_thread_blocked, id=39152, stack(0x000000a8daf00000,0x000000a8db000000)]
  0x00000221d98da040 JavaThread "AWT-Shutdown" [_thread_blocked, id=39156, stack(0x000000a8db000000,0x000000a8db100000)]
  0x00000221d98db930 JavaThread "AWT-Windows" daemon [_thread_in_native, id=39392, stack(0x000000a8db100000,0x000000a8db200000)]
=>0x00000221d99979a0 JavaThread "AWT-EventQueue-0" [_thread_in_vm, id=39644, stack(0x000000a8db200000,0x000000a8db300000)]
  0x00000221b909e9a0 JavaThread "DestroyJavaVM" [_thread_blocked, id=23384, stack(0x000000a8d9800000,0x000000a8d9900000)]

Other Threads:
  0x00000221d4be24c0 VMThread "VM Thread" [stack: 0x000000a8d9f00000,0x000000a8da000000] [id=24192]
  0x00000221d97c9c60 WatcherThread [stack: 0x000000a8dae00000,0x000000a8daf00000] [id=36048]
  0x00000221b90f9aa0 GCTaskThread "GC Thread#0" [stack: 0x000000a8d9a00000,0x000000a8d9b00000] [id=23756]
  0x00000221b910a6f0 ConcurrentGCThread "G1 Main Marker" [stack: 0x000000a8d9b00000,0x000000a8d9c00000] [id=23760]
  0x00000221b910b010 ConcurrentGCThread "G1 Conc#0" [stack: 0x000000a8d9c00000,0x000000a8d9d00000] [id=23764]
  0x00000221d4a4c110 ConcurrentGCThread "G1 Refine#0" [stack: 0x000000a8d9d00000,0x000000a8d9e00000] [id=23768]
  0x00000221d4a4ca40 ConcurrentGCThread "G1 Service" [stack: 0x000000a8d9e00000,0x000000a8d9f00000] [id=23772]

Threads with active compile tasks:

VM state: not at safepoint (normal execution)

VM Mutex/Monitor currently owned by a thread:  ([mutex/lock_event])
[0x00000221b90977c0] Metaspace_lock - owner thread: 0x00000221d99979a0

Heap address: 0x0000000081000000, size: 2032 MB, Compressed Oops mode: 32-bit

CDS archive(s) not mapped
Compressed class space mapped at: 0x0000000100000000-0x0000000140000000, reserved size: 1073741824
Narrow klass base: 0x0000000000000000, Narrow klass shift: 3, Narrow klass range: 0x140000000

GC Precious Log:
 CPUs: 6 total, 6 available
 Memory: 8127M
 Large Page Support: Disabled
 NUMA Support: Disabled
 Compressed Oops: Enabled (32-bit)
 Heap Region Size: 1M
 Heap Min Capacity: 8M
 Heap Initial Capacity: 128M
 Heap Max Capacity: 2032M
 Pre-touch: Disabled
 Parallel Workers: 6
 Concurrent Workers: 2
 Concurrent Refinement Workers: 6
 Periodic GC: Disabled

Heap:
 garbage-first heap   total 131072K, used 11264K [0x0000000081000000, 0x0000000100000000)
  region size 1024K, 13 young (13312K), 0 survivors (0K)
 Metaspace       used 14491K, committed 14656K, reserved 1114112K
  class space    used 1386K, committed 1472K, reserved 1048576K

Heap Regions: E=young(eden), S=young(survivor), O=old, HS=humongous(starts), HC=humongous(continues), CS=collection set, F=free, OA=open archive, CA=closed archive, TAMS=top-at-mark-start (previous, next)
|   0|0x0000000081000000, 0x0000000081000000, 0x0000000081100000|  0%| F|  |TAMS 0x0000000081000000, 0x0000000081000000| Untracked 
|   1|0x0000000081100000, 0x0000000081100000, 0x0000000081200000|  0%| F|  |TAMS 0x0000000081100000, 0x0000000081100000| Untracked 
|   2|0x0000000081200000, 0x0000000081200000, 0x0000000081300000|  0%| F|  |TAMS 0x0000000081200000, 0x0000000081200000| Untracked 
|   3|0x0000000081300000, 0x0000000081300000, 0x0000000081400000|  0%| F|  |TAMS 0x0000000081300000, 0x0000000081300000| Untracked 
|   4|0x0000000081400000, 0x0000000081400000, 0x0000000081500000|  0%| F|  |TAMS 0x0000000081400000, 0x0000000081400000| Untracked 
|   5|0x0000000081500000, 0x0000000081500000, 0x0000000081600000|  0%| F|  |TAMS 0x0000000081500000, 0x0000000081500000| Untracked 
|   6|0x0000000081600000, 0x0000000081600000, 0x0000000081700000|  0%| F|  |TAMS 0x0000000081600000, 0x0000000081600000| Untracked 
|   7|0x0000000081700000, 0x0000000081700000, 0x0000000081800000|  0%| F|  |TAMS 0x0000000081700000, 0x0000000081700000| Untracked 
|   8|0x0000000081800000, 0x0000000081800000, 0x0000000081900000|  0%| F|  |TAMS 0x0000000081800000, 0x0000000081800000| Untracked 
|   9|0x0000000081900000, 0x0000000081900000, 0x0000000081a00000|  0%| F|  |TAMS 0x0000000081900000, 0x0000000081900000| Untracked 
|  10|0x0000000081a00000, 0x0000000081a00000, 0x0000000081b00000|  0%| F|  |TAMS 0x0000000081a00000, 0x0000000081a00000| Untracked 
|  11|0x0000000081b00000, 0x0000000081b00000, 0x0000000081c00000|  0%| F|  |TAMS 0x0000000081b00000, 0x0000000081b00000| Untracked 
|  12|0x0000000081c00000, 0x0000000081c00000, 0x0000000081d00000|  0%| F|  |TAMS 0x0000000081c00000, 0x0000000081c00000| Untracked 
|  13|0x0000000081d00000, 0x0000000081d00000, 0x0000000081e00000|  0%| F|  |TAMS 0x0000000081d00000, 0x0000000081d00000| Untracked 
|  14|0x0000000081e00000, 0x0000000081e00000, 0x0000000081f00000|  0%| F|  |TAMS 0x0000000081e00000, 0x0000000081e00000| Untracked 
|  15|0x0000000081f00000, 0x0000000081f00000, 0x0000000082000000|  0%| F|  |TAMS 0x0000000081f00000, 0x0000000081f00000| Untracked 
|  16|0x0000000082000000, 0x0000000082000000, 0x0000000082100000|  0%| F|  |TAMS 0x0000000082000000, 0x0000000082000000| Untracked 
|  17|0x0000000082100000, 0x0000000082100000, 0x0000000082200000|  0%| F|  |TAMS 0x0000000082100000, 0x0000000082100000| Untracked 
|  18|0x0000000082200000, 0x0000000082200000, 0x0000000082300000|  0%| F|  |TAMS 0x0000000082200000, 0x0000000082200000| Untracked 
|  19|0x0000000082300000, 0x0000000082300000, 0x0000000082400000|  0%| F|  |TAMS 0x0000000082300000, 0x0000000082300000| Untracked 
|  20|0x0000000082400000, 0x0000000082400000, 0x0000000082500000|  0%| F|  |TAMS 0x0000000082400000, 0x0000000082400000| Untracked 
|  21|0x0000000082500000, 0x0000000082500000, 0x0000000082600000|  0%| F|  |TAMS 0x0000000082500000, 0x0000000082500000| Untracked 
|  22|0x0000000082600000, 0x0000000082600000, 0x0000000082700000|  0%| F|  |TAMS 0x0000000082600000, 0x0000000082600000| Untracked 
|  23|0x0000000082700000, 0x0000000082700000, 0x0000000082800000|  0%| F|  |TAMS 0x0000000082700000, 0x0000000082700000| Untracked 
|  24|0x0000000082800000, 0x0000000082800000, 0x0000000082900000|  0%| F|  |TAMS 0x0000000082800000, 0x0000000082800000| Untracked 
|  25|0x0000000082900000, 0x0000000082900000, 0x0000000082a00000|  0%| F|  |TAMS 0x0000000082900000, 0x0000000082900000| Untracked 
|  26|0x0000000082a00000, 0x0000000082a00000, 0x0000000082b00000|  0%| F|  |TAMS 0x0000000082a00000, 0x0000000082a00000| Untracked 
|  27|0x0000000082b00000, 0x0000000082b00000, 0x0000000082c00000|  0%| F|  |TAMS 0x0000000082b00000, 0x0000000082b00000| Untracked 
|  28|0x0000000082c00000, 0x0000000082c00000, 0x0000000082d00000|  0%| F|  |TAMS 0x0000000082c00000, 0x0000000082c00000| Untracked 
|  29|0x0000000082d00000, 0x0000000082d00000, 0x0000000082e00000|  0%| F|  |TAMS 0x0000000082d00000, 0x0000000082d00000| Untracked 
|  30|0x0000000082e00000, 0x0000000082e00000, 0x0000000082f00000|  0%| F|  |TAMS 0x0000000082e00000, 0x0000000082e00000| Untracked 
|  31|0x0000000082f00000, 0x0000000082f00000, 0x0000000083000000|  0%| F|  |TAMS 0x0000000082f00000, 0x0000000082f00000| Untracked 
|  32|0x0000000083000000, 0x0000000083000000, 0x0000000083100000|  0%| F|  |TAMS 0x0000000083000000, 0x0000000083000000| Untracked 
|  33|0x0000000083100000, 0x0000000083100000, 0x0000000083200000|  0%| F|  |TAMS 0x0000000083100000, 0x0000000083100000| Untracked 
|  34|0x0000000083200000, 0x0000000083200000, 0x0000000083300000|  0%| F|  |TAMS 0x0000000083200000, 0x0000000083200000| Untracked 
|  35|0x0000000083300000, 0x0000000083300000, 0x0000000083400000|  0%| F|  |TAMS 0x0000000083300000, 0x0000000083300000| Untracked 
|  36|0x0000000083400000, 0x0000000083400000, 0x0000000083500000|  0%| F|  |TAMS 0x0000000083400000, 0x0000000083400000| Untracked 
|  37|0x0000000083500000, 0x0000000083500000, 0x0000000083600000|  0%| F|  |TAMS 0x0000000083500000, 0x0000000083500000| Untracked 
|  38|0x0000000083600000, 0x0000000083600000, 0x0000000083700000|  0%| F|  |TAMS 0x0000000083600000, 0x0000000083600000| Untracked 
|  39|0x0000000083700000, 0x0000000083700000, 0x0000000083800000|  0%| F|  |TAMS 0x0000000083700000, 0x0000000083700000| Untracked 
|  40|0x0000000083800000, 0x0000000083800000, 0x0000000083900000|  0%| F|  |TAMS 0x0000000083800000, 0x0000000083800000| Untracked 
|  41|0x0000000083900000, 0x0000000083900000, 0x0000000083a00000|  0%| F|  |TAMS 0x0000000083900000, 0x0000000083900000| Untracked 
|  42|0x0000000083a00000, 0x0000000083a00000, 0x0000000083b00000|  0%| F|  |TAMS 0x0000000083a00000, 0x0000000083a00000| Untracked 
|  43|0x0000000083b00000, 0x0000000083b00000, 0x0000000083c00000|  0%| F|  |TAMS 0x0000000083b00000, 0x0000000083b00000| Untracked 
|  44|0x0000000083c00000, 0x0000000083c00000, 0x0000000083d00000|  0%| F|  |TAMS 0x0000000083c00000, 0x0000000083c00000| Untracked 
|  45|0x0000000083d00000, 0x0000000083d00000, 0x0000000083e00000|  0%| F|  |TAMS 0x0000000083d00000, 0x0000000083d00000| Untracked 
|  46|0x0000000083e00000, 0x0000000083e00000, 0x0000000083f00000|  0%| F|  |TAMS 0x0000000083e00000, 0x0000000083e00000| Untracked 
|  47|0x0000000083f00000, 0x0000000083f00000, 0x0000000084000000|  0%| F|  |TAMS 0x0000000083f00000, 0x0000000083f00000| Untracked 
|  48|0x0000000084000000, 0x0000000084000000, 0x0000000084100000|  0%| F|  |TAMS 0x0000000084000000, 0x0000000084000000| Untracked 
|  49|0x0000000084100000, 0x0000000084100000, 0x0000000084200000|  0%| F|  |TAMS 0x0000000084100000, 0x0000000084100000| Untracked 
|  50|0x0000000084200000, 0x0000000084200000, 0x0000000084300000|  0%| F|  |TAMS 0x0000000084200000, 0x0000000084200000| Untracked 
|  51|0x0000000084300000, 0x0000000084300000, 0x0000000084400000|  0%| F|  |TAMS 0x0000000084300000, 0x0000000084300000| Untracked 
|  52|0x0000000084400000, 0x0000000084400000, 0x0000000084500000|  0%| F|  |TAMS 0x0000000084400000, 0x0000000084400000| Untracked 
|  53|0x0000000084500000, 0x0000000084500000, 0x0000000084600000|  0%| F|  |TAMS 0x0000000084500000, 0x0000000084500000| Untracked 
|  54|0x0000000084600000, 0x0000000084600000, 0x0000000084700000|  0%| F|  |TAMS 0x0000000084600000, 0x0000000084600000| Untracked 
|  55|0x0000000084700000, 0x0000000084700000, 0x0000000084800000|  0%| F|  |TAMS 0x0000000084700000, 0x0000000084700000| Untracked 
|  56|0x0000000084800000, 0x0000000084800000, 0x0000000084900000|  0%| F|  |TAMS 0x0000000084800000, 0x0000000084800000| Untracked 
|  57|0x0000000084900000, 0x0000000084900000, 0x0000000084a00000|  0%| F|  |TAMS 0x0000000084900000, 0x0000000084900000| Untracked 
|  58|0x0000000084a00000, 0x0000000084a00000, 0x0000000084b00000|  0%| F|  |TAMS 0x0000000084a00000, 0x0000000084a00000| Untracked 
|  59|0x0000000084b00000, 0x0000000084b00000, 0x0000000084c00000|  0%| F|  |TAMS 0x0000000084b00000, 0x0000000084b00000| Untracked 
|  60|0x0000000084c00000, 0x0000000084c00000, 0x0000000084d00000|  0%| F|  |TAMS 0x0000000084c00000, 0x0000000084c00000| Untracked 
|  61|0x0000000084d00000, 0x0000000084d00000, 0x0000000084e00000|  0%| F|  |TAMS 0x0000000084d00000, 0x0000000084d00000| Untracked 
|  62|0x0000000084e00000, 0x0000000084e00000, 0x0000000084f00000|  0%| F|  |TAMS 0x0000000084e00000, 0x0000000084e00000| Untracked 
|  63|0x0000000084f00000, 0x0000000084f00000, 0x0000000085000000|  0%| F|  |TAMS 0x0000000084f00000, 0x0000000084f00000| Untracked 
|  64|0x0000000085000000, 0x0000000085000000, 0x0000000085100000|  0%| F|  |TAMS 0x0000000085000000, 0x0000000085000000| Untracked 
|  65|0x0000000085100000, 0x0000000085100000, 0x0000000085200000|  0%| F|  |TAMS 0x0000000085100000, 0x0000000085100000| Untracked 
|  66|0x0000000085200000, 0x0000000085200000, 0x0000000085300000|  0%| F|  |TAMS 0x0000000085200000, 0x0000000085200000| Untracked 
|  67|0x0000000085300000, 0x0000000085300000, 0x0000000085400000|  0%| F|  |TAMS 0x0000000085300000, 0x0000000085300000| Untracked 
|  68|0x0000000085400000, 0x0000000085400000, 0x0000000085500000|  0%| F|  |TAMS 0x0000000085400000, 0x0000000085400000| Untracked 
|  69|0x0000000085500000, 0x0000000085500000, 0x0000000085600000|  0%| F|  |TAMS 0x0000000085500000, 0x0000000085500000| Untracked 
|  70|0x0000000085600000, 0x0000000085600000, 0x0000000085700000|  0%| F|  |TAMS 0x0000000085600000, 0x0000000085600000| Untracked 
|  71|0x0000000085700000, 0x0000000085700000, 0x0000000085800000|  0%| F|  |TAMS 0x0000000085700000, 0x0000000085700000| Untracked 
|  72|0x0000000085800000, 0x0000000085800000, 0x0000000085900000|  0%| F|  |TAMS 0x0000000085800000, 0x0000000085800000| Untracked 
|  73|0x0000000085900000, 0x0000000085900000, 0x0000000085a00000|  0%| F|  |TAMS 0x0000000085900000, 0x0000000085900000| Untracked 
|  74|0x0000000085a00000, 0x0000000085a00000, 0x0000000085b00000|  0%| F|  |TAMS 0x0000000085a00000, 0x0000000085a00000| Untracked 
|  75|0x0000000085b00000, 0x0000000085b00000, 0x0000000085c00000|  0%| F|  |TAMS 0x0000000085b00000, 0x0000000085b00000| Untracked 
|  76|0x0000000085c00000, 0x0000000085c00000, 0x0000000085d00000|  0%| F|  |TAMS 0x0000000085c00000, 0x0000000085c00000| Untracked 
|  77|0x0000000085d00000, 0x0000000085d00000, 0x0000000085e00000|  0%| F|  |TAMS 0x0000000085d00000, 0x0000000085d00000| Untracked 
|  78|0x0000000085e00000, 0x0000000085e00000, 0x0000000085f00000|  0%| F|  |TAMS 0x0000000085e00000, 0x0000000085e00000| Untracked 
|  79|0x0000000085f00000, 0x0000000085f00000, 0x0000000086000000|  0%| F|  |TAMS 0x0000000085f00000, 0x0000000085f00000| Untracked 
|  80|0x0000000086000000, 0x0000000086000000, 0x0000000086100000|  0%| F|  |TAMS 0x0000000086000000, 0x0000000086000000| Untracked 
|  81|0x0000000086100000, 0x0000000086100000, 0x0000000086200000|  0%| F|  |TAMS 0x0000000086100000, 0x0000000086100000| Untracked 
|  82|0x0000000086200000, 0x0000000086200000, 0x0000000086300000|  0%| F|  |TAMS 0x0000000086200000, 0x0000000086200000| Untracked 
|  83|0x0000000086300000, 0x0000000086300000, 0x0000000086400000|  0%| F|  |TAMS 0x0000000086300000, 0x0000000086300000| Untracked 
|  84|0x0000000086400000, 0x0000000086400000, 0x0000000086500000|  0%| F|  |TAMS 0x0000000086400000, 0x0000000086400000| Untracked 
|  85|0x0000000086500000, 0x0000000086500000, 0x0000000086600000|  0%| F|  |TAMS 0x0000000086500000, 0x0000000086500000| Untracked 
|  86|0x0000000086600000, 0x0000000086600000, 0x0000000086700000|  0%| F|  |TAMS 0x0000000086600000, 0x0000000086600000| Untracked 
|  87|0x0000000086700000, 0x0000000086700000, 0x0000000086800000|  0%| F|  |TAMS 0x0000000086700000, 0x0000000086700000| Untracked 
|  88|0x0000000086800000, 0x0000000086800000, 0x0000000086900000|  0%| F|  |TAMS 0x0000000086800000, 0x0000000086800000| Untracked 
|  89|0x0000000086900000, 0x0000000086900000, 0x0000000086a00000|  0%| F|  |TAMS 0x0000000086900000, 0x0000000086900000| Untracked 
|  90|0x0000000086a00000, 0x0000000086a00000, 0x0000000086b00000|  0%| F|  |TAMS 0x0000000086a00000, 0x0000000086a00000| Untracked 
|  91|0x0000000086b00000, 0x0000000086b00000, 0x0000000086c00000|  0%| F|  |TAMS 0x0000000086b00000, 0x0000000086b00000| Untracked 
|  92|0x0000000086c00000, 0x0000000086c00000, 0x0000000086d00000|  0%| F|  |TAMS 0x0000000086c00000, 0x0000000086c00000| Untracked 
|  93|0x0000000086d00000, 0x0000000086d00000, 0x0000000086e00000|  0%| F|  |TAMS 0x0000000086d00000, 0x0000000086d00000| Untracked 
|  94|0x0000000086e00000, 0x0000000086e00000, 0x0000000086f00000|  0%| F|  |TAMS 0x0000000086e00000, 0x0000000086e00000| Untracked 
|  95|0x0000000086f00000, 0x0000000086f00000, 0x0000000087000000|  0%| F|  |TAMS 0x0000000086f00000, 0x0000000086f00000| Untracked 
|  96|0x0000000087000000, 0x0000000087000000, 0x0000000087100000|  0%| F|  |TAMS 0x0000000087000000, 0x0000000087000000| Untracked 
|  97|0x0000000087100000, 0x0000000087100000, 0x0000000087200000|  0%| F|  |TAMS 0x0000000087100000, 0x0000000087100000| Untracked 
|  98|0x0000000087200000, 0x0000000087200000, 0x0000000087300000|  0%| F|  |TAMS 0x0000000087200000, 0x0000000087200000| Untracked 
|  99|0x0000000087300000, 0x0000000087300000, 0x0000000087400000|  0%| F|  |TAMS 0x0000000087300000, 0x0000000087300000| Untracked 
| 100|0x0000000087400000, 0x0000000087400000, 0x0000000087500000|  0%| F|  |TAMS 0x0000000087400000, 0x0000000087400000| Untracked 
| 101|0x0000000087500000, 0x0000000087500000, 0x0000000087600000|  0%| F|  |TAMS 0x0000000087500000, 0x0000000087500000| Untracked 
| 102|0x0000000087600000, 0x0000000087600000, 0x0000000087700000|  0%| F|  |TAMS 0x0000000087600000, 0x0000000087600000| Untracked 
| 103|0x0000000087700000, 0x0000000087700000, 0x0000000087800000|  0%| F|  |TAMS 0x0000000087700000, 0x0000000087700000| Untracked 
| 104|0x0000000087800000, 0x0000000087800000, 0x0000000087900000|  0%| F|  |TAMS 0x0000000087800000, 0x0000000087800000| Untracked 
| 105|0x0000000087900000, 0x0000000087900000, 0x0000000087a00000|  0%| F|  |TAMS 0x0000000087900000, 0x0000000087900000| Untracked 
| 106|0x0000000087a00000, 0x0000000087a00000, 0x0000000087b00000|  0%| F|  |TAMS 0x0000000087a00000, 0x0000000087a00000| Untracked 
| 107|0x0000000087b00000, 0x0000000087b00000, 0x0000000087c00000|  0%| F|  |TAMS 0x0000000087b00000, 0x0000000087b00000| Untracked 
| 108|0x0000000087c00000, 0x0000000087c00000, 0x0000000087d00000|  0%| F|  |TAMS 0x0000000087c00000, 0x0000000087c00000| Untracked 
| 109|0x0000000087d00000, 0x0000000087d00000, 0x0000000087e00000|  0%| F|  |TAMS 0x0000000087d00000, 0x0000000087d00000| Untracked 
| 110|0x0000000087e00000, 0x0000000087e00000, 0x0000000087f00000|  0%| F|  |TAMS 0x0000000087e00000, 0x0000000087e00000| Untracked 
| 111|0x0000000087f00000, 0x0000000087f00000, 0x0000000088000000|  0%| F|  |TAMS 0x0000000087f00000, 0x0000000087f00000| Untracked 
| 112|0x0000000088000000, 0x0000000088000000, 0x0000000088100000|  0%| F|  |TAMS 0x0000000088000000, 0x0000000088000000| Untracked 
| 113|0x0000000088100000, 0x0000000088100000, 0x0000000088200000|  0%| F|  |TAMS 0x0000000088100000, 0x0000000088100000| Untracked 
| 114|0x0000000088200000, 0x0000000088200000, 0x0000000088300000|  0%| F|  |TAMS 0x0000000088200000, 0x0000000088200000| Untracked 
| 115|0x0000000088300000, 0x000000008836c088, 0x0000000088400000| 42%| E|  |TAMS 0x0000000088300000, 0x0000000088300000| Complete 
| 116|0x0000000088400000, 0x0000000088500000, 0x0000000088500000|100%| E|CS|TAMS 0x0000000088400000, 0x0000000088400000| Complete 
| 117|0x0000000088500000, 0x0000000088600000, 0x0000000088600000|100%| E|  |TAMS 0x0000000088500000, 0x0000000088500000| Complete 
| 118|0x0000000088600000, 0x0000000088700000, 0x0000000088700000|100%| E|CS|TAMS 0x0000000088600000, 0x0000000088600000| Complete 
| 119|0x0000000088700000, 0x0000000088800000, 0x0000000088800000|100%| E|CS|TAMS 0x0000000088700000, 0x0000000088700000| Complete 
| 120|0x0000000088800000, 0x0000000088900000, 0x0000000088900000|100%| E|CS|TAMS 0x0000000088800000, 0x0000000088800000| Complete 
| 121|0x0000000088900000, 0x0000000088a00000, 0x0000000088a00000|100%| E|CS|TAMS 0x0000000088900000, 0x0000000088900000| Complete 
| 122|0x0000000088a00000, 0x0000000088b00000, 0x0000000088b00000|100%| E|CS|TAMS 0x0000000088a00000, 0x0000000088a00000| Complete 
| 123|0x0000000088b00000, 0x0000000088c00000, 0x0000000088c00000|100%| E|CS|TAMS 0x0000000088b00000, 0x0000000088b00000| Complete 
| 124|0x0000000088c00000, 0x0000000088d00000, 0x0000000088d00000|100%| E|CS|TAMS 0x0000000088c00000, 0x0000000088c00000| Complete 
| 125|0x0000000088d00000, 0x0000000088e00000, 0x0000000088e00000|100%| E|CS|TAMS 0x0000000088d00000, 0x0000000088d00000| Complete 
| 126|0x0000000088e00000, 0x0000000088f00000, 0x0000000088f00000|100%| E|CS|TAMS 0x0000000088e00000, 0x0000000088e00000| Complete 
| 127|0x0000000088f00000, 0x0000000089000000, 0x0000000089000000|100%| E|CS|TAMS 0x0000000088f00000, 0x0000000088f00000| Complete 

Card table byte_map: [0x00000221cdba0000,0x00000221cdfa0000] _byte_map_base: 0x00000221cd798000

Marking Bits (Prev, Next): (CMBitMap*) 0x00000221b90f9fc0, (CMBitMap*) 0x00000221b90fa000
 Prev Bits: [0x00000221ce3a0000, 0x00000221d0360000)
 Next Bits: [0x00000221d0360000, 0x00000221d2320000)

Polling page: 0x00000221b9150000

Metaspace:

Usage:
  Non-class:     12.80 MB used.
      Class:      1.35 MB used.
       Both:     14.15 MB used.

Virtual space:
  Non-class space:       64.00 MB reserved,      12.88 MB ( 20%) committed,  1 nodes.
      Class space:        1.00 GB reserved,       1.44 MB ( <1%) committed,  1 nodes.
             Both:        1.06 GB reserved,      14.31 MB (  1%) committed. 

Chunk freelists:
   Non-Class:  2.97 MB
       Class:  14.59 MB
        Both:  17.56 MB

MaxMetaspaceSize: unlimited
CompressedClassSpaceSize: 1.00 GB
Initial GC threshold: 21.00 MB
Current GC threshold: 21.00 MB
CDS: off
MetaspaceReclaimPolicy: balanced
 - commit_granule_bytes: 65536.
 - commit_granule_words: 8192.
 - virtual_space_node_default_size: 8388608.
 - enlarge_chunks_in_place: 1.
 - new_chunks_are_fully_committed: 0.
 - uncommit_free_chunks: 1.
 - use_allocation_guard: 0.
 - handle_deallocations: 1.


Internal statistics:

num_allocs_failed_limit: 0.
num_arena_births: 98.
num_arena_deaths: 0.
num_vsnodes_births: 2.
num_vsnodes_deaths: 0.
num_space_committed: 229.
num_space_uncommitted: 0.
num_chunks_returned_to_freelist: 0.
num_chunks_taken_from_freelist: 161.
num_chunk_merges: 0.
num_chunk_splits: 94.
num_chunks_enlarged: 51.
num_inconsistent_stats: 0.

CodeHeap 'non-profiled nmethods': size=120000Kb used=280Kb max_used=280Kb free=119719Kb
 bounds [0x00000221c5a30000, 0x00000221c5ca0000, 0x00000221ccf60000]
CodeHeap 'profiled nmethods': size=120000Kb used=1378Kb max_used=1378Kb free=118621Kb
 bounds [0x00000221bdf60000, 0x00000221be1d0000, 0x00000221c5490000]
CodeHeap 'non-nmethods': size=5760Kb used=1274Kb max_used=1300Kb free=4485Kb
 bounds [0x00000221c5490000, 0x00000221c5700000, 0x00000221c5a30000]
 total_blobs=1359 nmethods=844 adapters=428
 compilation: enabled
              stopped_count=0, restarted_count=0
 full_count=0

Compilation events (20 events):
Event: 14.899 Thread 0x00000221d90a29b0  843       3       jdk.internal.reflect.ConstructorAccessorImpl::<init> (5 bytes)
Event: 14.899 Thread 0x00000221d90a29b0 nmethod 843 0x00000221be0b5210 code [0x00000221be0b53c0, 0x00000221be0b5578]
Event: 14.899 Thread 0x00000221d90a29b0  844       1       jdk.internal.reflect.NativeConstructorAccessorImpl::setParent (6 bytes)
Event: 14.899 Thread 0x00000221d90a29b0 nmethod 844 0x00000221c5a73310 code [0x00000221c5a734a0, 0x00000221c5a735b8]
Event: 14.899 Thread 0x00000221d9036dc0 nmethod 839 0x00000221c5a73610 code [0x00000221c5a73780, 0x00000221c5a738d8]
Event: 14.900 Thread 0x00000221d90a29b0  845   !   3       java.lang.invoke.MethodHandle::setVarargs (25 bytes)
Event: 14.900 Thread 0x00000221d90a29b0 nmethod 845 0x00000221be0b5690 code [0x00000221be0b58a0, 0x00000221be0b5f78]
Event: 14.900 Thread 0x00000221d90a29b0  846       3       java.lang.invoke.MemberName::isVarargs (23 bytes)
Event: 14.901 Thread 0x00000221d90a29b0 nmethod 846 0x00000221be0b6190 code [0x00000221be0b6360, 0x00000221be0b67f8]
Event: 14.901 Thread 0x00000221d90a29b0  847       3       java.lang.invoke.InnerClassLambdaMetafactory::getOpcodeOffset (38 bytes)
Event: 14.901 Thread 0x00000221d90a29b0 nmethod 847 0x00000221be0b6990 code [0x00000221be0b6b60, 0x00000221be0b6e38]
Event: 14.904 Thread 0x00000221d90a29b0  848       1       java.lang.Boolean::booleanValue (5 bytes)
Event: 14.904 Thread 0x00000221d90a29b0 nmethod 848 0x00000221c5a73a10 code [0x00000221c5a73ba0, 0x00000221c5a73c78]
Event: 14.906 Thread 0x00000221d9036dc0  849       4       java.util.HashMap::putVal (300 bytes)
Event: 14.906 Thread 0x00000221d90a29b0  852       3       sun.util.ResourceBundleEnumeration::hasMoreElements (117 bytes)
Event: 14.906 Thread 0x00000221d90a29b0 nmethod 852 0x00000221be0b6f10 code [0x00000221be0b7140, 0x00000221be0b7ba8]
Event: 14.906 Thread 0x00000221d90a29b0  853       3       sun.util.ResourceBundleEnumeration::nextElement (5 bytes)
Event: 14.907 Thread 0x00000221d90a29b0 nmethod 853 0x00000221be0b7e10 code [0x00000221be0b7fe0, 0x00000221be0b8298]
Event: 14.907 Thread 0x00000221d90a29b0  854       3       sun.util.ResourceBundleEnumeration::nextElement (27 bytes)
Event: 14.907 Thread 0x00000221d90a29b0 nmethod 854 0x00000221be0b8410 code [0x00000221be0b85e0, 0x00000221be0b8838]

GC Heap History (0 events):
No events

Dll operation events (9 events):
Event: 0.020 Loaded shared library C:\eclipse\plugins\org.eclipse.justj.openjdk.hotspot.jre.full.win32.x86_64_17.0.10.v20240120-1143\jre\bin\java.dll
Event: 1.810 Loaded shared library C:\eclipse\plugins\org.eclipse.justj.openjdk.hotspot.jre.full.win32.x86_64_17.0.10.v20240120-1143\jre\bin\net.dll
Event: 2.078 Loaded shared library C:\eclipse\plugins\org.eclipse.justj.openjdk.hotspot.jre.full.win32.x86_64_17.0.10.v20240120-1143\jre\bin\nio.dll
Event: 2.142 Loaded shared library C:\eclipse\plugins\org.eclipse.justj.openjdk.hotspot.jre.full.win32.x86_64_17.0.10.v20240120-1143\jre\bin\zip.dll
Event: 6.776 Loaded shared library C:\eclipse\plugins\org.eclipse.justj.openjdk.hotspot.jre.full.win32.x86_64_17.0.10.v20240120-1143\jre\bin\zip.dll
Event: 6.789 Loaded shared library C:\eclipse\plugins\org.eclipse.justj.openjdk.hotspot.jre.full.win32.x86_64_17.0.10.v20240120-1143\jre\bin\instrument.dll
Event: 7.708 Loaded shared library C:\eclipse\plugins\org.eclipse.justj.openjdk.hotspot.jre.full.win32.x86_64_17.0.10.v20240120-1143\jre\bin\jimage.dll
Event: 10.584 Loaded shared library C:\eclipse\plugins\org.eclipse.justj.openjdk.hotspot.jre.full.win32.x86_64_17.0.10.v20240120-1143\jre\bin\verify.dll
Event: 12.873 Loaded shared library C:\eclipse\plugins\org.eclipse.justj.openjdk.hotspot.jre.full.win32.x86_64_17.0.10.v20240120-1143\jre\bin\awt.dll

Deoptimization events (20 events):
Event: 14.905 Thread 0x00000221d99979a0 Uncommon trap: trap_request=0xffffffc6 fr.pc=0x00000221c5a56bac relative=0x000000000000190c
Event: 14.905 Thread 0x00000221d99979a0 Uncommon trap: reason=bimorphic_or_optimized_type_check action=maybe_recompile pc=0x00000221c5a56bac method=java.util.HashMap.putVal(ILjava/lang/Object;Ljava/lang/Object;ZZ)Ljava/lang/Object; @ 56 c2
Event: 14.905 Thread 0x00000221d99979a0 DEOPT PACKING pc=0x00000221c5a56bac sp=0x000000a8db2fe7b0
Event: 14.905 Thread 0x00000221d99979a0 DEOPT UNPACKING pc=0x00000221c54e69a3 sp=0x000000a8db2fe700 mode 2
Event: 14.905 Thread 0x00000221d99979a0 Uncommon trap: trap_request=0xffffffc6 fr.pc=0x00000221c5a56bac relative=0x000000000000190c
Event: 14.905 Thread 0x00000221d99979a0 Uncommon trap: reason=bimorphic_or_optimized_type_check action=maybe_recompile pc=0x00000221c5a56bac method=java.util.HashMap.putVal(ILjava/lang/Object;Ljava/lang/Object;ZZ)Ljava/lang/Object; @ 56 c2
Event: 14.905 Thread 0x00000221d99979a0 DEOPT PACKING pc=0x00000221c5a56bac sp=0x000000a8db2fe7b0
Event: 14.905 Thread 0x00000221d99979a0 DEOPT UNPACKING pc=0x00000221c54e69a3 sp=0x000000a8db2fe700 mode 2
Event: 14.905 Thread 0x00000221d99979a0 Uncommon trap: trap_request=0xffffffc6 fr.pc=0x00000221c5a56bac relative=0x000000000000190c
Event: 14.905 Thread 0x00000221d99979a0 Uncommon trap: reason=bimorphic_or_optimized_type_check action=maybe_recompile pc=0x00000221c5a56bac method=java.util.HashMap.putVal(ILjava/lang/Object;Ljava/lang/Object;ZZ)Ljava/lang/Object; @ 56 c2
Event: 14.905 Thread 0x00000221d99979a0 DEOPT PACKING pc=0x00000221c5a56bac sp=0x000000a8db2fe7b0
Event: 14.905 Thread 0x00000221d99979a0 DEOPT UNPACKING pc=0x00000221c54e69a3 sp=0x000000a8db2fe700 mode 2
Event: 14.905 Thread 0x00000221d99979a0 Uncommon trap: trap_request=0xffffffc6 fr.pc=0x00000221c5a70140 relative=0x0000000000001c20
Event: 14.905 Thread 0x00000221d99979a0 Uncommon trap: reason=bimorphic_or_optimized_type_check action=maybe_recompile pc=0x00000221c5a70140 method=java.util.HashMap.putVal(ILjava/lang/Object;Ljava/lang/Object;ZZ)Ljava/lang/Object; @ 152 c2
Event: 14.905 Thread 0x00000221d99979a0 DEOPT PACKING pc=0x00000221c5a70140 sp=0x000000a8db2fe730
Event: 14.905 Thread 0x00000221d99979a0 DEOPT UNPACKING pc=0x00000221c54e69a3 sp=0x000000a8db2fe710 mode 2
Event: 14.905 Thread 0x00000221d99979a0 Uncommon trap: trap_request=0xffffffc6 fr.pc=0x00000221c5a6ff8c relative=0x0000000000001a6c
Event: 14.905 Thread 0x00000221d99979a0 Uncommon trap: reason=bimorphic_or_optimized_type_check action=maybe_recompile pc=0x00000221c5a6ff8c method=java.util.HashMap.putVal(ILjava/lang/Object;Ljava/lang/Object;ZZ)Ljava/lang/Object; @ 56 c2
Event: 14.905 Thread 0x00000221d99979a0 DEOPT PACKING pc=0x00000221c5a6ff8c sp=0x000000a8db2fe730
Event: 14.905 Thread 0x00000221d99979a0 DEOPT UNPACKING pc=0x00000221c54e69a3 sp=0x000000a8db2fe708 mode 2

Classes unloaded (0 events):
No events

Classes redefined (0 events):
No events

Internal exceptions (16 events):
Event: 2.104 Thread 0x00000221b909e9a0 Exception <a 'java/lang/NoSuchMethodError'{0x0000000088e1bda8}: 'void java.lang.invoke.DirectMethodHandle$Holder.invokeVirtual(java.lang.Object, java.lang.Object)'> (0x0000000088e1bda8) 
thrown [s\src\hotspot\share\interpreter\linkResolver.cpp, line 759]
Event: 2.298 Thread 0x00000221b909e9a0 Exception <a 'java/lang/NoSuchMethodError'{0x0000000088d7e118}: 'void java.lang.invoke.DirectMethodHandle$Holder.invokeSpecial(java.lang.Object, java.lang.Object, java.lang.Object)'> (0x0000000088d7e118) 
thrown [s\src\hotspot\share\interpreter\linkResolver.cpp, line 759]
Event: 2.317 Thread 0x00000221b909e9a0 Exception <a 'java/lang/NoSuchMethodError'{0x0000000088d93338}: 'void java.lang.invoke.DirectMethodHandle$Holder.invokeSpecial(java.lang.Object, java.lang.Object, java.lang.Object, java.lang.Object, java.lang.Object)'> (0x0000000088d93338) 
thrown [s\src\hotspot\share\interpreter\linkResolver.cpp, line 759]
Event: 2.334 Thread 0x00000221b909e9a0 Exception <a 'java/lang/NoSuchMethodError'{0x0000000088da2a98}: 'java.lang.Object java.lang.invoke.DirectMethodHandle$Holder.invokeInterface(java.lang.Object, java.lang.Object)'> (0x0000000088da2a98) 
thrown [s\src\hotspot\share\interpreter\linkResolver.cpp, line 759]
Event: 2.335 Thread 0x00000221b909e9a0 Exception <a 'java/lang/IncompatibleClassChangeError'{0x0000000088da5fe8}: Found class java.lang.Object, but interface was expected> (0x0000000088da5fe8) 
thrown [s\src\hotspot\share\interpreter\linkResolver.cpp, line 826]
Event: 2.337 Thread 0x00000221b909e9a0 Exception <a 'java/lang/NoSuchMethodError'{0x0000000088da8eb0}: 'void java.lang.invoke.DirectMethodHandle$Holder.invokeStatic(java.lang.Object, java.lang.Object, java.lang.Object, java.lang.Object)'> (0x0000000088da8eb0) 
thrown [s\src\hotspot\share\interpreter\linkResolver.cpp, line 759]
Event: 11.475 Thread 0x00000221b909e9a0 Exception <a 'sun/nio/fs/WindowsException'{0x0000000088845fe8}> (0x0000000088845fe8) 
thrown [s\src\hotspot\share\prims\jni.cpp, line 516]
Event: 11.484 Thread 0x00000221b909e9a0 Exception <a 'java/lang/ClassNotFoundException'{0x0000000088873258}: sun/awt/resources/spi/awtProvider> (0x0000000088873258) 
thrown [s\src\hotspot\share\classfile\systemDictionary.cpp, line 256]
Event: 13.009 Thread 0x00000221b909e9a0 Exception <a 'java/io/FileNotFoundException'{0x00000000888d0e10}> (0x00000000888d0e10) 
thrown [s\src\hotspot\share\prims\jni.cpp, line 516]
Event: 13.028 Thread 0x00000221b909e9a0 Exception <a 'java/io/FileNotFoundException'{0x0000000088700b58}> (0x0000000088700b58) 
thrown [s\src\hotspot\share\prims\jni.cpp, line 516]
Event: 13.104 Thread 0x00000221b909e9a0 Exception <a 'java/lang/NoSuchMethodError'{0x00000000887fae68}: 'java.lang.Object java.lang.invoke.DirectMethodHandle$Holder.invokeStaticInit(java.lang.Object)'> (0x00000000887fae68) 
thrown [s\src\hotspot\share\interpreter\linkResolver.cpp, line 759]
Event: 14.870 Thread 0x00000221d99979a0 Exception <a 'java/lang/NoSuchMethodError'{0x0000000088426250}: 'java.lang.Object java.lang.invoke.DirectMethodHandle$Holder.newInvokeSpecial(java.lang.Object, java.lang.Object, java.lang.Object, java.lang.Object, java.lang.Object)'> (0x0000000088426250) 
thrown [s\src\hotspot\share\interpreter\linkResolver.cpp, line 759]
Event: 14.872 Thread 0x00000221d99979a0 Exception <a 'java/lang/NoSuchMethodError'{0x0000000088431c18}: 'java.lang.Object java.lang.invoke.DirectMethodHandle$Holder.invokeStatic(java.lang.Object, int, java.lang.Object, java.lang.Object, java.lang.Object, java.lang.Object)'> (0x0000000088431c18) 
thrown [s\src\hotspot\share\interpreter\linkResolver.cpp, line 759]
Event: 14.876 Thread 0x00000221d99979a0 Exception <a 'java/lang/NoSuchMethodError'{0x0000000088457df0}: 'java.lang.Object java.lang.invoke.DirectMethodHandle$Holder.invokeStatic(java.lang.Object, int, java.lang.Object)'> (0x0000000088457df0) 
thrown [s\src\hotspot\share\interpreter\linkResolver.cpp, line 759]
Event: 14.904 Thread 0x00000221d99979a0 Exception <a 'java/lang/ClassNotFoundException'{0x000000008831e470}: com/sun/swing/internal/plaf/metal/resources/spi/metalProvider> (0x000000008831e470) 
thrown [s\src\hotspot\share\classfile\systemDictionary.cpp, line 256]
Event: 14.905 Thread 0x00000221d99979a0 Exception <a 'java/lang/ClassNotFoundException'{0x0000000088326408}: com/sun/swing/internal/plaf/basic/resources/spi/basicProvider> (0x0000000088326408) 
thrown [s\src\hotspot\share\classfile\systemDictionary.cpp, line 256]

VM Operations (16 events):
Event: 1.777 Executing VM operation: Cleanup
Event: 1.795 Executing VM operation: Cleanup done
Event: 2.147 Executing VM operation: HandshakeAllThreads
Event: 2.147 Executing VM operation: HandshakeAllThreads done
Event: 2.332 Executing VM operation: HandshakeAllThreads
Event: 2.332 Executing VM operation: HandshakeAllThreads done
Event: 2.543 Executing VM operation: ChangeBreakpoints
Event: 4.455 Executing VM operation: ChangeBreakpoints done
Event: 7.476 Executing VM operation: Cleanup
Event: 7.561 Executing VM operation: Cleanup done
Event: 9.575 Executing VM operation: Cleanup
Event: 10.595 Executing VM operation: Cleanup done
Event: 13.625 Executing VM operation: Cleanup
Event: 13.814 Executing VM operation: Cleanup done
Event: 14.818 Executing VM operation: Cleanup
Event: 14.818 Executing VM operation: Cleanup done

Events (20 events):
Event: 14.905 loading class com/sun/swing/internal/plaf/basic/resources/basic_es
Event: 14.906 loading class com/sun/swing/internal/plaf/basic/resources/basic_es done
Event: 14.906 loading class com/sun/swing/internal/plaf/basic/resources/basic_es_ES
Event: 14.906 loading class com/sun/swing/internal/plaf/basic/resources/basic_es_ES done
Event: 14.906 loading class com/sun/swing/internal/plaf/basic/resources/basic_es_ES
Event: 14.906 loading class com/sun/swing/internal/plaf/basic/resources/basic_es_ES done
Event: 14.906 loading class sun/reflect/misc/ReflectUtil
Event: 14.906 loading class sun/reflect/misc/ReflectUtil done
Event: 14.906 loading class javax/swing/plaf/basic/BasicPanelUI
Event: 14.906 loading class javax/swing/plaf/PanelUI
Event: 14.906 loading class javax/swing/plaf/ComponentUI
Event: 14.907 loading class javax/swing/plaf/ComponentUI done
Event: 14.907 loading class javax/swing/plaf/PanelUI done
Event: 14.907 loading class javax/swing/plaf/basic/BasicPanelUI done
Event: 14.907 loading class java/awt/Component$BaselineResizeBehavior
Event: 14.907 loading class java/awt/Component$BaselineResizeBehavior done
Event: 14.907 loading class javax/swing/RepaintManager$ProcessingRunnable
Event: 14.907 loading class javax/swing/RepaintManager$ProcessingRunnable done
Event: 14.907 loading class com/sun/java/swing/SwingUtilities3
Event: 14.907 loading class com/sun/java/swing/SwingUtilities3 done


Dynamic libraries:
0x00007ff784c40000 - 0x00007ff784c4e000 	C:\eclipse\plugins\org.eclipse.justj.openjdk.hotspot.jre.full.win32.x86_64_17.0.10.v20240120-1143\jre\bin\javaw.exe
0x00007fff29530000 - 0x00007fff29747000 	C:\WINDOWS\SYSTEM32\ntdll.dll
0x00007fff27a90000 - 0x00007fff27b54000 	C:\WINDOWS\System32\KERNEL32.DLL
0x00007fff269d0000 - 0x00007fff26da3000 	C:\WINDOWS\System32\KERNELBASE.dll
0x00007fff268b0000 - 0x00007fff269c1000 	C:\WINDOWS\System32\ucrtbase.dll
0x00007fff15aa0000 - 0x00007fff15ab7000 	C:\eclipse\plugins\org.eclipse.justj.openjdk.hotspot.jre.full.win32.x86_64_17.0.10.v20240120-1143\jre\bin\jli.dll
0x00007fff28100000 - 0x00007fff282b1000 	C:\WINDOWS\System32\USER32.dll
0x00007fff26640000 - 0x00007fff26666000 	C:\WINDOWS\System32\win32u.dll
0x00007fff27b60000 - 0x00007fff27b89000 	C:\WINDOWS\System32\GDI32.dll
0x00007fff26670000 - 0x00007fff2678b000 	C:\WINDOWS\System32\gdi32full.dll
0x00007fff26810000 - 0x00007fff268aa000 	C:\WINDOWS\System32\msvcp_win.dll
0x00007fff15ac0000 - 0x00007fff15adb000 	C:\eclipse\plugins\org.eclipse.justj.openjdk.hotspot.jre.full.win32.x86_64_17.0.10.v20240120-1143\jre\bin\VCRUNTIME140.dll
0x00007fff194d0000 - 0x00007fff19768000 	C:\WINDOWS\WinSxS\amd64_microsoft.windows.common-controls_6595b64144ccf1df_6.0.22621.5124_none_270e8f4f7386d69d\COMCTL32.dll
0x00007fff28410000 - 0x00007fff284b7000 	C:\WINDOWS\System32\msvcrt.dll
0x00007fff27870000 - 0x00007fff278a1000 	C:\WINDOWS\System32\IMM32.DLL
0x00007fff23450000 - 0x00007fff2345c000 	C:\eclipse\plugins\org.eclipse.justj.openjdk.hotspot.jre.full.win32.x86_64_17.0.10.v20240120-1143\jre\bin\vcruntime140_1.dll
0x00007fff05100000 - 0x00007fff0518d000 	C:\eclipse\plugins\org.eclipse.justj.openjdk.hotspot.jre.full.win32.x86_64_17.0.10.v20240120-1143\jre\bin\msvcp140.dll
0x00007ffec4c60000 - 0x00007ffec58c2000 	C:\eclipse\plugins\org.eclipse.justj.openjdk.hotspot.jre.full.win32.x86_64_17.0.10.v20240120-1143\jre\bin\server\jvm.dll
0x00007fff28030000 - 0x00007fff280e1000 	C:\WINDOWS\System32\ADVAPI32.dll
0x00007fff28d60000 - 0x00007fff28e08000 	C:\WINDOWS\System32\sechost.dll
0x00007fff271a0000 - 0x00007fff271c8000 	C:\WINDOWS\System32\bcrypt.dll
0x00007fff27f00000 - 0x00007fff28014000 	C:\WINDOWS\System32\RPCRT4.dll
0x00007fff25ed0000 - 0x00007fff25f1d000 	C:\WINDOWS\SYSTEM32\POWRPROF.dll
0x00007fff1a1d0000 - 0x00007fff1a1d9000 	C:\WINDOWS\SYSTEM32\WSOCK32.dll
0x00007fff28e10000 - 0x00007fff28e81000 	C:\WINDOWS\System32\WS2_32.dll
0x00007fff1b360000 - 0x00007fff1b394000 	C:\WINDOWS\SYSTEM32\WINMM.dll
0x00007fff1d790000 - 0x00007fff1d79a000 	C:\WINDOWS\SYSTEM32\VERSION.dll
0x00007fff25e70000 - 0x00007fff25e83000 	C:\WINDOWS\SYSTEM32\UMPDC.dll
0x00007fff25630000 - 0x00007fff25648000 	C:\WINDOWS\SYSTEM32\kernel.appcore.dll
0x00007fff21280000 - 0x00007fff2128a000 	C:\eclipse\plugins\org.eclipse.justj.openjdk.hotspot.jre.full.win32.x86_64_17.0.10.v20240120-1143\jre\bin\jimage.dll
0x00007fff1c9e0000 - 0x00007fff1cc12000 	C:\WINDOWS\SYSTEM32\DBGHELP.DLL
0x00007fff27340000 - 0x00007fff276d2000 	C:\WINDOWS\System32\combase.dll
0x00007fff28330000 - 0x00007fff28407000 	C:\WINDOWS\System32\OLEAUT32.dll
0x00007fff1c3b0000 - 0x00007fff1c3e2000 	C:\WINDOWS\SYSTEM32\dbgcore.DLL
0x00007fff26790000 - 0x00007fff2680b000 	C:\WINDOWS\System32\bcryptPrimitives.dll
0x00007fff02df0000 - 0x00007fff02e2b000 	C:\eclipse\plugins\org.eclipse.justj.openjdk.hotspot.jre.full.win32.x86_64_17.0.10.v20240120-1143\jre\bin\jdwp.dll
0x00007fff19980000 - 0x00007fff1998e000 	C:\eclipse\plugins\org.eclipse.justj.openjdk.hotspot.jre.full.win32.x86_64_17.0.10.v20240120-1143\jre\bin\instrument.dll
0x00007fff19ab0000 - 0x00007fff19ad5000 	C:\eclipse\plugins\org.eclipse.justj.openjdk.hotspot.jre.full.win32.x86_64_17.0.10.v20240120-1143\jre\bin\java.dll
0x00007fff19a90000 - 0x00007fff19aa8000 	C:\eclipse\plugins\org.eclipse.justj.openjdk.hotspot.jre.full.win32.x86_64_17.0.10.v20240120-1143\jre\bin\zip.dll
0x00007fff284c0000 - 0x00007fff28d56000 	C:\WINDOWS\System32\SHELL32.dll
0x00007fff26ef0000 - 0x00007fff2702f000 	C:\WINDOWS\System32\wintypes.dll
0x00007fff24510000 - 0x00007fff24e2a000 	C:\WINDOWS\SYSTEM32\windows.storage.dll
0x00007fff276e0000 - 0x00007fff277ea000 	C:\WINDOWS\System32\SHCORE.dll
0x00007fff282c0000 - 0x00007fff28323000 	C:\WINDOWS\System32\shlwapi.dll
0x00007fff26570000 - 0x00007fff2659b000 	C:\WINDOWS\SYSTEM32\profapi.dll
0x00007fff19a70000 - 0x00007fff19a89000 	C:\eclipse\plugins\org.eclipse.justj.openjdk.hotspot.jre.full.win32.x86_64_17.0.10.v20240120-1143\jre\bin\net.dll
0x00007fff21090000 - 0x00007fff211bc000 	C:\WINDOWS\SYSTEM32\WINHTTP.dll
0x00007fff25aa0000 - 0x00007fff25b0a000 	C:\WINDOWS\system32\mswsock.dll
0x00007fff19a50000 - 0x00007fff19a66000 	C:\eclipse\plugins\org.eclipse.justj.openjdk.hotspot.jre.full.win32.x86_64_17.0.10.v20240120-1143\jre\bin\nio.dll
0x00007fff15a80000 - 0x00007fff15a8c000 	C:\eclipse\plugins\org.eclipse.justj.openjdk.hotspot.jre.full.win32.x86_64_17.0.10.v20240120-1143\jre\bin\dt_socket.dll
0x00007fff250d0000 - 0x00007fff250fd000 	C:\WINDOWS\SYSTEM32\IPHLPAPI.DLL
0x00007fff25100000 - 0x00007fff25202000 	C:\WINDOWS\SYSTEM32\DNSAPI.dll
0x00007fff28020000 - 0x00007fff28029000 	C:\WINDOWS\System32\NSI.dll
0x00007fff1e2e0000 - 0x00007fff1e2ea000 	C:\Windows\System32\rasadhlp.dll
0x00007fff20130000 - 0x00007fff201b3000 	C:\WINDOWS\System32\fwpuclnt.dll
0x00007fff19a40000 - 0x00007fff19a50000 	C:\eclipse\plugins\org.eclipse.justj.openjdk.hotspot.jre.full.win32.x86_64_17.0.10.v20240120-1143\jre\bin\verify.dll
0x00007ffee54c0000 - 0x00007ffee5650000 	C:\eclipse\plugins\org.eclipse.justj.openjdk.hotspot.jre.full.win32.x86_64_17.0.10.v20240120-1143\jre\bin\awt.dll
0x00007fff236c0000 - 0x00007fff23757000 	C:\WINDOWS\SYSTEM32\apphelp.dll
0x00007fff23c30000 - 0x00007fff23ce3000 	C:\WINDOWS\system32\uxtheme.dll
0x00007fff27da0000 - 0x00007fff27f00000 	C:\WINDOWS\System32\MSCTF.dll
0x00007fff29330000 - 0x00007fff294d1000 	C:\WINDOWS\System32\ole32.dll
0x00007fff24080000 - 0x00007fff240ae000 	C:\WINDOWS\system32\DWMAPI.DLL
0x00007fff00b60000 - 0x00007fff00c60000 	C:\WINDOWS\system32\opengl32.dll
0x00007fff07960000 - 0x00007fff0798d000 	C:\WINDOWS\SYSTEM32\GLU32.dll
0x00007fff23d40000 - 0x00007fff23d77000 	C:\WINDOWS\SYSTEM32\dxcore.dll
0x00007fff25f30000 - 0x00007fff25f42000 	C:\WINDOWS\SYSTEM32\msasn1.dll
0x00007fff1d750000 - 0x00007fff1d782000 	C:\WINDOWS\SYSTEM32\cryptnet.dll
0x00007fff27030000 - 0x00007fff27197000 	C:\WINDOWS\System32\CRYPT32.dll
0x00007fff25e40000 - 0x00007fff25e4c000 	C:\WINDOWS\SYSTEM32\cryptbase.dll
0x00007fff26e70000 - 0x00007fff26eeb000 	C:\WINDOWS\System32\wintrust.dll
0x00007fff278b0000 - 0x00007fff278cf000 	C:\WINDOWS\System32\imagehlp.dll
0x00007fff25e90000 - 0x00007fff25eab000 	C:\WINDOWS\SYSTEM32\CRYPTSP.dll
0x00007fff25590000 - 0x00007fff255c7000 	C:\WINDOWS\system32\rsaenh.dll

dbghelp: loaded successfully - version: 4.0.5 - missing functions: none
symbol engine: initialized successfully - sym options: 0x614 - pdb path: .;C:\eclipse\plugins\org.eclipse.justj.openjdk.hotspot.jre.full.win32.x86_64_17.0.10.v20240120-1143\jre\bin;C:\WINDOWS\SYSTEM32;C:\WINDOWS\WinSxS\amd64_microsoft.windows.common-controls_6595b64144ccf1df_6.0.22621.5124_none_270e8f4f7386d69d;C:\eclipse\plugins\org.eclipse.justj.openjdk.hotspot.jre.full.win32.x86_64_17.0.10.v20240120-1143\jre\bin\server

VM Arguments:
jvm_args: -XX:+ShowCodeDetailsInExceptionMessages -agentlib:jdwp=transport=dt_socket,suspend=y,address=localhost:57638 -javaagent:C:\eclipse\configuration\org.eclipse.osgi\442\0\.cp\lib\javaagent-shaded.jar -Dfile.encoding=UTF-8 -Dstdout.encoding=UTF-8 -Dstderr.encoding=UTF-8 --module-path=C:\Users\Alumno1\Documents\GitHub\proyecto_final\proyecto_final\Proyecto_final\bin;C:\Users\Alumno1\Documents\GitHub\proyecto_final\proyecto_final\Proyecto_final\src\Adopcion_de_animales\mysql-connector-java-8.0.20.jar -Djdk.module.main=Proyecto_final 
java_command: Proyecto_final/Adopcion_de_animales.gestionar_adopcion
java_class_path (initial): <not set>
Launcher Type: SUN_STANDARD

[Global flags]
     intx CICompilerCount                          = 3                                         {product} {ergonomic}
     uint ConcGCThreads                            = 2                                         {product} {ergonomic}
     uint G1ConcRefinementThreads                  = 6                                         {product} {ergonomic}
   size_t G1HeapRegionSize                         = 1048576                                   {product} {ergonomic}
    uintx GCDrainStackTargetSize                   = 64                                        {product} {ergonomic}
   size_t InitialHeapSize                          = 134217728                                 {product} {ergonomic}
   size_t MarkStackSize                            = 4194304                                   {product} {ergonomic}
   size_t MaxHeapSize                              = 2130706432                                {product} {ergonomic}
   size_t MaxNewSize                               = 1278214144                                {product} {ergonomic}
   size_t MinHeapDeltaBytes                        = 1048576                                   {product} {ergonomic}
   size_t MinHeapSize                              = 8388608                                   {product} {ergonomic}
    uintx NonNMethodCodeHeapSize                   = 5832780                                {pd product} {ergonomic}
    uintx NonProfiledCodeHeapSize                  = 122912730                              {pd product} {ergonomic}
    uintx ProfiledCodeHeapSize                     = 122912730                              {pd product} {ergonomic}
    uintx ReservedCodeCacheSize                    = 251658240                              {pd product} {ergonomic}
     bool SegmentedCodeCache                       = true                                      {product} {ergonomic}
     bool ShowCodeDetailsInExceptionMessages       = true                                   {manageable} {command line}
   size_t SoftMaxHeapSize                          = 2130706432                             {manageable} {ergonomic}
     bool UseCompressedClassPointers               = true                           {product lp64_product} {ergonomic}
     bool UseCompressedOops                        = true                           {product lp64_product} {ergonomic}
     bool UseG1GC                                  = true                                      {product} {ergonomic}
     bool UseLargePagesIndividualAllocation        = false                                  {pd product} {ergonomic}

Logging:
Log output configuration:
 #0: stdout all=warning uptime,level,tags
 #1: stderr all=off uptime,level,tags

Environment Variables:
PATH=C:\eclipse\plugins\org.eclipse.justj.openjdk.hotspot.jre.full.win32.x86_64_17.0.10.v20240120-1143\jre\bin;C:/eclipse//plugins/org.eclipse.justj.openjdk.hotspot.jre.full.win32.x86_64_17.0.10.v20240120-1143/jre/bin/server;C:/eclipse//plugins/org.eclipse.justj.openjdk.hotspot.jre.full.win32.x86_64_17.0.10.v20240120-1143/jre/bin;C:\Program Files\Common Files\Oracle\Java\javapath;C:\Program Files\Eclipse Adoptium\jdk-17.0.11.9-hotspot\bin;C:\WINDOWS\system32;C:\WINDOWS;C:\WINDOWS\System32\Wbem;C:\WINDOWS\System32\WindowsPowerShell\v1.0\;C:\WINDOWS\System32\OpenSSH\;C:\Program Files\PuTTY\;C:\Program Files\Microsoft VS Code\bin;C:\Program Files\Docker\Docker\resources\bin;C:\Program Files (x86)\BaseX\bin;C:\Users\Alumno1\AppData\Local\Programs\Eclipse Adoptium\jdk-21.0.7.6-hotspot\bin;C:\Users\Alumno1\AppData\Local\Microsoft\WindowsApps;C:\Users\Alumno1\AppData\Local\Programs\Git\cmd;C:\ProgramData\Alumno1\GitHubDesktop\bin;C:\Users\Alumno1\AppData\Local\GitHubDesktop\bin;C:\Users\Alumno1\AppData\Local\JetBrains\IntelliJ IDEA 2025.1\bin;;C:\eclipse;
USERNAME=Alumno1
OS=Windows_NT
PROCESSOR_IDENTIFIER=Intel64 Family 6 Model 158 Stepping 10, GenuineIntel
TMP=C:\Users\Alumno1\AppData\Local\Temp
TEMP=C:\Users\Alumno1\AppData\Local\Temp



Periodic native trim disabled


---------------  S Y S T E M  ---------------

OS:
 Windows 11 , 64 bit Build 22621 (10.0.22621.5124)
OS uptime: 0 days 2:47 hours
Hyper-V role detected

CPU: total 6 (initial active 6) (6 cores per cpu, 1 threads per core) family 6 model 158 stepping 10 microcode 0xde, cx8, cmov, fxsr, mmx, 3dnowpref, sse, sse2, sse3, ssse3, sse4.1, sse4.2, popcnt, lzcnt, tsc, tscinvbit, avx, avx2, aes, erms, clmul, bmi1, bmi2, adx, fma, vzeroupper, clflush, clflushopt, hv
Processor Information for all 6 processors :
  Max Mhz: 2904, Current Mhz: 2904, Mhz Limit: 2904

Memory: 4k page, system-wide physical 8127M (576M free)
TotalPageFile size 30227M (AvailPageFile size 107M)
current process WorkingSet (physical memory assigned to process): 69M, peak: 69M
current process commit charge ("private bytes"): 218M, peak: 225M

vm_info: OpenJDK 64-Bit Server VM (17.0.10+7) for windows-amd64 JRE (17.0.10+7), built on Jan 16 2024 23:25:11 by "admin" with MS VC++ 16.10 / 16.11 (VS2019)

END.
