#
# There is insufficient memory for the Java Runtime Environment to continue.
# Native memory allocation (mmap) failed to map 65536 bytes for Failed to commit metaspace.
# Possible reasons:
#   The system is out of physical RAM or swap space
#   The process is running with CompressedOops enabled, and the Java Heap may be blocking the growth of the native heap
# Possible solutions:
#   Reduce memory load on the system
#   Increase physical memory or swap space
#   Check if swap backing store is full
#   Decrease Java heap size (-Xmx/-Xms)
#   Decrease number of Java threads
#   Decrease Java thread stack sizes (-Xss)
#   Set larger code cache with -XX:ReservedCodeCacheSize=
#   JVM is running with Unscaled Compressed Oops mode in which the Java heap is
#     placed in the first 4GB address space. The Java Heap base address is the
#     maximum limit for the native heap growth. Please use -XX:HeapBaseMinAddress
#     to set the Java Heap base and to place the Java Heap above 4GB virtual address.
# This output file may be truncated or incomplete.
#
#  Out of Memory Error (virtualSpaceNode.cpp:110), pid=22132, tid=39636
#
# JRE version: OpenJDK Runtime Environment Temurin-17.0.10+7 (17.0.10+7) (build 17.0.10+7)
# Java VM: OpenJDK 64-Bit Server VM Temurin-17.0.10+7 (17.0.10+7, mixed mode, tiered, compressed oops, compressed class ptrs, g1 gc, windows-amd64)
# No core dump will be written. Minidumps are not enabled by default on client versions of Windows
#

---------------  S U M M A R Y ------------

Command Line: -XX:+ShowCodeDetailsInExceptionMessages -agentlib:jdwp=transport=dt_socket,suspend=y,address=localhost:57834 -javaagent:C:\eclipse\configuration\org.eclipse.osgi\442\0\.cp\lib\javaagent-shaded.jar -Dfile.encoding=UTF-8 -Dstdout.encoding=UTF-8 -Dstderr.encoding=UTF-8 --module-path=C:\Users\Alumno1\Documents\GitHub\proyecto_final\proyecto_final\Proyecto_final\bin;C:\Users\Alumno1\Documents\GitHub\proyecto_final\proyecto_final\Proyecto_final\src\Adopcion_de_animales\mysql-connector-java-8.0.20.jar -Djdk.module.main=Proyecto_final Proyecto_final/Adopcion_de_animales.gestionar_adopcion

Host: Intel(R) Core(TM) i5-9400F CPU @ 2.90GHz, 6 cores, 7G,  Windows 11 , 64 bit Build 22621 (10.0.22621.5124)
Time: Mon May 12 11:10:20 2025 Hora de verano romance elapsed time: 14.846251 seconds (0d 0h 0m 14s)

---------------  T H R E A D  ---------------

Current thread (0x00000280178fe010):  JavaThread "AWT-EventQueue-0" [_thread_in_vm, id=39636, stack(0x0000008cb4400000,0x0000008cb4500000)]

Stack: [0x0000008cb4400000,0x0000008cb4500000]
Native frames: (J=compiled Java code, j=interpreted, Vv=VM code, C=native code)
V  [jvm.dll+0x67d2c9]
V  [jvm.dll+0x834afa]
V  [jvm.dll+0x8365be]
V  [jvm.dll+0x836c23]
V  [jvm.dll+0x2477ff]
V  [jvm.dll+0x8307bb]
V  [jvm.dll+0x621d16]
V  [jvm.dll+0x1c183e]
V  [jvm.dll+0x624671]
V  [jvm.dll+0x6226b6]
V  [jvm.dll+0x633599]
V  [jvm.dll+0x62c874]
V  [jvm.dll+0x382e71]
C  0x000002800753f8a8

The last pc belongs to method entry point (kind = zerolocals) (printed below).
Java frames: (J=compiled Java code, j=interpreted, Vv=VM code)
j  java.awt.Component.checkTreeLock()V+0 java.desktop@17.0.10
j  java.awt.Component.updateSelfGraphicsData(Ljava/awt/GraphicsConfiguration;)Z+1 java.desktop@17.0.10
j  java.awt.Component.updateGraphicsData(Ljava/awt/GraphicsConfiguration;)Z+7 java.desktop@17.0.10
j  java.awt.Component.setGraphicsConfiguration(Ljava/awt/GraphicsConfiguration;)V+9 java.desktop@17.0.10
j  java.awt.Window.setGraphicsConfiguration(Ljava/awt/GraphicsConfiguration;)V+23 java.desktop@17.0.10
j  java.awt.Window.initGC(Ljava/awt/GraphicsConfiguration;)Ljava/awt/GraphicsConfiguration;+19 java.desktop@17.0.10
j  java.awt.Window.init(Ljava/awt/GraphicsConfiguration;)V+45 java.desktop@17.0.10
j  java.awt.Window.<init>()V+124 java.desktop@17.0.10
j  java.awt.Frame.<init>(Ljava/lang/String;)V+1 java.desktop@17.0.10
j  java.awt.Frame.<init>()V+3 java.desktop@17.0.10
j  javax.swing.JFrame.<init>()V+1 java.desktop@17.0.10
j  Adopcion_de_animales.gestionar_adopcion.<init>()V+1 Proyecto_final
j  Adopcion_de_animales.gestionar_adopcion$3.run()V+4 Proyecto_final
j  java.awt.event.InvocationEvent.dispatch()V+47 java.desktop@17.0.10
j  java.awt.EventQueue.dispatchEventImpl(Ljava/awt/AWTEvent;Ljava/lang/Object;)V+21 java.desktop@17.0.10
j  java.awt.EventQueue$4.run()Ljava/lang/Void;+32 java.desktop@17.0.10
j  java.awt.EventQueue$4.run()Ljava/lang/Object;+1 java.desktop@17.0.10
j  java.security.AccessController.executePrivileged(Ljava/security/PrivilegedAction;Ljava/security/AccessControlContext;Ljava/lang/Class;)Ljava/lang/Object;+29 java.base@17.0.10
j  java.security.AccessController.doPrivileged(Ljava/security/PrivilegedAction;Ljava/security/AccessControlContext;)Ljava/lang/Object;+13 java.base@17.0.10
j  java.security.ProtectionDomain$JavaSecurityAccessImpl.doIntersectionPrivilege(Ljava/security/PrivilegedAction;Ljava/security/AccessControlContext;Ljava/security/AccessControlContext;)Ljava/lang/Object;+18 java.base@17.0.10
j  java.awt.EventQueue.dispatchEvent(Ljava/awt/AWTEvent;)V+46 java.desktop@17.0.10
j  java.awt.EventDispatchThread.pumpOneEventForFilters(I)V+78 java.desktop@17.0.10
j  java.awt.EventDispatchThread.pumpEventsForFilter(ILjava/awt/Conditional;Ljava/awt/EventFilter;)V+35 java.desktop@17.0.10
j  java.awt.EventDispatchThread.pumpEventsForHierarchy(ILjava/awt/Conditional;Ljava/awt/Component;)V+11 java.desktop@17.0.10
j  java.awt.EventDispatchThread.pumpEvents(ILjava/awt/Conditional;)V+4 java.desktop@17.0.10
j  java.awt.EventDispatchThread.pumpEvents(Ljava/awt/Conditional;)V+3 java.desktop@17.0.10
j  java.awt.EventDispatchThread.run()V+9 java.desktop@17.0.10
v  ~StubRoutines::call_stub
method entry point (kind = zerolocals)  [0x000002800753f6e0, 0x000002800753fd80]  1696 bytes
[MachCode]
  0x000002800753f6e0: 488b 5308 | 0fb7 4a2c | 0fb7 522a | 2bd1 81fa | f501 0000 | 0f86 2500 | 0000 488b | c248 c1e0 
  0x000002800753f700: 0348 83c0 | 5849 0387 | c003 0000 | 483b e00f | 870a 0000 | 0058 498b | e550 e961 | 91ff ff58 
  0x000002800753f720: 4c8d 74cc | f885 d20f | 8e09 0000 | 0068 0000 | 0000 ffca | 7ff7 5055 | 488b ec41 | 5568 0000 
  0x000002800753f740: 0000 4c8b | 6b08 4d8d | 6d30 5348 | 8b53 0848 | 8b52 0848 | 8b52 1848 | 8b52 7048 | 8b12 5248 
  0x000002800753f760: 8b53 1048 | 85d2 0f84 | 0700 0000 | 4881 c208 | 0100 0052 | 488b 5308 | 488b 5208 | 488b 5210 
  0x000002800753f780: 5241 5641 | 5568 0000 | 0000 4889 | 2424 41c6 | 8779 0300 | 0001 488b | 45d8 4885 | c00f 8484 
  0x000002800753f7a0: 0000 008b | 48fc 85c9 | 0f88 7900 | 0000 4803 | c148 8b48 | 0848 83e9 | 0248 8b54 | c810 48f7 
  0x000002800753f7c0: da49 8b14 | d648 85d2 | 7508 4883 | 4cc8 1801 | eb4f 8b52 | 0848 c1e2 | 0348 3354 | c818 48f7 
  0x000002800753f7e0: c2fc ffff | ff74 3a48 | f7c2 0200 | 0000 7531 | 4881 7cc8 | 1800 0000 | 0074 2148 | 817c c818 
  0x000002800753f800: 0100 0000 | 7416 4833 | 54c8 1848 | f7c2 fcff | ffff 740d | 4883 4cc8 | 1802 eb05 | 4889 54c8 
  0x000002800753f820: 1848 83e9 | 0279 9248 | 8b43 1048 | 85c0 7420 | 8b88 cc00 | 0000 83c1 | 0289 88cc | 0000 0023 
  0x000002800753f840: 88e0 0000 | 000f 84b3 | 0300 00e9 | 9601 0000 | 488b 4318 | 4885 c00f | 8577 0100 | 00e8 0500 
  0x000002800753f860: 0000 e960 | 0100 0048 | 8bd3 488d | 4424 084c | 896d c049 | 8bcf c5f8 | 7749 89af | a802 0000 
  0x000002800753f880: 4989 8798 | 0200 0048 | 83ec 20f7 | c40f 0000 | 000f 841a | 0000 0048 | 83ec 0849 | ba50 2efe 
  0x000002800753f8a0: c4fe 7f00 | 0041 ffd2 | 4883 c408 | e90d 0000 | 0049 ba50 | 2efe c4fe | 7f00 0041 | ffd2 4883 
  0x000002800753f8c0: c420 49c7 | 8798 0200 | 0000 0000 | 0049 c787 | a802 0000 | 0000 0000 | 49c7 87a0 | 0200 0000 
  0x000002800753f8e0: 0000 00c5 | f877 418b | 8f0c 0400 | 00f7 c101 | 0000 000f | 8449 0000 | 00f7 c102 | 0000 000f 
  0x000002800753f900: 853d 0000 | 0048 83ec | 20f7 c40f | 0000 000f | 841a 0000 | 0048 83ec | 0849 ba50 | 00fe c4fe 
  0x000002800753f920: 7f00 0041 | ffd2 4883 | c408 e90d | 0000 0049 | ba50 00fe | c4fe 7f00 | 0041 ffd2 | 4883 c420 
  0x000002800753f940: ffe0 498b | 8f90 0400 | 0048 85c9 | 0f84 5900 | 0000 8b89 | 8c00 0000 | 83f9 010f | 854a 0000 
  0x000002800753f960: 0049 8b8f | 9004 0000 | 8b89 9000 | 0000 4883 | ec20 f7c4 | 0f00 0000 | 0f84 1a00 | 0000 4883 
  0x000002800753f980: ec08 49ba | 4000 fec4 | fe7f 0000 | 41ff d248 | 83c4 08e9 | 0d00 0000 | 49ba 4000 | fec4 fe7f 
  0x000002800753f9a0: 0000 41ff | d248 83c4 | 20ff e049 | 817f 0800 | 0000 000f | 8405 0000 | 00e9 4215 | ffff 4c8b 
  0x000002800753f9c0: 6dc0 4c8b | 75c8 c348 | 8b43 1848 | 85c0 0f84 | 1200 0000 | 8b48 0883 | c102 8948 | 0823 4820 
  0x000002800753f9e0: 0f84 1802 | 0000 8984 | 2400 f0ff | ff89 8424 | 00e0 ffff | 8984 2400 | d0ff ff89 | 8424 00c0 
  0x000002800753fa00: ffff 8984 | 2400 b0ff | ff89 8424 | 00a0 ffff | 8984 2400 | 90ff ff41 | c687 7903 | 0000 0041 
  0x000002800753fa20: 8b97 9804 | 0000 85d2 | 0f84 6701 | 0000 e805 | 0000 00e9 | 5d01 0000 | 488d 4424 | 084c 896d 
  0x000002800753fa40: c049 8bcf | c5f8 7749 | 89af a802 | 0000 4989 | 8798 0200 | 0048 83ec | 20f7 c40f | 0000 000f 
  0x000002800753fa60: 841a 0000 | 0048 83ec | 0849 bad0 | 56fe c4fe | 7f00 0041 | ffd2 4883 | c408 e90d | 0000 0049 
  0x000002800753fa80: bad0 56fe | c4fe 7f00 | 0041 ffd2 | 4883 c420 | 49c7 8798 | 0200 0000 | 0000 0049 | c787 a802 
  0x000002800753faa0: 0000 0000 | 0000 49c7 | 87a0 0200 | 0000 0000 | 00c5 f877 | 418b 8f0c | 0400 00f7 | c101 0000 
  0x000002800753fac0: 000f 8449 | 0000 00f7 | c102 0000 | 000f 853d | 0000 0048 | 83ec 20f7 | c40f 0000 | 000f 841a 
  0x000002800753fae0: 0000 0048 | 83ec 0849 | ba50 00fe | c4fe 7f00 | 0041 ffd2 | 4883 c408 | e90d 0000 | 0049 ba50 
  0x000002800753fb00: 00fe c4fe | 7f00 0041 | ffd2 4883 | c420 ffe0 | 498b 8f90 | 0400 0048 | 85c9 0f84 | 5900 0000 
  0x000002800753fb20: 8b89 8c00 | 0000 83f9 | 010f 854a | 0000 0049 | 8b8f 9004 | 0000 8b89 | 9000 0000 | 4883 ec20 
  0x000002800753fb40: f7c4 0f00 | 0000 0f84 | 1a00 0000 | 4883 ec08 | 49ba 4000 | fec4 fe7f | 0000 41ff | d248 83c4 
  0x000002800753fb60: 08e9 0d00 | 0000 49ba | 4000 fec4 | fe7f 0000 | 41ff d248 | 83c4 20ff | e049 817f | 0800 0000 
  0x000002800753fb80: 000f 8405 | 0000 00e9 | 7413 ffff | 4c8b 6dc0 | 4c8b 75c8 | c349 ba79 | 357e c5fe | 7f00 0041 
  0x000002800753fba0: 803a 000f | 8442 0000 | 0048 8b55 | e849 8bcf | 4883 ec20 | f7c4 0f00 | 0000 0f84 | 1a00 0000 
  0x000002800753fbc0: 4883 ec08 | 49ba 0030 | 34c5 fe7f | 0000 41ff | d248 83c4 | 08e9 0d00 | 0000 49ba | 0030 34c5 
  0x000002800753fbe0: fe7f 0000 | 41ff d248 | 83c4 2041 | 0fb6 5d00 | 49ba 90a9 | 80c5 fe7f | 0000 41ff | 24da ba00 
  0x000002800753fc00: 0000 00e8 | 0500 0000 | e95d 0100 | 0048 8d44 | 2408 4c89 | 6dc0 498b | cfc5 f877 | 4989 afa8 
  0x000002800753fc20: 0200 0049 | 8987 9802 | 0000 4883 | ec20 f7c4 | 0f00 0000 | 0f84 1a00 | 0000 4883 | ec08 49ba 
  0x000002800753fc40: 4039 fec4 | fe7f 0000 | 41ff d248 | 83c4 08e9 | 0d00 0000 | 49ba 4039 | fec4 fe7f | 0000 41ff 
  0x000002800753fc60: d248 83c4 | 2049 c787 | 9802 0000 | 0000 0000 | 49c7 87a8 | 0200 0000 | 0000 0049 | c787 a002 
  0x000002800753fc80: 0000 0000 | 0000 c5f8 | 7741 8b8f | 0c04 0000 | f7c1 0100 | 0000 0f84 | 4900 0000 | f7c1 0200 
  0x000002800753fca0: 0000 0f85 | 3d00 0000 | 4883 ec20 | f7c4 0f00 | 0000 0f84 | 1a00 0000 | 4883 ec08 | 49ba 5000 
  0x000002800753fcc0: fec4 fe7f | 0000 41ff | d248 83c4 | 08e9 0d00 | 0000 49ba | 5000 fec4 | fe7f 0000 | 41ff d248 
  0x000002800753fce0: 83c4 20ff | e049 8b8f | 9004 0000 | 4885 c90f | 8459 0000 | 008b 898c | 0000 0083 | f901 0f85 
  0x000002800753fd00: 4a00 0000 | 498b 8f90 | 0400 008b | 8990 0000 | 0048 83ec | 20f7 c40f | 0000 000f | 841a 0000 
  0x000002800753fd20: 0048 83ec | 0849 ba40 | 00fe c4fe | 7f00 0041 | ffd2 4883 | c408 e90d | 0000 0049 | ba40 00fe 
  0x000002800753fd40: c4fe 7f00 | 0041 ffd2 | 4883 c420 | ffe0 4981 | 7f08 0000 | 0000 0f84 | 0500 0000 | e99f 11ff 
  0x000002800753fd60: ff4c 8b6d | c04c 8b75 | c8c3 488b | 5de8 e973 | fcff ff0f | 1f44 0000 | 0000 0000 | 0000 0000 
[/MachCode]

---------------  P R O C E S S  ---------------

Threads class SMR info:
_java_thread_list=0x0000028017814830, length=19, elements={
0x000002807f2624c0, 0x000002807f2653d0, 0x000002801700cc70, 0x000002801700d540,
0x00000280170413f0, 0x0000028017041cc0, 0x00000280170428c0, 0x00000280170a8cb0,
0x00000280170ad1f0, 0x00000280170c8870, 0x000002801755c070, 0x000002801754e8f0,
0x000002801754edf0, 0x00000280176497d0, 0x0000028017893e20, 0x00000280178944f0,
0x00000280178951d0, 0x00000280178fe010, 0x00000280766bea10
}

Java Threads: ( => current thread )
  0x000002807f2624c0 JavaThread "Reference Handler" daemon [_thread_blocked, id=23920, stack(0x0000008cb3200000,0x0000008cb3300000)]
  0x000002807f2653d0 JavaThread "Finalizer" daemon [_thread_blocked, id=23924, stack(0x0000008cb3300000,0x0000008cb3400000)]
  0x000002801700cc70 JavaThread "Signal Dispatcher" daemon [_thread_blocked, id=23932, stack(0x0000008cb3400000,0x0000008cb3500000)]
  0x000002801700d540 JavaThread "Attach Listener" daemon [_thread_blocked, id=23936, stack(0x0000008cb3500000,0x0000008cb3600000)]
  0x00000280170413f0 JavaThread "Service Thread" daemon [_thread_blocked, id=23940, stack(0x0000008cb3600000,0x0000008cb3700000)]
  0x0000028017041cc0 JavaThread "Monitor Deflation Thread" daemon [_thread_blocked, id=23944, stack(0x0000008cb3700000,0x0000008cb3800000)]
  0x00000280170428c0 JavaThread "C2 CompilerThread0" daemon [_thread_blocked, id=23948, stack(0x0000008cb3800000,0x0000008cb3900000)]
  0x00000280170a8cb0 JavaThread "C1 CompilerThread0" daemon [_thread_blocked, id=24228, stack(0x0000008cb3900000,0x0000008cb3a00000)]
  0x00000280170ad1f0 JavaThread "Sweeper thread" daemon [_thread_blocked, id=24436, stack(0x0000008cb3a00000,0x0000008cb3b00000)]
  0x00000280170c8870 JavaThread "Common-Cleaner" daemon [_thread_blocked, id=24792, stack(0x0000008cb3b00000,0x0000008cb3c00000)]
  0x000002801755c070 JavaThread "JDWP Transport Listener: dt_socket" daemon [_thread_blocked, id=25848, stack(0x0000008cb3c00000,0x0000008cb3d00000)]
  0x000002801754e8f0 JavaThread "JDWP Event Helper Thread" daemon [_thread_blocked, id=30592, stack(0x0000008cb3d00000,0x0000008cb3e00000)]
  0x000002801754edf0 JavaThread "JDWP Command Reader" daemon [_thread_in_native, id=30596, stack(0x0000008cb3e00000,0x0000008cb3f00000)]
  0x00000280176497d0 JavaThread "Notification Thread" daemon [_thread_blocked, id=36428, stack(0x0000008cb3f00000,0x0000008cb4000000)]
  0x0000028017893e20 JavaThread "Java2D Disposer" daemon [_thread_blocked, id=39348, stack(0x0000008cb4100000,0x0000008cb4200000)]
  0x00000280178944f0 JavaThread "AWT-Shutdown" [_thread_blocked, id=39352, stack(0x0000008cb4200000,0x0000008cb4300000)]
  0x00000280178951d0 JavaThread "AWT-Windows" daemon [_thread_in_native, id=39424, stack(0x0000008cb4300000,0x0000008cb4400000)]
=>0x00000280178fe010 JavaThread "AWT-EventQueue-0" [_thread_in_vm, id=39636, stack(0x0000008cb4400000,0x0000008cb4500000)]
  0x00000280766bea10 JavaThread "DestroyJavaVM" [_thread_blocked, id=21564, stack(0x0000008cb2a00000,0x0000008cb2b00000)]

Other Threads:
  0x000002807f272760 VMThread "VM Thread" [stack: 0x0000008cb3100000,0x0000008cb3200000] [id=23248]
  0x00000280176bbc20 WatcherThread [stack: 0x0000008cb4000000,0x0000008cb4100000] [id=36432]
  0x0000028076719b10 GCTaskThread "GC Thread#0" [stack: 0x0000008cb2c00000,0x0000008cb2d00000] [id=22688]
  0x000002807672a760 ConcurrentGCThread "G1 Main Marker" [stack: 0x0000008cb2d00000,0x0000008cb2e00000] [id=22692]
  0x000002807672b080 ConcurrentGCThread "G1 Conc#0" [stack: 0x0000008cb2e00000,0x0000008cb2f00000] [id=22696]
  0x000002807f0ba100 ConcurrentGCThread "G1 Refine#0" [stack: 0x0000008cb2f00000,0x0000008cb3000000] [id=22700]
  0x000002807f0bba40 ConcurrentGCThread "G1 Service" [stack: 0x0000008cb3000000,0x0000008cb3100000] [id=22704]

Threads with active compile tasks:

VM state: not at safepoint (normal execution)

VM Mutex/Monitor currently owned by a thread:  ([mutex/lock_event])
[0x00000280766b8690] Metaspace_lock - owner thread: 0x00000280178fe010

Heap address: 0x0000000081000000, size: 2032 MB, Compressed Oops mode: 32-bit

CDS archive(s) not mapped
Compressed class space mapped at: 0x0000000100000000-0x0000000140000000, reserved size: 1073741824
Narrow klass base: 0x0000000000000000, Narrow klass shift: 3, Narrow klass range: 0x140000000

GC Precious Log:
 CPUs: 6 total, 6 available
 Memory: 8127M
 Large Page Support: Disabled
 NUMA Support: Disabled
 Compressed Oops: Enabled (32-bit)
 Heap Region Size: 1M
 Heap Min Capacity: 8M
 Heap Initial Capacity: 128M
 Heap Max Capacity: 2032M
 Pre-touch: Disabled
 Parallel Workers: 6
 Concurrent Workers: 2
 Concurrent Refinement Workers: 6
 Periodic GC: Disabled

Heap:
 garbage-first heap   total 131072K, used 9216K [0x0000000081000000, 0x0000000100000000)
  region size 1024K, 11 young (11264K), 0 survivors (0K)
 Metaspace       used 13310K, committed 13504K, reserved 1114112K
  class space    used 1240K, committed 1344K, reserved 1048576K

Heap Regions: E=young(eden), S=young(survivor), O=old, HS=humongous(starts), HC=humongous(continues), CS=collection set, F=free, OA=open archive, CA=closed archive, TAMS=top-at-mark-start (previous, next)
|   0|0x0000000081000000, 0x0000000081000000, 0x0000000081100000|  0%| F|  |TAMS 0x0000000081000000, 0x0000000081000000| Untracked 
|   1|0x0000000081100000, 0x0000000081100000, 0x0000000081200000|  0%| F|  |TAMS 0x0000000081100000, 0x0000000081100000| Untracked 
|   2|0x0000000081200000, 0x0000000081200000, 0x0000000081300000|  0%| F|  |TAMS 0x0000000081200000, 0x0000000081200000| Untracked 
|   3|0x0000000081300000, 0x0000000081300000, 0x0000000081400000|  0%| F|  |TAMS 0x0000000081300000, 0x0000000081300000| Untracked 
|   4|0x0000000081400000, 0x0000000081400000, 0x0000000081500000|  0%| F|  |TAMS 0x0000000081400000, 0x0000000081400000| Untracked 
|   5|0x0000000081500000, 0x0000000081500000, 0x0000000081600000|  0%| F|  |TAMS 0x0000000081500000, 0x0000000081500000| Untracked 
|   6|0x0000000081600000, 0x0000000081600000, 0x0000000081700000|  0%| F|  |TAMS 0x0000000081600000, 0x0000000081600000| Untracked 
|   7|0x0000000081700000, 0x0000000081700000, 0x0000000081800000|  0%| F|  |TAMS 0x0000000081700000, 0x0000000081700000| Untracked 
|   8|0x0000000081800000, 0x0000000081800000, 0x0000000081900000|  0%| F|  |TAMS 0x0000000081800000, 0x0000000081800000| Untracked 
|   9|0x0000000081900000, 0x0000000081900000, 0x0000000081a00000|  0%| F|  |TAMS 0x0000000081900000, 0x0000000081900000| Untracked 
|  10|0x0000000081a00000, 0x0000000081a00000, 0x0000000081b00000|  0%| F|  |TAMS 0x0000000081a00000, 0x0000000081a00000| Untracked 
|  11|0x0000000081b00000, 0x0000000081b00000, 0x0000000081c00000|  0%| F|  |TAMS 0x0000000081b00000, 0x0000000081b00000| Untracked 
|  12|0x0000000081c00000, 0x0000000081c00000, 0x0000000081d00000|  0%| F|  |TAMS 0x0000000081c00000, 0x0000000081c00000| Untracked 
|  13|0x0000000081d00000, 0x0000000081d00000, 0x0000000081e00000|  0%| F|  |TAMS 0x0000000081d00000, 0x0000000081d00000| Untracked 
|  14|0x0000000081e00000, 0x0000000081e00000, 0x0000000081f00000|  0%| F|  |TAMS 0x0000000081e00000, 0x0000000081e00000| Untracked 
|  15|0x0000000081f00000, 0x0000000081f00000, 0x0000000082000000|  0%| F|  |TAMS 0x0000000081f00000, 0x0000000081f00000| Untracked 
|  16|0x0000000082000000, 0x0000000082000000, 0x0000000082100000|  0%| F|  |TAMS 0x0000000082000000, 0x0000000082000000| Untracked 
|  17|0x0000000082100000, 0x0000000082100000, 0x0000000082200000|  0%| F|  |TAMS 0x0000000082100000, 0x0000000082100000| Untracked 
|  18|0x0000000082200000, 0x0000000082200000, 0x0000000082300000|  0%| F|  |TAMS 0x0000000082200000, 0x0000000082200000| Untracked 
|  19|0x0000000082300000, 0x0000000082300000, 0x0000000082400000|  0%| F|  |TAMS 0x0000000082300000, 0x0000000082300000| Untracked 
|  20|0x0000000082400000, 0x0000000082400000, 0x0000000082500000|  0%| F|  |TAMS 0x0000000082400000, 0x0000000082400000| Untracked 
|  21|0x0000000082500000, 0x0000000082500000, 0x0000000082600000|  0%| F|  |TAMS 0x0000000082500000, 0x0000000082500000| Untracked 
|  22|0x0000000082600000, 0x0000000082600000, 0x0000000082700000|  0%| F|  |TAMS 0x0000000082600000, 0x0000000082600000| Untracked 
|  23|0x0000000082700000, 0x0000000082700000, 0x0000000082800000|  0%| F|  |TAMS 0x0000000082700000, 0x0000000082700000| Untracked 
|  24|0x0000000082800000, 0x0000000082800000, 0x0000000082900000|  0%| F|  |TAMS 0x0000000082800000, 0x0000000082800000| Untracked 
|  25|0x0000000082900000, 0x0000000082900000, 0x0000000082a00000|  0%| F|  |TAMS 0x0000000082900000, 0x0000000082900000| Untracked 
|  26|0x0000000082a00000, 0x0000000082a00000, 0x0000000082b00000|  0%| F|  |TAMS 0x0000000082a00000, 0x0000000082a00000| Untracked 
|  27|0x0000000082b00000, 0x0000000082b00000, 0x0000000082c00000|  0%| F|  |TAMS 0x0000000082b00000, 0x0000000082b00000| Untracked 
|  28|0x0000000082c00000, 0x0000000082c00000, 0x0000000082d00000|  0%| F|  |TAMS 0x0000000082c00000, 0x0000000082c00000| Untracked 
|  29|0x0000000082d00000, 0x0000000082d00000, 0x0000000082e00000|  0%| F|  |TAMS 0x0000000082d00000, 0x0000000082d00000| Untracked 
|  30|0x0000000082e00000, 0x0000000082e00000, 0x0000000082f00000|  0%| F|  |TAMS 0x0000000082e00000, 0x0000000082e00000| Untracked 
|  31|0x0000000082f00000, 0x0000000082f00000, 0x0000000083000000|  0%| F|  |TAMS 0x0000000082f00000, 0x0000000082f00000| Untracked 
|  32|0x0000000083000000, 0x0000000083000000, 0x0000000083100000|  0%| F|  |TAMS 0x0000000083000000, 0x0000000083000000| Untracked 
|  33|0x0000000083100000, 0x0000000083100000, 0x0000000083200000|  0%| F|  |TAMS 0x0000000083100000, 0x0000000083100000| Untracked 
|  34|0x0000000083200000, 0x0000000083200000, 0x0000000083300000|  0%| F|  |TAMS 0x0000000083200000, 0x0000000083200000| Untracked 
|  35|0x0000000083300000, 0x0000000083300000, 0x0000000083400000|  0%| F|  |TAMS 0x0000000083300000, 0x0000000083300000| Untracked 
|  36|0x0000000083400000, 0x0000000083400000, 0x0000000083500000|  0%| F|  |TAMS 0x0000000083400000, 0x0000000083400000| Untracked 
|  37|0x0000000083500000, 0x0000000083500000, 0x0000000083600000|  0%| F|  |TAMS 0x0000000083500000, 0x0000000083500000| Untracked 
|  38|0x0000000083600000, 0x0000000083600000, 0x0000000083700000|  0%| F|  |TAMS 0x0000000083600000, 0x0000000083600000| Untracked 
|  39|0x0000000083700000, 0x0000000083700000, 0x0000000083800000|  0%| F|  |TAMS 0x0000000083700000, 0x0000000083700000| Untracked 
|  40|0x0000000083800000, 0x0000000083800000, 0x0000000083900000|  0%| F|  |TAMS 0x0000000083800000, 0x0000000083800000| Untracked 
|  41|0x0000000083900000, 0x0000000083900000, 0x0000000083a00000|  0%| F|  |TAMS 0x0000000083900000, 0x0000000083900000| Untracked 
|  42|0x0000000083a00000, 0x0000000083a00000, 0x0000000083b00000|  0%| F|  |TAMS 0x0000000083a00000, 0x0000000083a00000| Untracked 
|  43|0x0000000083b00000, 0x0000000083b00000, 0x0000000083c00000|  0%| F|  |TAMS 0x0000000083b00000, 0x0000000083b00000| Untracked 
|  44|0x0000000083c00000, 0x0000000083c00000, 0x0000000083d00000|  0%| F|  |TAMS 0x0000000083c00000, 0x0000000083c00000| Untracked 
|  45|0x0000000083d00000, 0x0000000083d00000, 0x0000000083e00000|  0%| F|  |TAMS 0x0000000083d00000, 0x0000000083d00000| Untracked 
|  46|0x0000000083e00000, 0x0000000083e00000, 0x0000000083f00000|  0%| F|  |TAMS 0x0000000083e00000, 0x0000000083e00000| Untracked 
|  47|0x0000000083f00000, 0x0000000083f00000, 0x0000000084000000|  0%| F|  |TAMS 0x0000000083f00000, 0x0000000083f00000| Untracked 
|  48|0x0000000084000000, 0x0000000084000000, 0x0000000084100000|  0%| F|  |TAMS 0x0000000084000000, 0x0000000084000000| Untracked 
|  49|0x0000000084100000, 0x0000000084100000, 0x0000000084200000|  0%| F|  |TAMS 0x0000000084100000, 0x0000000084100000| Untracked 
|  50|0x0000000084200000, 0x0000000084200000, 0x0000000084300000|  0%| F|  |TAMS 0x0000000084200000, 0x0000000084200000| Untracked 
|  51|0x0000000084300000, 0x0000000084300000, 0x0000000084400000|  0%| F|  |TAMS 0x0000000084300000, 0x0000000084300000| Untracked 
|  52|0x0000000084400000, 0x0000000084400000, 0x0000000084500000|  0%| F|  |TAMS 0x0000000084400000, 0x0000000084400000| Untracked 
|  53|0x0000000084500000, 0x0000000084500000, 0x0000000084600000|  0%| F|  |TAMS 0x0000000084500000, 0x0000000084500000| Untracked 
|  54|0x0000000084600000, 0x0000000084600000, 0x0000000084700000|  0%| F|  |TAMS 0x0000000084600000, 0x0000000084600000| Untracked 
|  55|0x0000000084700000, 0x0000000084700000, 0x0000000084800000|  0%| F|  |TAMS 0x0000000084700000, 0x0000000084700000| Untracked 
|  56|0x0000000084800000, 0x0000000084800000, 0x0000000084900000|  0%| F|  |TAMS 0x0000000084800000, 0x0000000084800000| Untracked 
|  57|0x0000000084900000, 0x0000000084900000, 0x0000000084a00000|  0%| F|  |TAMS 0x0000000084900000, 0x0000000084900000| Untracked 
|  58|0x0000000084a00000, 0x0000000084a00000, 0x0000000084b00000|  0%| F|  |TAMS 0x0000000084a00000, 0x0000000084a00000| Untracked 
|  59|0x0000000084b00000, 0x0000000084b00000, 0x0000000084c00000|  0%| F|  |TAMS 0x0000000084b00000, 0x0000000084b00000| Untracked 
|  60|0x0000000084c00000, 0x0000000084c00000, 0x0000000084d00000|  0%| F|  |TAMS 0x0000000084c00000, 0x0000000084c00000| Untracked 
|  61|0x0000000084d00000, 0x0000000084d00000, 0x0000000084e00000|  0%| F|  |TAMS 0x0000000084d00000, 0x0000000084d00000| Untracked 
|  62|0x0000000084e00000, 0x0000000084e00000, 0x0000000084f00000|  0%| F|  |TAMS 0x0000000084e00000, 0x0000000084e00000| Untracked 
|  63|0x0000000084f00000, 0x0000000084f00000, 0x0000000085000000|  0%| F|  |TAMS 0x0000000084f00000, 0x0000000084f00000| Untracked 
|  64|0x0000000085000000, 0x0000000085000000, 0x0000000085100000|  0%| F|  |TAMS 0x0000000085000000, 0x0000000085000000| Untracked 
|  65|0x0000000085100000, 0x0000000085100000, 0x0000000085200000|  0%| F|  |TAMS 0x0000000085100000, 0x0000000085100000| Untracked 
|  66|0x0000000085200000, 0x0000000085200000, 0x0000000085300000|  0%| F|  |TAMS 0x0000000085200000, 0x0000000085200000| Untracked 
|  67|0x0000000085300000, 0x0000000085300000, 0x0000000085400000|  0%| F|  |TAMS 0x0000000085300000, 0x0000000085300000| Untracked 
|  68|0x0000000085400000, 0x0000000085400000, 0x0000000085500000|  0%| F|  |TAMS 0x0000000085400000, 0x0000000085400000| Untracked 
|  69|0x0000000085500000, 0x0000000085500000, 0x0000000085600000|  0%| F|  |TAMS 0x0000000085500000, 0x0000000085500000| Untracked 
|  70|0x0000000085600000, 0x0000000085600000, 0x0000000085700000|  0%| F|  |TAMS 0x0000000085600000, 0x0000000085600000| Untracked 
|  71|0x0000000085700000, 0x0000000085700000, 0x0000000085800000|  0%| F|  |TAMS 0x0000000085700000, 0x0000000085700000| Untracked 
|  72|0x0000000085800000, 0x0000000085800000, 0x0000000085900000|  0%| F|  |TAMS 0x0000000085800000, 0x0000000085800000| Untracked 
|  73|0x0000000085900000, 0x0000000085900000, 0x0000000085a00000|  0%| F|  |TAMS 0x0000000085900000, 0x0000000085900000| Untracked 
|  74|0x0000000085a00000, 0x0000000085a00000, 0x0000000085b00000|  0%| F|  |TAMS 0x0000000085a00000, 0x0000000085a00000| Untracked 
|  75|0x0000000085b00000, 0x0000000085b00000, 0x0000000085c00000|  0%| F|  |TAMS 0x0000000085b00000, 0x0000000085b00000| Untracked 
|  76|0x0000000085c00000, 0x0000000085c00000, 0x0000000085d00000|  0%| F|  |TAMS 0x0000000085c00000, 0x0000000085c00000| Untracked 
|  77|0x0000000085d00000, 0x0000000085d00000, 0x0000000085e00000|  0%| F|  |TAMS 0x0000000085d00000, 0x0000000085d00000| Untracked 
|  78|0x0000000085e00000, 0x0000000085e00000, 0x0000000085f00000|  0%| F|  |TAMS 0x0000000085e00000, 0x0000000085e00000| Untracked 
|  79|0x0000000085f00000, 0x0000000085f00000, 0x0000000086000000|  0%| F|  |TAMS 0x0000000085f00000, 0x0000000085f00000| Untracked 
|  80|0x0000000086000000, 0x0000000086000000, 0x0000000086100000|  0%| F|  |TAMS 0x0000000086000000, 0x0000000086000000| Untracked 
|  81|0x0000000086100000, 0x0000000086100000, 0x0000000086200000|  0%| F|  |TAMS 0x0000000086100000, 0x0000000086100000| Untracked 
|  82|0x0000000086200000, 0x0000000086200000, 0x0000000086300000|  0%| F|  |TAMS 0x0000000086200000, 0x0000000086200000| Untracked 
|  83|0x0000000086300000, 0x0000000086300000, 0x0000000086400000|  0%| F|  |TAMS 0x0000000086300000, 0x0000000086300000| Untracked 
|  84|0x0000000086400000, 0x0000000086400000, 0x0000000086500000|  0%| F|  |TAMS 0x0000000086400000, 0x0000000086400000| Untracked 
|  85|0x0000000086500000, 0x0000000086500000, 0x0000000086600000|  0%| F|  |TAMS 0x0000000086500000, 0x0000000086500000| Untracked 
|  86|0x0000000086600000, 0x0000000086600000, 0x0000000086700000|  0%| F|  |TAMS 0x0000000086600000, 0x0000000086600000| Untracked 
|  87|0x0000000086700000, 0x0000000086700000, 0x0000000086800000|  0%| F|  |TAMS 0x0000000086700000, 0x0000000086700000| Untracked 
|  88|0x0000000086800000, 0x0000000086800000, 0x0000000086900000|  0%| F|  |TAMS 0x0000000086800000, 0x0000000086800000| Untracked 
|  89|0x0000000086900000, 0x0000000086900000, 0x0000000086a00000|  0%| F|  |TAMS 0x0000000086900000, 0x0000000086900000| Untracked 
|  90|0x0000000086a00000, 0x0000000086a00000, 0x0000000086b00000|  0%| F|  |TAMS 0x0000000086a00000, 0x0000000086a00000| Untracked 
|  91|0x0000000086b00000, 0x0000000086b00000, 0x0000000086c00000|  0%| F|  |TAMS 0x0000000086b00000, 0x0000000086b00000| Untracked 
|  92|0x0000000086c00000, 0x0000000086c00000, 0x0000000086d00000|  0%| F|  |TAMS 0x0000000086c00000, 0x0000000086c00000| Untracked 
|  93|0x0000000086d00000, 0x0000000086d00000, 0x0000000086e00000|  0%| F|  |TAMS 0x0000000086d00000, 0x0000000086d00000| Untracked 
|  94|0x0000000086e00000, 0x0000000086e00000, 0x0000000086f00000|  0%| F|  |TAMS 0x0000000086e00000, 0x0000000086e00000| Untracked 
|  95|0x0000000086f00000, 0x0000000086f00000, 0x0000000087000000|  0%| F|  |TAMS 0x0000000086f00000, 0x0000000086f00000| Untracked 
|  96|0x0000000087000000, 0x0000000087000000, 0x0000000087100000|  0%| F|  |TAMS 0x0000000087000000, 0x0000000087000000| Untracked 
|  97|0x0000000087100000, 0x0000000087100000, 0x0000000087200000|  0%| F|  |TAMS 0x0000000087100000, 0x0000000087100000| Untracked 
|  98|0x0000000087200000, 0x0000000087200000, 0x0000000087300000|  0%| F|  |TAMS 0x0000000087200000, 0x0000000087200000| Untracked 
|  99|0x0000000087300000, 0x0000000087300000, 0x0000000087400000|  0%| F|  |TAMS 0x0000000087300000, 0x0000000087300000| Untracked 
| 100|0x0000000087400000, 0x0000000087400000, 0x0000000087500000|  0%| F|  |TAMS 0x0000000087400000, 0x0000000087400000| Untracked 
| 101|0x0000000087500000, 0x0000000087500000, 0x0000000087600000|  0%| F|  |TAMS 0x0000000087500000, 0x0000000087500000| Untracked 
| 102|0x0000000087600000, 0x0000000087600000, 0x0000000087700000|  0%| F|  |TAMS 0x0000000087600000, 0x0000000087600000| Untracked 
| 103|0x0000000087700000, 0x0000000087700000, 0x0000000087800000|  0%| F|  |TAMS 0x0000000087700000, 0x0000000087700000| Untracked 
| 104|0x0000000087800000, 0x0000000087800000, 0x0000000087900000|  0%| F|  |TAMS 0x0000000087800000, 0x0000000087800000| Untracked 
| 105|0x0000000087900000, 0x0000000087900000, 0x0000000087a00000|  0%| F|  |TAMS 0x0000000087900000, 0x0000000087900000| Untracked 
| 106|0x0000000087a00000, 0x0000000087a00000, 0x0000000087b00000|  0%| F|  |TAMS 0x0000000087a00000, 0x0000000087a00000| Untracked 
| 107|0x0000000087b00000, 0x0000000087b00000, 0x0000000087c00000|  0%| F|  |TAMS 0x0000000087b00000, 0x0000000087b00000| Untracked 
| 108|0x0000000087c00000, 0x0000000087c00000, 0x0000000087d00000|  0%| F|  |TAMS 0x0000000087c00000, 0x0000000087c00000| Untracked 
| 109|0x0000000087d00000, 0x0000000087d00000, 0x0000000087e00000|  0%| F|  |TAMS 0x0000000087d00000, 0x0000000087d00000| Untracked 
| 110|0x0000000087e00000, 0x0000000087e00000, 0x0000000087f00000|  0%| F|  |TAMS 0x0000000087e00000, 0x0000000087e00000| Untracked 
| 111|0x0000000087f00000, 0x0000000087f00000, 0x0000000088000000|  0%| F|  |TAMS 0x0000000087f00000, 0x0000000087f00000| Untracked 
| 112|0x0000000088000000, 0x0000000088000000, 0x0000000088100000|  0%| F|  |TAMS 0x0000000088000000, 0x0000000088000000| Untracked 
| 113|0x0000000088100000, 0x0000000088100000, 0x0000000088200000|  0%| F|  |TAMS 0x0000000088100000, 0x0000000088100000| Untracked 
| 114|0x0000000088200000, 0x0000000088200000, 0x0000000088300000|  0%| F|  |TAMS 0x0000000088200000, 0x0000000088200000| Untracked 
| 115|0x0000000088300000, 0x0000000088300000, 0x0000000088400000|  0%| F|  |TAMS 0x0000000088300000, 0x0000000088300000| Untracked 
| 116|0x0000000088400000, 0x0000000088400000, 0x0000000088500000|  0%| F|  |TAMS 0x0000000088400000, 0x0000000088400000| Untracked 
| 117|0x0000000088500000, 0x000000008856c818, 0x0000000088600000| 42%| E|  |TAMS 0x0000000088500000, 0x0000000088500000| Complete 
| 118|0x0000000088600000, 0x0000000088700000, 0x0000000088700000|100%| E|CS|TAMS 0x0000000088600000, 0x0000000088600000| Complete 
| 119|0x0000000088700000, 0x0000000088800000, 0x0000000088800000|100%| E|CS|TAMS 0x0000000088700000, 0x0000000088700000| Complete 
| 120|0x0000000088800000, 0x0000000088900000, 0x0000000088900000|100%| E|CS|TAMS 0x0000000088800000, 0x0000000088800000| Complete 
| 121|0x0000000088900000, 0x0000000088a00000, 0x0000000088a00000|100%| E|  |TAMS 0x0000000088900000, 0x0000000088900000| Complete 
| 122|0x0000000088a00000, 0x0000000088b00000, 0x0000000088b00000|100%| E|CS|TAMS 0x0000000088a00000, 0x0000000088a00000| Complete 
| 123|0x0000000088b00000, 0x0000000088c00000, 0x0000000088c00000|100%| E|CS|TAMS 0x0000000088b00000, 0x0000000088b00000| Complete 
| 124|0x0000000088c00000, 0x0000000088d00000, 0x0000000088d00000|100%| E|CS|TAMS 0x0000000088c00000, 0x0000000088c00000| Complete 
| 125|0x0000000088d00000, 0x0000000088e00000, 0x0000000088e00000|100%| E|CS|TAMS 0x0000000088d00000, 0x0000000088d00000| Complete 
| 126|0x0000000088e00000, 0x0000000088f00000, 0x0000000088f00000|100%| E|CS|TAMS 0x0000000088e00000, 0x0000000088e00000| Complete 
| 127|0x0000000088f00000, 0x0000000089000000, 0x0000000089000000|100%| E|CS|TAMS 0x0000000088f00000, 0x0000000088f00000| Complete 

Card table byte_map: [0x000002807c1d0000,0x000002807c5d0000] _byte_map_base: 0x000002807bdc8000

Marking Bits (Prev, Next): (CMBitMap*) 0x000002807671a030, (CMBitMap*) 0x000002807671a070
 Prev Bits: [0x000002807c9d0000, 0x000002807e990000)
 Next Bits: [0x000002800f000000, 0x0000028010fc0000)

Polling page: 0x0000028076770000

Metaspace:

Usage:
  Non-class:     11.79 MB used.
      Class:      1.21 MB used.
       Both:     13.00 MB used.

Virtual space:
  Non-class space:       64.00 MB reserved,      11.88 MB ( 19%) committed,  1 nodes.
      Class space:        1.00 GB reserved,       1.31 MB ( <1%) committed,  1 nodes.
             Both:        1.06 GB reserved,      13.19 MB (  1%) committed. 

Chunk freelists:
   Non-Class:  4.06 MB
       Class:  14.72 MB
        Both:  18.78 MB

MaxMetaspaceSize: unlimited
CompressedClassSpaceSize: 1.00 GB
Initial GC threshold: 21.00 MB
Current GC threshold: 21.00 MB
CDS: off
MetaspaceReclaimPolicy: balanced
 - commit_granule_bytes: 65536.
 - commit_granule_words: 8192.
 - virtual_space_node_default_size: 8388608.
 - enlarge_chunks_in_place: 1.
 - new_chunks_are_fully_committed: 0.
 - uncommit_free_chunks: 1.
 - use_allocation_guard: 0.
 - handle_deallocations: 1.


Internal statistics:

num_allocs_failed_limit: 0.
num_arena_births: 72.
num_arena_deaths: 0.
num_vsnodes_births: 2.
num_vsnodes_deaths: 0.
num_space_committed: 211.
num_space_uncommitted: 0.
num_chunks_returned_to_freelist: 0.
num_chunks_taken_from_freelist: 128.
num_chunk_merges: 0.
num_chunk_splits: 72.
num_chunks_enlarged: 38.
num_inconsistent_stats: 0.

CodeHeap 'non-profiled nmethods': size=120000Kb used=238Kb max_used=238Kb free=119761Kb
 bounds [0x0000028007ad0000, 0x0000028007d40000, 0x000002800f000000]
CodeHeap 'profiled nmethods': size=120000Kb used=1121Kb max_used=1121Kb free=118878Kb
 bounds [0x0000028000000000, 0x0000028000270000, 0x0000028007530000]
CodeHeap 'non-nmethods': size=5760Kb used=1260Kb max_used=1271Kb free=4499Kb
 bounds [0x0000028007530000, 0x00000280077a0000, 0x0000028007ad0000]
 total_blobs=1221 nmethods=724 adapters=410
 compilation: enabled
              stopped_count=0, restarted_count=0
 full_count=0

Compilation events (20 events):
Event: 14.599 Thread 0x00000280170428c0  712       4       java.lang.invoke.MethodType::parameterCount (6 bytes)
Event: 14.599 Thread 0x00000280170428c0 nmethod 712 0x0000028007b0a290 code [0x0000028007b0a400, 0x0000028007b0a498]
Event: 14.603 Thread 0x00000280170a8cb0  716       3       java.lang.invoke.MethodHandles$Lookup::<init> (84 bytes)
Event: 14.603 Thread 0x00000280170a8cb0 nmethod 716 0x0000028000115c10 code [0x0000028000115dc0, 0x0000028000115ff8]
Event: 14.603 Thread 0x00000280170a8cb0  717       1       java.lang.module.ModuleDescriptor::isOpen (5 bytes)
Event: 14.603 Thread 0x00000280170a8cb0 nmethod 717 0x0000028007b0ad10 code [0x0000028007b0aea0, 0x0000028007b0af78]
Event: 14.603 Thread 0x00000280170a8cb0  720       3       java.util.ArrayList::iterator (9 bytes)
Event: 14.603 Thread 0x00000280170a8cb0 nmethod 720 0x0000028000116090 code [0x0000028000116240, 0x00000280001164d8]
Event: 14.603 Thread 0x00000280170a8cb0  721       3       java.util.ArrayList$Itr::<init> (26 bytes)
Event: 14.603 Thread 0x00000280170a8cb0 nmethod 721 0x0000028000116610 code [0x00000280001167a0, 0x0000028000116978]
Event: 14.827 Thread 0x00000280170a8cb0  722       3       java.lang.invoke.MemberName::getInvocationType (56 bytes)
Event: 14.828 Thread 0x00000280170a8cb0 nmethod 722 0x0000028000116a90 code [0x0000028000116cc0, 0x00000280001175c8]
Event: 14.828 Thread 0x00000280170428c0  723       4       jdk.internal.org.objectweb.asm.ClassReader::readUnsignedShort (26 bytes)
Event: 14.831 Thread 0x00000280170428c0 nmethod 723 0x0000028007b0b790 code [0x0000028007b0b900, 0x0000028007b0b9f8]
Event: 14.831 Thread 0x00000280170a8cb0  724       3       java.lang.invoke.MemberName::getType (19 bytes)
Event: 14.832 Thread 0x00000280170a8cb0 nmethod 724 0x0000028000117890 code [0x0000028000117a60, 0x0000028000117e18]
Event: 14.832 Thread 0x00000280170a8cb0  725       3       jdk.internal.org.objectweb.asm.SymbolTable$Entry::<init> (18 bytes)
Event: 14.832 Thread 0x00000280170a8cb0 nmethod 725 0x0000028000117f90 code [0x0000028000118140, 0x00000280001182e8]
Event: 14.843 Thread 0x00000280170a8cb0  726       3       java.util.ImmutableCollections$List12::size (16 bytes)
Event: 14.843 Thread 0x00000280170a8cb0 nmethod 726 0x0000028000118390 code [0x0000028000118520, 0x00000280001186b8]

GC Heap History (0 events):
No events

Dll operation events (9 events):
Event: 0.011 Loaded shared library C:\eclipse\plugins\org.eclipse.justj.openjdk.hotspot.jre.full.win32.x86_64_17.0.10.v20240120-1143\jre\bin\java.dll
Event: 2.318 Loaded shared library C:\eclipse\plugins\org.eclipse.justj.openjdk.hotspot.jre.full.win32.x86_64_17.0.10.v20240120-1143\jre\bin\net.dll
Event: 2.319 Loaded shared library C:\eclipse\plugins\org.eclipse.justj.openjdk.hotspot.jre.full.win32.x86_64_17.0.10.v20240120-1143\jre\bin\nio.dll
Event: 2.584 Loaded shared library C:\eclipse\plugins\org.eclipse.justj.openjdk.hotspot.jre.full.win32.x86_64_17.0.10.v20240120-1143\jre\bin\zip.dll
Event: 7.229 Loaded shared library C:\eclipse\plugins\org.eclipse.justj.openjdk.hotspot.jre.full.win32.x86_64_17.0.10.v20240120-1143\jre\bin\zip.dll
Event: 7.234 Loaded shared library C:\eclipse\plugins\org.eclipse.justj.openjdk.hotspot.jre.full.win32.x86_64_17.0.10.v20240120-1143\jre\bin\instrument.dll
Event: 9.396 Loaded shared library C:\eclipse\plugins\org.eclipse.justj.openjdk.hotspot.jre.full.win32.x86_64_17.0.10.v20240120-1143\jre\bin\jimage.dll
Event: 10.519 Loaded shared library C:\eclipse\plugins\org.eclipse.justj.openjdk.hotspot.jre.full.win32.x86_64_17.0.10.v20240120-1143\jre\bin\verify.dll
Event: 12.771 Loaded shared library C:\eclipse\plugins\org.eclipse.justj.openjdk.hotspot.jre.full.win32.x86_64_17.0.10.v20240120-1143\jre\bin\awt.dll

Deoptimization events (20 events):
Event: 10.357 Thread 0x00000280766bea10 DEOPT PACKING pc=0x0000028007af9790 sp=0x0000008cb2afda40
Event: 10.357 Thread 0x00000280766bea10 DEOPT UNPACKING pc=0x00000280075869a3 sp=0x0000008cb2afd980 mode 2
Event: 10.514 Thread 0x00000280766bea10 Uncommon trap: trap_request=0xffffff45 fr.pc=0x0000028007ad6ae0 relative=0x0000000000000060
Event: 10.514 Thread 0x00000280766bea10 Uncommon trap: reason=unstable_if action=reinterpret pc=0x0000028007ad6ae0 method=java.lang.String.isLatin1()Z @ 10 c2
Event: 10.514 Thread 0x00000280766bea10 DEOPT PACKING pc=0x0000028007ad6ae0 sp=0x0000008cb2afe210
Event: 10.514 Thread 0x00000280766bea10 DEOPT UNPACKING pc=0x00000280075869a3 sp=0x0000008cb2afe1b0 mode 2
Event: 10.514 Thread 0x00000280766bea10 Uncommon trap: trap_request=0xffffff45 fr.pc=0x0000028007ad6dfc relative=0x000000000000007c
Event: 10.514 Thread 0x00000280766bea10 Uncommon trap: reason=unstable_if action=reinterpret pc=0x0000028007ad6dfc method=java.lang.String.isLatin1()Z @ 10 c2
Event: 10.514 Thread 0x00000280766bea10 DEOPT PACKING pc=0x0000028007ad6dfc sp=0x0000008cb2afec20
Event: 10.514 Thread 0x00000280766bea10 DEOPT UNPACKING pc=0x00000280075869a3 sp=0x0000008cb2afeb70 mode 2
Event: 10.517 Thread 0x00000280766bea10 DEOPT PACKING pc=0x00000280000c4b2c sp=0x0000008cb2afc390
Event: 10.517 Thread 0x00000280766bea10 DEOPT UNPACKING pc=0x0000028007587143 sp=0x0000008cb2afb7f8 mode 0
Event: 10.517 Thread 0x00000280766bea10 DEOPT PACKING pc=0x00000280000c4b2c sp=0x0000008cb2afc390
Event: 10.517 Thread 0x00000280766bea10 DEOPT UNPACKING pc=0x0000028007587143 sp=0x0000008cb2afb7f8 mode 0
Event: 10.517 Thread 0x00000280766bea10 DEOPT PACKING pc=0x00000280000c4b2c sp=0x0000008cb2afc390
Event: 10.517 Thread 0x00000280766bea10 DEOPT UNPACKING pc=0x0000028007587143 sp=0x0000008cb2afb7f8 mode 0
Event: 10.517 Thread 0x00000280766bea10 DEOPT PACKING pc=0x00000280000c4b2c sp=0x0000008cb2afc390
Event: 10.517 Thread 0x00000280766bea10 DEOPT UNPACKING pc=0x0000028007587143 sp=0x0000008cb2afb7f8 mode 0
Event: 10.518 Thread 0x00000280766bea10 DEOPT PACKING pc=0x00000280000c4b2c sp=0x0000008cb2afc390
Event: 10.518 Thread 0x00000280766bea10 DEOPT UNPACKING pc=0x0000028007587143 sp=0x0000008cb2afb7f8 mode 0

Classes unloaded (0 events):
No events

Classes redefined (0 events):
No events

Internal exceptions (11 events):
Event: 2.333 Thread 0x00000280766bea10 Exception <a 'java/lang/NoSuchMethodError'{0x0000000088e1bda8}: 'void java.lang.invoke.DirectMethodHandle$Holder.invokeVirtual(java.lang.Object, java.lang.Object)'> (0x0000000088e1bda8) 
thrown [s\src\hotspot\share\interpreter\linkResolver.cpp, line 759]
Event: 2.633 Thread 0x00000280766bea10 Exception <a 'java/lang/NoSuchMethodError'{0x0000000088d7e220}: 'void java.lang.invoke.DirectMethodHandle$Holder.invokeSpecial(java.lang.Object, java.lang.Object, java.lang.Object)'> (0x0000000088d7e220) 
thrown [s\src\hotspot\share\interpreter\linkResolver.cpp, line 759]
Event: 2.638 Thread 0x00000280766bea10 Exception <a 'java/lang/NoSuchMethodError'{0x0000000088d93440}: 'void java.lang.invoke.DirectMethodHandle$Holder.invokeSpecial(java.lang.Object, java.lang.Object, java.lang.Object, java.lang.Object, java.lang.Object)'> (0x0000000088d93440) 
thrown [s\src\hotspot\share\interpreter\linkResolver.cpp, line 759]
Event: 2.834 Thread 0x00000280766bea10 Exception <a 'java/lang/NoSuchMethodError'{0x0000000088da2ba0}: 'java.lang.Object java.lang.invoke.DirectMethodHandle$Holder.invokeInterface(java.lang.Object, java.lang.Object)'> (0x0000000088da2ba0) 
thrown [s\src\hotspot\share\interpreter\linkResolver.cpp, line 759]
Event: 2.834 Thread 0x00000280766bea10 Exception <a 'java/lang/IncompatibleClassChangeError'{0x0000000088da60f0}: Found class java.lang.Object, but interface was expected> (0x0000000088da60f0) 
thrown [s\src\hotspot\share\interpreter\linkResolver.cpp, line 826]
Event: 2.835 Thread 0x00000280766bea10 Exception <a 'java/lang/NoSuchMethodError'{0x0000000088da8eb8}: 'void java.lang.invoke.DirectMethodHandle$Holder.invokeStatic(java.lang.Object, java.lang.Object, java.lang.Object, java.lang.Object)'> (0x0000000088da8eb8) 
thrown [s\src\hotspot\share\interpreter\linkResolver.cpp, line 759]
Event: 12.726 Thread 0x00000280766bea10 Exception <a 'sun/nio/fs/WindowsException'{0x00000000888885d8}> (0x00000000888885d8) 
thrown [s\src\hotspot\share\prims\jni.cpp, line 516]
Event: 12.733 Thread 0x00000280766bea10 Exception <a 'java/lang/ClassNotFoundException'{0x00000000888b3e98}: sun/awt/resources/spi/awtProvider> (0x00000000888b3e98) 
thrown [s\src\hotspot\share\classfile\systemDictionary.cpp, line 256]
Event: 12.782 Thread 0x00000280766bea10 Exception <a 'java/io/FileNotFoundException'{0x0000000088711398}> (0x0000000088711398) 
thrown [s\src\hotspot\share\prims\jni.cpp, line 516]
Event: 12.788 Thread 0x00000280766bea10 Exception <a 'java/io/FileNotFoundException'{0x0000000088740480}> (0x0000000088740480) 
thrown [s\src\hotspot\share\prims\jni.cpp, line 516]
Event: 14.162 Thread 0x00000280766bea10 Exception <a 'java/lang/NoSuchMethodError'{0x000000008863b4e0}: 'java.lang.Object java.lang.invoke.DirectMethodHandle$Holder.invokeStaticInit(java.lang.Object)'> (0x000000008863b4e0) 
thrown [s\src\hotspot\share\interpreter\linkResolver.cpp, line 759]

VM Operations (18 events):
Event: 2.517 Executing VM operation: Cleanup
Event: 2.583 Executing VM operation: Cleanup done
Event: 2.586 Executing VM operation: HandshakeAllThreads
Event: 2.586 Executing VM operation: HandshakeAllThreads done
Event: 2.831 Executing VM operation: HandshakeAllThreads
Event: 2.831 Executing VM operation: HandshakeAllThreads done
Event: 3.838 Executing VM operation: Cleanup
Event: 4.120 Executing VM operation: Cleanup done
Event: 6.449 Executing VM operation: ChangeBreakpoints
Event: 6.651 Executing VM operation: ChangeBreakpoints done
Event: 7.651 Executing VM operation: Cleanup
Event: 8.155 Executing VM operation: Cleanup done
Event: 9.159 Executing VM operation: Cleanup
Event: 9.361 Executing VM operation: Cleanup done
Event: 10.375 Executing VM operation: Cleanup
Event: 10.521 Executing VM operation: Cleanup done
Event: 11.523 Executing VM operation: Cleanup
Event: 11.523 Executing VM operation: Cleanup done

Events (20 events):
Event: 14.842 loading class sun/java2d/pipe/RenderQueue done
Event: 14.842 loading class sun/java2d/d3d/D3DRenderQueue done
Event: 14.842 loading class sun/java2d/pipe/RenderBuffer
Event: 14.842 loading class sun/java2d/pipe/RenderBuffer done
Event: 14.842 loading class sun/java2d/d3d/D3DRenderQueue$1
Event: 14.842 loading class sun/java2d/d3d/D3DRenderQueue$1 done
Event: 14.842 loading class sun/java2d/d3d/D3DGraphicsDevice$1Result
Event: 14.843 loading class sun/java2d/d3d/D3DGraphicsDevice$1Result done
Event: 14.843 loading class sun/java2d/d3d/D3DGraphicsDevice$1
Event: 14.843 loading class sun/java2d/d3d/D3DGraphicsDevice$1 done
Event: 14.843 loading class sun/java2d/d3d/D3DContext$D3DContextCaps
Event: 14.843 loading class sun/java2d/pipe/hw/ContextCapabilities
Event: 14.843 loading class sun/java2d/pipe/hw/ContextCapabilities done
Event: 14.843 loading class sun/java2d/d3d/D3DContext$D3DContextCaps done
Event: 14.844 loading class sun/awt/Win32GraphicsConfig
Event: 14.844 loading class sun/awt/image/SurfaceManager$ProxiedGraphicsConfig
Event: 14.844 loading class sun/awt/image/SurfaceManager$ProxiedGraphicsConfig done
Event: 14.844 loading class java/awt/GraphicsConfiguration
Event: 14.844 loading class java/awt/GraphicsConfiguration done
Event: 14.844 loading class sun/awt/Win32GraphicsConfig done


Dynamic libraries:
0x00007ff784c40000 - 0x00007ff784c4e000 	C:\eclipse\plugins\org.eclipse.justj.openjdk.hotspot.jre.full.win32.x86_64_17.0.10.v20240120-1143\jre\bin\javaw.exe
0x00007fff29530000 - 0x00007fff29747000 	C:\WINDOWS\SYSTEM32\ntdll.dll
0x00007fff27a90000 - 0x00007fff27b54000 	C:\WINDOWS\System32\KERNEL32.DLL
0x00007fff269d0000 - 0x00007fff26da3000 	C:\WINDOWS\System32\KERNELBASE.dll
0x00007fff268b0000 - 0x00007fff269c1000 	C:\WINDOWS\System32\ucrtbase.dll
0x00007fff15aa0000 - 0x00007fff15ab7000 	C:\eclipse\plugins\org.eclipse.justj.openjdk.hotspot.jre.full.win32.x86_64_17.0.10.v20240120-1143\jre\bin\jli.dll
0x00007fff28100000 - 0x00007fff282b1000 	C:\WINDOWS\System32\USER32.dll
0x00007fff26640000 - 0x00007fff26666000 	C:\WINDOWS\System32\win32u.dll
0x00007fff27b60000 - 0x00007fff27b89000 	C:\WINDOWS\System32\GDI32.dll
0x00007fff26670000 - 0x00007fff2678b000 	C:\WINDOWS\System32\gdi32full.dll
0x00007fff26810000 - 0x00007fff268aa000 	C:\WINDOWS\System32\msvcp_win.dll
0x00007fff15ac0000 - 0x00007fff15adb000 	C:\eclipse\plugins\org.eclipse.justj.openjdk.hotspot.jre.full.win32.x86_64_17.0.10.v20240120-1143\jre\bin\VCRUNTIME140.dll
0x00007fff194d0000 - 0x00007fff19768000 	C:\WINDOWS\WinSxS\amd64_microsoft.windows.common-controls_6595b64144ccf1df_6.0.22621.5124_none_270e8f4f7386d69d\COMCTL32.dll
0x00007fff28410000 - 0x00007fff284b7000 	C:\WINDOWS\System32\msvcrt.dll
0x00007fff27870000 - 0x00007fff278a1000 	C:\WINDOWS\System32\IMM32.DLL
0x00007fff23450000 - 0x00007fff2345c000 	C:\eclipse\plugins\org.eclipse.justj.openjdk.hotspot.jre.full.win32.x86_64_17.0.10.v20240120-1143\jre\bin\vcruntime140_1.dll
0x00007fff05100000 - 0x00007fff0518d000 	C:\eclipse\plugins\org.eclipse.justj.openjdk.hotspot.jre.full.win32.x86_64_17.0.10.v20240120-1143\jre\bin\msvcp140.dll
0x00007ffec4c60000 - 0x00007ffec58c2000 	C:\eclipse\plugins\org.eclipse.justj.openjdk.hotspot.jre.full.win32.x86_64_17.0.10.v20240120-1143\jre\bin\server\jvm.dll
0x00007fff28030000 - 0x00007fff280e1000 	C:\WINDOWS\System32\ADVAPI32.dll
0x00007fff28d60000 - 0x00007fff28e08000 	C:\WINDOWS\System32\sechost.dll
0x00007fff271a0000 - 0x00007fff271c8000 	C:\WINDOWS\System32\bcrypt.dll
0x00007fff27f00000 - 0x00007fff28014000 	C:\WINDOWS\System32\RPCRT4.dll
0x00007fff25ed0000 - 0x00007fff25f1d000 	C:\WINDOWS\SYSTEM32\POWRPROF.dll
0x00007fff1a1d0000 - 0x00007fff1a1d9000 	C:\WINDOWS\SYSTEM32\WSOCK32.dll
0x00007fff28e10000 - 0x00007fff28e81000 	C:\WINDOWS\System32\WS2_32.dll
0x00007fff1b360000 - 0x00007fff1b394000 	C:\WINDOWS\SYSTEM32\WINMM.dll
0x00007fff1d790000 - 0x00007fff1d79a000 	C:\WINDOWS\SYSTEM32\VERSION.dll
0x00007fff25e70000 - 0x00007fff25e83000 	C:\WINDOWS\SYSTEM32\UMPDC.dll
0x00007fff25630000 - 0x00007fff25648000 	C:\WINDOWS\SYSTEM32\kernel.appcore.dll
0x00007fff21280000 - 0x00007fff2128a000 	C:\eclipse\plugins\org.eclipse.justj.openjdk.hotspot.jre.full.win32.x86_64_17.0.10.v20240120-1143\jre\bin\jimage.dll
0x00007fff1c9e0000 - 0x00007fff1cc12000 	C:\WINDOWS\SYSTEM32\DBGHELP.DLL
0x00007fff27340000 - 0x00007fff276d2000 	C:\WINDOWS\System32\combase.dll
0x00007fff28330000 - 0x00007fff28407000 	C:\WINDOWS\System32\OLEAUT32.dll
0x00007fff1c3b0000 - 0x00007fff1c3e2000 	C:\WINDOWS\SYSTEM32\dbgcore.DLL
0x00007fff26790000 - 0x00007fff2680b000 	C:\WINDOWS\System32\bcryptPrimitives.dll
0x00007fff02df0000 - 0x00007fff02e2b000 	C:\eclipse\plugins\org.eclipse.justj.openjdk.hotspot.jre.full.win32.x86_64_17.0.10.v20240120-1143\jre\bin\jdwp.dll
0x00007fff19980000 - 0x00007fff1998e000 	C:\eclipse\plugins\org.eclipse.justj.openjdk.hotspot.jre.full.win32.x86_64_17.0.10.v20240120-1143\jre\bin\instrument.dll
0x00007fff19ab0000 - 0x00007fff19ad5000 	C:\eclipse\plugins\org.eclipse.justj.openjdk.hotspot.jre.full.win32.x86_64_17.0.10.v20240120-1143\jre\bin\java.dll
0x00007fff19a90000 - 0x00007fff19aa8000 	C:\eclipse\plugins\org.eclipse.justj.openjdk.hotspot.jre.full.win32.x86_64_17.0.10.v20240120-1143\jre\bin\zip.dll
0x00007fff284c0000 - 0x00007fff28d56000 	C:\WINDOWS\System32\SHELL32.dll
0x00007fff26ef0000 - 0x00007fff2702f000 	C:\WINDOWS\System32\wintypes.dll
0x00007fff24510000 - 0x00007fff24e2a000 	C:\WINDOWS\SYSTEM32\windows.storage.dll
0x00007fff276e0000 - 0x00007fff277ea000 	C:\WINDOWS\System32\SHCORE.dll
0x00007fff282c0000 - 0x00007fff28323000 	C:\WINDOWS\System32\shlwapi.dll
0x00007fff26570000 - 0x00007fff2659b000 	C:\WINDOWS\SYSTEM32\profapi.dll
0x00007fff19a70000 - 0x00007fff19a89000 	C:\eclipse\plugins\org.eclipse.justj.openjdk.hotspot.jre.full.win32.x86_64_17.0.10.v20240120-1143\jre\bin\net.dll
0x00007fff21090000 - 0x00007fff211bc000 	C:\WINDOWS\SYSTEM32\WINHTTP.dll
0x00007fff25aa0000 - 0x00007fff25b0a000 	C:\WINDOWS\system32\mswsock.dll
0x00007fff19a50000 - 0x00007fff19a66000 	C:\eclipse\plugins\org.eclipse.justj.openjdk.hotspot.jre.full.win32.x86_64_17.0.10.v20240120-1143\jre\bin\nio.dll
0x00007fff15a80000 - 0x00007fff15a8c000 	C:\eclipse\plugins\org.eclipse.justj.openjdk.hotspot.jre.full.win32.x86_64_17.0.10.v20240120-1143\jre\bin\dt_socket.dll
0x00007fff250d0000 - 0x00007fff250fd000 	C:\WINDOWS\SYSTEM32\IPHLPAPI.DLL
0x00007fff25100000 - 0x00007fff25202000 	C:\WINDOWS\SYSTEM32\DNSAPI.dll
0x00007fff28020000 - 0x00007fff28029000 	C:\WINDOWS\System32\NSI.dll
0x00007fff1e2e0000 - 0x00007fff1e2ea000 	C:\Windows\System32\rasadhlp.dll
0x00007fff20130000 - 0x00007fff201b3000 	C:\WINDOWS\System32\fwpuclnt.dll
0x00007fff19a40000 - 0x00007fff19a50000 	C:\eclipse\plugins\org.eclipse.justj.openjdk.hotspot.jre.full.win32.x86_64_17.0.10.v20240120-1143\jre\bin\verify.dll
0x00007ffee54c0000 - 0x00007ffee5650000 	C:\eclipse\plugins\org.eclipse.justj.openjdk.hotspot.jre.full.win32.x86_64_17.0.10.v20240120-1143\jre\bin\awt.dll
0x00007fff236c0000 - 0x00007fff23757000 	C:\WINDOWS\SYSTEM32\apphelp.dll
0x00007fff23c30000 - 0x00007fff23ce3000 	C:\WINDOWS\system32\uxtheme.dll
0x00007fff27da0000 - 0x00007fff27f00000 	C:\WINDOWS\System32\MSCTF.dll
0x00007fff29330000 - 0x00007fff294d1000 	C:\WINDOWS\System32\ole32.dll
0x00007fff24080000 - 0x00007fff240ae000 	C:\WINDOWS\system32\DWMAPI.DLL
0x00007fff00b60000 - 0x00007fff00c60000 	C:\WINDOWS\system32\opengl32.dll
0x00007fff07960000 - 0x00007fff0798d000 	C:\WINDOWS\SYSTEM32\GLU32.dll
0x00007fff23d40000 - 0x00007fff23d77000 	C:\WINDOWS\SYSTEM32\dxcore.dll

dbghelp: loaded successfully - version: 4.0.5 - missing functions: none
symbol engine: initialized successfully - sym options: 0x614 - pdb path: .;C:\eclipse\plugins\org.eclipse.justj.openjdk.hotspot.jre.full.win32.x86_64_17.0.10.v20240120-1143\jre\bin;C:\WINDOWS\SYSTEM32;C:\WINDOWS\WinSxS\amd64_microsoft.windows.common-controls_6595b64144ccf1df_6.0.22621.5124_none_270e8f4f7386d69d;C:\eclipse\plugins\org.eclipse.justj.openjdk.hotspot.jre.full.win32.x86_64_17.0.10.v20240120-1143\jre\bin\server

VM Arguments:
jvm_args: -XX:+ShowCodeDetailsInExceptionMessages -agentlib:jdwp=transport=dt_socket,suspend=y,address=localhost:57834 -javaagent:C:\eclipse\configuration\org.eclipse.osgi\442\0\.cp\lib\javaagent-shaded.jar -Dfile.encoding=UTF-8 -Dstdout.encoding=UTF-8 -Dstderr.encoding=UTF-8 --module-path=C:\Users\Alumno1\Documents\GitHub\proyecto_final\proyecto_final\Proyecto_final\bin;C:\Users\Alumno1\Documents\GitHub\proyecto_final\proyecto_final\Proyecto_final\src\Adopcion_de_animales\mysql-connector-java-8.0.20.jar -Djdk.module.main=Proyecto_final 
java_command: Proyecto_final/Adopcion_de_animales.gestionar_adopcion
java_class_path (initial): <not set>
Launcher Type: SUN_STANDARD

[Global flags]
     intx CICompilerCount                          = 3                                         {product} {ergonomic}
     uint ConcGCThreads                            = 2                                         {product} {ergonomic}
     uint G1ConcRefinementThreads                  = 6                                         {product} {ergonomic}
   size_t G1HeapRegionSize                         = 1048576                                   {product} {ergonomic}
    uintx GCDrainStackTargetSize                   = 64                                        {product} {ergonomic}
   size_t InitialHeapSize                          = 134217728                                 {product} {ergonomic}
   size_t MarkStackSize                            = 4194304                                   {product} {ergonomic}
   size_t MaxHeapSize                              = 2130706432                                {product} {ergonomic}
   size_t MaxNewSize                               = 1278214144                                {product} {ergonomic}
   size_t MinHeapDeltaBytes                        = 1048576                                   {product} {ergonomic}
   size_t MinHeapSize                              = 8388608                                   {product} {ergonomic}
    uintx NonNMethodCodeHeapSize                   = 5832780                                {pd product} {ergonomic}
    uintx NonProfiledCodeHeapSize                  = 122912730                              {pd product} {ergonomic}
    uintx ProfiledCodeHeapSize                     = 122912730                              {pd product} {ergonomic}
    uintx ReservedCodeCacheSize                    = 251658240                              {pd product} {ergonomic}
     bool SegmentedCodeCache                       = true                                      {product} {ergonomic}
     bool ShowCodeDetailsInExceptionMessages       = true                                   {manageable} {command line}
   size_t SoftMaxHeapSize                          = 2130706432                             {manageable} {ergonomic}
     bool UseCompressedClassPointers               = true                           {product lp64_product} {ergonomic}
     bool UseCompressedOops                        = true                           {product lp64_product} {ergonomic}
     bool UseG1GC                                  = true                                      {product} {ergonomic}
     bool UseLargePagesIndividualAllocation        = false                                  {pd product} {ergonomic}

Logging:
Log output configuration:
 #0: stdout all=warning uptime,level,tags
 #1: stderr all=off uptime,level,tags

Environment Variables:
PATH=C:\eclipse\plugins\org.eclipse.justj.openjdk.hotspot.jre.full.win32.x86_64_17.0.10.v20240120-1143\jre\bin;C:/eclipse//plugins/org.eclipse.justj.openjdk.hotspot.jre.full.win32.x86_64_17.0.10.v20240120-1143/jre/bin/server;C:/eclipse//plugins/org.eclipse.justj.openjdk.hotspot.jre.full.win32.x86_64_17.0.10.v20240120-1143/jre/bin;C:\Program Files\Common Files\Oracle\Java\javapath;C:\Program Files\Eclipse Adoptium\jdk-17.0.11.9-hotspot\bin;C:\WINDOWS\system32;C:\WINDOWS;C:\WINDOWS\System32\Wbem;C:\WINDOWS\System32\WindowsPowerShell\v1.0\;C:\WINDOWS\System32\OpenSSH\;C:\Program Files\PuTTY\;C:\Program Files\Microsoft VS Code\bin;C:\Program Files\Docker\Docker\resources\bin;C:\Program Files (x86)\BaseX\bin;C:\Users\Alumno1\AppData\Local\Programs\Eclipse Adoptium\jdk-21.0.7.6-hotspot\bin;C:\Users\Alumno1\AppData\Local\Microsoft\WindowsApps;C:\Users\Alumno1\AppData\Local\Programs\Git\cmd;C:\ProgramData\Alumno1\GitHubDesktop\bin;C:\Users\Alumno1\AppData\Local\GitHubDesktop\bin;C:\Users\Alumno1\AppData\Local\JetBrains\IntelliJ IDEA 2025.1\bin;;C:\eclipse;
USERNAME=Alumno1
OS=Windows_NT
PROCESSOR_IDENTIFIER=Intel64 Family 6 Model 158 Stepping 10, GenuineIntel
TMP=C:\Users\Alumno1\AppData\Local\Temp
TEMP=C:\Users\Alumno1\AppData\Local\Temp



Periodic native trim disabled


---------------  S Y S T E M  ---------------

OS:
 Windows 11 , 64 bit Build 22621 (10.0.22621.5124)
OS uptime: 0 days 2:47 hours
Hyper-V role detected

CPU: total 6 (initial active 6) (6 cores per cpu, 1 threads per core) family 6 model 158 stepping 10 microcode 0xde, cx8, cmov, fxsr, mmx, 3dnowpref, sse, sse2, sse3, ssse3, sse4.1, sse4.2, popcnt, lzcnt, tsc, tscinvbit, avx, avx2, aes, erms, clmul, bmi1, bmi2, adx, fma, vzeroupper, clflush, clflushopt, hv
Processor Information for all 6 processors :
  Max Mhz: 2904, Current Mhz: 2904, Mhz Limit: 2904

Memory: 4k page, system-wide physical 8127M (267M free)
TotalPageFile size 30227M (AvailPageFile size 2M)
current process WorkingSet (physical memory assigned to process): 62M, peak: 62M
current process commit charge ("private bytes"): 215M, peak: 215M

vm_info: OpenJDK 64-Bit Server VM (17.0.10+7) for windows-amd64 JRE (17.0.10+7), built on Jan 16 2024 23:25:11 by "admin" with MS VC++ 16.10 / 16.11 (VS2019)

END.
