#
# A fatal error has been detected by the Java Runtime Environment:
#
#  EXCEPTION_ACCESS_VIOLATION (0xc0000005) at pc=0x00007ffed101dd46, pid=18500, tid=24320
#
# JRE version: OpenJDK Runtime Environment Temurin-17.0.10+7 (17.0.10+7) (build 17.0.10+7)
# Java VM: OpenJDK 64-Bit Server VM Temurin-17.0.10+7 (17.0.10+7, mixed mode, tiered, compressed oops, compressed class ptrs, g1 gc, windows-amd64)
# Problematic frame:
# C  [nvd3dumx.dll+0x22dd46]
#
# No core dump will be written. Minidumps are not enabled by default on client versions of Windows
#

#   
#




Host: v  ~StubRoutines::call_stub
j  sun.awt.windows.WToolkit.eventLoop()V+0 java.desktop@17.0.10
j  sun.awt.windows.WToolkit.run()V+50 java.desktop@17.0.10
j  java.lang.Thread.run()V+11 java.base@17.0.10
v  ~StubRoutines::call_stub

siginfo: EXCEPTION_ACCESS_VIOLATION (0xc0000005), writing address 0x0000000000000010


Registers:
RAX=0x00000000cafebabe, RBX=0x0000017f7e847be0, RCX=0x0000000000000004, RDX=0x0000000000000010
RSP=0x0000005a13bfb3f0, RBP=0x0000000000000001, RSI=0x0000000000000000, RDI=0x0000000000000010
R8 =0x0000000000000020, R9 =0x0000005a13bfb338, R10=0x000000000000001e, R11=0x0000005a13bfb308
R12=0x0000000000000000, R13=0x0000017f7e843368, R14=0x0000017f7e34e548, R15=0x0000000200059020
RIP=0x00007ffed101dd46, EFLAGS=0x0000000000010202


Register to memory mapping:

RIP=0x00007ffed101dd46 nvd3dumx.dll
RAX=0x00000000cafebabe is an unallocated location in the heap
RBX=0x0000017f7e847be0 points into unknown readable memory: 0x00007ffed1d01f78 | 78 1f d0 d1 fe 7f 00 00
RCX=0x0000000000000004 is an unknown value
RDX=0x0000000000000010 is an unknown value
RSP=0x0000005a13bfb3f0 is pointing into the stack for thread: 0x0000017f7e8f2250
RBP=0x0000000000000001 is an unknown value
RSI=0x0 is NULL
RDI=0x0000000000000010 is an unknown value
R8 =0x0000000000000020 is an unknown value
R9 =0x0000005a13bfb338 is pointing into the stack for thread: 0x0000017f7e8f2250
R10=0x000000000000001e is an unknown value
R11=0x0000005a13bfb308 is pointing into the stack for thread: 0x0000017f7e8f2250
R12=0x0 is NULL
R13=0x0000017f7e843368 points into unknown readable memory: 0x0000017f7e995000 | 00 50 99 7e 7f 01 00 00
R14=0x0000017f7e34e548 points into unknown readable memory: 0x00035a0200059020 | 20 90 05 00 02 5a 03 00
R15=0x0000000200059020 is an unknown value


Top of Stack: (sp=0x0000005a13bfb3f0)
0x0000005a13bfb3f0:   0000017f7e847be0 0000000000000001
0x0000005a13bfb400:   0000000000000000 0000000000000000
0x0000005a13bfb410:   0000017fffffffff 0000000000000000
0x0000005a13bfb420:   0000017f7eac8760 0000000000000000
0x0000005a13bfb430:   0000017f7eac6730 0000000000000000
0x0000005a13bfb440:   0000000000000001 00007ffed1009956
0x0000005a13bfb450:   0000000000000000 0000000000000000
0x0000005a13bfb460:   0000017f7eac83b0 0000000000000000
0x0000005a13bfb470:   0000000000000000 00007fff00000001
0x0000005a13bfb480:   0000000000004000 0000000000800001
0x0000005a13bfb490:   0000000000004010 0000017f7e530090
0x0000005a13bfb4a0:   0000000200000000 000012b500000002
0x0000005a13bfb4b0:   0000000000000118 0000017f7e5307d8
0x0000005a13bfb4c0:   0000017f5e090000 0000000000000001
0x0000005a13bfb4d0:   0000017f7e5300a0 0000017f7e530090
0x0000005a13bfb4e0:   00000000ffffffff 0000017f7e5300c8
0x0000005a13bfb4f0:   0000017f7eac83b0 0000017f7e5300c0
0x0000005a13bfb500:   0000017f7e530090 00007ffed101fbac
0x0000005a13bfb510:   0000000000000000 0000000000000000
0x0000005a13bfb520:   0000017f5e190301 0000017f7e843368
0x0000005a13bfb530:   0000009200000101 0000000000000000
0x0000005a13bfb540:   00000000000004e0 0000000000000330
0x0000005a13bfb550:   0000017f7e5def10 0000017f5e190000
0x0000005a13bfb560:   0000000000004000 00007fff29593766
0x0000005a13bfb570:   0000017f00000000 0000017f7e5def10
0x0000005a13bfb580:   0000017f5e090000 000000000000000e
0x0000005a13bfb590:   0000000000004000 0000000051086e37
0x0000005a13bfb5a0:   0000000000800001 0000017f02000002
0x0000005a13bfb5b0:   0000000000004000 00007fff29593766
0x0000005a13bfb5c0:   0000017f5e090150 0000017f7e2dec40
0x0000005a13bfb5d0:   000093cef46e4fcb 0000000000000000
0x0000005a13bfb5e0:   000000000000000c 0000017f7e843350 

Instructions: (pc=0x00007ffed101dd46)
0x00007ffed101dc46:   01 00 40 00 00 00 c7 80 24 a9 01 00 01 00 00 00
0x00007ffed101dc56:   41 b9 40 00 00 00 48 8b cf 45 8d 41 c1 e8 b8 f3
0x00007ffed101dc66:   fe ff 48 8b c8 eb 13 48 85 c9 48 8d 41 10 48 0f
0x00007ffed101dc76:   44 c6 48 8b 48 40 48 83 c1 40 8b c1 48 c1 e9 20
0x00007ffed101dc86:   83 e0 fc 89 43 78 0f b6 c1 0d 00 06 00 00 89 43
0x00007ffed101dc96:   7c 4c 8b b3 88 00 00 00 4d 85 f6 75 04 4c 8b 73
0x00007ffed101dca6:   60 49 8b 0c 24 4c 8b 64 24 68 8b 81 48 7f 00 00
0x00007ffed101dcb6:   ff c8 83 f8 01 0f 87 87 00 00 00 f6 81 4c 7f 00
0x00007ffed101dcc6:   00 01 74 7e 48 8b 43 10 8b 48 0c 83 f9 01 74 05
0x00007ffed101dcd6:   83 f9 16 75 6d e8 40 39 00 00 41 8b cf 41 8b ff
0x00007ffed101dce6:   83 e1 fc 41 89 0e 49 8b cf 48 c1 e9 20 49 83 c7
0x00007ffed101dcf6:   17 0f b6 d1 0f ba ea 09 41 89 56 04 49 83 c6 08
0x00007ffed101dd06:   ff 43 24 8b d0 48 8b 43 18 4c 03 fa 49 83 e7 f0
0x00007ffed101dd16:   45 8b c7 44 2b c7 48 8b 48 30 4c 03 c1 48 8d 3c
0x00007ffed101dd26:   11 49 8b c8 48 2b cf 48 83 c1 03 48 c1 e9 02 49
0x00007ffed101dd36:   3b f8 48 0f 47 ce 48 85 c9 74 07 b8 be ba fe ca
0x00007ffed101dd46:   f3 ab 41 8b c7 49 c1 ef 20 83 e0 fc 41 89 06 41
0x00007ffed101dd56:   0f b6 c7 0f ba e8 09 41 89 46 04 ff 43 24 48 8b
0x00007ffed101dd66:   83 80 00 00 00 48 85 c0 0f 84 25 02 00 00 48 8b
0x00007ffed101dd76:   40 10 48 85 c0 0f 84 db 00 00 00 48 8d 78 10 48
0x00007ffed101dd86:   85 ff 0f 84 ce 00 00 00 39 37 0f 84 c6 00 00 00
0x00007ffed101dd96:   48 8b 80 f8 00 00 00 48 85 c0 48 0f 45 f8 48 8b
0x00007ffed101dda6:   43 08 48 8b a8 38 11 00 00 48 8b 43 10 44 8b 40
0x00007ffed101ddb6:   08 40 38 75 31 74 6d 42 8b 8c 85 48 08 00 00 45
0x00007ffed101ddc6:   8b f0 42 39 8c 87 fc 09 00 00 74 26 8b 87 80 0a
0x00007ffed101ddd6:   00 00 44 0f b3 c0 89 87 80 0a 00 00 42 89 8c 87
0x00007ffed101dde6:   fc 09 00 00 39 8f 7c 0a 00 00 73 06 89 8f 7c 0a
0x00007ffed101ddf6:   00 00 8b 87 f0 09 00 00 44 0f a3 c0 72 26 45 33
0x00007ffed101de06:   c9 48 8b d7 48 8b cd e8 2e da 0b 00 85 c0 79 14
0x00007ffed101de16:   42 89 84 b5 e0 1b 00 00 48 8b 8d d8 1b 00 00 89
0x00007ffed101de26:   41 0c eb 32 48 8b 4b 10 8b 41 0c 83 f8 01 74 05
0x00007ffed101de36:   83 f8 16 75 21 48 8b 01 48 8b 88 c0 13 00 00 48 


Stack slot to memory mapping:
stack at sp + 0 slots: 0x0000017f7e847be0 points into unknown readable memory: 0x00007ffed1d01f78 | 78 1f d0 d1 fe 7f 00 00
stack at sp + 1 slots: 0x0000000000000001 is an unknown value
stack at sp + 2 slots: 0x0 is NULL
stack at sp + 3 slots: 0x0 is NULL
stack at sp + 4 slots: 0x0000017fffffffff is an unknown value
stack at sp + 5 slots: 0x0 is NULL
stack at sp + 6 slots: 0x0000017f7eac8760 points into unknown readable memory: 0x0000000000000000 | 00 00 00 00 00 00 00 00
stack at sp + 7 slots: 0x0 is NULL


---------------  P R O C E S S  ---------------

Threads class SMR info:
_java_thread_list=0x0000017f79f04750, length=19, elements={
0x0000017f79f0b6a0, 0x0000017f79f0ead0, 0x0000017f79f28260, 0x0000017f79f28b30,
0x0000017f79f29400, 0x0000017f79f29cd0, 0x0000017f79f2a8d0, 0x0000017f7e0a13e0,
0x0000017f7e0a60c0, 0x0000017f7e1c4ab0, 0x0000017f7e397870, 0x0000017f7e397d80,
0x0000017f7e398290, 0x0000017f7e5e1200, 0x0000017f7e8f16a0, 0x0000017f7e8f1b80,
0x0000017f7e8f2250, 0x0000017f7e93d030, 0x0000017f6036e9c0
}

Java Threads: ( => current thread )
  0x0000017f79f0b6a0 JavaThread "Reference Handler" daemon [_thread_blocked, id=19584, stack(0x0000005a12a00000,0x0000005a12b00000)]
  0x0000017f79f0ead0 JavaThread "Finalizer" daemon [_thread_blocked, id=19596, stack(0x0000005a12b00000,0x0000005a12c00000)]
  0x0000017f79f28260 JavaThread "Signal Dispatcher" daemon [_thread_blocked, id=19848, stack(0x0000005a12c00000,0x0000005a12d00000)]
  0x0000017f79f28b30 JavaThread "Attach Listener" daemon [_thread_blocked, id=19852, stack(0x0000005a12d00000,0x0000005a12e00000)]
  0x0000017f79f29400 JavaThread "Service Thread" daemon [_thread_blocked, id=19856, stack(0x0000005a12e00000,0x0000005a12f00000)]
  0x0000017f79f29cd0 JavaThread "Monitor Deflation Thread" daemon [_thread_blocked, id=19860, stack(0x0000005a12f00000,0x0000005a13000000)]
  0x0000017f79f2a8d0 JavaThread "C2 CompilerThread0" daemon [_thread_blocked, id=19864, stack(0x0000005a13000000,0x0000005a13100000)]
  0x0000017f7e0a13e0 JavaThread "C1 CompilerThread0" daemon [_thread_blocked, id=20136, stack(0x0000005a13100000,0x0000005a13200000)]
  0x0000017f7e0a60c0 JavaThread "Sweeper thread" daemon [_thread_blocked, id=20324, stack(0x0000005a13200000,0x0000005a13300000)]
  0x0000017f7e1c4ab0 JavaThread "Common-Cleaner" daemon [_thread_blocked, id=20404, stack(0x0000005a13300000,0x0000005a13400000)]
  0x0000017f7e397870 JavaThread "JDWP Transport Listener: dt_socket" daemon [_thread_blocked, id=20540, stack(0x0000005a13500000,0x0000005a13600000)]
  0x0000017f7e397d80 JavaThread "JDWP Event Helper Thread" daemon [_thread_blocked, id=16084, stack(0x0000005a13600000,0x0000005a13700000)]
  0x0000017f7e398290 JavaThread "JDWP Command Reader" daemon [_thread_in_native, id=5500, stack(0x0000005a13700000,0x0000005a13800000)]
  0x0000017f7e5e1200 JavaThread "Notification Thread" daemon [_thread_blocked, id=22888, stack(0x0000005a13400000,0x0000005a13500000)]
  0x0000017f7e8f16a0 JavaThread "Java2D Disposer" daemon [_thread_blocked, id=24108, stack(0x0000005a13900000,0x0000005a13a00000)]
  0x0000017f7e8f1b80 JavaThread "AWT-Shutdown" [_thread_blocked, id=24112, stack(0x0000005a13a00000,0x0000005a13b00000)]
=>0x0000017f7e8f2250 JavaThread "AWT-Windows" daemon [_thread_in_native, id=24320, stack(0x0000005a13b00000,0x0000005a13c00000)]
  0x0000017f7e93d030 JavaThread "AWT-EventQueue-0" [_thread_in_native, id=24572, stack(0x0000005a13c00000,0x0000005a13d00000)]
  0x0000017f6036e9c0 JavaThread "DestroyJavaVM" [_thread_blocked, id=19296, stack(0x0000005a12300000,0x0000005a12400000)]

Other Threads:
  0x0000017f79f1d9c0 VMThread "VM Thread" [stack: 0x0000005a12900000,0x0000005a12a00000] [id=19200]
  0x0000017f6036f640 WatcherThread [stack: 0x0000005a13800000,0x0000005a13900000] [id=22892]
  0x0000017f603c9ac0 GCTaskThread "GC Thread#0" [stack: 0x0000005a12400000,0x0000005a12500000] [id=19032]
  0x0000017f603da710 ConcurrentGCThread "G1 Main Marker" [stack: 0x0000005a12500000,0x0000005a12600000] [id=13840]
  0x0000017f603db030 ConcurrentGCThread "G1 Conc#0" [stack: 0x0000005a12600000,0x0000005a12700000] [id=19068]
  0x0000017f79d6c110 ConcurrentGCThread "G1 Refine#0" [stack: 0x0000005a12700000,0x0000005a12800000] [id=19072]
  0x0000017f79d6ca40 ConcurrentGCThread "G1 Service" [stack: 0x0000005a12800000,0x0000005a12900000] [id=19076]

Threads with active compile tasks:

VM state: not at safepoint (normal execution)

VM Mutex/Monitor currently owned by a thread: None

Heap address: 0x0000000081000000, size: 2032 MB, Compressed Oops mode: 32-bit

CDS archive(s) not mapped
Compressed class space mapped at: 0x0000000100000000-0x0000000140000000, reserved size: 1073741824
Narrow klass base: 0x0000000000000000, Narrow klass shift: 3, Narrow klass range: 0x140000000

GC Precious Log:
 CPUs: 6 total, 6 available
 Memory: 8127M
 Large Page Support: Disabled
 NUMA Support: Disabled
 Compressed Oops: Enabled (32-bit)
 Heap Region Size: 1M
 Heap Min Capacity: 8M
 Heap Initial Capacity: 128M
 Heap Max Capacity: 2032M
 Pre-touch: Disabled
 Parallel Workers: 6
 Concurrent Workers: 2
 Concurrent Refinement Workers: 6
 Periodic GC: Disabled

Heap:
 garbage-first heap   total 131072K, used 9216K [0x0000000081000000, 0x0000000100000000)
  region size 1024K, 10 young (10240K), 0 survivors (0K)
 Metaspace       used 13272K, committed 13440K, reserved 1114112K
  class space    used 1237K, committed 1344K, reserved 1048576K

Heap Regions: E=young(eden), S=young(survivor), O=old, HS=humongous(starts), HC=humongous(continues), CS=collection set, F=free, OA=open archive, CA=closed archive, TAMS=top-at-mark-start (previous, next)
|   0|0x0000000081000000, 0x0000000081000000, 0x0000000081100000|  0%| F|  |TAMS 0x0000000081000000, 0x0000000081000000| Untracked 
|   1|0x0000000081100000, 0x0000000081100000, 0x0000000081200000|  0%| F|  |TAMS 0x0000000081100000, 0x0000000081100000| Untracked 
|   2|0x0000000081200000, 0x0000000081200000, 0x0000000081300000|  0%| F|  |TAMS 0x0000000081200000, 0x0000000081200000| Untracked 
|   3|0x0000000081300000, 0x0000000081300000, 0x0000000081400000|  0%| F|  |TAMS 0x0000000081300000, 0x0000000081300000| Untracked 
|   4|0x0000000081400000, 0x0000000081400000, 0x0000000081500000|  0%| F|  |TAMS 0x0000000081400000, 0x0000000081400000| Untracked 
|   5|0x0000000081500000, 0x0000000081500000, 0x0000000081600000|  0%| F|  |TAMS 0x0000000081500000, 0x0000000081500000| Untracked 
|   6|0x0000000081600000, 0x0000000081600000, 0x0000000081700000|  0%| F|  |TAMS 0x0000000081600000, 0x0000000081600000| Untracked 
|   7|0x0000000081700000, 0x0000000081700000, 0x0000000081800000|  0%| F|  |TAMS 0x0000000081700000, 0x0000000081700000| Untracked 
|   8|0x0000000081800000, 0x0000000081800000, 0x0000000081900000|  0%| F|  |TAMS 0x0000000081800000, 0x0000000081800000| Untracked 
|   9|0x0000000081900000, 0x0000000081900000, 0x0000000081a00000|  0%| F|  |TAMS 0x0000000081900000, 0x0000000081900000| Untracked 
|  10|0x0000000081a00000, 0x0000000081a00000, 0x0000000081b00000|  0%| F|  |TAMS 0x0000000081a00000, 0x0000000081a00000| Untracked 
|  11|0x0000000081b00000, 0x0000000081b00000, 0x0000000081c00000|  0%| F|  |TAMS 0x0000000081b00000, 0x0000000081b00000| Untracked 
|  12|0x0000000081c00000, 0x0000000081c00000, 0x0000000081d00000|  0%| F|  |TAMS 0x0000000081c00000, 0x0000000081c00000| Untracked 
|  13|0x0000000081d00000, 0x0000000081d00000, 0x0000000081e00000|  0%| F|  |TAMS 0x0000000081d00000, 0x0000000081d00000| Untracked 
|  14|0x0000000081e00000, 0x0000000081e00000, 0x0000000081f00000|  0%| F|  |TAMS 0x0000000081e00000, 0x0000000081e00000| Untracked 
|  15|0x0000000081f00000, 0x0000000081f00000, 0x0000000082000000|  0%| F|  |TAMS 0x0000000081f00000, 0x0000000081f00000| Untracked 
|  16|0x0000000082000000, 0x0000000082000000, 0x0000000082100000|  0%| F|  |TAMS 0x0000000082000000, 0x0000000082000000| Untracked 
|  17|0x0000000082100000, 0x0000000082100000, 0x0000000082200000|  0%| F|  |TAMS 0x0000000082100000, 0x0000000082100000| Untracked 
|  18|0x0000000082200000, 0x0000000082200000, 0x0000000082300000|  0%| F|  |TAMS 0x0000000082200000, 0x0000000082200000| Untracked 
|  19|0x0000000082300000, 0x0000000082300000, 0x0000000082400000|  0%| F|  |TAMS 0x0000000082300000, 0x0000000082300000| Untracked 
|  20|0x0000000082400000, 0x0000000082400000, 0x0000000082500000|  0%| F|  |TAMS 0x0000000082400000, 0x0000000082400000| Untracked 
|  21|0x0000000082500000, 0x0000000082500000, 0x0000000082600000|  0%| F|  |TAMS 0x0000000082500000, 0x0000000082500000| Untracked 
|  22|0x0000000082600000, 0x0000000082600000, 0x0000000082700000|  0%| F|  |TAMS 0x0000000082600000, 0x0000000082600000| Untracked 
|  23|0x0000000082700000, 0x0000000082700000, 0x0000000082800000|  0%| F|  |TAMS 0x0000000082700000, 0x0000000082700000| Untracked 
|  24|0x0000000082800000, 0x0000000082800000, 0x0000000082900000|  0%| F|  |TAMS 0x0000000082800000, 0x0000000082800000| Untracked 
|  25|0x0000000082900000, 0x0000000082900000, 0x0000000082a00000|  0%| F|  |TAMS 0x0000000082900000, 0x0000000082900000| Untracked 
|  26|0x0000000082a00000, 0x0000000082a00000, 0x0000000082b00000|  0%| F|  |TAMS 0x0000000082a00000, 0x0000000082a00000| Untracked 
|  27|0x0000000082b00000, 0x0000000082b00000, 0x0000000082c00000|  0%| F|  |TAMS 0x0000000082b00000, 0x0000000082b00000| Untracked 
|  28|0x0000000082c00000, 0x0000000082c00000, 0x0000000082d00000|  0%| F|  |TAMS 0x0000000082c00000, 0x0000000082c00000| Untracked 
|  29|0x0000000082d00000, 0x0000000082d00000, 0x0000000082e00000|  0%| F|  |TAMS 0x0000000082d00000, 0x0000000082d00000| Untracked 
|  30|0x0000000082e00000, 0x0000000082e00000, 0x0000000082f00000|  0%| F|  |TAMS 0x0000000082e00000, 0x0000000082e00000| Untracked 
|  31|0x0000000082f00000, 0x0000000082f00000, 0x0000000083000000|  0%| F|  |TAMS 0x0000000082f00000, 0x0000000082f00000| Untracked 
|  32|0x0000000083000000, 0x0000000083000000, 0x0000000083100000|  0%| F|  |TAMS 0x0000000083000000, 0x0000000083000000| Untracked 
|  33|0x0000000083100000, 0x0000000083100000, 0x0000000083200000|  0%| F|  |TAMS 0x0000000083100000, 0x0000000083100000| Untracked 
|  34|0x0000000083200000, 0x0000000083200000, 0x0000000083300000|  0%| F|  |TAMS 0x0000000083200000, 0x0000000083200000| Untracked 
|  35|0x0000000083300000, 0x0000000083300000, 0x0000000083400000|  0%| F|  |TAMS 0x0000000083300000, 0x0000000083300000| Untracked 
|  36|0x0000000083400000, 0x0000000083400000, 0x0000000083500000|  0%| F|  |TAMS 0x0000000083400000, 0x0000000083400000| Untracked 
|  37|0x0000000083500000, 0x0000000083500000, 0x0000000083600000|  0%| F|  |TAMS 0x0000000083500000, 0x0000000083500000| Untracked 
|  38|0x0000000083600000, 0x0000000083600000, 0x0000000083700000|  0%| F|  |TAMS 0x0000000083600000, 0x0000000083600000| Untracked 
|  39|0x0000000083700000, 0x0000000083700000, 0x0000000083800000|  0%| F|  |TAMS 0x0000000083700000, 0x0000000083700000| Untracked 
|  40|0x0000000083800000, 0x0000000083800000, 0x0000000083900000|  0%| F|  |TAMS 0x0000000083800000, 0x0000000083800000| Untracked 
|  41|0x0000000083900000, 0x0000000083900000, 0x0000000083a00000|  0%| F|  |TAMS 0x0000000083900000, 0x0000000083900000| Untracked 
|  42|0x0000000083a00000, 0x0000000083a00000, 0x0000000083b00000|  0%| F|  |TAMS 0x0000000083a00000, 0x0000000083a00000| Untracked 
|  43|0x0000000083b00000, 0x0000000083b00000, 0x0000000083c00000|  0%| F|  |TAMS 0x0000000083b00000, 0x0000000083b00000| Untracked 
|  44|0x0000000083c00000, 0x0000000083c00000, 0x0000000083d00000|  0%| F|  |TAMS 0x0000000083c00000, 0x0000000083c00000| Untracked 
|  45|0x0000000083d00000, 0x0000000083d00000, 0x0000000083e00000|  0%| F|  |TAMS 0x0000000083d00000, 0x0000000083d00000| Untracked 
|  46|0x0000000083e00000, 0x0000000083e00000, 0x0000000083f00000|  0%| F|  |TAMS 0x0000000083e00000, 0x0000000083e00000| Untracked 
|  47|0x0000000083f00000, 0x0000000083f00000, 0x0000000084000000|  0%| F|  |TAMS 0x0000000083f00000, 0x0000000083f00000| Untracked 
|  48|0x0000000084000000, 0x0000000084000000, 0x0000000084100000|  0%| F|  |TAMS 0x0000000084000000, 0x0000000084000000| Untracked 
|  49|0x0000000084100000, 0x0000000084100000, 0x0000000084200000|  0%| F|  |TAMS 0x0000000084100000, 0x0000000084100000| Untracked 
|  50|0x0000000084200000, 0x0000000084200000, 0x0000000084300000|  0%| F|  |TAMS 0x0000000084200000, 0x0000000084200000| Untracked 
|  51|0x0000000084300000, 0x0000000084300000, 0x0000000084400000|  0%| F|  |TAMS 0x0000000084300000, 0x0000000084300000| Untracked 
|  52|0x0000000084400000, 0x0000000084400000, 0x0000000084500000|  0%| F|  |TAMS 0x0000000084400000, 0x0000000084400000| Untracked 
|  53|0x0000000084500000, 0x0000000084500000, 0x0000000084600000|  0%| F|  |TAMS 0x0000000084500000, 0x0000000084500000| Untracked 
|  54|0x0000000084600000, 0x0000000084600000, 0x0000000084700000|  0%| F|  |TAMS 0x0000000084600000, 0x0000000084600000| Untracked 
|  55|0x0000000084700000, 0x0000000084700000, 0x0000000084800000|  0%| F|  |TAMS 0x0000000084700000, 0x0000000084700000| Untracked 
|  56|0x0000000084800000, 0x0000000084800000, 0x0000000084900000|  0%| F|  |TAMS 0x0000000084800000, 0x0000000084800000| Untracked 
|  57|0x0000000084900000, 0x0000000084900000, 0x0000000084a00000|  0%| F|  |TAMS 0x0000000084900000, 0x0000000084900000| Untracked 
|  58|0x0000000084a00000, 0x0000000084a00000, 0x0000000084b00000|  0%| F|  |TAMS 0x0000000084a00000, 0x0000000084a00000| Untracked 
|  59|0x0000000084b00000, 0x0000000084b00000, 0x0000000084c00000|  0%| F|  |TAMS 0x0000000084b00000, 0x0000000084b00000| Untracked 
|  60|0x0000000084c00000, 0x0000000084c00000, 0x0000000084d00000|  0%| F|  |TAMS 0x0000000084c00000, 0x0000000084c00000| Untracked 
|  61|0x0000000084d00000, 0x0000000084d00000, 0x0000000084e00000|  0%| F|  |TAMS 0x0000000084d00000, 0x0000000084d00000| Untracked 
|  62|0x0000000084e00000, 0x0000000084e00000, 0x0000000084f00000|  0%| F|  |TAMS 0x0000000084e00000, 0x0000000084e00000| Untracked 
|  63|0x0000000084f00000, 0x0000000084f00000, 0x0000000085000000|  0%| F|  |TAMS 0x0000000084f00000, 0x0000000084f00000| Untracked 
|  64|0x0000000085000000, 0x0000000085000000, 0x0000000085100000|  0%| F|  |TAMS 0x0000000085000000, 0x0000000085000000| Untracked 
|  65|0x0000000085100000, 0x0000000085100000, 0x0000000085200000|  0%| F|  |TAMS 0x0000000085100000, 0x0000000085100000| Untracked 
|  66|0x0000000085200000, 0x0000000085200000, 0x0000000085300000|  0%| F|  |TAMS 0x0000000085200000, 0x0000000085200000| Untracked 
|  67|0x0000000085300000, 0x0000000085300000, 0x0000000085400000|  0%| F|  |TAMS 0x0000000085300000, 0x0000000085300000| Untracked 
|  68|0x0000000085400000, 0x0000000085400000, 0x0000000085500000|  0%| F|  |TAMS 0x0000000085400000, 0x0000000085400000| Untracked 
|  69|0x0000000085500000, 0x0000000085500000, 0x0000000085600000|  0%| F|  |TAMS 0x0000000085500000, 0x0000000085500000| Untracked 
|  70|0x0000000085600000, 0x0000000085600000, 0x0000000085700000|  0%| F|  |TAMS 0x0000000085600000, 0x0000000085600000| Untracked 
|  71|0x0000000085700000, 0x0000000085700000, 0x0000000085800000|  0%| F|  |TAMS 0x0000000085700000, 0x0000000085700000| Untracked 
|  72|0x0000000085800000, 0x0000000085800000, 0x0000000085900000|  0%| F|  |TAMS 0x0000000085800000, 0x0000000085800000| Untracked 
|  73|0x0000000085900000, 0x0000000085900000, 0x0000000085a00000|  0%| F|  |TAMS 0x0000000085900000, 0x0000000085900000| Untracked 
|  74|0x0000000085a00000, 0x0000000085a00000, 0x0000000085b00000|  0%| F|  |TAMS 0x0000000085a00000, 0x0000000085a00000| Untracked 
|  75|0x0000000085b00000, 0x0000000085b00000, 0x0000000085c00000|  0%| F|  |TAMS 0x0000000085b00000, 0x0000000085b00000| Untracked 
|  76|0x0000000085c00000, 0x0000000085c00000, 0x0000000085d00000|  0%| F|  |TAMS 0x0000000085c00000, 0x0000000085c00000| Untracked 
|  77|0x0000000085d00000, 0x0000000085d00000, 0x0000000085e00000|  0%| F|  |TAMS 0x0000000085d00000, 0x0000000085d00000| Untracked 
|  78|0x0000000085e00000, 0x0000000085e00000, 0x0000000085f00000|  0%| F|  |TAMS 0x0000000085e00000, 0x0000000085e00000| Untracked 
|  79|0x0000000085f00000, 0x0000000085f00000, 0x0000000086000000|  0%| F|  |TAMS 0x0000000085f00000, 0x0000000085f00000| Untracked 
|  80|0x0000000086000000, 0x0000000086000000, 0x0000000086100000|  0%| F|  |TAMS 0x0000000086000000, 0x0000000086000000| Untracked 
|  81|0x0000000086100000, 0x0000000086100000, 0x0000000086200000|  0%| F|  |TAMS 0x0000000086100000, 0x0000000086100000| Untracked 
|  82|0x0000000086200000, 0x0000000086200000, 0x0000000086300000|  0%| F|  |TAMS 0x0000000086200000, 0x0000000086200000| Untracked 
|  83|0x0000000086300000, 0x0000000086300000, 0x0000000086400000|  0%| F|  |TAMS 0x0000000086300000, 0x0000000086300000| Untracked 
|  84|0x0000000086400000, 0x0000000086400000, 0x0000000086500000|  0%| F|  |TAMS 0x0000000086400000, 0x0000000086400000| Untracked 
|  85|0x0000000086500000, 0x0000000086500000, 0x0000000086600000|  0%| F|  |TAMS 0x0000000086500000, 0x0000000086500000| Untracked 
|  86|0x0000000086600000, 0x0000000086600000, 0x0000000086700000|  0%| F|  |TAMS 0x0000000086600000, 0x0000000086600000| Untracked 
|  87|0x0000000086700000, 0x0000000086700000, 0x0000000086800000|  0%| F|  |TAMS 0x0000000086700000, 0x0000000086700000| Untracked 
|  88|0x0000000086800000, 0x0000000086800000, 0x0000000086900000|  0%| F|  |TAMS 0x0000000086800000, 0x0000000086800000| Untracked 
|  89|0x0000000086900000, 0x0000000086900000, 0x0000000086a00000|  0%| F|  |TAMS 0x0000000086900000, 0x0000000086900000| Untracked 
|  90|0x0000000086a00000, 0x0000000086a00000, 0x0000000086b00000|  0%| F|  |TAMS 0x0000000086a00000, 0x0000000086a00000| Untracked 
|  91|0x0000000086b00000, 0x0000000086b00000, 0x0000000086c00000|  0%| F|  |TAMS 0x0000000086b00000, 0x0000000086b00000| Untracked 
|  92|0x0000000086c00000, 0x0000000086c00000, 0x0000000086d00000|  0%| F|  |TAMS 0x0000000086c00000, 0x0000000086c00000| Untracked 
|  93|0x0000000086d00000, 0x0000000086d00000, 0x0000000086e00000|  0%| F|  |TAMS 0x0000000086d00000, 0x0000000086d00000| Untracked 
|  94|0x0000000086e00000, 0x0000000086e00000, 0x0000000086f00000|  0%| F|  |TAMS 0x0000000086e00000, 0x0000000086e00000| Untracked 
|  95|0x0000000086f00000, 0x0000000086f00000, 0x0000000087000000|  0%| F|  |TAMS 0x0000000086f00000, 0x0000000086f00000| Untracked 
|  96|0x0000000087000000, 0x0000000087000000, 0x0000000087100000|  0%| F|  |TAMS 0x0000000087000000, 0x0000000087000000| Untracked 
|  97|0x0000000087100000, 0x0000000087100000, 0x0000000087200000|  0%| F|  |TAMS 0x0000000087100000, 0x0000000087100000| Untracked 
|  98|0x0000000087200000, 0x0000000087200000, 0x0000000087300000|  0%| F|  |TAMS 0x0000000087200000, 0x0000000087200000| Untracked 
|  99|0x0000000087300000, 0x0000000087300000, 0x0000000087400000|  0%| F|  |TAMS 0x0000000087300000, 0x0000000087300000| Untracked 
| 100|0x0000000087400000, 0x0000000087400000, 0x0000000087500000|  0%| F|  |TAMS 0x0000000087400000, 0x0000000087400000| Untracked 
| 101|0x0000000087500000, 0x0000000087500000, 0x0000000087600000|  0%| F|  |TAMS 0x0000000087500000, 0x0000000087500000| Untracked 
| 102|0x0000000087600000, 0x0000000087600000, 0x0000000087700000|  0%| F|  |TAMS 0x0000000087600000, 0x0000000087600000| Untracked 
| 103|0x0000000087700000, 0x0000000087700000, 0x0000000087800000|  0%| F|  |TAMS 0x0000000087700000, 0x0000000087700000| Untracked 
| 104|0x0000000087800000, 0x0000000087800000, 0x0000000087900000|  0%| F|  |TAMS 0x0000000087800000, 0x0000000087800000| Untracked 
| 105|0x0000000087900000, 0x0000000087900000, 0x0000000087a00000|  0%| F|  |TAMS 0x0000000087900000, 0x0000000087900000| Untracked 
| 106|0x0000000087a00000, 0x0000000087a00000, 0x0000000087b00000|  0%| F|  |TAMS 0x0000000087a00000, 0x0000000087a00000| Untracked 
| 107|0x0000000087b00000, 0x0000000087b00000, 0x0000000087c00000|  0%| F|  |TAMS 0x0000000087b00000, 0x0000000087b00000| Untracked 
| 108|0x0000000087c00000, 0x0000000087c00000, 0x0000000087d00000|  0%| F|  |TAMS 0x0000000087c00000, 0x0000000087c00000| Untracked 
| 109|0x0000000087d00000, 0x0000000087d00000, 0x0000000087e00000|  0%| F|  |TAMS 0x0000000087d00000, 0x0000000087d00000| Untracked 
| 110|0x0000000087e00000, 0x0000000087e00000, 0x0000000087f00000|  0%| F|  |TAMS 0x0000000087e00000, 0x0000000087e00000| Untracked 
| 111|0x0000000087f00000, 0x0000000087f00000, 0x0000000088000000|  0%| F|  |TAMS 0x0000000087f00000, 0x0000000087f00000| Untracked 
| 112|0x0000000088000000, 0x0000000088000000, 0x0000000088100000|  0%| F|  |TAMS 0x0000000088000000, 0x0000000088000000| Untracked 
| 113|0x0000000088100000, 0x0000000088100000, 0x0000000088200000|  0%| F|  |TAMS 0x0000000088100000, 0x0000000088100000| Untracked 
| 114|0x0000000088200000, 0x0000000088200000, 0x0000000088300000|  0%| F|  |TAMS 0x0000000088200000, 0x0000000088200000| Untracked 
| 115|0x0000000088300000, 0x0000000088300000, 0x0000000088400000|  0%| F|  |TAMS 0x0000000088300000, 0x0000000088300000| Untracked 
| 116|0x0000000088400000, 0x0000000088400000, 0x0000000088500000|  0%| F|  |TAMS 0x0000000088400000, 0x0000000088400000| Untracked 
| 117|0x0000000088500000, 0x0000000088500000, 0x0000000088600000|  0%| F|  |TAMS 0x0000000088500000, 0x0000000088500000| Untracked 
| 118|0x0000000088600000, 0x000000008866c068, 0x0000000088700000| 42%| E|  |TAMS 0x0000000088600000, 0x0000000088600000| Complete 
| 119|0x0000000088700000, 0x0000000088800000, 0x0000000088800000|100%| E|CS|TAMS 0x0000000088700000, 0x0000000088700000| Complete 
| 120|0x0000000088800000, 0x0000000088900000, 0x0000000088900000|100%| E|CS|TAMS 0x0000000088800000, 0x0000000088800000| Complete 
| 121|0x0000000088900000, 0x0000000088a00000, 0x0000000088a00000|100%| E|CS|TAMS 0x0000000088900000, 0x0000000088900000| Complete 
| 122|0x0000000088a00000, 0x0000000088b00000, 0x0000000088b00000|100%| E|CS|TAMS 0x0000000088a00000, 0x0000000088a00000| Complete 
| 123|0x0000000088b00000, 0x0000000088c00000, 0x0000000088c00000|100%| E|CS|TAMS 0x0000000088b00000, 0x0000000088b00000| Complete 
| 124|0x0000000088c00000, 0x0000000088d00000, 0x0000000088d00000|100%| E|CS|TAMS 0x0000000088c00000, 0x0000000088c00000| Complete 
| 125|0x0000000088d00000, 0x0000000088e00000, 0x0000000088e00000|100%| E|CS|TAMS 0x0000000088d00000, 0x0000000088d00000| Complete 
| 126|0x0000000088e00000, 0x0000000088f00000, 0x0000000088f00000|100%| E|CS|TAMS 0x0000000088e00000, 0x0000000088e00000| Complete 
| 127|0x0000000088f00000, 0x0000000089000000, 0x0000000089000000|100%| E|CS|TAMS 0x0000000088f00000, 0x0000000088f00000| Complete 

Card table byte_map: [0x0000017f72f40000,0x0000017f73340000] _byte_map_base: 0x0000017f72b38000

Marking Bits (Prev, Next): (CMBitMap*) 0x0000017f603c9fe0, (CMBitMap*) 0x0000017f603ca020
 Prev Bits: [0x0000017f73740000, 0x0000017f75700000)
 Next Bits: [0x0000017f75700000, 0x0000017f776c0000)

Polling page: 0x0000017f5fb20000

Metaspace:

Usage:
  Non-class:     11.75 MB used.
      Class:      1.21 MB used.
       Both:     12.96 MB used.

Virtual space:
  Non-class space:       64.00 MB reserved,      11.81 MB ( 18%) committed,  1 nodes.
      Class space:        1.00 GB reserved,       1.31 MB ( <1%) committed,  1 nodes.
             Both:        1.06 GB reserved,      13.12 MB (  1%) committed. 

Chunk freelists:
   Non-Class:  4.19 MB
       Class:  14.72 MB
        Both:  18.91 MB

MaxMetaspaceSize: unlimited
CompressedClassSpaceSize: 1.00 GB
Initial GC threshold: 21.00 MB
Current GC threshold: 21.00 MB
CDS: off
MetaspaceReclaimPolicy: balanced
 - commit_granule_bytes: 65536.
 - commit_granule_words: 8192.
 - virtual_space_node_default_size: 8388608.
 - enlarge_chunks_in_place: 1.
 - new_chunks_are_fully_committed: 0.
 - uncommit_free_chunks: 1.
 - use_allocation_guard: 0.
 - handle_deallocations: 1.


Internal statistics:

num_allocs_failed_limit: 0.
num_arena_births: 72.
num_arena_deaths: 0.
num_vsnodes_births: 2.
num_vsnodes_deaths: 0.
num_space_committed: 210.
num_space_uncommitted: 0.
num_chunks_returned_to_freelist: 0.
num_chunks_taken_from_freelist: 128.
num_chunk_merges: 0.
num_chunk_splits: 72.
num_chunks_enlarged: 36.
num_inconsistent_stats: 0.

CodeHeap 'non-profiled nmethods': size=120000Kb used=244Kb max_used=244Kb free=119755Kb
 bounds [0x0000017f6b500000, 0x0000017f6b770000, 0x0000017f72a30000]
CodeHeap 'profiled nmethods': size=120000Kb used=1080Kb max_used=1080Kb free=118919Kb
 bounds [0x0000017f63a30000, 0x0000017f63ca0000, 0x0000017f6af60000]
CodeHeap 'non-nmethods': size=5760Kb used=1261Kb max_used=1273Kb free=4498Kb
 bounds [0x0000017f6af60000, 0x0000017f6b1d0000, 0x0000017f6b500000]
 total_blobs=1202 nmethods=706 adapters=409
 compilation: enabled
              stopped_count=0, restarted_count=0
 full_count=0

Compilation events (20 events):
Event: 4.507 Thread 0x0000017f7e0a13e0  693       3       java.lang.invoke.MethodHandles$Lookup::checkAccess (232 bytes)
Event: 4.508 Thread 0x0000017f7e0a13e0 nmethod 693 0x0000017f63b39990 code [0x0000017f63b39c80, 0x0000017f63b3acf8]
Event: 4.521 Thread 0x0000017f79f2a8d0  694       4       java.lang.invoke.MethodType::parameterCount (6 bytes)
Event: 4.521 Thread 0x0000017f7e0a13e0  695       3       jdk.internal.org.objectweb.asm.SymbolTable$Entry::<init> (20 bytes)
Event: 4.521 Thread 0x0000017f7e0a13e0 nmethod 695 0x0000017f63b3b190 code [0x0000017f63b3b320, 0x0000017f63b3b4c8]
Event: 4.521 Thread 0x0000017f79f2a8d0 nmethod 694 0x0000017f6b53b990 code [0x0000017f6b53bb00, 0x0000017f6b53bb98]
Event: 4.523 Thread 0x0000017f7e0a13e0  698       3       java.lang.invoke.MethodHandles$Lookup::<init> (84 bytes)
Event: 4.523 Thread 0x0000017f7e0a13e0 nmethod 698 0x0000017f63b3b590 code [0x0000017f63b3b740, 0x0000017f63b3b978]
Event: 4.523 Thread 0x0000017f7e0a13e0  699       1       java.lang.module.ModuleDescriptor::isOpen (5 bytes)
Event: 4.523 Thread 0x0000017f7e0a13e0 nmethod 699 0x0000017f6b53c410 code [0x0000017f6b53c5a0, 0x0000017f6b53c678]
Event: 4.524 Thread 0x0000017f7e0a13e0  702       3       java.util.ArrayList::iterator (9 bytes)
Event: 4.524 Thread 0x0000017f7e0a13e0 nmethod 702 0x0000017f63b3ba10 code [0x0000017f63b3bbc0, 0x0000017f63b3be58]
Event: 4.524 Thread 0x0000017f7e0a13e0  703       3       java.util.ArrayList$Itr::<init> (26 bytes)
Event: 4.524 Thread 0x0000017f7e0a13e0 nmethod 703 0x0000017f63b3bf90 code [0x0000017f63b3c120, 0x0000017f63b3c2f8]
Event: 4.542 Thread 0x0000017f79f2a8d0  704       4       jdk.internal.org.objectweb.asm.ClassReader::readUnsignedShort (26 bytes)
Event: 4.543 Thread 0x0000017f7e0a13e0  705       3       java.lang.invoke.MemberName::getType (19 bytes)
Event: 4.543 Thread 0x0000017f79f2a8d0 nmethod 704 0x0000017f6b53ce90 code [0x0000017f6b53d000, 0x0000017f6b53d0f8]
Event: 4.543 Thread 0x0000017f7e0a13e0 nmethod 705 0x0000017f63b3c410 code [0x0000017f63b3c5e0, 0x0000017f63b3c998]
Event: 4.543 Thread 0x0000017f7e0a13e0  706       3       java.lang.invoke.MethodType::insertParameterTypes (121 bytes)
Event: 4.544 Thread 0x0000017f7e0a13e0 nmethod 706 0x0000017f63b3cb10 code [0x0000017f63b3cde0, 0x0000017f63b3dbc8]

GC Heap History (0 events):
No events

Dll operation events (9 events):
Event: 0.091 Loaded shared library C:\eclipse\plugins\org.eclipse.justj.openjdk.hotspot.jre.full.win32.x86_64_17.0.10.v20240120-1143\jre\bin\java.dll
Event: 0.896 Loaded shared library C:\eclipse\plugins\org.eclipse.justj.openjdk.hotspot.jre.full.win32.x86_64_17.0.10.v20240120-1143\jre\bin\net.dll
Event: 0.898 Loaded shared library C:\eclipse\plugins\org.eclipse.justj.openjdk.hotspot.jre.full.win32.x86_64_17.0.10.v20240120-1143\jre\bin\nio.dll
Event: 1.031 Loaded shared library C:\eclipse\plugins\org.eclipse.justj.openjdk.hotspot.jre.full.win32.x86_64_17.0.10.v20240120-1143\jre\bin\zip.dll
Event: 1.642 Loaded shared library C:\eclipse\plugins\org.eclipse.justj.openjdk.hotspot.jre.full.win32.x86_64_17.0.10.v20240120-1143\jre\bin\zip.dll
Event: 1.645 Loaded shared library C:\eclipse\plugins\org.eclipse.justj.openjdk.hotspot.jre.full.win32.x86_64_17.0.10.v20240120-1143\jre\bin\instrument.dll
Event: 2.248 Loaded shared library C:\eclipse\plugins\org.eclipse.justj.openjdk.hotspot.jre.full.win32.x86_64_17.0.10.v20240120-1143\jre\bin\jimage.dll
Event: 2.931 Loaded shared library C:\eclipse\plugins\org.eclipse.justj.openjdk.hotspot.jre.full.win32.x86_64_17.0.10.v20240120-1143\jre\bin\verify.dll
Event: 3.186 Loaded shared library C:\eclipse\plugins\org.eclipse.justj.openjdk.hotspot.jre.full.win32.x86_64_17.0.10.v20240120-1143\jre\bin\awt.dll

Deoptimization events (20 events):
Event: 2.925 Thread 0x0000017f6036e9c0 DEOPT PACKING pc=0x0000017f6b50847c sp=0x0000005a123fec60
Event: 2.925 Thread 0x0000017f6036e9c0 DEOPT UNPACKING pc=0x0000017f6afb69a3 sp=0x0000005a123febb0 mode 2
Event: 2.928 Thread 0x0000017f6036e9c0 DEOPT PACKING pc=0x0000017f63ae9ad4 sp=0x0000005a123fc3d0
Event: 2.928 Thread 0x0000017f6036e9c0 DEOPT UNPACKING pc=0x0000017f6afb7143 sp=0x0000005a123fb838 mode 0
Event: 2.928 Thread 0x0000017f6036e9c0 DEOPT PACKING pc=0x0000017f63ae9ad4 sp=0x0000005a123fc3d0
Event: 2.929 Thread 0x0000017f6036e9c0 DEOPT UNPACKING pc=0x0000017f6afb7143 sp=0x0000005a123fb838 mode 0
Event: 2.929 Thread 0x0000017f6036e9c0 DEOPT PACKING pc=0x0000017f63ae9ad4 sp=0x0000005a123fc3d0
Event: 2.929 Thread 0x0000017f6036e9c0 DEOPT UNPACKING pc=0x0000017f6afb7143 sp=0x0000005a123fb838 mode 0
Event: 2.929 Thread 0x0000017f6036e9c0 DEOPT PACKING pc=0x0000017f63ae9ad4 sp=0x0000005a123fc3d0
Event: 2.929 Thread 0x0000017f6036e9c0 DEOPT UNPACKING pc=0x0000017f6afb7143 sp=0x0000005a123fb838 mode 0
Event: 2.929 Thread 0x0000017f6036e9c0 DEOPT PACKING pc=0x0000017f63ae9ad4 sp=0x0000005a123fc3d0
Event: 2.929 Thread 0x0000017f6036e9c0 DEOPT UNPACKING pc=0x0000017f6afb7143 sp=0x0000005a123fb838 mode 0
Event: 2.939 Thread 0x0000017f6036e9c0 DEOPT PACKING pc=0x0000017f63ae9ad4 sp=0x0000005a123f88f0
Event: 2.939 Thread 0x0000017f6036e9c0 DEOPT UNPACKING pc=0x0000017f6afb7143 sp=0x0000005a123f7d58 mode 0
Event: 2.940 Thread 0x0000017f6036e9c0 DEOPT PACKING pc=0x0000017f63ae9ad4 sp=0x0000005a123f88f0
Event: 2.940 Thread 0x0000017f6036e9c0 DEOPT UNPACKING pc=0x0000017f6afb7143 sp=0x0000005a123f7d58 mode 0
Event: 2.944 Thread 0x0000017f6036e9c0 DEOPT PACKING pc=0x0000017f63ae9ad4 sp=0x0000005a123f8830
Event: 2.945 Thread 0x0000017f6036e9c0 DEOPT UNPACKING pc=0x0000017f6afb7143 sp=0x0000005a123f7c98 mode 0
Event: 3.169 Thread 0x0000017f6036e9c0 DEOPT PACKING pc=0x0000017f63ab901f sp=0x0000005a123fd2b0
Event: 3.169 Thread 0x0000017f6036e9c0 DEOPT UNPACKING pc=0x0000017f6afb7143 sp=0x0000005a123fc748 mode 0

Classes unloaded (0 events):
No events

Classes redefined (0 events):
No events

Internal exceptions (11 events):
Event: 1.003 Thread 0x0000017f6036e9c0 Exception <a 'java/lang/NoSuchMethodError'{0x0000000088fafb50}: 'void java.lang.invoke.DirectMethodHandle$Holder.invokeVirtual(java.lang.Object, java.lang.Object)'> (0x0000000088fafb50) 
thrown [s\src\hotspot\share\interpreter\linkResolver.cpp, line 759]
Event: 1.241 Thread 0x0000017f6036e9c0 Exception <a 'java/lang/NoSuchMethodError'{0x0000000088d3aa60}: 'void java.lang.invoke.DirectMethodHandle$Holder.invokeSpecial(java.lang.Object, java.lang.Object, java.lang.Object)'> (0x0000000088d3aa60) 
thrown [s\src\hotspot\share\interpreter\linkResolver.cpp, line 759]
Event: 1.246 Thread 0x0000017f6036e9c0 Exception <a 'java/lang/NoSuchMethodError'{0x0000000088d4fc80}: 'void java.lang.invoke.DirectMethodHandle$Holder.invokeSpecial(java.lang.Object, java.lang.Object, java.lang.Object, java.lang.Object, java.lang.Object)'> (0x0000000088d4fc80) 
thrown [s\src\hotspot\share\interpreter\linkResolver.cpp, line 759]
Event: 1.249 Thread 0x0000017f6036e9c0 Exception <a 'java/lang/NoSuchMethodError'{0x0000000088d5f3e0}: 'java.lang.Object java.lang.invoke.DirectMethodHandle$Holder.invokeInterface(java.lang.Object, java.lang.Object)'> (0x0000000088d5f3e0) 
thrown [s\src\hotspot\share\interpreter\linkResolver.cpp, line 759]
Event: 1.249 Thread 0x0000017f6036e9c0 Exception <a 'java/lang/IncompatibleClassChangeError'{0x0000000088d62930}: Found class java.lang.Object, but interface was expected> (0x0000000088d62930) 
thrown [s\src\hotspot\share\interpreter\linkResolver.cpp, line 826]
Event: 1.250 Thread 0x0000017f6036e9c0 Exception <a 'java/lang/NoSuchMethodError'{0x0000000088d656f8}: 'void java.lang.invoke.DirectMethodHandle$Holder.invokeStatic(java.lang.Object, java.lang.Object, java.lang.Object, java.lang.Object)'> (0x0000000088d656f8) 
thrown [s\src\hotspot\share\interpreter\linkResolver.cpp, line 759]
Event: 3.172 Thread 0x0000017f6036e9c0 Exception <a 'sun/nio/fs/WindowsException'{0x00000000889989d8}> (0x00000000889989d8) 
thrown [s\src\hotspot\share\prims\jni.cpp, line 516]
Event: 3.180 Thread 0x0000017f6036e9c0 Exception <a 'java/lang/ClassNotFoundException'{0x00000000889c5f20}: sun/awt/resources/spi/awtProvider> (0x00000000889c5f20) 
thrown [s\src\hotspot\share\classfile\systemDictionary.cpp, line 256]
Event: 3.359 Thread 0x0000017f6036e9c0 Exception <a 'java/io/FileNotFoundException'{0x0000000088823428}> (0x0000000088823428) 
thrown [s\src\hotspot\share\prims\jni.cpp, line 516]
Event: 3.364 Thread 0x0000017f6036e9c0 Exception <a 'java/io/FileNotFoundException'{0x0000000088852510}> (0x0000000088852510) 
thrown [s\src\hotspot\share\prims\jni.cpp, line 516]
Event: 3.686 Thread 0x0000017f6036e9c0 Exception <a 'java/lang/NoSuchMethodError'{0x000000008874c968}: 'java.lang.Object java.lang.invoke.DirectMethodHandle$Holder.invokeStaticInit(java.lang.Object)'> (0x000000008874c968) 
thrown [s\src\hotspot\share\interpreter\linkResolver.cpp, line 759]

VM Operations (12 events):
Event: 1.247 Executing VM operation: HandshakeAllThreads
Event: 1.247 Executing VM operation: HandshakeAllThreads done
Event: 1.540 Executing VM operation: ChangeBreakpoints
Event: 1.573 Executing VM operation: ChangeBreakpoints done
Event: 1.592 Executing VM operation: ChangeBreakpoints
Event: 1.592 Executing VM operation: ChangeBreakpoints done
Event: 2.593 Executing VM operation: Cleanup
Event: 2.593 Executing VM operation: Cleanup done
Event: 3.603 Executing VM operation: Cleanup
Event: 3.666 Executing VM operation: Cleanup done
Event: 4.676 Executing VM operation: Cleanup
Event: 4.676 Executing VM operation: Cleanup done

Events (20 events):
Event: 4.549 loading class sun/awt/SunDisplayChanger
Event: 4.549 loading class sun/awt/SunDisplayChanger done
Event: 4.549 loading class java/awt/GraphicsDevice
Event: 4.549 loading class java/awt/GraphicsDevice done
Event: 4.549 loading class sun/java2d/d3d/D3DGraphicsDevice
Event: 4.549 loading class sun/awt/Win32GraphicsDevice
Event: 4.550 loading class sun/awt/Win32GraphicsDevice done
Event: 4.550 loading class sun/java2d/d3d/D3DGraphicsDevice done
Event: 5.241 loading class sun/java2d/d3d/D3DRenderQueue
Event: 5.241 loading class sun/java2d/pipe/RenderQueue
Event: 5.241 loading class sun/java2d/pipe/RenderQueue done
Event: 5.241 loading class sun/java2d/d3d/D3DRenderQueue done
Event: 5.242 loading class sun/java2d/pipe/RenderBuffer
Event: 5.242 loading class sun/java2d/pipe/RenderBuffer done
Event: 5.242 loading class sun/java2d/d3d/D3DRenderQueue$1
Event: 5.242 loading class sun/java2d/d3d/D3DRenderQueue$1 done
Event: 5.242 loading class sun/java2d/d3d/D3DGraphicsDevice$1Result
Event: 5.242 loading class sun/java2d/d3d/D3DGraphicsDevice$1Result done
Event: 5.242 loading class sun/java2d/d3d/D3DGraphicsDevice$1
Event: 5.242 loading class sun/java2d/d3d/D3DGraphicsDevice$1 done


Dynamic libraries:
0x00007ff784c40000 - 0x00007ff784c4e000 	C:\eclipse\plugins\org.eclipse.justj.openjdk.hotspot.jre.full.win32.x86_64_17.0.10.v20240120-1143\jre\bin\javaw.exe
0x00007fff29530000 - 0x00007fff29747000 	C:\WINDOWS\SYSTEM32\ntdll.dll
0x00007fff27a90000 - 0x00007fff27b54000 	C:\WINDOWS\System32\KERNEL32.DLL
0x00007fff269d0000 - 0x00007fff26da3000 	C:\WINDOWS\System32\KERNELBASE.dll
0x00007fff268b0000 - 0x00007fff269c1000 	C:\WINDOWS\System32\ucrtbase.dll
0x00007fff15aa0000 - 0x00007fff15ab7000 	C:\eclipse\plugins\org.eclipse.justj.openjdk.hotspot.jre.full.win32.x86_64_17.0.10.v20240120-1143\jre\bin\jli.dll
0x00007fff28100000 - 0x00007fff282b1000 	C:\WINDOWS\System32\USER32.dll
0x00007fff26640000 - 0x00007fff26666000 	C:\WINDOWS\System32\win32u.dll
0x00007fff27b60000 - 0x00007fff27b89000 	C:\WINDOWS\System32\GDI32.dll
0x00007fff26670000 - 0x00007fff2678b000 	C:\WINDOWS\System32\gdi32full.dll
0x00007fff26810000 - 0x00007fff268aa000 	C:\WINDOWS\System32\msvcp_win.dll
0x00007fff15ac0000 - 0x00007fff15adb000 	C:\eclipse\plugins\org.eclipse.justj.openjdk.hotspot.jre.full.win32.x86_64_17.0.10.v20240120-1143\jre\bin\VCRUNTIME140.dll
0x00007fff194d0000 - 0x00007fff19768000 	C:\WINDOWS\WinSxS\amd64_microsoft.windows.common-controls_6595b64144ccf1df_6.0.22621.5124_none_270e8f4f7386d69d\COMCTL32.dll
0x00007fff28410000 - 0x00007fff284b7000 	C:\WINDOWS\System32\msvcrt.dll
0x00007fff27870000 - 0x00007fff278a1000 	C:\WINDOWS\System32\IMM32.DLL
0x00007fff23450000 - 0x00007fff2345c000 	C:\eclipse\plugins\org.eclipse.justj.openjdk.hotspot.jre.full.win32.x86_64_17.0.10.v20240120-1143\jre\bin\vcruntime140_1.dll
0x00007fff05100000 - 0x00007fff0518d000 	C:\eclipse\plugins\org.eclipse.justj.openjdk.hotspot.jre.full.win32.x86_64_17.0.10.v20240120-1143\jre\bin\msvcp140.dll
0x00007ffec4c60000 - 0x00007ffec58c2000 	C:\eclipse\plugins\org.eclipse.justj.openjdk.hotspot.jre.full.win32.x86_64_17.0.10.v20240120-1143\jre\bin\server\jvm.dll
0x00007fff28030000 - 0x00007fff280e1000 	C:\WINDOWS\System32\ADVAPI32.dll
0x00007fff28d60000 - 0x00007fff28e08000 	C:\WINDOWS\System32\sechost.dll
0x00007fff271a0000 - 0x00007fff271c8000 	C:\WINDOWS\System32\bcrypt.dll
0x00007fff27f00000 - 0x00007fff28014000 	C:\WINDOWS\System32\RPCRT4.dll
0x00007fff25ed0000 - 0x00007fff25f1d000 	C:\WINDOWS\SYSTEM32\POWRPROF.dll
0x00007fff1a1d0000 - 0x00007fff1a1d9000 	C:\WINDOWS\SYSTEM32\WSOCK32.dll
0x00007fff28e10000 - 0x00007fff28e81000 	C:\WINDOWS\System32\WS2_32.dll
0x00007fff1b360000 - 0x00007fff1b394000 	C:\WINDOWS\SYSTEM32\WINMM.dll
0x00007fff1d790000 - 0x00007fff1d79a000 	C:\WINDOWS\SYSTEM32\VERSION.dll
0x00007fff25e70000 - 0x00007fff25e83000 	C:\WINDOWS\SYSTEM32\UMPDC.dll
0x00007fff25630000 - 0x00007fff25648000 	C:\WINDOWS\SYSTEM32\kernel.appcore.dll
0x00007fff21280000 - 0x00007fff2128a000 	C:\eclipse\plugins\org.eclipse.justj.openjdk.hotspot.jre.full.win32.x86_64_17.0.10.v20240120-1143\jre\bin\jimage.dll
0x00007fff1c9e0000 - 0x00007fff1cc12000 	C:\WINDOWS\SYSTEM32\DBGHELP.DLL
0x00007fff27340000 - 0x00007fff276d2000 	C:\WINDOWS\System32\combase.dll
0x00007fff28330000 - 0x00007fff28407000 	C:\WINDOWS\System32\OLEAUT32.dll
0x00007fff1c3b0000 - 0x00007fff1c3e2000 	C:\WINDOWS\SYSTEM32\dbgcore.DLL
0x00007fff26790000 - 0x00007fff2680b000 	C:\WINDOWS\System32\bcryptPrimitives.dll
0x00007fff02df0000 - 0x00007fff02e2b000 	C:\eclipse\plugins\org.eclipse.justj.openjdk.hotspot.jre.full.win32.x86_64_17.0.10.v20240120-1143\jre\bin\jdwp.dll
0x00007fff19980000 - 0x00007fff1998e000 	C:\eclipse\plugins\org.eclipse.justj.openjdk.hotspot.jre.full.win32.x86_64_17.0.10.v20240120-1143\jre\bin\instrument.dll
0x00007fff19ab0000 - 0x00007fff19ad5000 	C:\eclipse\plugins\org.eclipse.justj.openjdk.hotspot.jre.full.win32.x86_64_17.0.10.v20240120-1143\jre\bin\java.dll
0x00007fff19a90000 - 0x00007fff19aa8000 	C:\eclipse\plugins\org.eclipse.justj.openjdk.hotspot.jre.full.win32.x86_64_17.0.10.v20240120-1143\jre\bin\zip.dll
0x00007fff284c0000 - 0x00007fff28d56000 	C:\WINDOWS\System32\SHELL32.dll
0x00007fff26ef0000 - 0x00007fff2702f000 	C:\WINDOWS\System32\wintypes.dll
0x00007fff24510000 - 0x00007fff24e2a000 	C:\WINDOWS\SYSTEM32\windows.storage.dll
0x00007fff276e0000 - 0x00007fff277ea000 	C:\WINDOWS\System32\SHCORE.dll
0x00007fff282c0000 - 0x00007fff28323000 	C:\WINDOWS\System32\shlwapi.dll
0x00007fff26570000 - 0x00007fff2659b000 	C:\WINDOWS\SYSTEM32\profapi.dll
0x00007fff19a70000 - 0x00007fff19a89000 	C:\eclipse\plugins\org.eclipse.justj.openjdk.hotspot.jre.full.win32.x86_64_17.0.10.v20240120-1143\jre\bin\net.dll
0x00007fff21090000 - 0x00007fff211bc000 	C:\WINDOWS\SYSTEM32\WINHTTP.dll
0x00007fff25aa0000 - 0x00007fff25b0a000 	C:\WINDOWS\system32\mswsock.dll
0x00007fff19a50000 - 0x00007fff19a66000 	C:\eclipse\plugins\org.eclipse.justj.openjdk.hotspot.jre.full.win32.x86_64_17.0.10.v20240120-1143\jre\bin\nio.dll
0x00007fff15a80000 - 0x00007fff15a8c000 	C:\eclipse\plugins\org.eclipse.justj.openjdk.hotspot.jre.full.win32.x86_64_17.0.10.v20240120-1143\jre\bin\dt_socket.dll
0x00007fff250d0000 - 0x00007fff250fd000 	C:\WINDOWS\SYSTEM32\IPHLPAPI.DLL
0x00007fff25100000 - 0x00007fff25202000 	C:\WINDOWS\SYSTEM32\DNSAPI.dll
0x00007fff28020000 - 0x00007fff28029000 	C:\WINDOWS\System32\NSI.dll
0x00007fff1e2e0000 - 0x00007fff1e2ea000 	C:\Windows\System32\rasadhlp.dll
0x00007fff20130000 - 0x00007fff201b3000 	C:\WINDOWS\System32\fwpuclnt.dll
0x00007fff19a40000 - 0x00007fff19a50000 	C:\eclipse\plugins\org.eclipse.justj.openjdk.hotspot.jre.full.win32.x86_64_17.0.10.v20240120-1143\jre\bin\verify.dll
0x00007ffee54c0000 - 0x00007ffee5650000 	C:\eclipse\plugins\org.eclipse.justj.openjdk.hotspot.jre.full.win32.x86_64_17.0.10.v20240120-1143\jre\bin\awt.dll
0x00007fff236c0000 - 0x00007fff23757000 	C:\WINDOWS\SYSTEM32\apphelp.dll
0x00007fff23c30000 - 0x00007fff23ce3000 	C:\WINDOWS\system32\uxtheme.dll
0x00007fff27da0000 - 0x00007fff27f00000 	C:\WINDOWS\System32\MSCTF.dll
0x00007fff29330000 - 0x00007fff294d1000 	C:\WINDOWS\System32\ole32.dll
0x00007fff24080000 - 0x00007fff240ae000 	C:\WINDOWS\system32\DWMAPI.DLL
0x00007fff00b60000 - 0x00007fff00c60000 	C:\WINDOWS\system32\opengl32.dll
0x00007fff07960000 - 0x00007fff0798d000 	C:\WINDOWS\SYSTEM32\GLU32.dll
0x00007fff23d40000 - 0x00007fff23d77000 	C:\WINDOWS\SYSTEM32\dxcore.dll
0x00007ffef6680000 - 0x00007ffef6828000 	C:\WINDOWS\system32\d3d9.dll
0x00007fff1a510000 - 0x00007fff1a5d1000 	C:\WINDOWS\System32\DriverStore\FileRepository\nv_dispig.inf_amd64_0afec3f2050014a0\nvldumdx.dll
0x00007fff25f30000 - 0x00007fff25f42000 	C:\WINDOWS\SYSTEM32\msasn1.dll
0x00007fff1d750000 - 0x00007fff1d782000 	C:\WINDOWS\SYSTEM32\cryptnet.dll
0x00007fff27030000 - 0x00007fff27197000 	C:\WINDOWS\System32\CRYPT32.dll
0x00007fff25e40000 - 0x00007fff25e4c000 	C:\WINDOWS\SYSTEM32\cryptbase.dll
0x00007fff25d20000 - 0x00007fff25d70000 	C:\WINDOWS\SYSTEM32\wldp.dll
0x00007fff1d1f0000 - 0x00007fff1d352000 	C:\WINDOWS\SYSTEM32\drvstore.dll
0x00007fff26300000 - 0x00007fff2632c000 	C:\WINDOWS\SYSTEM32\devobj.dll
0x00007fff26330000 - 0x00007fff2637e000 	C:\WINDOWS\SYSTEM32\cfgmgr32.dll
0x00007fff26e70000 - 0x00007fff26eeb000 	C:\WINDOWS\System32\wintrust.dll
0x00007fff278b0000 - 0x00007fff278cf000 	C:\WINDOWS\System32\imagehlp.dll
0x00007fff25e90000 - 0x00007fff25eab000 	C:\WINDOWS\SYSTEM32\CRYPTSP.dll
0x00007fff25590000 - 0x00007fff255c7000 	C:\WINDOWS\system32\rsaenh.dll
0x00007fff15c60000 - 0x00007fff17c4e000 	C:\WINDOWS\System32\DriverStore\FileRepository\nv_dispig.inf_amd64_0afec3f2050014a0\nvgpucomp64.dll
0x00007ffed0df0000 - 0x00007ffed2884000 	C:\WINDOWS\System32\DriverStore\FileRepository\nv_dispig.inf_amd64_0afec3f2050014a0\nvd3dumx.dll
0x00007fff200e0000 - 0x00007fff20129000 	C:\WINDOWS\SYSTEM32\directxdatabasehelper.dll

dbghelp: loaded successfully - version: 4.0.5 - missing functions: none
symbol engine: initialized successfully - sym options: 0x614 - pdb path: .;C:\eclipse\plugins\org.eclipse.justj.openjdk.hotspot.jre.full.win32.x86_64_17.0.10.v20240120-1143\jre\bin;C:\WINDOWS\SYSTEM32;C:\WINDOWS\WinSxS\amd64_microsoft.windows.common-controls_6595b64144ccf1df_6.0.22621.5124_none_270e8f4f7386d69d;C:\eclipse\plugins\org.eclipse.justj.openjdk.hotspot.jre.full.win32.x86_64_17.0.10.v20240120-1143\jre\bin\server;C:\WINDOWS\System32\DriverStore\FileRepository\nv_dispig.inf_amd64_0afec3f2050014a0

VM Arguments:
jvm_args: -XX:+ShowCodeDetailsInExceptionMessages -agentlib:jdwp=transport=dt_socket,suspend=y,address=localhost:57678 -javaagent:C:\eclipse\configuration\org.eclipse.osgi\442\0\.cp\lib\javaagent-shaded.jar -Dfile.encoding=UTF-8 -Dstdout.encoding=UTF-8 -Dstderr.encoding=UTF-8 --module-path=C:\Users\Alumno1\Documents\GitHub\proyecto_final\proyecto_final\Proyecto_final\bin;C:\Users\Alumno1\Documents\GitHub\proyecto_final\proyecto_final\Proyecto_final\src\Adopcion_de_animales\mysql-connector-java-8.0.20.jar -Djdk.module.main=Proyecto_final 
java_command: Proyecto_final/Adopcion_de_animales.gestionar_adopcion
java_class_path (initial): <not set>
Launcher Type: SUN_STANDARD

[Global flags]
     intx CICompilerCount                          = 3                                         {product} {ergonomic}
     uint ConcGCThreads                            = 2                                         {product} {ergonomic}
     uint G1ConcRefinementThreads                  = 6                                         {product} {ergonomic}
   size_t G1HeapRegionSize                         = 1048576                                   {product} {ergonomic}
    uintx GCDrainStackTargetSize                   = 64                                        {product} {ergonomic}
   size_t InitialHeapSize                          = 134217728                                 {product} {ergonomic}
   size_t MarkStackSize                            = 4194304                                   {product} {ergonomic}
   size_t MaxHeapSize                              = 2130706432                                {product} {ergonomic}
   size_t MaxNewSize                               = 1278214144                                {product} {ergonomic}
   size_t MinHeapDeltaBytes                        = 1048576                                   {product} {ergonomic}
   size_t MinHeapSize                              = 8388608                                   {product} {ergonomic}
    uintx NonNMethodCodeHeapSize                   = 5832780                                {pd product} {ergonomic}
    uintx NonProfiledCodeHeapSize                  = 122912730                              {pd product} {ergonomic}
    uintx ProfiledCodeHeapSize                     = 122912730                              {pd product} {ergonomic}
    uintx ReservedCodeCacheSize                    = 251658240                              {pd product} {ergonomic}
     bool SegmentedCodeCache                       = true                                      {product} {ergonomic}
     bool ShowCodeDetailsInExceptionMessages       = true                                   {manageable} {command line}
   size_t SoftMaxHeapSize                          = 2130706432                             {manageable} {ergonomic}
     bool UseCompressedClassPointers               = true                           {product lp64_product} {ergonomic}
     bool UseCompressedOops                        = true                           {product lp64_product} {ergonomic}
     bool UseG1GC                                  = true                                      {product} {ergonomic}
     bool UseLargePagesIndividualAllocation        = false                                  {pd product} {ergonomic}

Logging:
Log output configuration:
 #0: stdout all=warning uptime,level,tags
 #1: stderr all=off uptime,level,tags

Environment Variables:
PATH=C:\eclipse\plugins\org.eclipse.justj.openjdk.hotspot.jre.full.win32.x86_64_17.0.10.v20240120-1143\jre\bin;C:/eclipse//plugins/org.eclipse.justj.openjdk.hotspot.jre.full.win32.x86_64_17.0.10.v20240120-1143/jre/bin/server;C:/eclipse//plugins/org.eclipse.justj.openjdk.hotspot.jre.full.win32.x86_64_17.0.10.v20240120-1143/jre/bin;C:\Program Files\Common Files\Oracle\Java\javapath;C:\Program Files\Eclipse Adoptium\jdk-17.0.11.9-hotspot\bin;C:\WINDOWS\system32;C:\WINDOWS;C:\WINDOWS\System32\Wbem;C:\WINDOWS\System32\WindowsPowerShell\v1.0\;C:\WINDOWS\System32\OpenSSH\;C:\Program Files\PuTTY\;C:\Program Files\Microsoft VS Code\bin;C:\Program Files\Docker\Docker\resources\bin;C:\Program Files (x86)\BaseX\bin;C:\Users\Alumno1\AppData\Local\Programs\Eclipse Adoptium\jdk-21.0.7.6-hotspot\bin;C:\Users\Alumno1\AppData\Local\Microsoft\WindowsApps;C:\Users\Alumno1\AppData\Local\Programs\Git\cmd;C:\ProgramData\Alumno1\GitHubDesktop\bin;C:\Users\Alumno1\AppData\Local\GitHubDesktop\bin;C:\Users\Alumno1\AppData\Local\JetBrains\IntelliJ IDEA 2025.1\bin;;C:\eclipse;
USERNAME=Alumno1
OS=Windows_NT
PROCESSOR_IDENTIFIER=Intel64 Family 6 Model 158 Stepping 10, GenuineIntel
TMP=C:\Users\Alumno1\AppData\Local\Temp
TEMP=C:\Users\Alumno1\AppData\Local\Temp



Periodic native trim disabled


---------------  S Y S T E M  ---------------

OS:
 Windows 11 , 64 bit Build 22621 (10.0.22621.5124)
OS uptime: 0 days 2:47 hours
Hyper-V role detected

CPU: total 6 (initial active 6) (6 cores per cpu, 1 threads per core) family 6 model 158 stepping 10 microcode 0xde, cx8, cmov, fxsr, mmx, 3dnowpref, sse, sse2, sse3, ssse3, sse4.1, sse4.2, popcnt, lzcnt, tsc, tscinvbit, avx, avx2, aes, erms, clmul, bmi1, bmi2, adx, fma, vzeroupper, clflush, clflushopt, hv
Processor Information for all 6 processors :
  Max Mhz: 2904, Current Mhz: 2904, Mhz Limit: 2904

Memory: 4k page, system-wide physical 8127M (257M free)
TotalPageFile size 30227M (AvailPageFile size 0M)
current process WorkingSet (physical memory assigned to process): 70M, peak: 71M
current process commit charge ("private bytes"): 228M, peak: 229M

vm_info: OpenJDK 64-Bit Server VM (17.0.10+7) for windows-amd64 JRE (17.0.10+7), built on Jan 16 2024 23:25:11 by "admin" with MS VC++ 16.10 / 16.11 (VS2019)

END.
