#
# There is insufficient memory for the Java Runtime Environment to continue.
# Native memory allocation (mmap) failed to map 65536 bytes for Failed to commit metaspace.
# Possible reasons:
#   The system is out of physical RAM or swap space
#   The process is running with CompressedOops enabled, and the Java Heap may be blocking the growth of the native heap
# Possible solutions:
#   Reduce memory load on the system
#   Increase physical memory or swap space
#   Check if swap backing store is full
#   Decrease Java heap size (-Xmx/-Xms)
#   Decrease number of Java threads
#   Decrease Java thread stack sizes (-Xss)
#   Set larger code cache with -XX:ReservedCodeCacheSize=
#   JVM is running with Unscaled Compressed Oops mode in which the Java heap is
#     placed in the first 4GB address space. The Java Heap base address is the
#     maximum limit for the native heap growth. Please use -XX:HeapBaseMinAddress
#     to set the Java Heap base and to place the Java Heap above 4GB virtual address.
# This output file may be truncated or incomplete.
#
#  Out of Memory Error (virtualSpaceNode.cpp:110), pid=29284, tid=29336
#
# JRE version: OpenJDK Runtime Environment Temurin-17.0.10+7 (17.0.10+7) (build 17.0.10+7)
# Java VM: OpenJDK 64-Bit Server VM Temurin-17.0.10+7 (17.0.10+7, mixed mode, tiered, compressed oops, compressed class ptrs, g1 gc, windows-amd64)
# No core dump will be written. Minidumps are not enabled by default on client versions of Windows
#

---------------  S U M M A R Y ------------

Command Line: -XX:+ShowCodeDetailsInExceptionMessages -agentlib:jdwp=transport=dt_socket,suspend=y,address=localhost:57692 -javaagent:C:\eclipse\configuration\org.eclipse.osgi\442\0\.cp\lib\javaagent-shaded.jar -Dfile.encoding=UTF-8 -Dstdout.encoding=UTF-8 -Dstderr.encoding=UTF-8 --module-path=C:\Users\Alumno1\Documents\GitHub\proyecto_final\proyecto_final\Proyecto_final\bin;C:\Users\Alumno1\Documents\GitHub\proyecto_final\proyecto_final\Proyecto_final\src\Adopcion_de_animales\mysql-connector-java-8.0.20.jar -Djdk.module.main=Proyecto_final Proyecto_final/Adopcion_de_animales.gestionar_adopcion

Host: Intel(R) Core(TM) i5-9400F CPU @ 2.90GHz, 6 cores, 7G,  Windows 11 , 64 bit Build 22621 (10.0.22621.5124)
Time: Mon May 12 11:10:22 2025 Hora de verano romance elapsed time: 1.364203 seconds (0d 0h 0m 1s)

---------------  T H R E A D  ---------------

Current thread (0x000002d5ffc0f7c0):  JavaThread "main" [_thread_in_vm, id=29336, stack(0x000000f6e9e00000,0x000000f6e9f00000)]

Stack: [0x000000f6e9e00000,0x000000f6e9f00000]
Native frames: (J=compiled Java code, j=interpreted, Vv=VM code, C=native code)
V  [jvm.dll+0x67d2c9]
V  [jvm.dll+0x834afa]
V  [jvm.dll+0x8365be]
V  [jvm.dll+0x836c23]
V  [jvm.dll+0x2477ff]
V  [jvm.dll+0x8307bb]
V  [jvm.dll+0x621d16]
V  [jvm.dll+0x1c183e]
V  [jvm.dll+0x624671]
V  [jvm.dll+0x6226b6]
V  [jvm.dll+0x24516c]
V  [jvm.dll+0x6d413d]
V  [jvm.dll+0x6d4b7f]
V  [jvm.dll+0x373644]
V  [jvm.dll+0x3734b6]
V  [jvm.dll+0x3726c4]
V  [jvm.dll+0x372668]
V  [jvm.dll+0x38264a]
C  0x000002d58ab675db

The last pc belongs to new (printed below).
Java frames: (J=compiled Java code, j=interpreted, Vv=VM code)
j  java.lang.invoke.InnerClassLambdaMetafactory.generateInnerClass()Ljava/lang/Class;+306 java.base@17.0.10
j  java.lang.invoke.InnerClassLambdaMetafactory.spinInnerClass()Ljava/lang/Class;+114 java.base@17.0.10
j  java.lang.invoke.InnerClassLambdaMetafactory.buildCallSite()Ljava/lang/invoke/CallSite;+1 java.base@17.0.10
j  java.lang.invoke.LambdaMetafactory.metafactory(Ljava/lang/invoke/MethodHandles$Lookup;Ljava/lang/String;Ljava/lang/invoke/MethodType;Ljava/lang/invoke/MethodType;Ljava/lang/invoke/MethodHandle;Ljava/lang/invoke/MethodType;)Ljava/lang/invoke/CallSite;+67 java.base@17.0.10
j  java.lang.invoke.DirectMethodHandle$Holder.invokeStatic(Ljava/lang/Object;Ljava/lang/Object;Ljava/lang/Object;Ljava/lang/Object;Ljava/lang/Object;Ljava/lang/Object;Ljava/lang/Object;)Ljava/lang/Object;+20 java.base@17.0.10
j  java.lang.invoke.Invokers$Holder.invokeExact_MT(Ljava/lang/Object;Ljava/lang/Object;Ljava/lang/Object;Ljava/lang/Object;Ljava/lang/Object;Ljava/lang/Object;Ljava/lang/Object;Ljava/lang/Object;)Ljava/lang/Object;+28 java.base@17.0.10
j  java.lang.invoke.BootstrapMethodInvoker.invoke(Ljava/lang/Class;Ljava/lang/invoke/MethodHandle;Ljava/lang/String;Ljava/lang/Object;Ljava/lang/Object;Ljava/lang/Class;)Ljava/lang/Object;+319 java.base@17.0.10
j  java.lang.invoke.CallSite.makeSite(Ljava/lang/invoke/MethodHandle;Ljava/lang/String;Ljava/lang/invoke/MethodType;Ljava/lang/Object;Ljava/lang/Class;)Ljava/lang/invoke/CallSite;+8 java.base@17.0.10
j  java.lang.invoke.MethodHandleNatives.linkCallSiteImpl(Ljava/lang/Class;Ljava/lang/invoke/MethodHandle;Ljava/lang/String;Ljava/lang/invoke/MethodType;Ljava/lang/Object;[Ljava/lang/Object;)Ljava/lang/invoke/MemberName;+6 java.base@17.0.10
j  java.lang.invoke.MethodHandleNatives.linkCallSite(Ljava/lang/Object;ILjava/lang/Object;Ljava/lang/Object;Ljava/lang/Object;Ljava/lang/Object;[Ljava/lang/Object;)Ljava/lang/invoke/MemberName;+46 java.base@17.0.10
v  ~StubRoutines::call_stub
j  java.lang.module.ModuleFinder$2.find(Ljava/lang/String;)Ljava/util/Optional;+33 java.base@17.0.10
j  java.lang.module.Resolver.findWithBeforeFinder(Ljava/lang/String;)Ljava/lang/module/ModuleReference;+5 java.base@17.0.10
j  java.lang.module.Resolver.resolve(Ljava/util/Collection;)Ljava/lang/module/Resolver;+38 java.base@17.0.10
j  java.lang.module.Configuration.resolveAndBind(Ljava/lang/module/ModuleFinder;Ljava/util/Collection;Ljava/io/PrintStream;)Ljava/lang/module/Configuration;+29 java.base@17.0.10
j  java.lang.module.ModuleDescriptor$1.resolveAndBind(Ljava/lang/module/ModuleFinder;Ljava/util/Collection;Ljava/io/PrintStream;)Ljava/lang/module/Configuration;+3 java.base@17.0.10
j  jdk.internal.module.Modules.newBootLayerConfiguration(Ljava/lang/module/ModuleFinder;Ljava/util/Collection;Ljava/io/PrintStream;)Ljava/lang/module/Configuration;+6 java.base@17.0.10
j  jdk.internal.module.ModuleBootstrap.boot2()Ljava/lang/ModuleLayer;+896 java.base@17.0.10
j  jdk.internal.module.ModuleBootstrap.boot()Ljava/lang/ModuleLayer;+64 java.base@17.0.10
j  java.lang.System.initPhase2(ZZ)I+0 java.base@17.0.10
v  ~StubRoutines::call_stub
new  187 new  [0x000002d58ab67440, 0x000002d58ab67720]  736 bytes
[MachCode]
  0x000002d58ab67440: 4883 ec08 | c5fa 1104 | 24eb 1f48 | 83ec 10c5 | fb11 0424 | eb14 4883 | ec10 4889 | 0424 48c7 
  0x000002d58ab67460: 4424 0800 | 0000 00eb | 0150 410f | b755 010f | cac1 ea10 | 488b 4de8 | 488b 4908 | 488b 4908 
  0x000002d58ab67480: 488b 4108 | 807c 1004 | 070f 85d6 | 0000 0066 | 8b54 d148 | 488b 4928 | 488b 4cd1 | 0851 80b9 
  0x000002d58ab674a0: 3301 0000 | 040f 85b9 | 0000 008b | 5108 f7c2 | 0100 0000 | 0f85 aa00 | 0000 498b | 8708 0100 
  0x000002d58ab674c0: 0048 8d1c | 1049 3b9f | 1801 0000 | 0f87 9200 | 0000 4989 | 9f08 0100 | 00e9 0000 | 0000 4883 
  0x000002d58ab674e0: ea10 0f84 | 0f00 0000 | 33c9 c1ea | 0348 894c | d008 48ff | ca75 f648 | c700 0100 | 0000 5933 
  0x000002d58ab67500: f689 700c | 48c1 e903 | 8948 0849 | ba7a 357e | c5fe 7f00 | 0041 803a | 000f 8440 | 0000 0050 
  0x000002d58ab67520: 488b c848 | 83ec 20f7 | c40f 0000 | 000f 841a | 0000 0048 | 83ec 0849 | ba20 3034 | c5fe 7f00 
  0x000002d58ab67540: 0041 ffd2 | 4883 c408 | e90d 0000 | 0049 ba20 | 3034 c5fe | 7f00 0041 | ffd2 4883 | c420 58e9 
  0x000002d58ab67560: 9201 0000 | 5948 8b55 | e848 8b52 | 0848 8b52 | 0845 0fb7 | 4501 410f | c841 c1e8 | 10e8 0500 
  0x000002d58ab67580: 0000 e96f | 0100 0048 | 8d44 2408 | 4c89 6dc0 | 498b cfc5 | f877 4989 | afa8 0200 | 0049 8987 
  0x000002d58ab675a0: 9802 0000 | 4883 ec20 | f7c4 0f00 | 0000 0f84 | 1a00 0000 | 4883 ec08 | 49ba c025 | fec4 fe7f 
  0x000002d58ab675c0: 0000 41ff | d248 83c4 | 08e9 0d00 | 0000 49ba | c025 fec4 | fe7f 0000 | 41ff d248 | 83c4 2049 
  0x000002d58ab675e0: c787 9802 | 0000 0000 | 0000 49c7 | 87a8 0200 | 0000 0000 | 0049 c787 | a002 0000 | 0000 0000 
  0x000002d58ab67600: c5f8 7741 | 8b8f 0c04 | 0000 f7c1 | 0100 0000 | 0f84 4900 | 0000 f7c1 | 0200 0000 | 0f85 3d00 
  0x000002d58ab67620: 0000 4883 | ec20 f7c4 | 0f00 0000 | 0f84 1a00 | 0000 4883 | ec08 49ba | 5000 fec4 | fe7f 0000 
  0x000002d58ab67640: 41ff d248 | 83c4 08e9 | 0d00 0000 | 49ba 5000 | fec4 fe7f | 0000 41ff | d248 83c4 | 20ff e049 
  0x000002d58ab67660: 8b8f 9004 | 0000 4885 | c90f 8459 | 0000 008b | 898c 0000 | 0083 f901 | 0f85 4a00 | 0000 498b 
  0x000002d58ab67680: 8f90 0400 | 008b 8990 | 0000 0048 | 83ec 20f7 | c40f 0000 | 000f 841a | 0000 0048 | 83ec 0849 
  0x000002d58ab676a0: ba40 00fe | c4fe 7f00 | 0041 ffd2 | 4883 c408 | e90d 0000 | 0049 ba40 | 00fe c4fe | 7f00 0041 
  0x000002d58ab676c0: ffd2 4883 | c420 ffe0 | 4981 7f08 | 0000 0000 | 0f84 0500 | 0000 e925 | 98fd ff49 | 8b87 f002 
  0x000002d58ab676e0: 0000 49c7 | 87f0 0200 | 0000 0000 | 004c 8b6d | c04c 8b75 | c8c3 410f | b65d 0349 | 83c5 0349 
  0x000002d58ab67700: ba90 a180 | c5fe 7f00 | 0041 ff24 | da66 6690 | 0000 0000 | 0000 0000 | 0000 0000 | 0000 0000 
[/MachCode]

---------------  P R O C E S S  ---------------

Threads class SMR info:
_java_thread_list=0x000002d5997d8390, length=10, elements={
0x000002d5ffc0f7c0, 0x000002d5997b6b90, 0x000002d5997b9ed0, 0x000002d599814290,
0x000002d599816b70, 0x000002d599817440, 0x000002d599817d10, 0x000002d599818910,
0x000002d599881a30, 0x000002d599885f70
}

Java Threads: ( => current thread )
=>0x000002d5ffc0f7c0 JavaThread "main" [_thread_in_vm, id=29336, stack(0x000000f6e9e00000,0x000000f6e9f00000)]
  0x000002d5997b6b90 JavaThread "Reference Handler" daemon [_thread_blocked, id=27952, stack(0x000000f6ea500000,0x000000f6ea600000)]
  0x000002d5997b9ed0 JavaThread "Finalizer" daemon [_thread_blocked, id=29504, stack(0x000000f6ea600000,0x000000f6ea700000)]
  0x000002d599814290 JavaThread "Signal Dispatcher" daemon [_thread_blocked, id=30756, stack(0x000000f6ea700000,0x000000f6ea800000)]
  0x000002d599816b70 JavaThread "Attach Listener" daemon [_thread_blocked, id=30792, stack(0x000000f6ea800000,0x000000f6ea900000)]
  0x000002d599817440 JavaThread "Service Thread" daemon [_thread_blocked, id=29508, stack(0x000000f6ea900000,0x000000f6eaa00000)]
  0x000002d599817d10 JavaThread "Monitor Deflation Thread" daemon [_thread_blocked, id=30768, stack(0x000000f6eaa00000,0x000000f6eab00000)]
  0x000002d599818910 JavaThread "C2 CompilerThread0" daemon [_thread_blocked, id=27680, stack(0x000000f6eab00000,0x000000f6eac00000)]
  0x000002d599881a30 JavaThread "C1 CompilerThread0" daemon [_thread_blocked, id=27724, stack(0x000000f6eac00000,0x000000f6ead00000)]
  0x000002d599885f70 JavaThread "Sweeper thread" daemon [_thread_blocked, id=39348, stack(0x000000f6ead00000,0x000000f6eae00000)]

Other Threads:
  0x000002d5997b28b0 VMThread "VM Thread" [stack: 0x000000f6ea400000,0x000000f6ea500000] [id=39920]
  0x000002d5ffc6a780 GCTaskThread "GC Thread#0" [stack: 0x000000f6e9f00000,0x000000f6ea000000] [id=29608]
  0x000002d5ffc7b3d0 ConcurrentGCThread "G1 Main Marker" [stack: 0x000000f6ea000000,0x000000f6ea100000] [id=28892]
  0x000002d5ffc7bcf0 ConcurrentGCThread "G1 Conc#0" [stack: 0x000000f6ea100000,0x000000f6ea200000] [id=30024]
  0x000002d5ffcfa3a0 ConcurrentGCThread "G1 Refine#0" [stack: 0x000000f6ea200000,0x000000f6ea300000] [id=30016]
  0x000002d5ffcfbce0 ConcurrentGCThread "G1 Service" [stack: 0x000000f6ea300000,0x000000f6ea400000] [id=30020]

Threads with active compile tasks:

VM state: not at safepoint (normal execution)

VM Mutex/Monitor currently owned by a thread:  ([mutex/lock_event])
[0x000002d5ffc08b00] Metaspace_lock - owner thread: 0x000002d5ffc0f7c0

Heap address: 0x0000000081000000, size: 2032 MB, Compressed Oops mode: 32-bit

CDS archive(s) not mapped
Compressed class space mapped at: 0x0000000100000000-0x0000000140000000, reserved size: 1073741824
Narrow klass base: 0x0000000000000000, Narrow klass shift: 3, Narrow klass range: 0x140000000

GC Precious Log:
 CPUs: 6 total, 6 available
 Memory: 8127M
 Large Page Support: Disabled
 NUMA Support: Disabled
 Compressed Oops: Enabled (32-bit)
 Heap Region Size: 1M
 Heap Min Capacity: 8M
 Heap Initial Capacity: 128M
 Heap Max Capacity: 2032M
 Pre-touch: Disabled
 Parallel Workers: 6
 Concurrent Workers: 2
 Concurrent Refinement Workers: 6
 Periodic GC: Disabled

Heap:
 garbage-first heap   total 131072K, used 1024K [0x0000000081000000, 0x0000000100000000)
  region size 1024K, 2 young (2048K), 0 survivors (0K)
 Metaspace       used 4432K, committed 4480K, reserved 1114112K
  class space    used 336K, committed 384K, reserved 1048576K

Heap Regions: E=young(eden), S=young(survivor), O=old, HS=humongous(starts), HC=humongous(continues), CS=collection set, F=free, OA=open archive, CA=closed archive, TAMS=top-at-mark-start (previous, next)
|   0|0x0000000081000000, 0x0000000081000000, 0x0000000081100000|  0%| F|  |TAMS 0x0000000081000000, 0x0000000081000000| Untracked 
|   1|0x0000000081100000, 0x0000000081100000, 0x0000000081200000|  0%| F|  |TAMS 0x0000000081100000, 0x0000000081100000| Untracked 
|   2|0x0000000081200000, 0x0000000081200000, 0x0000000081300000|  0%| F|  |TAMS 0x0000000081200000, 0x0000000081200000| Untracked 
|   3|0x0000000081300000, 0x0000000081300000, 0x0000000081400000|  0%| F|  |TAMS 0x0000000081300000, 0x0000000081300000| Untracked 
|   4|0x0000000081400000, 0x0000000081400000, 0x0000000081500000|  0%| F|  |TAMS 0x0000000081400000, 0x0000000081400000| Untracked 
|   5|0x0000000081500000, 0x0000000081500000, 0x0000000081600000|  0%| F|  |TAMS 0x0000000081500000, 0x0000000081500000| Untracked 
|   6|0x0000000081600000, 0x0000000081600000, 0x0000000081700000|  0%| F|  |TAMS 0x0000000081600000, 0x0000000081600000| Untracked 
|   7|0x0000000081700000, 0x0000000081700000, 0x0000000081800000|  0%| F|  |TAMS 0x0000000081700000, 0x0000000081700000| Untracked 
|   8|0x0000000081800000, 0x0000000081800000, 0x0000000081900000|  0%| F|  |TAMS 0x0000000081800000, 0x0000000081800000| Untracked 
|   9|0x0000000081900000, 0x0000000081900000, 0x0000000081a00000|  0%| F|  |TAMS 0x0000000081900000, 0x0000000081900000| Untracked 
|  10|0x0000000081a00000, 0x0000000081a00000, 0x0000000081b00000|  0%| F|  |TAMS 0x0000000081a00000, 0x0000000081a00000| Untracked 
|  11|0x0000000081b00000, 0x0000000081b00000, 0x0000000081c00000|  0%| F|  |TAMS 0x0000000081b00000, 0x0000000081b00000| Untracked 
|  12|0x0000000081c00000, 0x0000000081c00000, 0x0000000081d00000|  0%| F|  |TAMS 0x0000000081c00000, 0x0000000081c00000| Untracked 
|  13|0x0000000081d00000, 0x0000000081d00000, 0x0000000081e00000|  0%| F|  |TAMS 0x0000000081d00000, 0x0000000081d00000| Untracked 
|  14|0x0000000081e00000, 0x0000000081e00000, 0x0000000081f00000|  0%| F|  |TAMS 0x0000000081e00000, 0x0000000081e00000| Untracked 
|  15|0x0000000081f00000, 0x0000000081f00000, 0x0000000082000000|  0%| F|  |TAMS 0x0000000081f00000, 0x0000000081f00000| Untracked 
|  16|0x0000000082000000, 0x0000000082000000, 0x0000000082100000|  0%| F|  |TAMS 0x0000000082000000, 0x0000000082000000| Untracked 
|  17|0x0000000082100000, 0x0000000082100000, 0x0000000082200000|  0%| F|  |TAMS 0x0000000082100000, 0x0000000082100000| Untracked 
|  18|0x0000000082200000, 0x0000000082200000, 0x0000000082300000|  0%| F|  |TAMS 0x0000000082200000, 0x0000000082200000| Untracked 
|  19|0x0000000082300000, 0x0000000082300000, 0x0000000082400000|  0%| F|  |TAMS 0x0000000082300000, 0x0000000082300000| Untracked 
|  20|0x0000000082400000, 0x0000000082400000, 0x0000000082500000|  0%| F|  |TAMS 0x0000000082400000, 0x0000000082400000| Untracked 
|  21|0x0000000082500000, 0x0000000082500000, 0x0000000082600000|  0%| F|  |TAMS 0x0000000082500000, 0x0000000082500000| Untracked 
|  22|0x0000000082600000, 0x0000000082600000, 0x0000000082700000|  0%| F|  |TAMS 0x0000000082600000, 0x0000000082600000| Untracked 
|  23|0x0000000082700000, 0x0000000082700000, 0x0000000082800000|  0%| F|  |TAMS 0x0000000082700000, 0x0000000082700000| Untracked 
|  24|0x0000000082800000, 0x0000000082800000, 0x0000000082900000|  0%| F|  |TAMS 0x0000000082800000, 0x0000000082800000| Untracked 
|  25|0x0000000082900000, 0x0000000082900000, 0x0000000082a00000|  0%| F|  |TAMS 0x0000000082900000, 0x0000000082900000| Untracked 
|  26|0x0000000082a00000, 0x0000000082a00000, 0x0000000082b00000|  0%| F|  |TAMS 0x0000000082a00000, 0x0000000082a00000| Untracked 
|  27|0x0000000082b00000, 0x0000000082b00000, 0x0000000082c00000|  0%| F|  |TAMS 0x0000000082b00000, 0x0000000082b00000| Untracked 
|  28|0x0000000082c00000, 0x0000000082c00000, 0x0000000082d00000|  0%| F|  |TAMS 0x0000000082c00000, 0x0000000082c00000| Untracked 
|  29|0x0000000082d00000, 0x0000000082d00000, 0x0000000082e00000|  0%| F|  |TAMS 0x0000000082d00000, 0x0000000082d00000| Untracked 
|  30|0x0000000082e00000, 0x0000000082e00000, 0x0000000082f00000|  0%| F|  |TAMS 0x0000000082e00000, 0x0000000082e00000| Untracked 
|  31|0x0000000082f00000, 0x0000000082f00000, 0x0000000083000000|  0%| F|  |TAMS 0x0000000082f00000, 0x0000000082f00000| Untracked 
|  32|0x0000000083000000, 0x0000000083000000, 0x0000000083100000|  0%| F|  |TAMS 0x0000000083000000, 0x0000000083000000| Untracked 
|  33|0x0000000083100000, 0x0000000083100000, 0x0000000083200000|  0%| F|  |TAMS 0x0000000083100000, 0x0000000083100000| Untracked 
|  34|0x0000000083200000, 0x0000000083200000, 0x0000000083300000|  0%| F|  |TAMS 0x0000000083200000, 0x0000000083200000| Untracked 
|  35|0x0000000083300000, 0x0000000083300000, 0x0000000083400000|  0%| F|  |TAMS 0x0000000083300000, 0x0000000083300000| Untracked 
|  36|0x0000000083400000, 0x0000000083400000, 0x0000000083500000|  0%| F|  |TAMS 0x0000000083400000, 0x0000000083400000| Untracked 
|  37|0x0000000083500000, 0x0000000083500000, 0x0000000083600000|  0%| F|  |TAMS 0x0000000083500000, 0x0000000083500000| Untracked 
|  38|0x0000000083600000, 0x0000000083600000, 0x0000000083700000|  0%| F|  |TAMS 0x0000000083600000, 0x0000000083600000| Untracked 
|  39|0x0000000083700000, 0x0000000083700000, 0x0000000083800000|  0%| F|  |TAMS 0x0000000083700000, 0x0000000083700000| Untracked 
|  40|0x0000000083800000, 0x0000000083800000, 0x0000000083900000|  0%| F|  |TAMS 0x0000000083800000, 0x0000000083800000| Untracked 
|  41|0x0000000083900000, 0x0000000083900000, 0x0000000083a00000|  0%| F|  |TAMS 0x0000000083900000, 0x0000000083900000| Untracked 
|  42|0x0000000083a00000, 0x0000000083a00000, 0x0000000083b00000|  0%| F|  |TAMS 0x0000000083a00000, 0x0000000083a00000| Untracked 
|  43|0x0000000083b00000, 0x0000000083b00000, 0x0000000083c00000|  0%| F|  |TAMS 0x0000000083b00000, 0x0000000083b00000| Untracked 
|  44|0x0000000083c00000, 0x0000000083c00000, 0x0000000083d00000|  0%| F|  |TAMS 0x0000000083c00000, 0x0000000083c00000| Untracked 
|  45|0x0000000083d00000, 0x0000000083d00000, 0x0000000083e00000|  0%| F|  |TAMS 0x0000000083d00000, 0x0000000083d00000| Untracked 
|  46|0x0000000083e00000, 0x0000000083e00000, 0x0000000083f00000|  0%| F|  |TAMS 0x0000000083e00000, 0x0000000083e00000| Untracked 
|  47|0x0000000083f00000, 0x0000000083f00000, 0x0000000084000000|  0%| F|  |TAMS 0x0000000083f00000, 0x0000000083f00000| Untracked 
|  48|0x0000000084000000, 0x0000000084000000, 0x0000000084100000|  0%| F|  |TAMS 0x0000000084000000, 0x0000000084000000| Untracked 
|  49|0x0000000084100000, 0x0000000084100000, 0x0000000084200000|  0%| F|  |TAMS 0x0000000084100000, 0x0000000084100000| Untracked 
|  50|0x0000000084200000, 0x0000000084200000, 0x0000000084300000|  0%| F|  |TAMS 0x0000000084200000, 0x0000000084200000| Untracked 
|  51|0x0000000084300000, 0x0000000084300000, 0x0000000084400000|  0%| F|  |TAMS 0x0000000084300000, 0x0000000084300000| Untracked 
|  52|0x0000000084400000, 0x0000000084400000, 0x0000000084500000|  0%| F|  |TAMS 0x0000000084400000, 0x0000000084400000| Untracked 
|  53|0x0000000084500000, 0x0000000084500000, 0x0000000084600000|  0%| F|  |TAMS 0x0000000084500000, 0x0000000084500000| Untracked 
|  54|0x0000000084600000, 0x0000000084600000, 0x0000000084700000|  0%| F|  |TAMS 0x0000000084600000, 0x0000000084600000| Untracked 
|  55|0x0000000084700000, 0x0000000084700000, 0x0000000084800000|  0%| F|  |TAMS 0x0000000084700000, 0x0000000084700000| Untracked 
|  56|0x0000000084800000, 0x0000000084800000, 0x0000000084900000|  0%| F|  |TAMS 0x0000000084800000, 0x0000000084800000| Untracked 
|  57|0x0000000084900000, 0x0000000084900000, 0x0000000084a00000|  0%| F|  |TAMS 0x0000000084900000, 0x0000000084900000| Untracked 
|  58|0x0000000084a00000, 0x0000000084a00000, 0x0000000084b00000|  0%| F|  |TAMS 0x0000000084a00000, 0x0000000084a00000| Untracked 
|  59|0x0000000084b00000, 0x0000000084b00000, 0x0000000084c00000|  0%| F|  |TAMS 0x0000000084b00000, 0x0000000084b00000| Untracked 
|  60|0x0000000084c00000, 0x0000000084c00000, 0x0000000084d00000|  0%| F|  |TAMS 0x0000000084c00000, 0x0000000084c00000| Untracked 
|  61|0x0000000084d00000, 0x0000000084d00000, 0x0000000084e00000|  0%| F|  |TAMS 0x0000000084d00000, 0x0000000084d00000| Untracked 
|  62|0x0000000084e00000, 0x0000000084e00000, 0x0000000084f00000|  0%| F|  |TAMS 0x0000000084e00000, 0x0000000084e00000| Untracked 
|  63|0x0000000084f00000, 0x0000000084f00000, 0x0000000085000000|  0%| F|  |TAMS 0x0000000084f00000, 0x0000000084f00000| Untracked 
|  64|0x0000000085000000, 0x0000000085000000, 0x0000000085100000|  0%| F|  |TAMS 0x0000000085000000, 0x0000000085000000| Untracked 
|  65|0x0000000085100000, 0x0000000085100000, 0x0000000085200000|  0%| F|  |TAMS 0x0000000085100000, 0x0000000085100000| Untracked 
|  66|0x0000000085200000, 0x0000000085200000, 0x0000000085300000|  0%| F|  |TAMS 0x0000000085200000, 0x0000000085200000| Untracked 
|  67|0x0000000085300000, 0x0000000085300000, 0x0000000085400000|  0%| F|  |TAMS 0x0000000085300000, 0x0000000085300000| Untracked 
|  68|0x0000000085400000, 0x0000000085400000, 0x0000000085500000|  0%| F|  |TAMS 0x0000000085400000, 0x0000000085400000| Untracked 
|  69|0x0000000085500000, 0x0000000085500000, 0x0000000085600000|  0%| F|  |TAMS 0x0000000085500000, 0x0000000085500000| Untracked 
|  70|0x0000000085600000, 0x0000000085600000, 0x0000000085700000|  0%| F|  |TAMS 0x0000000085600000, 0x0000000085600000| Untracked 
|  71|0x0000000085700000, 0x0000000085700000, 0x0000000085800000|  0%| F|  |TAMS 0x0000000085700000, 0x0000000085700000| Untracked 
|  72|0x0000000085800000, 0x0000000085800000, 0x0000000085900000|  0%| F|  |TAMS 0x0000000085800000, 0x0000000085800000| Untracked 
|  73|0x0000000085900000, 0x0000000085900000, 0x0000000085a00000|  0%| F|  |TAMS 0x0000000085900000, 0x0000000085900000| Untracked 
|  74|0x0000000085a00000, 0x0000000085a00000, 0x0000000085b00000|  0%| F|  |TAMS 0x0000000085a00000, 0x0000000085a00000| Untracked 
|  75|0x0000000085b00000, 0x0000000085b00000, 0x0000000085c00000|  0%| F|  |TAMS 0x0000000085b00000, 0x0000000085b00000| Untracked 
|  76|0x0000000085c00000, 0x0000000085c00000, 0x0000000085d00000|  0%| F|  |TAMS 0x0000000085c00000, 0x0000000085c00000| Untracked 
|  77|0x0000000085d00000, 0x0000000085d00000, 0x0000000085e00000|  0%| F|  |TAMS 0x0000000085d00000, 0x0000000085d00000| Untracked 
|  78|0x0000000085e00000, 0x0000000085e00000, 0x0000000085f00000|  0%| F|  |TAMS 0x0000000085e00000, 0x0000000085e00000| Untracked 
|  79|0x0000000085f00000, 0x0000000085f00000, 0x0000000086000000|  0%| F|  |TAMS 0x0000000085f00000, 0x0000000085f00000| Untracked 
|  80|0x0000000086000000, 0x0000000086000000, 0x0000000086100000|  0%| F|  |TAMS 0x0000000086000000, 0x0000000086000000| Untracked 
|  81|0x0000000086100000, 0x0000000086100000, 0x0000000086200000|  0%| F|  |TAMS 0x0000000086100000, 0x0000000086100000| Untracked 
|  82|0x0000000086200000, 0x0000000086200000, 0x0000000086300000|  0%| F|  |TAMS 0x0000000086200000, 0x0000000086200000| Untracked 
|  83|0x0000000086300000, 0x0000000086300000, 0x0000000086400000|  0%| F|  |TAMS 0x0000000086300000, 0x0000000086300000| Untracked 
|  84|0x0000000086400000, 0x0000000086400000, 0x0000000086500000|  0%| F|  |TAMS 0x0000000086400000, 0x0000000086400000| Untracked 
|  85|0x0000000086500000, 0x0000000086500000, 0x0000000086600000|  0%| F|  |TAMS 0x0000000086500000, 0x0000000086500000| Untracked 
|  86|0x0000000086600000, 0x0000000086600000, 0x0000000086700000|  0%| F|  |TAMS 0x0000000086600000, 0x0000000086600000| Untracked 
|  87|0x0000000086700000, 0x0000000086700000, 0x0000000086800000|  0%| F|  |TAMS 0x0000000086700000, 0x0000000086700000| Untracked 
|  88|0x0000000086800000, 0x0000000086800000, 0x0000000086900000|  0%| F|  |TAMS 0x0000000086800000, 0x0000000086800000| Untracked 
|  89|0x0000000086900000, 0x0000000086900000, 0x0000000086a00000|  0%| F|  |TAMS 0x0000000086900000, 0x0000000086900000| Untracked 
|  90|0x0000000086a00000, 0x0000000086a00000, 0x0000000086b00000|  0%| F|  |TAMS 0x0000000086a00000, 0x0000000086a00000| Untracked 
|  91|0x0000000086b00000, 0x0000000086b00000, 0x0000000086c00000|  0%| F|  |TAMS 0x0000000086b00000, 0x0000000086b00000| Untracked 
|  92|0x0000000086c00000, 0x0000000086c00000, 0x0000000086d00000|  0%| F|  |TAMS 0x0000000086c00000, 0x0000000086c00000| Untracked 
|  93|0x0000000086d00000, 0x0000000086d00000, 0x0000000086e00000|  0%| F|  |TAMS 0x0000000086d00000, 0x0000000086d00000| Untracked 
|  94|0x0000000086e00000, 0x0000000086e00000, 0x0000000086f00000|  0%| F|  |TAMS 0x0000000086e00000, 0x0000000086e00000| Untracked 
|  95|0x0000000086f00000, 0x0000000086f00000, 0x0000000087000000|  0%| F|  |TAMS 0x0000000086f00000, 0x0000000086f00000| Untracked 
|  96|0x0000000087000000, 0x0000000087000000, 0x0000000087100000|  0%| F|  |TAMS 0x0000000087000000, 0x0000000087000000| Untracked 
|  97|0x0000000087100000, 0x0000000087100000, 0x0000000087200000|  0%| F|  |TAMS 0x0000000087100000, 0x0000000087100000| Untracked 
|  98|0x0000000087200000, 0x0000000087200000, 0x0000000087300000|  0%| F|  |TAMS 0x0000000087200000, 0x0000000087200000| Untracked 
|  99|0x0000000087300000, 0x0000000087300000, 0x0000000087400000|  0%| F|  |TAMS 0x0000000087300000, 0x0000000087300000| Untracked 
| 100|0x0000000087400000, 0x0000000087400000, 0x0000000087500000|  0%| F|  |TAMS 0x0000000087400000, 0x0000000087400000| Untracked 
| 101|0x0000000087500000, 0x0000000087500000, 0x0000000087600000|  0%| F|  |TAMS 0x0000000087500000, 0x0000000087500000| Untracked 
| 102|0x0000000087600000, 0x0000000087600000, 0x0000000087700000|  0%| F|  |TAMS 0x0000000087600000, 0x0000000087600000| Untracked 
| 103|0x0000000087700000, 0x0000000087700000, 0x0000000087800000|  0%| F|  |TAMS 0x0000000087700000, 0x0000000087700000| Untracked 
| 104|0x0000000087800000, 0x0000000087800000, 0x0000000087900000|  0%| F|  |TAMS 0x0000000087800000, 0x0000000087800000| Untracked 
| 105|0x0000000087900000, 0x0000000087900000, 0x0000000087a00000|  0%| F|  |TAMS 0x0000000087900000, 0x0000000087900000| Untracked 
| 106|0x0000000087a00000, 0x0000000087a00000, 0x0000000087b00000|  0%| F|  |TAMS 0x0000000087a00000, 0x0000000087a00000| Untracked 
| 107|0x0000000087b00000, 0x0000000087b00000, 0x0000000087c00000|  0%| F|  |TAMS 0x0000000087b00000, 0x0000000087b00000| Untracked 
| 108|0x0000000087c00000, 0x0000000087c00000, 0x0000000087d00000|  0%| F|  |TAMS 0x0000000087c00000, 0x0000000087c00000| Untracked 
| 109|0x0000000087d00000, 0x0000000087d00000, 0x0000000087e00000|  0%| F|  |TAMS 0x0000000087d00000, 0x0000000087d00000| Untracked 
| 110|0x0000000087e00000, 0x0000000087e00000, 0x0000000087f00000|  0%| F|  |TAMS 0x0000000087e00000, 0x0000000087e00000| Untracked 
| 111|0x0000000087f00000, 0x0000000087f00000, 0x0000000088000000|  0%| F|  |TAMS 0x0000000087f00000, 0x0000000087f00000| Untracked 
| 112|0x0000000088000000, 0x0000000088000000, 0x0000000088100000|  0%| F|  |TAMS 0x0000000088000000, 0x0000000088000000| Untracked 
| 113|0x0000000088100000, 0x0000000088100000, 0x0000000088200000|  0%| F|  |TAMS 0x0000000088100000, 0x0000000088100000| Untracked 
| 114|0x0000000088200000, 0x0000000088200000, 0x0000000088300000|  0%| F|  |TAMS 0x0000000088200000, 0x0000000088200000| Untracked 
| 115|0x0000000088300000, 0x0000000088300000, 0x0000000088400000|  0%| F|  |TAMS 0x0000000088300000, 0x0000000088300000| Untracked 
| 116|0x0000000088400000, 0x0000000088400000, 0x0000000088500000|  0%| F|  |TAMS 0x0000000088400000, 0x0000000088400000| Untracked 
| 117|0x0000000088500000, 0x0000000088500000, 0x0000000088600000|  0%| F|  |TAMS 0x0000000088500000, 0x0000000088500000| Untracked 
| 118|0x0000000088600000, 0x0000000088600000, 0x0000000088700000|  0%| F|  |TAMS 0x0000000088600000, 0x0000000088600000| Untracked 
| 119|0x0000000088700000, 0x0000000088700000, 0x0000000088800000|  0%| F|  |TAMS 0x0000000088700000, 0x0000000088700000| Untracked 
| 120|0x0000000088800000, 0x0000000088800000, 0x0000000088900000|  0%| F|  |TAMS 0x0000000088800000, 0x0000000088800000| Untracked 
| 121|0x0000000088900000, 0x0000000088900000, 0x0000000088a00000|  0%| F|  |TAMS 0x0000000088900000, 0x0000000088900000| Untracked 
| 122|0x0000000088a00000, 0x0000000088a00000, 0x0000000088b00000|  0%| F|  |TAMS 0x0000000088a00000, 0x0000000088a00000| Untracked 
| 123|0x0000000088b00000, 0x0000000088b00000, 0x0000000088c00000|  0%| F|  |TAMS 0x0000000088b00000, 0x0000000088b00000| Untracked 
| 124|0x0000000088c00000, 0x0000000088c00000, 0x0000000088d00000|  0%| F|  |TAMS 0x0000000088c00000, 0x0000000088c00000| Untracked 
| 125|0x0000000088d00000, 0x0000000088d00000, 0x0000000088e00000|  0%| F|  |TAMS 0x0000000088d00000, 0x0000000088d00000| Untracked 
| 126|0x0000000088e00000, 0x0000000088e00800, 0x0000000088f00000|  0%| E|  |TAMS 0x0000000088e00000, 0x0000000088e00000| Complete 
| 127|0x0000000088f00000, 0x0000000089000000, 0x0000000089000000|100%| E|CS|TAMS 0x0000000088f00000, 0x0000000088f00000| Complete 

Card table byte_map: [0x000002d592a10000,0x000002d592e10000] _byte_map_base: 0x000002d592608000

Marking Bits (Prev, Next): (CMBitMap*) 0x000002d5ffc6aca0, (CMBitMap*) 0x000002d5ffc6ace0
 Prev Bits: [0x000002d593210000, 0x000002d5951d0000)
 Next Bits: [0x000002d5951d0000, 0x000002d597190000)

Polling page: 0x000002d5fdb20000

Metaspace:

Usage:
  Non-class:      4.00 MB used.
      Class:    336.96 KB used.
       Both:      4.33 MB used.

Virtual space:
  Non-class space:       64.00 MB reserved,       4.00 MB (  6%) committed,  1 nodes.
      Class space:        1.00 GB reserved,     384.00 KB ( <1%) committed,  1 nodes.
             Both:        1.06 GB reserved,       4.38 MB ( <1%) committed. 

Chunk freelists:
   Non-Class:  11.00 MB
       Class:  15.62 MB
        Both:  26.62 MB

MaxMetaspaceSize: unlimited
CompressedClassSpaceSize: 1.00 GB
Initial GC threshold: 21.00 MB
Current GC threshold: 21.00 MB
CDS: off
MetaspaceReclaimPolicy: balanced
 - commit_granule_bytes: 65536.
 - commit_granule_words: 8192.
 - virtual_space_node_default_size: 8388608.
 - enlarge_chunks_in_place: 1.
 - new_chunks_are_fully_committed: 0.
 - uncommit_free_chunks: 1.
 - use_allocation_guard: 0.
 - handle_deallocations: 1.


Internal statistics:

num_allocs_failed_limit: 0.
num_arena_births: 2.
num_arena_deaths: 0.
num_vsnodes_births: 2.
num_vsnodes_deaths: 0.
num_space_committed: 70.
num_space_uncommitted: 0.
num_chunks_returned_to_freelist: 0.
num_chunks_taken_from_freelist: 4.
num_chunk_merges: 0.
num_chunk_splits: 3.
num_chunks_enlarged: 0.
num_inconsistent_stats: 0.

CodeHeap 'non-profiled nmethods': size=120000Kb used=11Kb max_used=11Kb free=119989Kb
 bounds [0x000002d58b0e0000, 0x000002d58b350000, 0x000002d592610000]
CodeHeap 'profiled nmethods': size=120000Kb used=58Kb max_used=58Kb free=119941Kb
 bounds [0x000002d583610000, 0x000002d583880000, 0x000002d58ab40000]
CodeHeap 'non-nmethods': size=5760Kb used=1127Kb max_used=1127Kb free=4632Kb
 bounds [0x000002d58ab40000, 0x000002d58adb0000, 0x000002d58b0e0000]
 total_blobs=370 nmethods=48 adapters=235
 compilation: enabled
              stopped_count=0, restarted_count=0
 full_count=0

Compilation events (20 events):
Event: 1.273 Thread 0x000002d599881a30   31       3       java.lang.String::isEmpty (14 bytes)
Event: 1.273 Thread 0x000002d599881a30 nmethod 31 0x000002d583618f90 code [0x000002d583619120, 0x000002d583619298]
Event: 1.273 Thread 0x000002d599881a30   32       3       java.util.ImmutableCollections$SetN$SetNIterator::hasNext (13 bytes)
Event: 1.273 Thread 0x000002d599881a30 nmethod 32 0x000002d583619390 code [0x000002d583619520, 0x000002d583619698]
Event: 1.273 Thread 0x000002d599881a30   33       3       java.util.concurrent.ConcurrentHashMap::tabAt (22 bytes)
Event: 1.274 Thread 0x000002d599881a30 nmethod 33 0x000002d583619710 code [0x000002d5836198c0, 0x000002d583619b98]
Event: 1.274 Thread 0x000002d599881a30   35       3       java.util.ImmutableCollections$SetN$SetNIterator::next (90 bytes)
Event: 1.274 Thread 0x000002d599881a30 nmethod 35 0x000002d583619c90 code [0x000002d583619e60, 0x000002d58361a188]
Event: 1.274 Thread 0x000002d599881a30   34       3       jdk.internal.misc.Unsafe::getReferenceAcquire (7 bytes)
Event: 1.274 Thread 0x000002d599881a30 nmethod 34 0x000002d58361a310 code [0x000002d58361a4a0, 0x000002d58361a5f8]
Event: 1.274 Thread 0x000002d599881a30   36       3       java.util.HashMap::hash (20 bytes)
Event: 1.274 Thread 0x000002d599881a30 nmethod 36 0x000002d58361a690 code [0x000002d58361a840, 0x000002d58361aa48]
Event: 1.351 Thread 0x000002d599881a30   38       1       java.lang.Enum::ordinal (5 bytes)
Event: 1.351 Thread 0x000002d599881a30 nmethod 38 0x000002d58b0e1010 code [0x000002d58b0e11a0, 0x000002d58b0e1278]
Event: 1.353 Thread 0x000002d599881a30   43       3       java.util.concurrent.ConcurrentHashMap::addCount (280 bytes)
Event: 1.354 Thread 0x000002d599881a30 nmethod 43 0x000002d58361ab10 code [0x000002d58361ad60, 0x000002d58361b7e8]
Event: 1.354 Thread 0x000002d599881a30   46   !   3       java.util.concurrent.ConcurrentHashMap::putVal (432 bytes)
Event: 1.355 Thread 0x000002d599881a30 nmethod 46 0x000002d58361bc10 code [0x000002d58361bfa0, 0x000002d58361dbc8]
Event: 1.355 Thread 0x000002d599881a30   47       3       java.util.concurrent.ConcurrentHashMap$Node::<init> (20 bytes)
Event: 1.355 Thread 0x000002d599881a30 nmethod 47 0x000002d58361e690 code [0x000002d58361e840, 0x000002d58361ea78]

GC Heap History (0 events):
No events

Dll operation events (1 events):
Event: 0.434 Loaded shared library C:\eclipse\plugins\org.eclipse.justj.openjdk.hotspot.jre.full.win32.x86_64_17.0.10.v20240120-1143\jre\bin\java.dll

Deoptimization events (0 events):
No events

Classes unloaded (0 events):
No events

Classes redefined (0 events):
No events

Internal exceptions (0 events):
No events

VM Operations (0 events):
No events

Events (20 events):
Event: 1.357 loading class jdk/internal/org/objectweb/asm/Symbol done
Event: 1.357 loading class jdk/internal/org/objectweb/asm/SymbolTable$Entry done
Event: 1.357 loading class jdk/internal/org/objectweb/asm/ByteVector
Event: 1.357 loading class jdk/internal/org/objectweb/asm/ByteVector done
Event: 1.357 loading class java/lang/invoke/LambdaProxyClassArchive
Event: 1.358 loading class java/lang/invoke/LambdaProxyClassArchive done
Event: 1.358 loading class jdk/internal/org/objectweb/asm/FieldWriter
Event: 1.358 loading class jdk/internal/org/objectweb/asm/FieldVisitor
Event: 1.358 loading class jdk/internal/org/objectweb/asm/FieldVisitor done
Event: 1.358 loading class jdk/internal/org/objectweb/asm/FieldWriter done
Event: 1.358 loading class jdk/internal/org/objectweb/asm/MethodWriter
Event: 1.358 loading class jdk/internal/org/objectweb/asm/MethodVisitor
Event: 1.358 loading class jdk/internal/org/objectweb/asm/MethodVisitor done
Event: 1.358 loading class jdk/internal/org/objectweb/asm/MethodWriter done
Event: 1.359 loading class jdk/internal/org/objectweb/asm/Label
Event: 1.359 loading class jdk/internal/org/objectweb/asm/Label done
Event: 1.359 loading class java/lang/invoke/InnerClassLambdaMetafactory$ForwardingMethodGenerator
Event: 1.359 loading class java/lang/invoke/TypeConvertingMethodAdapter
Event: 1.359 loading class java/lang/invoke/TypeConvertingMethodAdapter done
Event: 1.359 loading class java/lang/invoke/InnerClassLambdaMetafactory$ForwardingMethodGenerator done


Dynamic libraries:
0x00007ff784c40000 - 0x00007ff784c4e000 	C:\eclipse\plugins\org.eclipse.justj.openjdk.hotspot.jre.full.win32.x86_64_17.0.10.v20240120-1143\jre\bin\javaw.exe
0x00007fff29530000 - 0x00007fff29747000 	C:\WINDOWS\SYSTEM32\ntdll.dll
0x00007fff27a90000 - 0x00007fff27b54000 	C:\WINDOWS\System32\KERNEL32.DLL
0x00007fff269d0000 - 0x00007fff26da3000 	C:\WINDOWS\System32\KERNELBASE.dll
0x00007fff268b0000 - 0x00007fff269c1000 	C:\WINDOWS\System32\ucrtbase.dll
0x00007fff15aa0000 - 0x00007fff15ab7000 	C:\eclipse\plugins\org.eclipse.justj.openjdk.hotspot.jre.full.win32.x86_64_17.0.10.v20240120-1143\jre\bin\jli.dll
0x00007fff28100000 - 0x00007fff282b1000 	C:\WINDOWS\System32\USER32.dll
0x00007fff26640000 - 0x00007fff26666000 	C:\WINDOWS\System32\win32u.dll
0x00007fff27b60000 - 0x00007fff27b89000 	C:\WINDOWS\System32\GDI32.dll
0x00007fff26670000 - 0x00007fff2678b000 	C:\WINDOWS\System32\gdi32full.dll
0x00007fff26810000 - 0x00007fff268aa000 	C:\WINDOWS\System32\msvcp_win.dll
0x00007fff15ac0000 - 0x00007fff15adb000 	C:\eclipse\plugins\org.eclipse.justj.openjdk.hotspot.jre.full.win32.x86_64_17.0.10.v20240120-1143\jre\bin\VCRUNTIME140.dll
0x00007fff194d0000 - 0x00007fff19768000 	C:\WINDOWS\WinSxS\amd64_microsoft.windows.common-controls_6595b64144ccf1df_6.0.22621.5124_none_270e8f4f7386d69d\COMCTL32.dll
0x00007fff28410000 - 0x00007fff284b7000 	C:\WINDOWS\System32\msvcrt.dll
0x00007fff27870000 - 0x00007fff278a1000 	C:\WINDOWS\System32\IMM32.DLL
0x00007fff23450000 - 0x00007fff2345c000 	C:\eclipse\plugins\org.eclipse.justj.openjdk.hotspot.jre.full.win32.x86_64_17.0.10.v20240120-1143\jre\bin\vcruntime140_1.dll
0x00007fff05100000 - 0x00007fff0518d000 	C:\eclipse\plugins\org.eclipse.justj.openjdk.hotspot.jre.full.win32.x86_64_17.0.10.v20240120-1143\jre\bin\msvcp140.dll
0x00007ffec4c60000 - 0x00007ffec58c2000 	C:\eclipse\plugins\org.eclipse.justj.openjdk.hotspot.jre.full.win32.x86_64_17.0.10.v20240120-1143\jre\bin\server\jvm.dll
0x00007fff28030000 - 0x00007fff280e1000 	C:\WINDOWS\System32\ADVAPI32.dll
0x00007fff28d60000 - 0x00007fff28e08000 	C:\WINDOWS\System32\sechost.dll
0x00007fff271a0000 - 0x00007fff271c8000 	C:\WINDOWS\System32\bcrypt.dll
0x00007fff27f00000 - 0x00007fff28014000 	C:\WINDOWS\System32\RPCRT4.dll
0x00007fff25ed0000 - 0x00007fff25f1d000 	C:\WINDOWS\SYSTEM32\POWRPROF.dll
0x00007fff1a1d0000 - 0x00007fff1a1d9000 	C:\WINDOWS\SYSTEM32\WSOCK32.dll
0x00007fff28e10000 - 0x00007fff28e81000 	C:\WINDOWS\System32\WS2_32.dll
0x00007fff1b360000 - 0x00007fff1b394000 	C:\WINDOWS\SYSTEM32\WINMM.dll
0x00007fff1d790000 - 0x00007fff1d79a000 	C:\WINDOWS\SYSTEM32\VERSION.dll
0x00007fff25e70000 - 0x00007fff25e83000 	C:\WINDOWS\SYSTEM32\UMPDC.dll
0x00007fff25630000 - 0x00007fff25648000 	C:\WINDOWS\SYSTEM32\kernel.appcore.dll
0x00007fff21280000 - 0x00007fff2128a000 	C:\eclipse\plugins\org.eclipse.justj.openjdk.hotspot.jre.full.win32.x86_64_17.0.10.v20240120-1143\jre\bin\jimage.dll
0x00007fff1c9e0000 - 0x00007fff1cc12000 	C:\WINDOWS\SYSTEM32\DBGHELP.DLL
0x00007fff27340000 - 0x00007fff276d2000 	C:\WINDOWS\System32\combase.dll
0x00007fff28330000 - 0x00007fff28407000 	C:\WINDOWS\System32\OLEAUT32.dll
0x00007fff1c3b0000 - 0x00007fff1c3e2000 	C:\WINDOWS\SYSTEM32\dbgcore.DLL
0x00007fff26790000 - 0x00007fff2680b000 	C:\WINDOWS\System32\bcryptPrimitives.dll
0x00007fff02df0000 - 0x00007fff02e2b000 	C:\eclipse\plugins\org.eclipse.justj.openjdk.hotspot.jre.full.win32.x86_64_17.0.10.v20240120-1143\jre\bin\jdwp.dll
0x00007fff19980000 - 0x00007fff1998e000 	C:\eclipse\plugins\org.eclipse.justj.openjdk.hotspot.jre.full.win32.x86_64_17.0.10.v20240120-1143\jre\bin\instrument.dll
0x00007fff19ab0000 - 0x00007fff19ad5000 	C:\eclipse\plugins\org.eclipse.justj.openjdk.hotspot.jre.full.win32.x86_64_17.0.10.v20240120-1143\jre\bin\java.dll
0x00007fff19a90000 - 0x00007fff19aa8000 	C:\eclipse\plugins\org.eclipse.justj.openjdk.hotspot.jre.full.win32.x86_64_17.0.10.v20240120-1143\jre\bin\zip.dll
0x00007fff284c0000 - 0x00007fff28d56000 	C:\WINDOWS\System32\SHELL32.dll
0x00007fff26ef0000 - 0x00007fff2702f000 	C:\WINDOWS\System32\wintypes.dll
0x00007fff24510000 - 0x00007fff24e2a000 	C:\WINDOWS\SYSTEM32\windows.storage.dll
0x00007fff276e0000 - 0x00007fff277ea000 	C:\WINDOWS\System32\SHCORE.dll
0x00007fff282c0000 - 0x00007fff28323000 	C:\WINDOWS\System32\shlwapi.dll
0x00007fff26570000 - 0x00007fff2659b000 	C:\WINDOWS\SYSTEM32\profapi.dll

dbghelp: loaded successfully - version: 4.0.5 - missing functions: none
symbol engine: initialized successfully - sym options: 0x614 - pdb path: .;C:\eclipse\plugins\org.eclipse.justj.openjdk.hotspot.jre.full.win32.x86_64_17.0.10.v20240120-1143\jre\bin;C:\WINDOWS\SYSTEM32;C:\WINDOWS\WinSxS\amd64_microsoft.windows.common-controls_6595b64144ccf1df_6.0.22621.5124_none_270e8f4f7386d69d;C:\eclipse\plugins\org.eclipse.justj.openjdk.hotspot.jre.full.win32.x86_64_17.0.10.v20240120-1143\jre\bin\server

VM Arguments:
jvm_args: -XX:+ShowCodeDetailsInExceptionMessages -agentlib:jdwp=transport=dt_socket,suspend=y,address=localhost:57692 -javaagent:C:\eclipse\configuration\org.eclipse.osgi\442\0\.cp\lib\javaagent-shaded.jar -Dfile.encoding=UTF-8 -Dstdout.encoding=UTF-8 -Dstderr.encoding=UTF-8 --module-path=C:\Users\Alumno1\Documents\GitHub\proyecto_final\proyecto_final\Proyecto_final\bin;C:\Users\Alumno1\Documents\GitHub\proyecto_final\proyecto_final\Proyecto_final\src\Adopcion_de_animales\mysql-connector-java-8.0.20.jar -Djdk.module.main=Proyecto_final 
java_command: Proyecto_final/Adopcion_de_animales.gestionar_adopcion
java_class_path (initial): <not set>
Launcher Type: SUN_STANDARD

[Global flags]
     intx CICompilerCount                          = 3                                         {product} {ergonomic}
     uint ConcGCThreads                            = 2                                         {product} {ergonomic}
     uint G1ConcRefinementThreads                  = 6                                         {product} {ergonomic}
   size_t G1HeapRegionSize                         = 1048576                                   {product} {ergonomic}
    uintx GCDrainStackTargetSize                   = 64                                        {product} {ergonomic}
   size_t InitialHeapSize                          = 134217728                                 {product} {ergonomic}
   size_t MarkStackSize                            = 4194304                                   {product} {ergonomic}
   size_t MaxHeapSize                              = 2130706432                                {product} {ergonomic}
   size_t MaxNewSize                               = 1278214144                                {product} {ergonomic}
   size_t MinHeapDeltaBytes                        = 1048576                                   {product} {ergonomic}
   size_t MinHeapSize                              = 8388608                                   {product} {ergonomic}
    uintx NonNMethodCodeHeapSize                   = 5832780                                {pd product} {ergonomic}
    uintx NonProfiledCodeHeapSize                  = 122912730                              {pd product} {ergonomic}
    uintx ProfiledCodeHeapSize                     = 122912730                              {pd product} {ergonomic}
    uintx ReservedCodeCacheSize                    = 251658240                              {pd product} {ergonomic}
     bool SegmentedCodeCache                       = true                                      {product} {ergonomic}
     bool ShowCodeDetailsInExceptionMessages       = true                                   {manageable} {command line}
   size_t SoftMaxHeapSize                          = 2130706432                             {manageable} {ergonomic}
     bool UseCompressedClassPointers               = true                           {product lp64_product} {ergonomic}
     bool UseCompressedOops                        = true                           {product lp64_product} {ergonomic}
     bool UseG1GC                                  = true                                      {product} {ergonomic}
     bool UseLargePagesIndividualAllocation        = false                                  {pd product} {ergonomic}

Logging:
Log output configuration:
 #0: stdout all=warning uptime,level,tags
 #1: stderr all=off uptime,level,tags

Environment Variables:
PATH=C:\eclipse\plugins\org.eclipse.justj.openjdk.hotspot.jre.full.win32.x86_64_17.0.10.v20240120-1143\jre\bin;C:/eclipse//plugins/org.eclipse.justj.openjdk.hotspot.jre.full.win32.x86_64_17.0.10.v20240120-1143/jre/bin/server;C:/eclipse//plugins/org.eclipse.justj.openjdk.hotspot.jre.full.win32.x86_64_17.0.10.v20240120-1143/jre/bin;C:\Program Files\Common Files\Oracle\Java\javapath;C:\Program Files\Eclipse Adoptium\jdk-17.0.11.9-hotspot\bin;C:\WINDOWS\system32;C:\WINDOWS;C:\WINDOWS\System32\Wbem;C:\WINDOWS\System32\WindowsPowerShell\v1.0\;C:\WINDOWS\System32\OpenSSH\;C:\Program Files\PuTTY\;C:\Program Files\Microsoft VS Code\bin;C:\Program Files\Docker\Docker\resources\bin;C:\Program Files (x86)\BaseX\bin;C:\Users\Alumno1\AppData\Local\Programs\Eclipse Adoptium\jdk-21.0.7.6-hotspot\bin;C:\Users\Alumno1\AppData\Local\Microsoft\WindowsApps;C:\Users\Alumno1\AppData\Local\Programs\Git\cmd;C:\ProgramData\Alumno1\GitHubDesktop\bin;C:\Users\Alumno1\AppData\Local\GitHubDesktop\bin;C:\Users\Alumno1\AppData\Local\JetBrains\IntelliJ IDEA 2025.1\bin;;C:\eclipse;
USERNAME=Alumno1
OS=Windows_NT
PROCESSOR_IDENTIFIER=Intel64 Family 6 Model 158 Stepping 10, GenuineIntel
TMP=C:\Users\Alumno1\AppData\Local\Temp
TEMP=C:\Users\Alumno1\AppData\Local\Temp



Periodic native trim disabled


---------------  S Y S T E M  ---------------

OS:
 Windows 11 , 64 bit Build 22621 (10.0.22621.5124)
OS uptime: 0 days 2:47 hours
Hyper-V role detected

CPU: total 6 (initial active 6) (6 cores per cpu, 1 threads per core) family 6 model 158 stepping 10 microcode 0xde, cx8, cmov, fxsr, mmx, 3dnowpref, sse, sse2, sse3, ssse3, sse4.1, sse4.2, popcnt, lzcnt, tsc, tscinvbit, avx, avx2, aes, erms, clmul, bmi1, bmi2, adx, fma, vzeroupper, clflush, clflushopt, hv
Processor Information for all 6 processors :
  Max Mhz: 2904, Current Mhz: 2904, Mhz Limit: 2904

Memory: 4k page, system-wide physical 8127M (708M free)
TotalPageFile size 30227M (AvailPageFile size 24M)
current process WorkingSet (physical memory assigned to process): 30M, peak: 30M
current process commit charge ("private bytes"): 198M, peak: 198M

vm_info: OpenJDK 64-Bit Server VM (17.0.10+7) for windows-amd64 JRE (17.0.10+7), built on Jan 16 2024 23:25:11 by "admin" with MS VC++ 16.10 / 16.11 (VS2019)

END.
